==================================================
Algorithm: FedAvg
Local batch size: 18
Local steps: 5
Local learing rate: 0.005
Total number of clients: 100
Clients join in each round: 0.1
Client drop rate: 0.0
Time select: False
Time threthold: 10000
Global rounds: 10
Running times: 1
Dataset: brain
Local model: dense121
Using device: cuda
Cuda device id: 0
==================================================

============= Running time: 0th =============
Creating server and clients ...

Join ratio / total clients: 0.1 / 100
Finished creating server and clients.

-------------Round number: 0-------------

Evaluate global model
Averaged Train Loss: 1.5098
Averaged Test Accurancy: 0.2872
Averaged Test AUC: 0.6590
Std Test Accurancy: 0.0632
Std Test AUC: 0.0424
------------------------- time cost ------------------------- 135.51599526405334

-------------Round number: 1-------------

Evaluate global model
Averaged Train Loss: 1.4300
Averaged Test Accurancy: 0.2865
Averaged Test AUC: 0.7177
Std Test Accurancy: 0.0770
Std Test AUC: 0.0358
------------------------- time cost ------------------------- 135.61709928512573

-------------Round number: 2-------------

Evaluate global model
Averaged Train Loss: 1.4560
Averaged Test Accurancy: 0.3307
Averaged Test AUC: 0.7335
Std Test Accurancy: 0.0845
Std Test AUC: 0.0390
------------------------- time cost ------------------------- 135.8199164867401

-------------Round number: 3-------------

Evaluate global model
Averaged Train Loss: 1.3903
Averaged Test Accurancy: 0.4011
Averaged Test AUC: 0.7513
Std Test Accurancy: 0.0817
Std Test AUC: 0.0457
------------------------- time cost ------------------------- 135.6920313835144

-------------Round number: 4-------------

Evaluate global model
Averaged Train Loss: 1.4415
Averaged Test Accurancy: 0.4333
Averaged Test AUC: 0.7612
Std Test Accurancy: 0.0855
Std Test AUC: 0.0503
------------------------- time cost ------------------------- 135.82138180732727

-------------Round number: 5-------------

Evaluate global model
Averaged Train Loss: 1.5217
Averaged Test Accurancy: 0.4392
Averaged Test AUC: 0.7601
Std Test Accurancy: 0.0830
Std Test AUC: 0.0543
------------------------- time cost ------------------------- 135.9189305305481

-------------Round number: 6-------------

Evaluate global model
Averaged Train Loss: 1.5793
Averaged Test Accurancy: 0.4422
Averaged Test AUC: 0.7569
Std Test Accurancy: 0.1056
Std Test AUC: 0.0629
------------------------- time cost ------------------------- 142.28928446769714

-------------Round number: 7-------------

Evaluate global model
Averaged Train Loss: 1.6940
Averaged Test Accurancy: 0.4413
Averaged Test AUC: 0.7397
Std Test Accurancy: 0.0928
Std Test AUC: 0.0722
------------------------- time cost ------------------------- 135.93930983543396

-------------Round number: 8-------------

Evaluate global model
Averaged Train Loss: 1.5903
Averaged Test Accurancy: 0.4726
Averaged Test AUC: 0.7693
Std Test Accurancy: 0.1016
Std Test AUC: 0.0675
------------------------- time cost ------------------------- 135.91935539245605

-------------Round number: 9-------------

Evaluate global model
Averaged Train Loss: 1.5591
Averaged Test Accurancy: 0.4935
Averaged Test AUC: 0.7863
Std Test Accurancy: 0.0943
Std Test AUC: 0.0648
------------------------- time cost ------------------------- 142.53964710235596

Best global accuracy.
0.49353093389790637

Average time cost per round.
137.28410625457764
File path: ../results/brain_FedAvg_dense121_gr10_ls5_bs18_lr0.005.h5

Average time cost: 1423.34s.
Length:  10
std for best accurancy: 0.0
mean for best accurancy: 0.49353093389790637
All done!

Storage on cuda:0
-------------------------------------------------------------------------------
Total Tensors: 1198530189 	Used Memory: 4.48G
The allocated memory on cuda:0: 4.48G
Memory differs due to the matrix alignment or invisible gradient buffer tensors
-------------------------------------------------------------------------------
