==================================================
Algorithm: FedAvg
Local batch size: 16
Local steps: 5
Local learing rate: 0.005
Total number of clients: 100
Clients join in each round: 0.1
Client drop rate: 0.0
Time select: False
Time threthold: 10000
Global rounds: 100
Running times: 1
Dataset: brain
Local model: dense121
Using device: cuda
Cuda device id: 0
==================================================

============= Running time: 0th =============
Creating server and clients ...

Join ratio / total clients: 0.1 / 100
Finished creating server and clients.

-------------Round number: 0-------------

Evaluate global model
Averaged Train Loss: 1.5091
Averaged Test Accurancy: 0.2872
Averaged Test AUC: 0.6590
Std Test Accurancy: 0.0632
Std Test AUC: 0.0424
------------------------- time cost ------------------------- 135.75626826286316

-------------Round number: 1-------------

Evaluate global model
Averaged Train Loss: 1.4527
Averaged Test Accurancy: 0.2910
Averaged Test AUC: 0.7164
Std Test Accurancy: 0.0713
Std Test AUC: 0.0371
------------------------- time cost ------------------------- 131.31743383407593

-------------Round number: 2-------------

Evaluate global model
Averaged Train Loss: 1.4227
Averaged Test Accurancy: 0.3449
Averaged Test AUC: 0.7372
Std Test Accurancy: 0.0797
Std Test AUC: 0.0361
------------------------- time cost ------------------------- 142.83275246620178

-------------Round number: 3-------------

Evaluate global model
Averaged Train Loss: 1.5769
Averaged Test Accurancy: 0.3392
Averaged Test AUC: 0.7380
Std Test Accurancy: 0.0770
Std Test AUC: 0.0413
------------------------- time cost ------------------------- 135.5219337940216

-------------Round number: 4-------------

Evaluate global model
Averaged Train Loss: 1.5744
Averaged Test Accurancy: 0.4063
Averaged Test AUC: 0.7525
Std Test Accurancy: 0.0869
Std Test AUC: 0.0512
------------------------- time cost ------------------------- 135.15622472763062

-------------Round number: 5-------------

Evaluate global model
Averaged Train Loss: 1.5282
Averaged Test Accurancy: 0.4175
Averaged Test AUC: 0.7526
Std Test Accurancy: 0.0910
Std Test AUC: 0.0645
------------------------- time cost ------------------------- 134.81018137931824

-------------Round number: 6-------------

Evaluate global model
Averaged Train Loss: 1.6408
Averaged Test Accurancy: 0.4171
Averaged Test AUC: 0.7585
Std Test Accurancy: 0.0929
Std Test AUC: 0.0585
------------------------- time cost ------------------------- 135.0593626499176

-------------Round number: 7-------------

Evaluate global model
Averaged Train Loss: 1.6080
Averaged Test Accurancy: 0.4660
Averaged Test AUC: 0.7800
Std Test Accurancy: 0.0982
Std Test AUC: 0.0547
------------------------- time cost ------------------------- 135.104079246521

-------------Round number: 8-------------

Evaluate global model
Averaged Train Loss: 1.5362
Averaged Test Accurancy: 0.4994
Averaged Test AUC: 0.7928
Std Test Accurancy: 0.0965
Std Test AUC: 0.0560
------------------------- time cost ------------------------- 135.30900239944458

-------------Round number: 9-------------

Evaluate global model
Averaged Train Loss: 1.4982
Averaged Test Accurancy: 0.5302
Averaged Test AUC: 0.8083
Std Test Accurancy: 0.0913
Std Test AUC: 0.0553
------------------------- time cost ------------------------- 134.6448585987091

-------------Round number: 10-------------

Evaluate global model
Averaged Train Loss: 1.4779
Averaged Test Accurancy: 0.5382
Averaged Test AUC: 0.8133
Std Test Accurancy: 0.0977
Std Test AUC: 0.0577
------------------------- time cost ------------------------- 134.72765254974365

-------------Round number: 11-------------

Evaluate global model
Averaged Train Loss: 1.4725
Averaged Test Accurancy: 0.5227
Averaged Test AUC: 0.8058
Std Test Accurancy: 0.0979
Std Test AUC: 0.0609
------------------------- time cost ------------------------- 141.63410186767578

-------------Round number: 12-------------

Evaluate global model
Averaged Train Loss: 1.4575
Averaged Test Accurancy: 0.5382
Averaged Test AUC: 0.8051
Std Test Accurancy: 0.1012
Std Test AUC: 0.0614
------------------------- time cost ------------------------- 135.0236780643463

-------------Round number: 13-------------

Evaluate global model
Averaged Train Loss: 1.4163
Averaged Test Accurancy: 0.5556
Averaged Test AUC: 0.8155
Std Test Accurancy: 0.0994
Std Test AUC: 0.0596
------------------------- time cost ------------------------- 134.81717133522034

-------------Round number: 14-------------

Evaluate global model
Averaged Train Loss: 1.3585
Averaged Test Accurancy: 0.5601
Averaged Test AUC: 0.8220
Std Test Accurancy: 0.0995
Std Test AUC: 0.0600
------------------------- time cost ------------------------- 134.85725045204163

-------------Round number: 15-------------

Evaluate global model
Averaged Train Loss: 1.3531
Averaged Test Accurancy: 0.5648
Averaged Test AUC: 0.8272
Std Test Accurancy: 0.0940
Std Test AUC: 0.0541
------------------------- time cost ------------------------- 135.22597360610962

-------------Round number: 16-------------

Evaluate global model
Averaged Train Loss: 1.4117
Averaged Test Accurancy: 0.5448
Averaged Test AUC: 0.8185
Std Test Accurancy: 0.1057
Std Test AUC: 0.0616
------------------------- time cost ------------------------- 135.4242386817932

-------------Round number: 17-------------

Evaluate global model
Averaged Train Loss: 1.2664
Averaged Test Accurancy: 0.5836
Averaged Test AUC: 0.8384
Std Test Accurancy: 0.1005
Std Test AUC: 0.0547
------------------------- time cost ------------------------- 141.80237364768982

-------------Round number: 18-------------

Evaluate global model
Averaged Train Loss: 1.4105
Averaged Test Accurancy: 0.5418
Averaged Test AUC: 0.8061
Std Test Accurancy: 0.1186
Std Test AUC: 0.0756
------------------------- time cost ------------------------- 134.87946391105652

-------------Round number: 19-------------

Evaluate global model
Averaged Train Loss: 1.2354
Averaged Test Accurancy: 0.5973
Averaged Test AUC: 0.8423
Std Test Accurancy: 0.1085
Std Test AUC: 0.0626
------------------------- time cost ------------------------- 135.13236784934998

-------------Round number: 20-------------

Evaluate global model
Averaged Train Loss: 1.2879
Averaged Test Accurancy: 0.5810
Averaged Test AUC: 0.8359
Std Test Accurancy: 0.1259
Std Test AUC: 0.0697
------------------------- time cost ------------------------- 135.13859820365906

-------------Round number: 21-------------

Evaluate global model
Averaged Train Loss: 1.3209
Averaged Test Accurancy: 0.5594
Averaged Test AUC: 0.8207
Std Test Accurancy: 0.1351
Std Test AUC: 0.0792
------------------------- time cost ------------------------- 135.206289768219

-------------Round number: 22-------------

Evaluate global model
Averaged Train Loss: 1.1859
Averaged Test Accurancy: 0.6006
Averaged Test AUC: 0.8491
Std Test Accurancy: 0.1196
Std Test AUC: 0.0644
------------------------- time cost ------------------------- 134.9977753162384

-------------Round number: 23-------------

Evaluate global model
Averaged Train Loss: 1.1505
Averaged Test Accurancy: 0.6107
Averaged Test AUC: 0.8529
Std Test Accurancy: 0.1102
Std Test AUC: 0.0630
------------------------- time cost ------------------------- 134.86979055404663

-------------Round number: 24-------------

Evaluate global model
Averaged Train Loss: 1.1017
Averaged Test Accurancy: 0.6231
Averaged Test AUC: 0.8636
Std Test Accurancy: 0.1043
Std Test AUC: 0.0572
------------------------- time cost ------------------------- 134.92761611938477

-------------Round number: 25-------------

Evaluate global model
Averaged Train Loss: 1.0375
Averaged Test Accurancy: 0.6380
Averaged Test AUC: 0.8723
Std Test Accurancy: 0.0996
Std Test AUC: 0.0527
------------------------- time cost ------------------------- 135.57092595100403

-------------Round number: 26-------------

Evaluate global model
Averaged Train Loss: 0.9669
Averaged Test Accurancy: 0.6528
Averaged Test AUC: 0.8793
Std Test Accurancy: 0.0941
Std Test AUC: 0.0473
------------------------- time cost ------------------------- 134.77387833595276

-------------Round number: 27-------------

Evaluate global model
Averaged Train Loss: 0.9981
Averaged Test Accurancy: 0.6363
Averaged Test AUC: 0.8727
Std Test Accurancy: 0.1113
Std Test AUC: 0.0576
------------------------- time cost ------------------------- 135.26500415802002

-------------Round number: 28-------------

Evaluate global model
Averaged Train Loss: 1.0472
Averaged Test Accurancy: 0.6194
Averaged Test AUC: 0.8586
Std Test Accurancy: 0.1209
Std Test AUC: 0.0670
------------------------- time cost ------------------------- 135.11888575553894

-------------Round number: 29-------------

Evaluate global model
Averaged Train Loss: 0.9734
Averaged Test Accurancy: 0.6476
Averaged Test AUC: 0.8716
Std Test Accurancy: 0.1102
Std Test AUC: 0.0613
------------------------- time cost ------------------------- 135.09156703948975

-------------Round number: 30-------------

Evaluate global model
Averaged Train Loss: 0.9832
Averaged Test Accurancy: 0.6410
Averaged Test AUC: 0.8656
Std Test Accurancy: 0.1108
Std Test AUC: 0.0611
------------------------- time cost ------------------------- 134.89279198646545

-------------Round number: 31-------------

Evaluate global model
Averaged Train Loss: 0.9612
Averaged Test Accurancy: 0.6476
Averaged Test AUC: 0.8703
Std Test Accurancy: 0.1088
Std Test AUC: 0.0631
------------------------- time cost ------------------------- 135.09557437896729

-------------Round number: 32-------------

Evaluate global model
Averaged Train Loss: 0.9558
Averaged Test Accurancy: 0.6488
Averaged Test AUC: 0.8700
Std Test Accurancy: 0.1141
Std Test AUC: 0.0683
------------------------- time cost ------------------------- 134.90404677391052

-------------Round number: 33-------------

Evaluate global model
Averaged Train Loss: 0.9572
Averaged Test Accurancy: 0.6481
Averaged Test AUC: 0.8716
Std Test Accurancy: 0.1051
Std Test AUC: 0.0664
------------------------- time cost ------------------------- 135.2306764125824

-------------Round number: 34-------------

Evaluate global model
Averaged Train Loss: 0.8789
Averaged Test Accurancy: 0.6622
Averaged Test AUC: 0.8802
Std Test Accurancy: 0.0983
Std Test AUC: 0.0573
------------------------- time cost ------------------------- 141.9592888355255

-------------Round number: 35-------------

Evaluate global model
Averaged Train Loss: 0.8181
Averaged Test Accurancy: 0.6749
Averaged Test AUC: 0.8878
Std Test Accurancy: 0.0916
Std Test AUC: 0.0532
------------------------- time cost ------------------------- 134.96446824073792

-------------Round number: 36-------------

Evaluate global model
Averaged Train Loss: 0.7850
Averaged Test Accurancy: 0.6829
Averaged Test AUC: 0.8929
Std Test Accurancy: 0.0965
Std Test AUC: 0.0494
------------------------- time cost ------------------------- 135.18715715408325

-------------Round number: 37-------------

Evaluate global model
Averaged Train Loss: 0.7647
Averaged Test Accurancy: 0.6937
Averaged Test AUC: 0.9023
Std Test Accurancy: 0.0878
Std Test AUC: 0.0431
------------------------- time cost ------------------------- 135.10239911079407

-------------Round number: 38-------------

Evaluate global model
Averaged Train Loss: 0.7327
Averaged Test Accurancy: 0.7010
Averaged Test AUC: 0.9042
Std Test Accurancy: 0.0895
Std Test AUC: 0.0447
------------------------- time cost ------------------------- 142.1511685848236

-------------Round number: 39-------------

Evaluate global model
Averaged Train Loss: 0.7371
Averaged Test Accurancy: 0.6977
Averaged Test AUC: 0.9001
Std Test Accurancy: 0.0857
Std Test AUC: 0.0399
------------------------- time cost ------------------------- 135.1952030658722

-------------Round number: 40-------------

Evaluate global model
Averaged Train Loss: 0.7327
Averaged Test Accurancy: 0.7097
Averaged Test AUC: 0.9104
Std Test Accurancy: 0.0817
Std Test AUC: 0.0365
------------------------- time cost ------------------------- 135.13727498054504

-------------Round number: 41-------------

Evaluate global model
Averaged Train Loss: 0.6246
Averaged Test Accurancy: 0.7118
Averaged Test AUC: 0.9122
Std Test Accurancy: 0.0959
Std Test AUC: 0.0397
------------------------- time cost ------------------------- 141.99174618721008

-------------Round number: 42-------------

Evaluate global model
Averaged Train Loss: 0.6278
Averaged Test Accurancy: 0.7149
Averaged Test AUC: 0.9089
Std Test Accurancy: 0.0873
Std Test AUC: 0.0373
------------------------- time cost ------------------------- 135.1267750263214

-------------Round number: 43-------------

Evaluate global model
Averaged Train Loss: 0.6179
Averaged Test Accurancy: 0.7187
Averaged Test AUC: 0.9149
Std Test Accurancy: 0.0812
Std Test AUC: 0.0363
------------------------- time cost ------------------------- 135.43084502220154

-------------Round number: 44-------------

Evaluate global model
Averaged Train Loss: 0.5976
Averaged Test Accurancy: 0.7278
Averaged Test AUC: 0.9183
Std Test Accurancy: 0.0750
Std Test AUC: 0.0329
------------------------- time cost ------------------------- 135.08464288711548

-------------Round number: 45-------------

Evaluate global model
Averaged Train Loss: 0.6026
Averaged Test Accurancy: 0.7276
Averaged Test AUC: 0.9178
Std Test Accurancy: 0.0778
Std Test AUC: 0.0324
------------------------- time cost ------------------------- 137.5002748966217

-------------Round number: 46-------------

Evaluate global model
Averaged Train Loss: 0.6299
Averaged Test Accurancy: 0.7297
Averaged Test AUC: 0.9179
Std Test Accurancy: 0.0780
Std Test AUC: 0.0332
------------------------- time cost ------------------------- 136.42668175697327

-------------Round number: 47-------------

Evaluate global model
Averaged Train Loss: 0.5923
Averaged Test Accurancy: 0.7382
Averaged Test AUC: 0.9214
Std Test Accurancy: 0.0773
Std Test AUC: 0.0316
------------------------- time cost ------------------------- 136.34175992012024

-------------Round number: 48-------------

Evaluate global model
Averaged Train Loss: 0.5781
Averaged Test Accurancy: 0.7363
Averaged Test AUC: 0.9219
Std Test Accurancy: 0.0693
Std Test AUC: 0.0305
------------------------- time cost ------------------------- 136.3669834136963

-------------Round number: 49-------------

Evaluate global model
Averaged Train Loss: 0.5542
Averaged Test Accurancy: 0.7481
Averaged Test AUC: 0.9245
Std Test Accurancy: 0.0717
Std Test AUC: 0.0278
------------------------- time cost ------------------------- 136.42985320091248

-------------Round number: 50-------------

Evaluate global model
Averaged Train Loss: 0.5349
Averaged Test Accurancy: 0.7412
Averaged Test AUC: 0.9220
Std Test Accurancy: 0.0741
Std Test AUC: 0.0306
------------------------- time cost ------------------------- 136.32407307624817

-------------Round number: 51-------------

Evaluate global model
Averaged Train Loss: 0.5453
Averaged Test Accurancy: 0.7323
Averaged Test AUC: 0.9226
Std Test Accurancy: 0.0771
Std Test AUC: 0.0308
------------------------- time cost ------------------------- 136.44126272201538

-------------Round number: 52-------------

Evaluate global model
Averaged Train Loss: 0.5352
Averaged Test Accurancy: 0.7283
Averaged Test AUC: 0.9195
Std Test Accurancy: 0.0690
Std Test AUC: 0.0316
------------------------- time cost ------------------------- 136.02288031578064

-------------Round number: 53-------------

Evaluate global model
Averaged Train Loss: 0.5195
Averaged Test Accurancy: 0.7474
Averaged Test AUC: 0.9271
Std Test Accurancy: 0.0670
Std Test AUC: 0.0285
------------------------- time cost ------------------------- 135.9889280796051

-------------Round number: 54-------------

Evaluate global model
Averaged Train Loss: 0.5120
Averaged Test Accurancy: 0.7525
Averaged Test AUC: 0.9276
Std Test Accurancy: 0.0736
Std Test AUC: 0.0288
------------------------- time cost ------------------------- 136.50466561317444

-------------Round number: 55-------------

Evaluate global model
Averaged Train Loss: 0.5416
Averaged Test Accurancy: 0.7384
Averaged Test AUC: 0.9240
Std Test Accurancy: 0.0778
Std Test AUC: 0.0297
------------------------- time cost ------------------------- 136.18665289878845

-------------Round number: 56-------------

Evaluate global model
Averaged Train Loss: 0.5080
Averaged Test Accurancy: 0.7356
Averaged Test AUC: 0.9240
Std Test Accurancy: 0.0761
Std Test AUC: 0.0308
------------------------- time cost ------------------------- 135.85578989982605

-------------Round number: 57-------------

Evaluate global model
Averaged Train Loss: 0.4999
Averaged Test Accurancy: 0.7377
Averaged Test AUC: 0.9242
Std Test Accurancy: 0.0772
Std Test AUC: 0.0307
------------------------- time cost ------------------------- 136.13604593276978

-------------Round number: 58-------------

Evaluate global model
Averaged Train Loss: 0.4709
Averaged Test Accurancy: 0.7492
Averaged Test AUC: 0.9288
Std Test Accurancy: 0.0717
Std Test AUC: 0.0284
------------------------- time cost ------------------------- 135.94525623321533

-------------Round number: 59-------------

Evaluate global model
Averaged Train Loss: 0.4551
Averaged Test Accurancy: 0.7523
Averaged Test AUC: 0.9279
Std Test Accurancy: 0.0739
Std Test AUC: 0.0309
------------------------- time cost ------------------------- 136.00603485107422

-------------Round number: 60-------------

Evaluate global model
Averaged Train Loss: 0.4322
Averaged Test Accurancy: 0.7471
Averaged Test AUC: 0.9276
Std Test Accurancy: 0.0741
Std Test AUC: 0.0300
------------------------- time cost ------------------------- 136.25832176208496

-------------Round number: 61-------------

Evaluate global model
Averaged Train Loss: 0.4372
Averaged Test Accurancy: 0.7598
Averaged Test AUC: 0.9309
Std Test Accurancy: 0.0687
Std Test AUC: 0.0278
------------------------- time cost ------------------------- 136.03781986236572

-------------Round number: 62-------------

Evaluate global model
Averaged Train Loss: 0.4174
Averaged Test Accurancy: 0.7598
Averaged Test AUC: 0.9313
Std Test Accurancy: 0.0711
Std Test AUC: 0.0285
------------------------- time cost ------------------------- 135.91256070137024

-------------Round number: 63-------------

Evaluate global model
Averaged Train Loss: 0.4280
Averaged Test Accurancy: 0.7516
Averaged Test AUC: 0.9290
Std Test Accurancy: 0.0733
Std Test AUC: 0.0300
------------------------- time cost ------------------------- 136.01247215270996

-------------Round number: 64-------------

Evaluate global model
Averaged Train Loss: 0.4193
Averaged Test Accurancy: 0.7570
Averaged Test AUC: 0.9293
Std Test Accurancy: 0.0694
Std Test AUC: 0.0313
------------------------- time cost ------------------------- 136.54663562774658

-------------Round number: 65-------------

Evaluate global model
Averaged Train Loss: 0.4413
Averaged Test Accurancy: 0.7546
Averaged Test AUC: 0.9294
Std Test Accurancy: 0.0719
Std Test AUC: 0.0309
------------------------- time cost ------------------------- 143.91678881645203

-------------Round number: 66-------------

Evaluate global model
Averaged Train Loss: 0.4537
Averaged Test Accurancy: 0.7382
Averaged Test AUC: 0.9223
Std Test Accurancy: 0.0766
Std Test AUC: 0.0324
------------------------- time cost ------------------------- 143.80223107337952

-------------Round number: 67-------------

Evaluate global model
Averaged Train Loss: 0.4886
Averaged Test Accurancy: 0.7325
Averaged Test AUC: 0.9189
Std Test Accurancy: 0.0694
Std Test AUC: 0.0308
------------------------- time cost ------------------------- 136.97578978538513

-------------Round number: 68-------------

Evaluate global model
Averaged Train Loss: 0.4648
Averaged Test Accurancy: 0.7452
Averaged Test AUC: 0.9258
Std Test Accurancy: 0.0651
Std Test AUC: 0.0279
------------------------- time cost ------------------------- 137.10234689712524

-------------Round number: 69-------------

Evaluate global model
Averaged Train Loss: 0.4300
Averaged Test Accurancy: 0.7495
Averaged Test AUC: 0.9275
Std Test Accurancy: 0.0664
Std Test AUC: 0.0270
------------------------- time cost ------------------------- 137.4959855079651

-------------Round number: 70-------------

Evaluate global model
Averaged Train Loss: 0.4170
Averaged Test Accurancy: 0.7563
Averaged Test AUC: 0.9283
Std Test Accurancy: 0.0637
Std Test AUC: 0.0265
------------------------- time cost ------------------------- 143.99451732635498

-------------Round number: 71-------------

Evaluate global model
Averaged Train Loss: 0.3977
Averaged Test Accurancy: 0.7464
Averaged Test AUC: 0.9255
Std Test Accurancy: 0.0721
Std Test AUC: 0.0283
------------------------- time cost ------------------------- 136.84659004211426

-------------Round number: 72-------------

Evaluate global model
Averaged Train Loss: 0.4014
Averaged Test Accurancy: 0.7485
Averaged Test AUC: 0.9265
Std Test Accurancy: 0.0733
Std Test AUC: 0.0292
------------------------- time cost ------------------------- 137.06740617752075

-------------Round number: 73-------------

Evaluate global model
Averaged Train Loss: 0.4428
Averaged Test Accurancy: 0.7514
Averaged Test AUC: 0.9271
Std Test Accurancy: 0.0768
Std Test AUC: 0.0272
------------------------- time cost ------------------------- 137.26008701324463

-------------Round number: 74-------------

Evaluate global model
Averaged Train Loss: 0.4285
Averaged Test Accurancy: 0.7466
Averaged Test AUC: 0.9252
Std Test Accurancy: 0.0744
Std Test AUC: 0.0301
------------------------- time cost ------------------------- 144.28792190551758

-------------Round number: 75-------------

Evaluate global model
Averaged Train Loss: 0.4011
Averaged Test Accurancy: 0.7535
Averaged Test AUC: 0.9276
Std Test Accurancy: 0.0673
Std Test AUC: 0.0262
------------------------- time cost ------------------------- 136.69526624679565

-------------Round number: 76-------------

Evaluate global model
Averaged Train Loss: 0.4529
Averaged Test Accurancy: 0.7558
Averaged Test AUC: 0.9257
Std Test Accurancy: 0.0710
Std Test AUC: 0.0278
------------------------- time cost ------------------------- 137.27365493774414

-------------Round number: 77-------------

Evaluate global model
Averaged Train Loss: 0.3730
Averaged Test Accurancy: 0.7572
Averaged Test AUC: 0.9311
Std Test Accurancy: 0.0686
Std Test AUC: 0.0266
------------------------- time cost ------------------------- 137.1162519454956

-------------Round number: 78-------------

Evaluate global model
Averaged Train Loss: 0.3757
Averaged Test Accurancy: 0.7626
Averaged Test AUC: 0.9278
Std Test Accurancy: 0.0668
Std Test AUC: 0.0289
------------------------- time cost ------------------------- 136.72784328460693

-------------Round number: 79-------------

Evaluate global model
Averaged Train Loss: 0.3625
Averaged Test Accurancy: 0.7688
Averaged Test AUC: 0.9330
Std Test Accurancy: 0.0678
Std Test AUC: 0.0258
------------------------- time cost ------------------------- 136.8740119934082

-------------Round number: 80-------------

Evaluate global model
Averaged Train Loss: 0.3469
Averaged Test Accurancy: 0.7718
Averaged Test AUC: 0.9334
Std Test Accurancy: 0.0716
Std Test AUC: 0.0266
------------------------- time cost ------------------------- 143.86891746520996

-------------Round number: 81-------------

Evaluate global model
Averaged Train Loss: 0.3597
Averaged Test Accurancy: 0.7617
Averaged Test AUC: 0.9300
Std Test Accurancy: 0.0709
Std Test AUC: 0.0288
------------------------- time cost ------------------------- 144.31636571884155

-------------Round number: 82-------------

Evaluate global model
Averaged Train Loss: 0.3907
Averaged Test Accurancy: 0.7546
Averaged Test AUC: 0.9273
Std Test Accurancy: 0.0697
Std Test AUC: 0.0298
------------------------- time cost ------------------------- 136.89582777023315

-------------Round number: 83-------------

Evaluate global model
Averaged Train Loss: 0.4737
Averaged Test Accurancy: 0.7622
Averaged Test AUC: 0.9295
Std Test Accurancy: 0.0741
Std Test AUC: 0.0295
------------------------- time cost ------------------------- 137.2934274673462

-------------Round number: 84-------------

Evaluate global model
Averaged Train Loss: 0.3422
Averaged Test Accurancy: 0.7638
Averaged Test AUC: 0.9325
Std Test Accurancy: 0.0724
Std Test AUC: 0.0289
------------------------- time cost ------------------------- 137.31941485404968

-------------Round number: 85-------------

Evaluate global model
Averaged Train Loss: 0.3403
Averaged Test Accurancy: 0.7657
Averaged Test AUC: 0.9326
Std Test Accurancy: 0.0726
Std Test AUC: 0.0304
------------------------- time cost ------------------------- 137.25306463241577

-------------Round number: 86-------------

Evaluate global model
Averaged Train Loss: 0.3235
Averaged Test Accurancy: 0.7711
Averaged Test AUC: 0.9355
Std Test Accurancy: 0.0683
Std Test AUC: 0.0299
------------------------- time cost ------------------------- 137.0107569694519

-------------Round number: 87-------------

Evaluate global model
Averaged Train Loss: 0.3256
Averaged Test Accurancy: 0.7713
Averaged Test AUC: 0.9369
Std Test Accurancy: 0.0691
Std Test AUC: 0.0305
------------------------- time cost ------------------------- 137.4434368610382

-------------Round number: 88-------------

Evaluate global model
Averaged Train Loss: 0.3144
Averaged Test Accurancy: 0.7728
Averaged Test AUC: 0.9372
Std Test Accurancy: 0.0670
Std Test AUC: 0.0281
------------------------- time cost ------------------------- 136.8757781982422

-------------Round number: 89-------------

Evaluate global model
Averaged Train Loss: 0.3202
Averaged Test Accurancy: 0.7819
Averaged Test AUC: 0.9382
Std Test Accurancy: 0.0719
Std Test AUC: 0.0281
------------------------- time cost ------------------------- 137.07266497612

-------------Round number: 90-------------

Evaluate global model
Averaged Train Loss: 0.2956
Averaged Test Accurancy: 0.7862
Averaged Test AUC: 0.9404
Std Test Accurancy: 0.0655
Std Test AUC: 0.0277
------------------------- time cost ------------------------- 136.63013172149658

-------------Round number: 91-------------

Evaluate global model
Averaged Train Loss: 0.2991
Averaged Test Accurancy: 0.7824
Averaged Test AUC: 0.9379
Std Test Accurancy: 0.0691
Std Test AUC: 0.0282
------------------------- time cost ------------------------- 136.86227202415466

-------------Round number: 92-------------

Evaluate global model
Averaged Train Loss: 0.2858
Averaged Test Accurancy: 0.7824
Averaged Test AUC: 0.9382
Std Test Accurancy: 0.0759
Std Test AUC: 0.0291
------------------------- time cost ------------------------- 136.9815857410431

-------------Round number: 93-------------

Evaluate global model
Averaged Train Loss: 0.3112
Averaged Test Accurancy: 0.7681
Averaged Test AUC: 0.9328
Std Test Accurancy: 0.0785
Std Test AUC: 0.0325
------------------------- time cost ------------------------- 136.90830755233765

-------------Round number: 94-------------

Evaluate global model
Averaged Train Loss: 0.2839
Averaged Test Accurancy: 0.7737
Averaged Test AUC: 0.9342
Std Test Accurancy: 0.0737
Std Test AUC: 0.0316
------------------------- time cost ------------------------- 137.32007455825806

-------------Round number: 95-------------

Evaluate global model
Averaged Train Loss: 0.2720
Averaged Test Accurancy: 0.7775
Averaged Test AUC: 0.9355
Std Test Accurancy: 0.0688
Std Test AUC: 0.0301
------------------------- time cost ------------------------- 136.94271063804626

-------------Round number: 96-------------

Evaluate global model
Averaged Train Loss: 0.2650
Averaged Test Accurancy: 0.7801
Averaged Test AUC: 0.9369
Std Test Accurancy: 0.0667
Std Test AUC: 0.0283
------------------------- time cost ------------------------- 136.8279013633728

-------------Round number: 97-------------

Evaluate global model
Averaged Train Loss: 0.2659
Averaged Test Accurancy: 0.7746
Averaged Test AUC: 0.9368
Std Test Accurancy: 0.0677
Std Test AUC: 0.0295
------------------------- time cost ------------------------- 136.79463410377502

-------------Round number: 98-------------

Evaluate global model
Averaged Train Loss: 0.2495
Averaged Test Accurancy: 0.7789
Averaged Test AUC: 0.9404
Std Test Accurancy: 0.0705
Std Test AUC: 0.0292
------------------------- time cost ------------------------- 136.92238855361938

-------------Round number: 99-------------

Evaluate global model
Averaged Train Loss: 0.2782
Averaged Test Accurancy: 0.7697
Averaged Test AUC: 0.9375
Std Test Accurancy: 0.0784
Std Test AUC: 0.0328
------------------------- time cost ------------------------- 136.93623566627502

Best global accuracy.
0.7861679604798871

Average time cost per round.
136.81668720823345
File path: ../results/brain_FedAvg_dense121_gr100_ls5_bs16_lr0.005.h5

Average time cost: 13734.23s.
Length:  100
std for best accurancy: 0.0
mean for best accurancy: 0.7861679604798871
All done!

Storage on cuda:0
-------------------------------------------------------------------------------
Total Tensors: 1414258600 	Used Memory: 5.28G
The allocated memory on cuda:0: 5.30G
Memory differs due to the matrix alignment or invisible gradient buffer tensors
-------------------------------------------------------------------------------
