==================================================
Algorithm: FedAvg
Local batch size: 48
Local steps: 10
Local learing rate: 0.005
Local learing rate decay: False
Total number of clients: 10
Clients join in each round: 1.0
Clients randomly join: False
Client drop rate: 0.0
Client select regarding time: False
Running times: 1
Dataset: brain
Number of classes: 5
Backbone: dense121
Using device: cuda
Using DP: False
Auto break: False
Global rounds: 100
Cuda device id: 0
DLG attack evaluate: False
==================================================

============= Running time: 0th =============
Creating server and clients ...

Join ratio / total clients: 1.0 / 10
Finished creating server and clients.

-------------Round number: 0-------------

Evaluate global model
Averaged Train Loss: 1.5160
Averaged Test Accurancy: 0.3183
Averaged Test AUC: 0.6487
Std Test Accurancy: 0.0217
Std Test AUC: 0.0134
------------------------- time cost ------------------------- 615.5015456676483

-------------Round number: 1-------------

Evaluate global model
Averaged Train Loss: 1.5626
Averaged Test Accurancy: 0.3731
Averaged Test AUC: 0.7050
Std Test Accurancy: 0.0645
Std Test AUC: 0.0618
------------------------- time cost ------------------------- 614.5910234451294

-------------Round number: 2-------------

Evaluate global model
Averaged Train Loss: 1.9687
Averaged Test Accurancy: 0.4005
Averaged Test AUC: 0.6813
Std Test Accurancy: 0.0639
Std Test AUC: 0.0651
------------------------- time cost ------------------------- 614.6840031147003

-------------Round number: 3-------------

Evaluate global model
Averaged Train Loss: 1.9781
Averaged Test Accurancy: 0.4760
Averaged Test AUC: 0.7350
Std Test Accurancy: 0.1013
Std Test AUC: 0.1000
------------------------- time cost ------------------------- 614.7543153762817

-------------Round number: 4-------------

Evaluate global model
Averaged Train Loss: 1.3211
Averaged Test Accurancy: 0.5795
Averaged Test AUC: 0.8239
Std Test Accurancy: 0.0521
Std Test AUC: 0.0371
