==================================================
Algorithm: FedAvg
Local batch size: 100
Local steps: 1
Local learing rate: 0.1
Local learing rate decay: True
Local learing rate decay gamma: 0.99
Total number of clients: 10
Clients join in each round: 1.0
Clients randomly join: False
Client drop rate: 0.0
Client select regarding time: False
Running times: 1
Dataset: ham10000
Number of classes: 7
Backbone: dense121
Using device: cuda
Using DP: False
Auto break: False
Global rounds: 2
Cuda device id: 0
DLG attack: False
Total number of new clients: 0
Fine tuning epoches on new clients: 0
==================================================

============= Running time: 0th =============
Creating server and clients ...

Join ratio / total clients: 1.0 / 10
Finished creating server and clients.

-------------Round number: 0-------------

Evaluate global model
Averaged Train Loss: 1.7133
Averaged Test Accurancy: 0.3174
Averaged Test AUC: 0.7511
Std Test Accurancy: 0.0262
Std Test AUC: 0.0138
------------------------- time cost ------------------------- 63.83478760719299

-------------Round number: 1-------------

Evaluate global model
Averaged Train Loss: 16.3589
Averaged Test Accurancy: 0.6657
Averaged Test AUC: 0.8494
Std Test Accurancy: 0.0240
Std Test AUC: 0.0130
------------------------- time cost ------------------------- 62.58980321884155

Best accuracy.
0.6656701544593921

Average time cost per round.
62.58980321884155
File path: ../results/ham10000_FedAvg_resnet_gr2_ls1_bs100_lr0.1.h5

Average time cost: 148.43s.
Length:  2
std for best accurancy: 0.0
mean for best accurancy: 0.6656701544593921
All done!

Storage on cuda:0
-------------------------------------------------------------------------------
Total Tensors: 223758220 	Used Memory: 589.49M
The allocated memory on cuda:0: 607.06M
Memory differs due to the matrix alignment or invisible gradient buffer tensors
-------------------------------------------------------------------------------
