==================================================
Algorithm: FedAvg
Local batch size: 100
Local steps: 5
Local learing rate: 0.05
Total number of clients: 100
Clients join in each round: 0.1
Client drop rate: 0.0
Time select: False
Time threthold: 10000
Global rounds: 100
Running times: 1
Dataset: Cifar10
Local model: resnet
Using device: cuda
Cuda device id: 0
==================================================

============= Running time: 0th =============
Creating server and clients ...

Join ratio / total clients: 0.1 / 100
Finished creating server and clients.

-------------Round number: 0-------------

Evaluate global model
Averaged Train Loss: 2.4403
Averaged Test Accurancy: 0.1087
Averaged Test AUC: 0.4881
Std Test Accurancy: 0.0288
Std Test AUC: 0.0267
------------------------- time cost ------------------------- 13.963496208190918

-------------Round number: 1-------------

Evaluate global model
Averaged Train Loss: 2.1488
Averaged Test Accurancy: 0.1685
Averaged Test AUC: 0.5568
Std Test Accurancy: 0.1203
Std Test AUC: 0.1380
------------------------- time cost ------------------------- 13.840311288833618

-------------Round number: 2-------------

Evaluate global model
Averaged Train Loss: 1.9481
Averaged Test Accurancy: 0.2077
Averaged Test AUC: 0.5905
Std Test Accurancy: 0.1559
Std Test AUC: 0.1616
------------------------- time cost ------------------------- 13.962039470672607

-------------Round number: 3-------------

Evaluate global model
Averaged Train Loss: 1.7556
Averaged Test Accurancy: 0.2492
Averaged Test AUC: 0.6252
Std Test Accurancy: 0.1836
Std Test AUC: 0.1793
------------------------- time cost ------------------------- 13.941433668136597

-------------Round number: 4-------------

Evaluate global model
Averaged Train Loss: 1.5732
Averaged Test Accurancy: 0.2922
Averaged Test AUC: 0.6571
Std Test Accurancy: 0.2100
Std Test AUC: 0.1920
------------------------- time cost ------------------------- 13.949310541152954

-------------Round number: 5-------------

Evaluate global model
Averaged Train Loss: 1.4586
Averaged Test Accurancy: 0.3215
Averaged Test AUC: 0.6770
Std Test Accurancy: 0.2266
Std Test AUC: 0.2001
------------------------- time cost ------------------------- 13.963490962982178

-------------Round number: 6-------------

Evaluate global model
Averaged Train Loss: 1.3653
Averaged Test Accurancy: 0.3505
Averaged Test AUC: 0.6977
Std Test Accurancy: 0.2383
Std Test AUC: 0.2052
------------------------- time cost ------------------------- 13.94940733909607

-------------Round number: 7-------------

Evaluate global model
Averaged Train Loss: 1.2613
Averaged Test Accurancy: 0.3757
Averaged Test AUC: 0.7133
Std Test Accurancy: 0.2524
Std Test AUC: 0.2094
------------------------- time cost ------------------------- 13.898319721221924

-------------Round number: 8-------------

Evaluate global model
Averaged Train Loss: 1.1503
Averaged Test Accurancy: 0.4032
Averaged Test AUC: 0.7353
Std Test Accurancy: 0.2500
Std Test AUC: 0.2070
------------------------- time cost ------------------------- 13.903207540512085

-------------Round number: 9-------------

Evaluate global model
Averaged Train Loss: 1.0578
Averaged Test Accurancy: 0.4281
Averaged Test AUC: 0.7521
Std Test Accurancy: 0.2560
Std Test AUC: 0.2070
------------------------- time cost ------------------------- 13.93028450012207

-------------Round number: 10-------------

Evaluate global model
Averaged Train Loss: 1.0001
Averaged Test Accurancy: 0.4487
Averaged Test AUC: 0.7637
Std Test Accurancy: 0.2610
Std Test AUC: 0.2071
------------------------- time cost ------------------------- 13.848342418670654

-------------Round number: 11-------------

Evaluate global model
Averaged Train Loss: 0.9751
Averaged Test Accurancy: 0.4668
Averaged Test AUC: 0.7720
Std Test Accurancy: 0.2660
Std Test AUC: 0.2083
------------------------- time cost ------------------------- 13.705265998840332

-------------Round number: 12-------------

Evaluate global model
Averaged Train Loss: 0.9391
Averaged Test Accurancy: 0.4791
Averaged Test AUC: 0.7790
Std Test Accurancy: 0.2674
Std Test AUC: 0.2083
------------------------- time cost ------------------------- 13.925971269607544

-------------Round number: 13-------------

Evaluate global model
Averaged Train Loss: 0.8816
Averaged Test Accurancy: 0.4940
Averaged Test AUC: 0.7891
Std Test Accurancy: 0.2669
Std Test AUC: 0.2063
------------------------- time cost ------------------------- 14.01459550857544

-------------Round number: 14-------------

Evaluate global model
Averaged Train Loss: 0.8319
Averaged Test Accurancy: 0.5082
Averaged Test AUC: 0.7987
Std Test Accurancy: 0.2643
Std Test AUC: 0.2036
------------------------- time cost ------------------------- 14.01040768623352

-------------Round number: 15-------------

Evaluate global model
Averaged Train Loss: 0.7795
Averaged Test Accurancy: 0.5253
Averaged Test AUC: 0.8126
Std Test Accurancy: 0.2570
Std Test AUC: 0.1982
------------------------- time cost ------------------------- 13.979196786880493

-------------Round number: 16-------------

Evaluate global model
Averaged Train Loss: 0.7082
Averaged Test Accurancy: 0.5455
Averaged Test AUC: 0.8242
Std Test Accurancy: 0.2553
Std Test AUC: 0.1938
------------------------- time cost ------------------------- 13.97294545173645

-------------Round number: 17-------------

Evaluate global model
Averaged Train Loss: 0.6538
Averaged Test Accurancy: 0.5612
Averaged Test AUC: 0.8349
Std Test Accurancy: 0.2504
Std Test AUC: 0.1891
------------------------- time cost ------------------------- 13.762745141983032

-------------Round number: 18-------------

Evaluate global model
Averaged Train Loss: 0.6285
Averaged Test Accurancy: 0.5742
Averaged Test AUC: 0.8424
Std Test Accurancy: 0.2488
Std Test AUC: 0.1872
------------------------- time cost ------------------------- 13.943009853363037

-------------Round number: 19-------------

Evaluate global model
Averaged Train Loss: 0.5756
Averaged Test Accurancy: 0.5857
Averaged Test AUC: 0.8517
Std Test Accurancy: 0.2404
Std Test AUC: 0.1800
------------------------- time cost ------------------------- 13.998526573181152

-------------Round number: 20-------------

Evaluate global model
Averaged Train Loss: 0.5333
Averaged Test Accurancy: 0.5994
Averaged Test AUC: 0.8616
Std Test Accurancy: 0.2334
Std Test AUC: 0.1722
------------------------- time cost ------------------------- 13.89783787727356

-------------Round number: 21-------------

Evaluate global model
Averaged Train Loss: 0.5033
Averaged Test Accurancy: 0.6088
Averaged Test AUC: 0.8678
Std Test Accurancy: 0.2278
Std Test AUC: 0.1687
------------------------- time cost ------------------------- 13.975530862808228

-------------Round number: 22-------------

Evaluate global model
Averaged Train Loss: 0.4563
Averaged Test Accurancy: 0.6210
Averaged Test AUC: 0.8760
Std Test Accurancy: 0.2188
Std Test AUC: 0.1610
------------------------- time cost ------------------------- 13.91901969909668

-------------Round number: 23-------------

Evaluate global model
Averaged Train Loss: 0.3921
Averaged Test Accurancy: 0.6408
Averaged Test AUC: 0.8892
Std Test Accurancy: 0.2034
Std Test AUC: 0.1478
------------------------- time cost ------------------------- 13.901365280151367

-------------Round number: 24-------------

Evaluate global model
Averaged Train Loss: 0.3762
Averaged Test Accurancy: 0.6494
Averaged Test AUC: 0.8937
Std Test Accurancy: 0.2015
Std Test AUC: 0.1484
------------------------- time cost ------------------------- 13.913625240325928

-------------Round number: 25-------------

Evaluate global model
Averaged Train Loss: 0.3619
Averaged Test Accurancy: 0.6532
Averaged Test AUC: 0.8943
Std Test Accurancy: 0.2026
Std Test AUC: 0.1486
------------------------- time cost ------------------------- 13.98629093170166

-------------Round number: 26-------------

Evaluate global model
Averaged Train Loss: 0.3416
Averaged Test Accurancy: 0.6582
Averaged Test AUC: 0.8983
Std Test Accurancy: 0.1974
Std Test AUC: 0.1448
------------------------- time cost ------------------------- 13.948528289794922

-------------Round number: 27-------------

Evaluate global model
Averaged Train Loss: 0.3049
Averaged Test Accurancy: 0.6721
Averaged Test AUC: 0.9072
Std Test Accurancy: 0.1794
Std Test AUC: 0.1312
------------------------- time cost ------------------------- 13.92832064628601

-------------Round number: 28-------------

Evaluate global model
Averaged Train Loss: 0.2697
Averaged Test Accurancy: 0.6830
Averaged Test AUC: 0.9134
Std Test Accurancy: 0.1727
Std Test AUC: 0.1257
------------------------- time cost ------------------------- 13.914313554763794

-------------Round number: 29-------------

Evaluate global model
Averaged Train Loss: 0.2528
Averaged Test Accurancy: 0.6860
Averaged Test AUC: 0.9147
Std Test Accurancy: 0.1719
Std Test AUC: 0.1257
------------------------- time cost ------------------------- 13.935561180114746

-------------Round number: 30-------------

Evaluate global model
Averaged Train Loss: 0.2565
Averaged Test Accurancy: 0.6883
Averaged Test AUC: 0.9153
Std Test Accurancy: 0.1728
Std Test AUC: 0.1258
------------------------- time cost ------------------------- 13.9395592212677

-------------Round number: 31-------------

Evaluate global model
Averaged Train Loss: 0.2389
Averaged Test Accurancy: 0.6881
Averaged Test AUC: 0.9156
Std Test Accurancy: 0.1726
Std Test AUC: 0.1260
------------------------- time cost ------------------------- 13.993002891540527

-------------Round number: 32-------------

Evaluate global model
Averaged Train Loss: 0.2273
Averaged Test Accurancy: 0.6918
Averaged Test AUC: 0.9189
Std Test Accurancy: 0.1656
Std Test AUC: 0.1198
------------------------- time cost ------------------------- 14.000319957733154

-------------Round number: 33-------------

Evaluate global model
Averaged Train Loss: 0.2273
Averaged Test Accurancy: 0.6945
Averaged Test AUC: 0.9201
Std Test Accurancy: 0.1636
Std Test AUC: 0.1192
------------------------- time cost ------------------------- 13.933775663375854

-------------Round number: 34-------------

Evaluate global model
Averaged Train Loss: 0.2168
Averaged Test Accurancy: 0.6944
Averaged Test AUC: 0.9201
Std Test Accurancy: 0.1628
Std Test AUC: 0.1192
------------------------- time cost ------------------------- 13.925307035446167

-------------Round number: 35-------------

Evaluate global model
Averaged Train Loss: 0.2330
Averaged Test Accurancy: 0.6951
Averaged Test AUC: 0.9205
Std Test Accurancy: 0.1643
Std Test AUC: 0.1193
------------------------- time cost ------------------------- 13.911167860031128

-------------Round number: 36-------------

Evaluate global model
Averaged Train Loss: 0.2232
Averaged Test Accurancy: 0.6969
Averaged Test AUC: 0.9210
Std Test Accurancy: 0.1645
Std Test AUC: 0.1195
------------------------- time cost ------------------------- 13.886740922927856

-------------Round number: 37-------------

Evaluate global model
Averaged Train Loss: 0.2019
Averaged Test Accurancy: 0.7029
Averaged Test AUC: 0.9252
Std Test Accurancy: 0.1561
Std Test AUC: 0.1113
------------------------- time cost ------------------------- 13.925987958908081

-------------Round number: 38-------------

Evaluate global model
Averaged Train Loss: 0.1990
Averaged Test Accurancy: 0.7073
Averaged Test AUC: 0.9262
Std Test Accurancy: 0.1552
Std Test AUC: 0.1111
------------------------- time cost ------------------------- 13.991012334823608

-------------Round number: 39-------------

Evaluate global model
Averaged Train Loss: 0.1953
Averaged Test Accurancy: 0.7070
Averaged Test AUC: 0.9270
Std Test Accurancy: 0.1554
Std Test AUC: 0.1113
------------------------- time cost ------------------------- 13.922420263290405

-------------Round number: 40-------------

Evaluate global model
Averaged Train Loss: 0.1623
Averaged Test Accurancy: 0.7181
Averaged Test AUC: 0.9350
Std Test Accurancy: 0.1355
Std Test AUC: 0.0920
------------------------- time cost ------------------------- 13.924943447113037

-------------Round number: 41-------------

Evaluate global model
Averaged Train Loss: 0.1330
Averaged Test Accurancy: 0.7214
Averaged Test AUC: 0.9372
Std Test Accurancy: 0.1308
Std Test AUC: 0.0910
------------------------- time cost ------------------------- 13.893758296966553

-------------Round number: 42-------------

Evaluate global model
Averaged Train Loss: 0.1432
Averaged Test Accurancy: 0.7270
Averaged Test AUC: 0.9411
Std Test Accurancy: 0.1225
Std Test AUC: 0.0819
------------------------- time cost ------------------------- 13.912328243255615

-------------Round number: 43-------------

Evaluate global model
Averaged Train Loss: 0.1278
Averaged Test Accurancy: 0.7311
Averaged Test AUC: 0.9429
Std Test Accurancy: 0.1211
Std Test AUC: 0.0816
------------------------- time cost ------------------------- 13.987528085708618

-------------Round number: 44-------------

Evaluate global model
Averaged Train Loss: 0.1050
Averaged Test Accurancy: 0.7383
Averaged Test AUC: 0.9471
Std Test Accurancy: 0.1026
Std Test AUC: 0.0661
------------------------- time cost ------------------------- 14.050337553024292

-------------Round number: 45-------------

Evaluate global model
Averaged Train Loss: 0.0802
Averaged Test Accurancy: 0.7431
Averaged Test AUC: 0.9513
Std Test Accurancy: 0.0806
Std Test AUC: 0.0495
------------------------- time cost ------------------------- 13.968711137771606

-------------Round number: 46-------------

Evaluate global model
Averaged Train Loss: 0.0633
Averaged Test Accurancy: 0.7478
Averaged Test AUC: 0.9530
Std Test Accurancy: 0.0779
Std Test AUC: 0.0484
------------------------- time cost ------------------------- 13.959648609161377

-------------Round number: 47-------------

Evaluate global model
Averaged Train Loss: 0.0743
Averaged Test Accurancy: 0.7470
Averaged Test AUC: 0.9530
Std Test Accurancy: 0.0775
Std Test AUC: 0.0483
------------------------- time cost ------------------------- 14.141173601150513

-------------Round number: 48-------------

Evaluate global model
Averaged Train Loss: 0.0719
Averaged Test Accurancy: 0.7473
Averaged Test AUC: 0.9531
Std Test Accurancy: 0.0770
Std Test AUC: 0.0484
------------------------- time cost ------------------------- 14.295453548431396

-------------Round number: 49-------------

Evaluate global model
Averaged Train Loss: 0.0613
Averaged Test Accurancy: 0.7473
Averaged Test AUC: 0.9533
Std Test Accurancy: 0.0780
Std Test AUC: 0.0484
------------------------- time cost ------------------------- 14.34668779373169

-------------Round number: 50-------------

Evaluate global model
Averaged Train Loss: 0.0584
Averaged Test Accurancy: 0.7492
Averaged Test AUC: 0.9538
Std Test Accurancy: 0.0777
Std Test AUC: 0.0485
------------------------- time cost ------------------------- 14.229527711868286

-------------Round number: 51-------------

Evaluate global model
Averaged Train Loss: 0.0438
Averaged Test Accurancy: 0.7506
Averaged Test AUC: 0.9575
Std Test Accurancy: 0.0463
Std Test AUC: 0.0157
------------------------- time cost ------------------------- 14.048872947692871

-------------Round number: 52-------------

Evaluate global model
Averaged Train Loss: 0.0378
Averaged Test Accurancy: 0.7548
Averaged Test AUC: 0.9587
Std Test Accurancy: 0.0439
Std Test AUC: 0.0116
------------------------- time cost ------------------------- 13.960160970687866

-------------Round number: 53-------------

Evaluate global model
Averaged Train Loss: 0.0445
Averaged Test Accurancy: 0.7566
Averaged Test AUC: 0.9585
Std Test Accurancy: 0.0434
Std Test AUC: 0.0119
------------------------- time cost ------------------------- 13.961962938308716

-------------Round number: 54-------------

Evaluate global model
Averaged Train Loss: 0.0383
Averaged Test Accurancy: 0.7580
Averaged Test AUC: 0.9591
Std Test Accurancy: 0.0459
Std Test AUC: 0.0113
------------------------- time cost ------------------------- 13.956989288330078

-------------Round number: 55-------------

Evaluate global model
Averaged Train Loss: 0.0319
Averaged Test Accurancy: 0.7605
Averaged Test AUC: 0.9591
Std Test Accurancy: 0.0443
Std Test AUC: 0.0115
------------------------- time cost ------------------------- 13.9618501663208

-------------Round number: 56-------------

Evaluate global model
Averaged Train Loss: 0.0440
Averaged Test Accurancy: 0.7611
Averaged Test AUC: 0.9595
Std Test Accurancy: 0.0468
Std Test AUC: 0.0115
------------------------- time cost ------------------------- 14.003609895706177

-------------Round number: 57-------------

Evaluate global model
Averaged Train Loss: 0.0315
Averaged Test Accurancy: 0.7614
Averaged Test AUC: 0.9598
Std Test Accurancy: 0.0470
Std Test AUC: 0.0114
------------------------- time cost ------------------------- 14.0094313621521

-------------Round number: 58-------------

Evaluate global model
Averaged Train Loss: 0.0358
Averaged Test Accurancy: 0.7631
Averaged Test AUC: 0.9595
Std Test Accurancy: 0.0451
Std Test AUC: 0.0113
------------------------- time cost ------------------------- 13.908925294876099

-------------Round number: 59-------------

Evaluate global model
Averaged Train Loss: 0.0321
Averaged Test Accurancy: 0.7631
Averaged Test AUC: 0.9603
Std Test Accurancy: 0.0454
Std Test AUC: 0.0109
------------------------- time cost ------------------------- 13.869584083557129

-------------Round number: 60-------------

Evaluate global model
Averaged Train Loss: 0.0318
Averaged Test Accurancy: 0.7635
Averaged Test AUC: 0.9604
Std Test Accurancy: 0.0474
Std Test AUC: 0.0113
------------------------- time cost ------------------------- 13.947124481201172

-------------Round number: 61-------------

Evaluate global model
Averaged Train Loss: 0.0367
Averaged Test Accurancy: 0.7657
Averaged Test AUC: 0.9607
Std Test Accurancy: 0.0453
Std Test AUC: 0.0114
------------------------- time cost ------------------------- 13.954667806625366

-------------Round number: 62-------------

Evaluate global model
Averaged Train Loss: 0.0299
Averaged Test Accurancy: 0.7676
Averaged Test AUC: 0.9610
Std Test Accurancy: 0.0458
Std Test AUC: 0.0114
------------------------- time cost ------------------------- 13.902584552764893

-------------Round number: 63-------------

Evaluate global model
Averaged Train Loss: 0.0320
Averaged Test Accurancy: 0.7686
Averaged Test AUC: 0.9616
Std Test Accurancy: 0.0460
Std Test AUC: 0.0110
------------------------- time cost ------------------------- 13.931145668029785

-------------Round number: 64-------------

Evaluate global model
Averaged Train Loss: 0.0253
Averaged Test Accurancy: 0.7686
Averaged Test AUC: 0.9617
Std Test Accurancy: 0.0465
Std Test AUC: 0.0110
------------------------- time cost ------------------------- 13.954261779785156

-------------Round number: 65-------------

Evaluate global model
Averaged Train Loss: 0.0268
Averaged Test Accurancy: 0.7692
Averaged Test AUC: 0.9618
Std Test Accurancy: 0.0449
Std Test AUC: 0.0111
------------------------- time cost ------------------------- 13.89622712135315

-------------Round number: 66-------------

Evaluate global model
Averaged Train Loss: 0.0218
Averaged Test Accurancy: 0.7688
Averaged Test AUC: 0.9620
Std Test Accurancy: 0.0448
Std Test AUC: 0.0110
------------------------- time cost ------------------------- 13.956876993179321

-------------Round number: 67-------------

Evaluate global model
Averaged Train Loss: 0.0254
Averaged Test Accurancy: 0.7699
Averaged Test AUC: 0.9620
Std Test Accurancy: 0.0445
Std Test AUC: 0.0107
------------------------- time cost ------------------------- 13.91775894165039

-------------Round number: 68-------------

Evaluate global model
Averaged Train Loss: 0.0341
Averaged Test Accurancy: 0.7694
Averaged Test AUC: 0.9619
Std Test Accurancy: 0.0417
Std Test AUC: 0.0113
------------------------- time cost ------------------------- 13.939283847808838

-------------Round number: 69-------------

Evaluate global model
Averaged Train Loss: 0.0306
Averaged Test Accurancy: 0.7714
Averaged Test AUC: 0.9622
Std Test Accurancy: 0.0430
Std Test AUC: 0.0105
------------------------- time cost ------------------------- 13.96181058883667

-------------Round number: 70-------------

Evaluate global model
Averaged Train Loss: 0.0295
Averaged Test Accurancy: 0.7707
Averaged Test AUC: 0.9623
Std Test Accurancy: 0.0449
Std Test AUC: 0.0107
------------------------- time cost ------------------------- 14.020680665969849

-------------Round number: 71-------------

Evaluate global model
Averaged Train Loss: 0.0313
Averaged Test Accurancy: 0.7702
Averaged Test AUC: 0.9620
Std Test Accurancy: 0.0447
Std Test AUC: 0.0108
------------------------- time cost ------------------------- 13.908474922180176

-------------Round number: 72-------------

Evaluate global model
Averaged Train Loss: 0.0207
Averaged Test Accurancy: 0.7730
Averaged Test AUC: 0.9623
Std Test Accurancy: 0.0435
Std Test AUC: 0.0105
------------------------- time cost ------------------------- 13.860503673553467

-------------Round number: 73-------------

Evaluate global model
Averaged Train Loss: 0.0168
Averaged Test Accurancy: 0.7738
Averaged Test AUC: 0.9624
Std Test Accurancy: 0.0427
Std Test AUC: 0.0101
------------------------- time cost ------------------------- 13.953006029129028

-------------Round number: 74-------------

Evaluate global model
Averaged Train Loss: 0.0233
Averaged Test Accurancy: 0.7729
Averaged Test AUC: 0.9626
Std Test Accurancy: 0.0442
Std Test AUC: 0.0102
------------------------- time cost ------------------------- 13.878937244415283

-------------Round number: 75-------------

Evaluate global model
Averaged Train Loss: 0.0241
Averaged Test Accurancy: 0.7738
Averaged Test AUC: 0.9628
Std Test Accurancy: 0.0428
Std Test AUC: 0.0100
------------------------- time cost ------------------------- 13.800084590911865

-------------Round number: 76-------------

Evaluate global model
Averaged Train Loss: 0.0243
Averaged Test Accurancy: 0.7721
Averaged Test AUC: 0.9625
Std Test Accurancy: 0.0426
Std Test AUC: 0.0102
------------------------- time cost ------------------------- 13.796532154083252

-------------Round number: 77-------------

Evaluate global model
Averaged Train Loss: 0.0236
Averaged Test Accurancy: 0.7743
Averaged Test AUC: 0.9627
Std Test Accurancy: 0.0435
Std Test AUC: 0.0103
------------------------- time cost ------------------------- 13.657655954360962

-------------Round number: 78-------------

Evaluate global model
Averaged Train Loss: 0.0166
Averaged Test Accurancy: 0.7720
Averaged Test AUC: 0.9627
Std Test Accurancy: 0.0424
Std Test AUC: 0.0102
------------------------- time cost ------------------------- 13.416843891143799

-------------Round number: 79-------------

Evaluate global model
Averaged Train Loss: 0.0152
Averaged Test Accurancy: 0.7727
Averaged Test AUC: 0.9625
Std Test Accurancy: 0.0418
Std Test AUC: 0.0100
------------------------- time cost ------------------------- 13.603795289993286

-------------Round number: 80-------------

Evaluate global model
Averaged Train Loss: 0.0272
Averaged Test Accurancy: 0.7732
Averaged Test AUC: 0.9625
Std Test Accurancy: 0.0425
Std Test AUC: 0.0105
------------------------- time cost ------------------------- 13.427670240402222

-------------Round number: 81-------------

Evaluate global model
Averaged Train Loss: 0.0216
Averaged Test Accurancy: 0.7716
Averaged Test AUC: 0.9627
Std Test Accurancy: 0.0447
Std Test AUC: 0.0106
------------------------- time cost ------------------------- 13.755800485610962

-------------Round number: 82-------------

Evaluate global model
Averaged Train Loss: 0.0316
Averaged Test Accurancy: 0.7734
Averaged Test AUC: 0.9632
Std Test Accurancy: 0.0428
Std Test AUC: 0.0104
------------------------- time cost ------------------------- 13.883788347244263

-------------Round number: 83-------------

Evaluate global model
Averaged Train Loss: 0.0133
Averaged Test Accurancy: 0.7731
Averaged Test AUC: 0.9631
Std Test Accurancy: 0.0446
Std Test AUC: 0.0104
------------------------- time cost ------------------------- 13.911935329437256

-------------Round number: 84-------------

Evaluate global model
Averaged Train Loss: 0.0190
Averaged Test Accurancy: 0.7721
Averaged Test AUC: 0.9630
Std Test Accurancy: 0.0431
Std Test AUC: 0.0105
------------------------- time cost ------------------------- 13.864845752716064

-------------Round number: 85-------------

Evaluate global model
Averaged Train Loss: 0.0275
Averaged Test Accurancy: 0.7713
Averaged Test AUC: 0.9632
Std Test Accurancy: 0.0441
Std Test AUC: 0.0104
------------------------- time cost ------------------------- 13.866554975509644

-------------Round number: 86-------------

Evaluate global model
Averaged Train Loss: 0.0262
Averaged Test Accurancy: 0.7737
Averaged Test AUC: 0.9630
Std Test Accurancy: 0.0431
Std Test AUC: 0.0106
------------------------- time cost ------------------------- 13.9077627658844

-------------Round number: 87-------------

Evaluate global model
Averaged Train Loss: 0.0143
Averaged Test Accurancy: 0.7750
Averaged Test AUC: 0.9633
Std Test Accurancy: 0.0432
Std Test AUC: 0.0104
------------------------- time cost ------------------------- 13.845883131027222

-------------Round number: 88-------------

Evaluate global model
Averaged Train Loss: 0.0197
Averaged Test Accurancy: 0.7762
Averaged Test AUC: 0.9638
Std Test Accurancy: 0.0445
Std Test AUC: 0.0108
------------------------- time cost ------------------------- 13.853164196014404

-------------Round number: 89-------------

Evaluate global model
Averaged Train Loss: 0.0212
Averaged Test Accurancy: 0.7768
Averaged Test AUC: 0.9638
Std Test Accurancy: 0.0443
Std Test AUC: 0.0108
------------------------- time cost ------------------------- 13.902273893356323

-------------Round number: 90-------------

Evaluate global model
Averaged Train Loss: 0.0192
Averaged Test Accurancy: 0.7760
Averaged Test AUC: 0.9637
Std Test Accurancy: 0.0428
Std Test AUC: 0.0108
------------------------- time cost ------------------------- 13.901417016983032

-------------Round number: 91-------------

Evaluate global model
Averaged Train Loss: 0.0199
Averaged Test Accurancy: 0.7778
Averaged Test AUC: 0.9641
Std Test Accurancy: 0.0438
Std Test AUC: 0.0110
------------------------- time cost ------------------------- 13.877326250076294

-------------Round number: 92-------------

Evaluate global model
Averaged Train Loss: 0.0189
Averaged Test Accurancy: 0.7802
Averaged Test AUC: 0.9643
Std Test Accurancy: 0.0433
Std Test AUC: 0.0108
------------------------- time cost ------------------------- 13.892547607421875

-------------Round number: 93-------------

Evaluate global model
Averaged Train Loss: 0.0163
Averaged Test Accurancy: 0.7808
Averaged Test AUC: 0.9643
Std Test Accurancy: 0.0438
Std Test AUC: 0.0111
------------------------- time cost ------------------------- 13.887676000595093

-------------Round number: 94-------------

Evaluate global model
Averaged Train Loss: 0.0083
Averaged Test Accurancy: 0.7819
Averaged Test AUC: 0.9643
Std Test Accurancy: 0.0438
Std Test AUC: 0.0106
------------------------- time cost ------------------------- 13.854088544845581

-------------Round number: 95-------------

Evaluate global model
Averaged Train Loss: 0.0056
Averaged Test Accurancy: 0.7815
Averaged Test AUC: 0.9646
Std Test Accurancy: 0.0430
Std Test AUC: 0.0111
------------------------- time cost ------------------------- 13.954441547393799

-------------Round number: 96-------------

Evaluate global model
Averaged Train Loss: 0.0176
Averaged Test Accurancy: 0.7844
Averaged Test AUC: 0.9647
Std Test Accurancy: 0.0427
Std Test AUC: 0.0114
------------------------- time cost ------------------------- 13.975416660308838

-------------Round number: 97-------------

Evaluate global model
Averaged Train Loss: 0.0208
Averaged Test Accurancy: 0.7817
Averaged Test AUC: 0.9643
Std Test Accurancy: 0.0429
Std Test AUC: 0.0115
------------------------- time cost ------------------------- 13.890596151351929

-------------Round number: 98-------------

Evaluate global model
Averaged Train Loss: 0.0146
Averaged Test Accurancy: 0.7830
Averaged Test AUC: 0.9645
Std Test Accurancy: 0.0414
Std Test AUC: 0.0115
------------------------- time cost ------------------------- 13.856765031814575

-------------Round number: 99-------------

Evaluate global model
Averaged Train Loss: 0.0169
Averaged Test Accurancy: 0.7840
Averaged Test AUC: 0.9645
Std Test Accurancy: 0.0429
Std Test AUC: 0.0114
------------------------- time cost ------------------------- 13.917922019958496

Best global accuracy.
0.7844

Average time cost per round.
13.920465823375817
File path: ../results/Cifar10_FedAvg_resnet_gr100_ls5_bs100_lr0.05.h5

Average time cost: 1399.41s.
Length:  100
std for best accurancy: 0.0
mean for best accurancy: 0.7844
All done!

Storage on cuda:0
-------------------------------------------------------------------------------
Total Tensors: 2259672924 	Used Memory: 8.42G
The allocated memory on cuda:0: 8.62G
Memory differs due to the matrix alignment or invisible gradient buffer tensors
-------------------------------------------------------------------------------
