==================================================
Algorithm: FedAvg
Local batch size: 100
Local steps: 5
Local learing rate: 0.05
Total number of clients: 100
Clients join in each round: 0.1
Client drop rate: 0.0
Time select: False
Time threthold: 10000
Global rounds: 100
Running times: 1
Dataset: Cifar10
Local model: cnn
Using device: cuda
Cuda device id: 0
==================================================

============= Running time: 0th =============
Creating server and clients ...

Join ratio / total clients: 0.1 / 100
Finished creating server and clients.

-------------Round number: 0-------------

Evaluate global model
Averaged Train Loss: 2.3039
Averaged Test Accurancy: 0.0944
Averaged Test AUC: 0.4917
Std Test Accurancy: 0.0285
Std Test AUC: 0.0278
------------------------- time cost ------------------------- 5.524600982666016

-------------Round number: 1-------------

Evaluate global model
Averaged Train Loss: 2.2989
Averaged Test Accurancy: 0.0975
Averaged Test AUC: 0.5115
Std Test Accurancy: 0.0300
Std Test AUC: 0.0485
------------------------- time cost ------------------------- 5.534108877182007

-------------Round number: 2-------------

Evaluate global model
Averaged Train Loss: 2.2808
Averaged Test Accurancy: 0.1195
Averaged Test AUC: 0.5350
Std Test Accurancy: 0.0618
Std Test AUC: 0.0785
------------------------- time cost ------------------------- 5.4874231815338135

-------------Round number: 3-------------

Evaluate global model
Averaged Train Loss: 2.2394
Averaged Test Accurancy: 0.1344
Averaged Test AUC: 0.5550
Std Test Accurancy: 0.0747
Std Test AUC: 0.0957
------------------------- time cost ------------------------- 5.465486764907837

-------------Round number: 4-------------

Evaluate global model
Averaged Train Loss: 2.1952
Averaged Test Accurancy: 0.1536
Averaged Test AUC: 0.5783
Std Test Accurancy: 0.0896
Std Test AUC: 0.1098
------------------------- time cost ------------------------- 5.504927158355713

-------------Round number: 5-------------

Evaluate global model
Averaged Train Loss: 2.1511
Averaged Test Accurancy: 0.1734
Averaged Test AUC: 0.5997
Std Test Accurancy: 0.0997
Std Test AUC: 0.1182
------------------------- time cost ------------------------- 5.463817834854126

-------------Round number: 6-------------

Evaluate global model
Averaged Train Loss: 2.0996
Averaged Test Accurancy: 0.1948
Averaged Test AUC: 0.6251
Std Test Accurancy: 0.1089
Std Test AUC: 0.1218
------------------------- time cost ------------------------- 5.475831508636475

-------------Round number: 7-------------

Evaluate global model
Averaged Train Loss: 2.0529
Averaged Test Accurancy: 0.2131
Averaged Test AUC: 0.6475
Std Test Accurancy: 0.1067
Std Test AUC: 0.1209
------------------------- time cost ------------------------- 5.4801435470581055

-------------Round number: 8-------------

Evaluate global model
Averaged Train Loss: 2.0151
Averaged Test Accurancy: 0.2297
Averaged Test AUC: 0.6614
Std Test Accurancy: 0.1145
Std Test AUC: 0.1237
------------------------- time cost ------------------------- 5.457278251647949

-------------Round number: 9-------------

Evaluate global model
Averaged Train Loss: 1.9761
Averaged Test Accurancy: 0.2401
Averaged Test AUC: 0.6720
Std Test Accurancy: 0.1180
Std Test AUC: 0.1280
------------------------- time cost ------------------------- 5.460387229919434

-------------Round number: 10-------------

Evaluate global model
Averaged Train Loss: 1.9326
Averaged Test Accurancy: 0.2532
Averaged Test AUC: 0.6873
Std Test Accurancy: 0.1179
Std Test AUC: 0.1280
------------------------- time cost ------------------------- 5.42392635345459

-------------Round number: 11-------------

Evaluate global model
Averaged Train Loss: 1.8891
Averaged Test Accurancy: 0.2713
Averaged Test AUC: 0.7042
Std Test Accurancy: 0.1230
Std Test AUC: 0.1255
------------------------- time cost ------------------------- 5.373881101608276

-------------Round number: 12-------------

Evaluate global model
Averaged Train Loss: 1.8577
Averaged Test Accurancy: 0.2815
Averaged Test AUC: 0.7128
Std Test Accurancy: 0.1185
Std Test AUC: 0.1239
------------------------- time cost ------------------------- 5.425149202346802

-------------Round number: 13-------------

Evaluate global model
Averaged Train Loss: 1.8284
Averaged Test Accurancy: 0.2884
Averaged Test AUC: 0.7216
Std Test Accurancy: 0.1171
Std Test AUC: 0.1224
------------------------- time cost ------------------------- 5.428099870681763

-------------Round number: 14-------------

Evaluate global model
Averaged Train Loss: 1.7902
Averaged Test Accurancy: 0.3004
Averaged Test AUC: 0.7332
Std Test Accurancy: 0.1173
Std Test AUC: 0.1199
------------------------- time cost ------------------------- 5.371395111083984

-------------Round number: 15-------------

Evaluate global model
Averaged Train Loss: 1.7552
Averaged Test Accurancy: 0.3079
Averaged Test AUC: 0.7405
Std Test Accurancy: 0.1163
Std Test AUC: 0.1195
------------------------- time cost ------------------------- 5.371126174926758

-------------Round number: 16-------------

Evaluate global model
Averaged Train Loss: 1.7219
Averaged Test Accurancy: 0.3167
Averaged Test AUC: 0.7475
Std Test Accurancy: 0.1215
Std Test AUC: 0.1223
------------------------- time cost ------------------------- 5.3802313804626465

-------------Round number: 17-------------

Evaluate global model
Averaged Train Loss: 1.6747
Averaged Test Accurancy: 0.3323
Averaged Test AUC: 0.7576
Std Test Accurancy: 0.1215
Std Test AUC: 0.1190
------------------------- time cost ------------------------- 5.371557950973511

-------------Round number: 18-------------

Evaluate global model
Averaged Train Loss: 1.6295
Averaged Test Accurancy: 0.3428
Averaged Test AUC: 0.7694
Std Test Accurancy: 0.1136
Std Test AUC: 0.1086
------------------------- time cost ------------------------- 5.411963701248169

-------------Round number: 19-------------

Evaluate global model
Averaged Train Loss: 1.6061
Averaged Test Accurancy: 0.3508
Averaged Test AUC: 0.7741
Std Test Accurancy: 0.1143
Std Test AUC: 0.1067
------------------------- time cost ------------------------- 5.410476446151733

-------------Round number: 20-------------

Evaluate global model
Averaged Train Loss: 1.5867
Averaged Test Accurancy: 0.3555
Averaged Test AUC: 0.7766
Std Test Accurancy: 0.1159
Std Test AUC: 0.1078
------------------------- time cost ------------------------- 5.385078430175781

-------------Round number: 21-------------

Evaluate global model
Averaged Train Loss: 1.5655
Averaged Test Accurancy: 0.3599
Averaged Test AUC: 0.7790
Std Test Accurancy: 0.1162
Std Test AUC: 0.1086
------------------------- time cost ------------------------- 5.3805131912231445

-------------Round number: 22-------------

Evaluate global model
Averaged Train Loss: 1.5303
Averaged Test Accurancy: 0.3709
Averaged Test AUC: 0.7841
Std Test Accurancy: 0.1213
Std Test AUC: 0.1098
------------------------- time cost ------------------------- 5.425984144210815

-------------Round number: 23-------------

Evaluate global model
Averaged Train Loss: 1.5080
Averaged Test Accurancy: 0.3756
Averaged Test AUC: 0.7892
Std Test Accurancy: 0.1157
Std Test AUC: 0.1052
------------------------- time cost ------------------------- 5.376001358032227

-------------Round number: 24-------------

Evaluate global model
Averaged Train Loss: 1.4718
Averaged Test Accurancy: 0.3844
Averaged Test AUC: 0.7977
Std Test Accurancy: 0.1085
Std Test AUC: 0.0952
------------------------- time cost ------------------------- 5.443423509597778

-------------Round number: 25-------------

Evaluate global model
Averaged Train Loss: 1.4468
Averaged Test Accurancy: 0.3934
Averaged Test AUC: 0.8006
Std Test Accurancy: 0.1116
Std Test AUC: 0.0960
------------------------- time cost ------------------------- 5.425637483596802

-------------Round number: 26-------------

Evaluate global model
Averaged Train Loss: 1.4222
Averaged Test Accurancy: 0.3953
Averaged Test AUC: 0.8052
Std Test Accurancy: 0.1066
Std Test AUC: 0.0908
------------------------- time cost ------------------------- 5.424874544143677

-------------Round number: 27-------------

Evaluate global model
Averaged Train Loss: 1.3914
Averaged Test Accurancy: 0.4028
Averaged Test AUC: 0.8102
Std Test Accurancy: 0.1042
Std Test AUC: 0.0875
------------------------- time cost ------------------------- 5.384675741195679

-------------Round number: 28-------------

Evaluate global model
Averaged Train Loss: 1.3540
Averaged Test Accurancy: 0.4135
Averaged Test AUC: 0.8157
Std Test Accurancy: 0.1029
Std Test AUC: 0.0831
------------------------- time cost ------------------------- 5.38932466506958

-------------Round number: 29-------------

Evaluate global model
Averaged Train Loss: 1.3320
Averaged Test Accurancy: 0.4159
Averaged Test AUC: 0.8165
Std Test Accurancy: 0.1013
Std Test AUC: 0.0831
------------------------- time cost ------------------------- 5.360037565231323

-------------Round number: 30-------------

Evaluate global model
Averaged Train Loss: 1.3099
Averaged Test Accurancy: 0.4179
Averaged Test AUC: 0.8178
Std Test Accurancy: 0.1021
Std Test AUC: 0.0835
------------------------- time cost ------------------------- 5.3745033740997314

-------------Round number: 31-------------

Evaluate global model
Averaged Train Loss: 1.2711
Averaged Test Accurancy: 0.4246
Averaged Test AUC: 0.8236
Std Test Accurancy: 0.0941
Std Test AUC: 0.0764
------------------------- time cost ------------------------- 5.430604934692383

-------------Round number: 32-------------

Evaluate global model
Averaged Train Loss: 1.2279
Averaged Test Accurancy: 0.4344
Averaged Test AUC: 0.8305
Std Test Accurancy: 0.0894
Std Test AUC: 0.0687
------------------------- time cost ------------------------- 5.376133680343628

-------------Round number: 33-------------

Evaluate global model
Averaged Train Loss: 1.2100
Averaged Test Accurancy: 0.4381
Averaged Test AUC: 0.8312
Std Test Accurancy: 0.0911
Std Test AUC: 0.0690
------------------------- time cost ------------------------- 5.366549491882324

-------------Round number: 34-------------

Evaluate global model
Averaged Train Loss: 1.1684
Averaged Test Accurancy: 0.4469
Averaged Test AUC: 0.8362
Std Test Accurancy: 0.0895
Std Test AUC: 0.0669
------------------------- time cost ------------------------- 5.3631110191345215

-------------Round number: 35-------------

Evaluate global model
Averaged Train Loss: 1.1464
Averaged Test Accurancy: 0.4471
Averaged Test AUC: 0.8374
Std Test Accurancy: 0.0890
Std Test AUC: 0.0670
------------------------- time cost ------------------------- 5.4658362865448

-------------Round number: 36-------------

Evaluate global model
Averaged Train Loss: 1.1243
Averaged Test Accurancy: 0.4535
Averaged Test AUC: 0.8390
Std Test Accurancy: 0.0906
Std Test AUC: 0.0672
------------------------- time cost ------------------------- 5.351988077163696

-------------Round number: 37-------------

Evaluate global model
Averaged Train Loss: 1.1092
Averaged Test Accurancy: 0.4529
Averaged Test AUC: 0.8392
Std Test Accurancy: 0.0904
Std Test AUC: 0.0675
------------------------- time cost ------------------------- 5.410852909088135

-------------Round number: 38-------------

Evaluate global model
Averaged Train Loss: 1.0834
Averaged Test Accurancy: 0.4596
Averaged Test AUC: 0.8406
Std Test Accurancy: 0.0919
Std Test AUC: 0.0679
------------------------- time cost ------------------------- 5.415822267532349

-------------Round number: 39-------------

Evaluate global model
Averaged Train Loss: 1.0722
Averaged Test Accurancy: 0.4607
Averaged Test AUC: 0.8409
Std Test Accurancy: 0.0929
Std Test AUC: 0.0683
------------------------- time cost ------------------------- 5.387328863143921

-------------Round number: 40-------------

Evaluate global model
Averaged Train Loss: 1.0402
Averaged Test Accurancy: 0.4652
Averaged Test AUC: 0.8425
Std Test Accurancy: 0.0940
Std Test AUC: 0.0685
------------------------- time cost ------------------------- 5.423102617263794

-------------Round number: 41-------------

Evaluate global model
Averaged Train Loss: 0.9864
Averaged Test Accurancy: 0.4746
Averaged Test AUC: 0.8512
Std Test Accurancy: 0.0820
Std Test AUC: 0.0476
------------------------- time cost ------------------------- 5.369323492050171

-------------Round number: 42-------------

Evaluate global model
Averaged Train Loss: 0.9630
Averaged Test Accurancy: 0.4765
Averaged Test AUC: 0.8520
Std Test Accurancy: 0.0828
Std Test AUC: 0.0480
------------------------- time cost ------------------------- 5.408707857131958

-------------Round number: 43-------------

Evaluate global model
Averaged Train Loss: 0.9437
Averaged Test Accurancy: 0.4783
Averaged Test AUC: 0.8534
Std Test Accurancy: 0.0837
Std Test AUC: 0.0483
------------------------- time cost ------------------------- 5.3856024742126465

-------------Round number: 44-------------

Evaluate global model
Averaged Train Loss: 0.9112
Averaged Test Accurancy: 0.4841
Averaged Test AUC: 0.8558
Std Test Accurancy: 0.0828
Std Test AUC: 0.0478
------------------------- time cost ------------------------- 5.400728702545166

-------------Round number: 45-------------

Evaluate global model
Averaged Train Loss: 0.8919
Averaged Test Accurancy: 0.4859
Averaged Test AUC: 0.8559
Std Test Accurancy: 0.0824
Std Test AUC: 0.0480
------------------------- time cost ------------------------- 5.34789252281189

-------------Round number: 46-------------

Evaluate global model
Averaged Train Loss: 0.8635
Averaged Test Accurancy: 0.4887
Averaged Test AUC: 0.8583
Std Test Accurancy: 0.0788
Std Test AUC: 0.0450
------------------------- time cost ------------------------- 5.470117092132568

-------------Round number: 47-------------

Evaluate global model
Averaged Train Loss: 0.8345
Averaged Test Accurancy: 0.4931
Averaged Test AUC: 0.8596
Std Test Accurancy: 0.0795
Std Test AUC: 0.0444
------------------------- time cost ------------------------- 5.409970760345459

-------------Round number: 48-------------

Evaluate global model
Averaged Train Loss: 0.8038
Averaged Test Accurancy: 0.4905
Averaged Test AUC: 0.8604
Std Test Accurancy: 0.0767
Std Test AUC: 0.0444
------------------------- time cost ------------------------- 5.391650199890137

-------------Round number: 49-------------

Evaluate global model
Averaged Train Loss: 0.7825
Averaged Test Accurancy: 0.4957
Averaged Test AUC: 0.8610
Std Test Accurancy: 0.0794
Std Test AUC: 0.0445
------------------------- time cost ------------------------- 5.437729120254517

-------------Round number: 50-------------

Evaluate global model
Averaged Train Loss: 0.7670
Averaged Test Accurancy: 0.4947
Averaged Test AUC: 0.8612
Std Test Accurancy: 0.0790
Std Test AUC: 0.0451
------------------------- time cost ------------------------- 5.42836332321167

-------------Round number: 51-------------

Evaluate global model
Averaged Train Loss: 0.7298
Averaged Test Accurancy: 0.5000
Averaged Test AUC: 0.8654
Std Test Accurancy: 0.0650
Std Test AUC: 0.0285
------------------------- time cost ------------------------- 5.4330408573150635

-------------Round number: 52-------------

Evaluate global model
Averaged Train Loss: 0.6964
Averaged Test Accurancy: 0.5032
Averaged Test AUC: 0.8662
Std Test Accurancy: 0.0630
Std Test AUC: 0.0277
------------------------- time cost ------------------------- 5.397372007369995

-------------Round number: 53-------------

Evaluate global model
Averaged Train Loss: 0.6703
Averaged Test Accurancy: 0.5090
Averaged Test AUC: 0.8673
Std Test Accurancy: 0.0688
Std Test AUC: 0.0273
------------------------- time cost ------------------------- 5.43286657333374

-------------Round number: 54-------------

Evaluate global model
Averaged Train Loss: 0.6503
Averaged Test Accurancy: 0.5110
Averaged Test AUC: 0.8681
Std Test Accurancy: 0.0688
Std Test AUC: 0.0276
------------------------- time cost ------------------------- 5.391021728515625

-------------Round number: 55-------------

Evaluate global model
Averaged Train Loss: 0.6351
Averaged Test Accurancy: 0.5101
Averaged Test AUC: 0.8682
Std Test Accurancy: 0.0619
Std Test AUC: 0.0264
------------------------- time cost ------------------------- 5.3918540477752686

-------------Round number: 56-------------

Evaluate global model
Averaged Train Loss: 0.6119
Averaged Test Accurancy: 0.5123
Averaged Test AUC: 0.8690
Std Test Accurancy: 0.0616
Std Test AUC: 0.0262
------------------------- time cost ------------------------- 5.385226249694824

-------------Round number: 57-------------

Evaluate global model
Averaged Train Loss: 0.5796
Averaged Test Accurancy: 0.5174
Averaged Test AUC: 0.8705
Std Test Accurancy: 0.0641
Std Test AUC: 0.0261
------------------------- time cost ------------------------- 5.486538887023926

-------------Round number: 58-------------

Evaluate global model
Averaged Train Loss: 0.5557
Averaged Test Accurancy: 0.5187
Averaged Test AUC: 0.8713
Std Test Accurancy: 0.0630
Std Test AUC: 0.0257
------------------------- time cost ------------------------- 5.393553018569946

-------------Round number: 59-------------

Evaluate global model
Averaged Train Loss: 0.5358
Averaged Test Accurancy: 0.5206
Averaged Test AUC: 0.8725
Std Test Accurancy: 0.0626
Std Test AUC: 0.0257
------------------------- time cost ------------------------- 5.387255907058716

-------------Round number: 60-------------

Evaluate global model
Averaged Train Loss: 0.5143
Averaged Test Accurancy: 0.5240
Averaged Test AUC: 0.8725
Std Test Accurancy: 0.0660
Std Test AUC: 0.0261
------------------------- time cost ------------------------- 5.369622468948364

-------------Round number: 61-------------

Evaluate global model
Averaged Train Loss: 0.4958
Averaged Test Accurancy: 0.5255
Averaged Test AUC: 0.8730
Std Test Accurancy: 0.0630
Std Test AUC: 0.0253
------------------------- time cost ------------------------- 5.433557510375977

-------------Round number: 62-------------

Evaluate global model
Averaged Train Loss: 0.4612
Averaged Test Accurancy: 0.5287
Averaged Test AUC: 0.8743
Std Test Accurancy: 0.0604
Std Test AUC: 0.0201
------------------------- time cost ------------------------- 5.429424285888672

-------------Round number: 63-------------

Evaluate global model
Averaged Train Loss: 0.4397
Averaged Test Accurancy: 0.5270
Averaged Test AUC: 0.8750
Std Test Accurancy: 0.0618
Std Test AUC: 0.0204
------------------------- time cost ------------------------- 5.414392948150635

-------------Round number: 64-------------

Evaluate global model
Averaged Train Loss: 0.4305
Averaged Test Accurancy: 0.5307
Averaged Test AUC: 0.8756
Std Test Accurancy: 0.0628
Std Test AUC: 0.0207
------------------------- time cost ------------------------- 5.4134392738342285

-------------Round number: 65-------------

Evaluate global model
Averaged Train Loss: 0.4194
Averaged Test Accurancy: 0.5326
Averaged Test AUC: 0.8762
Std Test Accurancy: 0.0611
Std Test AUC: 0.0196
------------------------- time cost ------------------------- 5.39762020111084

-------------Round number: 66-------------

Evaluate global model
Averaged Train Loss: 0.4034
Averaged Test Accurancy: 0.5327
Averaged Test AUC: 0.8766
Std Test Accurancy: 0.0614
Std Test AUC: 0.0197
------------------------- time cost ------------------------- 5.4444639682769775

-------------Round number: 67-------------

Evaluate global model
Averaged Train Loss: 0.3945
Averaged Test Accurancy: 0.5363
Averaged Test AUC: 0.8776
Std Test Accurancy: 0.0611
Std Test AUC: 0.0197
------------------------- time cost ------------------------- 5.383080005645752

-------------Round number: 68-------------

Evaluate global model
Averaged Train Loss: 0.3804
Averaged Test Accurancy: 0.5373
Averaged Test AUC: 0.8783
Std Test Accurancy: 0.0605
Std Test AUC: 0.0197
------------------------- time cost ------------------------- 5.427364826202393

-------------Round number: 69-------------

Evaluate global model
Averaged Train Loss: 0.3721
Averaged Test Accurancy: 0.5394
Averaged Test AUC: 0.8793
Std Test Accurancy: 0.0579
Std Test AUC: 0.0187
------------------------- time cost ------------------------- 5.384302616119385

-------------Round number: 70-------------

Evaluate global model
Averaged Train Loss: 0.3477
Averaged Test Accurancy: 0.5417
Averaged Test AUC: 0.8800
Std Test Accurancy: 0.0565
Std Test AUC: 0.0185
------------------------- time cost ------------------------- 5.369705677032471

-------------Round number: 71-------------

Evaluate global model
Averaged Train Loss: 0.3419
Averaged Test Accurancy: 0.5430
Averaged Test AUC: 0.8806
Std Test Accurancy: 0.0543
Std Test AUC: 0.0190
------------------------- time cost ------------------------- 5.472213983535767

-------------Round number: 72-------------

Evaluate global model
Averaged Train Loss: 0.3277
Averaged Test Accurancy: 0.5454
Averaged Test AUC: 0.8809
Std Test Accurancy: 0.0568
Std Test AUC: 0.0187
------------------------- time cost ------------------------- 5.396667003631592

-------------Round number: 73-------------

Evaluate global model
Averaged Train Loss: 0.2986
Averaged Test Accurancy: 0.5486
Averaged Test AUC: 0.8823
Std Test Accurancy: 0.0565
Std Test AUC: 0.0181
------------------------- time cost ------------------------- 5.432291269302368

-------------Round number: 74-------------

Evaluate global model
Averaged Train Loss: 0.2880
Averaged Test Accurancy: 0.5477
Averaged Test AUC: 0.8827
Std Test Accurancy: 0.0555
Std Test AUC: 0.0181
------------------------- time cost ------------------------- 5.407655715942383

-------------Round number: 75-------------

Evaluate global model
Averaged Train Loss: 0.2741
Averaged Test Accurancy: 0.5488
Averaged Test AUC: 0.8829
Std Test Accurancy: 0.0544
Std Test AUC: 0.0176
------------------------- time cost ------------------------- 5.388465404510498

-------------Round number: 76-------------

Evaluate global model
Averaged Train Loss: 0.2642
Averaged Test Accurancy: 0.5520
Averaged Test AUC: 0.8834
Std Test Accurancy: 0.0559
Std Test AUC: 0.0175
------------------------- time cost ------------------------- 5.418286323547363

-------------Round number: 77-------------

Evaluate global model
Averaged Train Loss: 0.2641
Averaged Test Accurancy: 0.5531
Averaged Test AUC: 0.8839
Std Test Accurancy: 0.0599
Std Test AUC: 0.0181
------------------------- time cost ------------------------- 5.3482348918914795

-------------Round number: 78-------------

Evaluate global model
Averaged Train Loss: 0.2553
Averaged Test Accurancy: 0.5573
Averaged Test AUC: 0.8843
Std Test Accurancy: 0.0600
Std Test AUC: 0.0178
------------------------- time cost ------------------------- 5.341610670089722

-------------Round number: 79-------------

Evaluate global model
Averaged Train Loss: 0.2412
Averaged Test Accurancy: 0.5566
Averaged Test AUC: 0.8844
Std Test Accurancy: 0.0573
Std Test AUC: 0.0179
------------------------- time cost ------------------------- 5.425686836242676

-------------Round number: 80-------------

Evaluate global model
Averaged Train Loss: 0.2332
Averaged Test Accurancy: 0.5604
Averaged Test AUC: 0.8852
Std Test Accurancy: 0.0591
Std Test AUC: 0.0176
------------------------- time cost ------------------------- 5.458498954772949

-------------Round number: 81-------------

Evaluate global model
Averaged Train Loss: 0.2217
Averaged Test Accurancy: 0.5611
Averaged Test AUC: 0.8852
Std Test Accurancy: 0.0603
Std Test AUC: 0.0183
------------------------- time cost ------------------------- 5.392623424530029

-------------Round number: 82-------------

Evaluate global model
Averaged Train Loss: 0.2153
Averaged Test Accurancy: 0.5600
Averaged Test AUC: 0.8855
Std Test Accurancy: 0.0560
Std Test AUC: 0.0173
------------------------- time cost ------------------------- 5.433927059173584

-------------Round number: 83-------------

Evaluate global model
Averaged Train Loss: 0.2107
Averaged Test Accurancy: 0.5623
Averaged Test AUC: 0.8861
Std Test Accurancy: 0.0580
Std Test AUC: 0.0179
------------------------- time cost ------------------------- 5.368457078933716

-------------Round number: 84-------------

Evaluate global model
Averaged Train Loss: 0.1987
Averaged Test Accurancy: 0.5662
Averaged Test AUC: 0.8872
Std Test Accurancy: 0.0556
Std Test AUC: 0.0167
------------------------- time cost ------------------------- 5.4128501415252686

-------------Round number: 85-------------

Evaluate global model
Averaged Train Loss: 0.1946
Averaged Test Accurancy: 0.5695
Averaged Test AUC: 0.8877
Std Test Accurancy: 0.0577
Std Test AUC: 0.0171
------------------------- time cost ------------------------- 5.400261878967285

-------------Round number: 86-------------

Evaluate global model
Averaged Train Loss: 0.1818
Averaged Test Accurancy: 0.5695
Averaged Test AUC: 0.8879
Std Test Accurancy: 0.0592
Std Test AUC: 0.0176
------------------------- time cost ------------------------- 5.385511159896851

-------------Round number: 87-------------

Evaluate global model
Averaged Train Loss: 0.1804
Averaged Test Accurancy: 0.5703
Averaged Test AUC: 0.8882
Std Test Accurancy: 0.0596
Std Test AUC: 0.0177
------------------------- time cost ------------------------- 5.387447357177734

-------------Round number: 88-------------

Evaluate global model
Averaged Train Loss: 0.1745
Averaged Test Accurancy: 0.5712
Averaged Test AUC: 0.8884
Std Test Accurancy: 0.0584
Std Test AUC: 0.0171
------------------------- time cost ------------------------- 5.344794034957886

-------------Round number: 89-------------

Evaluate global model
Averaged Train Loss: 0.1729
Averaged Test Accurancy: 0.5725
Averaged Test AUC: 0.8886
Std Test Accurancy: 0.0572
Std Test AUC: 0.0174
------------------------- time cost ------------------------- 5.4130847454071045

-------------Round number: 90-------------

Evaluate global model
Averaged Train Loss: 0.1664
Averaged Test Accurancy: 0.5712
Averaged Test AUC: 0.8886
Std Test Accurancy: 0.0575
Std Test AUC: 0.0176
------------------------- time cost ------------------------- 5.4252190589904785

-------------Round number: 91-------------

Evaluate global model
Averaged Train Loss: 0.1660
Averaged Test Accurancy: 0.5740
Averaged Test AUC: 0.8890
Std Test Accurancy: 0.0580
Std Test AUC: 0.0175
------------------------- time cost ------------------------- 5.430671453475952

-------------Round number: 92-------------

Evaluate global model
Averaged Train Loss: 0.1644
Averaged Test Accurancy: 0.5737
Averaged Test AUC: 0.8892
Std Test Accurancy: 0.0553
Std Test AUC: 0.0172
------------------------- time cost ------------------------- 5.339875936508179

-------------Round number: 93-------------

Evaluate global model
Averaged Train Loss: 0.1551
Averaged Test Accurancy: 0.5751
Averaged Test AUC: 0.8901
Std Test Accurancy: 0.0539
Std Test AUC: 0.0175
------------------------- time cost ------------------------- 5.414646148681641

-------------Round number: 94-------------

Evaluate global model
Averaged Train Loss: 0.1546
Averaged Test Accurancy: 0.5752
Averaged Test AUC: 0.8902
Std Test Accurancy: 0.0535
Std Test AUC: 0.0165
------------------------- time cost ------------------------- 5.40460991859436

-------------Round number: 95-------------

Evaluate global model
Averaged Train Loss: 0.1563
Averaged Test Accurancy: 0.5787
Averaged Test AUC: 0.8904
Std Test Accurancy: 0.0570
Std Test AUC: 0.0174
------------------------- time cost ------------------------- 5.362216949462891

-------------Round number: 96-------------

Evaluate global model
Averaged Train Loss: 0.1462
Averaged Test Accurancy: 0.5805
Averaged Test AUC: 0.8908
Std Test Accurancy: 0.0566
Std Test AUC: 0.0177
------------------------- time cost ------------------------- 5.413558483123779

-------------Round number: 97-------------

Evaluate global model
Averaged Train Loss: 0.1433
Averaged Test Accurancy: 0.5776
Averaged Test AUC: 0.8906
Std Test Accurancy: 0.0556
Std Test AUC: 0.0173
------------------------- time cost ------------------------- 5.433028697967529

-------------Round number: 98-------------

Evaluate global model
Averaged Train Loss: 0.1466
Averaged Test Accurancy: 0.5792
Averaged Test AUC: 0.8906
Std Test Accurancy: 0.0532
Std Test AUC: 0.0168
------------------------- time cost ------------------------- 5.404470682144165

-------------Round number: 99-------------

Evaluate global model
Averaged Train Loss: 0.1495
Averaged Test Accurancy: 0.5789
Averaged Test AUC: 0.8911
Std Test Accurancy: 0.0542
Std Test AUC: 0.0166
------------------------- time cost ------------------------- 5.377289533615112

Best global accuracy.
0.5805

Average time cost per round.
5.409177163634637
File path: ../results/Cifar10_FedAvg_cnn_gr100_ls5_bs100_lr0.05.h5

Average time cost: 546.82s.
Length:  100
std for best accurancy: 0.0
mean for best accurancy: 0.5805
All done!

Storage on cuda:0
-------------------------------------------------------------------------------
Total Tensors: 177464676 	Used Memory: 677.21M
The allocated memory on cuda:0: 677.80M
Memory differs due to the matrix alignment or invisible gradient buffer tensors
-------------------------------------------------------------------------------
