==================================================
Algorithm: FedAvg
Local batch size: 25
Local steps: 10
Local learing rate: 0.05
Total number of clients: 100
Clients join in each round: 0.1
Client drop rate: 0.0
Time select: False
Time threthold: 10000
Global rounds: 300
Running times: 1
Dataset: Cifar10
Local model: cnn
Using device: cuda
Cuda device id: 0
==================================================

============= Running time: 0th =============
Creating server and clients ...

Join ratio / total clients: 0.1 / 100
Finished creating server and clients.

-------------Round number: 0-------------

Evaluate global model
Averaged Train Loss: 2.3039
Averaged Test Accurancy: 0.0944
Averaged Test AUC: 0.4917
Std Test Accurancy: 0.0285
Std Test AUC: 0.0278
------------------------- time cost ------------------------- 9.423219442367554

-------------Round number: 1-------------

Evaluate global model
Averaged Train Loss: 2.1920
Averaged Test Accurancy: 0.1396
Averaged Test AUC: 0.5463
Std Test Accurancy: 0.1001
Std Test AUC: 0.1162
------------------------- time cost ------------------------- 9.386192083358765

-------------Round number: 2-------------

Evaluate global model
Averaged Train Loss: 2.0685
Averaged Test Accurancy: 0.1654
Averaged Test AUC: 0.5753
Std Test Accurancy: 0.1246
Std Test AUC: 0.1418
------------------------- time cost ------------------------- 9.529314994812012

-------------Round number: 3-------------

Evaluate global model
Averaged Train Loss: 1.9009
Averaged Test Accurancy: 0.1915
Averaged Test AUC: 0.6023
Std Test Accurancy: 0.1425
Std Test AUC: 0.1545
------------------------- time cost ------------------------- 10.082160949707031

-------------Round number: 4-------------

Evaluate global model
Averaged Train Loss: 1.7419
Averaged Test Accurancy: 0.2180
Averaged Test AUC: 0.6278
Std Test Accurancy: 0.1583
Std Test AUC: 0.1640
------------------------- time cost ------------------------- 10.00205135345459

-------------Round number: 5-------------

Evaluate global model
Averaged Train Loss: 1.6025
Averaged Test Accurancy: 0.2397
Averaged Test AUC: 0.6502
Std Test Accurancy: 0.1643
Std Test AUC: 0.1679
------------------------- time cost ------------------------- 9.879303455352783

-------------Round number: 6-------------

Evaluate global model
Averaged Train Loss: 1.4134
Averaged Test Accurancy: 0.2699
Averaged Test AUC: 0.6762
Std Test Accurancy: 0.1702
Std Test AUC: 0.1685
------------------------- time cost ------------------------- 10.000810146331787

-------------Round number: 7-------------

Evaluate global model
Averaged Train Loss: 1.2981
Averaged Test Accurancy: 0.2845
Averaged Test AUC: 0.6902
Std Test Accurancy: 0.1723
Std Test AUC: 0.1689
------------------------- time cost ------------------------- 9.8319091796875

-------------Round number: 8-------------

Evaluate global model
Averaged Train Loss: 1.2025
Averaged Test Accurancy: 0.3016
Averaged Test AUC: 0.7059
Std Test Accurancy: 0.1731
Std Test AUC: 0.1674
------------------------- time cost ------------------------- 9.631567001342773

-------------Round number: 9-------------

Evaluate global model
Averaged Train Loss: 1.0943
Averaged Test Accurancy: 0.3213
Averaged Test AUC: 0.7206
Std Test Accurancy: 0.1738
Std Test AUC: 0.1645
------------------------- time cost ------------------------- 9.173851251602173

-------------Round number: 10-------------

Evaluate global model
Averaged Train Loss: 1.0105
Averaged Test Accurancy: 0.3346
Averaged Test AUC: 0.7328
Std Test Accurancy: 0.1740
Std Test AUC: 0.1615
------------------------- time cost ------------------------- 8.96854829788208

-------------Round number: 11-------------

Evaluate global model
Averaged Train Loss: 0.8905
Averaged Test Accurancy: 0.3544
Averaged Test AUC: 0.7524
Std Test Accurancy: 0.1672
Std Test AUC: 0.1548
------------------------- time cost ------------------------- 9.62780237197876

-------------Round number: 12-------------

Evaluate global model
Averaged Train Loss: 0.7713
Averaged Test Accurancy: 0.3730
Averaged Test AUC: 0.7653
Std Test Accurancy: 0.1613
Std Test AUC: 0.1486
------------------------- time cost ------------------------- 9.925425052642822

-------------Round number: 13-------------

Evaluate global model
Averaged Train Loss: 0.6535
Averaged Test Accurancy: 0.3929
Averaged Test AUC: 0.7846
Std Test Accurancy: 0.1528
Std Test AUC: 0.1336
------------------------- time cost ------------------------- 9.400063514709473

-------------Round number: 14-------------

Evaluate global model
Averaged Train Loss: 0.5468
Averaged Test Accurancy: 0.4075
Averaged Test AUC: 0.7998
Std Test Accurancy: 0.1413
Std Test AUC: 0.1198
------------------------- time cost ------------------------- 9.713756084442139

-------------Round number: 15-------------

Evaluate global model
Averaged Train Loss: 0.4969
Averaged Test Accurancy: 0.4170
Averaged Test AUC: 0.8069
Std Test Accurancy: 0.1363
Std Test AUC: 0.1163
------------------------- time cost ------------------------- 9.009759187698364

-------------Round number: 16-------------

Evaluate global model
Averaged Train Loss: 0.4694
Averaged Test Accurancy: 0.4254
Averaged Test AUC: 0.8121
Std Test Accurancy: 0.1298
Std Test AUC: 0.1100
------------------------- time cost ------------------------- 9.443128108978271

-------------Round number: 17-------------

Evaluate global model
Averaged Train Loss: 0.4136
Averaged Test Accurancy: 0.4359
Averaged Test AUC: 0.8191
Std Test Accurancy: 0.1286
Std Test AUC: 0.1040
------------------------- time cost ------------------------- 9.898686647415161

-------------Round number: 18-------------

Evaluate global model
Averaged Train Loss: 0.4092
Averaged Test Accurancy: 0.4375
Averaged Test AUC: 0.8202
Std Test Accurancy: 0.1290
Std Test AUC: 0.1044
------------------------- time cost ------------------------- 9.673978805541992

-------------Round number: 19-------------

Evaluate global model
Averaged Train Loss: 0.3881
Averaged Test Accurancy: 0.4401
Averaged Test AUC: 0.8248
Std Test Accurancy: 0.1257
Std Test AUC: 0.0993
------------------------- time cost ------------------------- 10.021413326263428

-------------Round number: 20-------------

Evaluate global model
Averaged Train Loss: 0.3665
Averaged Test Accurancy: 0.4484
Averaged Test AUC: 0.8292
Std Test Accurancy: 0.1246
Std Test AUC: 0.0928
------------------------- time cost ------------------------- 9.960801124572754

-------------Round number: 21-------------

Evaluate global model
Averaged Train Loss: 0.3373
Averaged Test Accurancy: 0.4498
Averaged Test AUC: 0.8307
Std Test Accurancy: 0.1204
Std Test AUC: 0.0929
------------------------- time cost ------------------------- 10.072666883468628

-------------Round number: 22-------------

Evaluate global model
Averaged Train Loss: 0.3482
Averaged Test Accurancy: 0.4560
Averaged Test AUC: 0.8325
Std Test Accurancy: 0.1248
Std Test AUC: 0.0936
------------------------- time cost ------------------------- 9.534067153930664

-------------Round number: 23-------------

Evaluate global model
Averaged Train Loss: 0.3388
Averaged Test Accurancy: 0.4619
Averaged Test AUC: 0.8350
Std Test Accurancy: 0.1207
Std Test AUC: 0.0939
------------------------- time cost ------------------------- 9.820878505706787

-------------Round number: 24-------------

Evaluate global model
Averaged Train Loss: 0.3151
Averaged Test Accurancy: 0.4672
Averaged Test AUC: 0.8364
Std Test Accurancy: 0.1202
Std Test AUC: 0.0939
------------------------- time cost ------------------------- 9.947394132614136

-------------Round number: 25-------------

Evaluate global model
Averaged Train Loss: 0.2861
Averaged Test Accurancy: 0.4713
Averaged Test AUC: 0.8406
Std Test Accurancy: 0.1114
Std Test AUC: 0.0879
------------------------- time cost ------------------------- 9.823251962661743

-------------Round number: 26-------------

Evaluate global model
Averaged Train Loss: 0.2595
Averaged Test Accurancy: 0.4804
Averaged Test AUC: 0.8455
Std Test Accurancy: 0.1094
Std Test AUC: 0.0824
------------------------- time cost ------------------------- 9.880351543426514

-------------Round number: 27-------------

Evaluate global model
Averaged Train Loss: 0.2253
Averaged Test Accurancy: 0.4843
Averaged Test AUC: 0.8503
Std Test Accurancy: 0.1006
Std Test AUC: 0.0726
------------------------- time cost ------------------------- 9.912023782730103

-------------Round number: 28-------------

Evaluate global model
Averaged Train Loss: 0.1948
Averaged Test Accurancy: 0.4890
Averaged Test AUC: 0.8540
Std Test Accurancy: 0.0935
Std Test AUC: 0.0641
------------------------- time cost ------------------------- 9.68463134765625

-------------Round number: 29-------------

Evaluate global model
Averaged Train Loss: 0.1959
Averaged Test Accurancy: 0.4902
Averaged Test AUC: 0.8551
Std Test Accurancy: 0.0966
Std Test AUC: 0.0643
------------------------- time cost ------------------------- 9.816741704940796

-------------Round number: 30-------------

Evaluate global model
Averaged Train Loss: 0.1878
Averaged Test Accurancy: 0.4943
Averaged Test AUC: 0.8559
Std Test Accurancy: 0.0982
Std Test AUC: 0.0643
------------------------- time cost ------------------------- 9.8680419921875

-------------Round number: 31-------------

Evaluate global model
Averaged Train Loss: 0.1835
Averaged Test Accurancy: 0.5003
Averaged Test AUC: 0.8564
Std Test Accurancy: 0.1023
Std Test AUC: 0.0644
------------------------- time cost ------------------------- 9.560168743133545

-------------Round number: 32-------------

Evaluate global model
Averaged Train Loss: 0.1879
Averaged Test Accurancy: 0.5000
Averaged Test AUC: 0.8579
Std Test Accurancy: 0.0956
Std Test AUC: 0.0642
------------------------- time cost ------------------------- 9.482622623443604

-------------Round number: 33-------------

Evaluate global model
Averaged Train Loss: 0.1718
Averaged Test Accurancy: 0.5046
Averaged Test AUC: 0.8592
Std Test Accurancy: 0.0949
Std Test AUC: 0.0641
------------------------- time cost ------------------------- 9.597680568695068

-------------Round number: 34-------------

Evaluate global model
Averaged Train Loss: 0.1864
Averaged Test Accurancy: 0.5112
Averaged Test AUC: 0.8605
Std Test Accurancy: 0.0991
Std Test AUC: 0.0646
------------------------- time cost ------------------------- 9.815860509872437

-------------Round number: 35-------------

Evaluate global model
Averaged Train Loss: 0.1767
Averaged Test Accurancy: 0.5077
Averaged Test AUC: 0.8608
Std Test Accurancy: 0.0964
Std Test AUC: 0.0646
------------------------- time cost ------------------------- 9.68287444114685

-------------Round number: 36-------------

Evaluate global model
Averaged Train Loss: 0.1588
Averaged Test Accurancy: 0.5178
Averaged Test AUC: 0.8654
Std Test Accurancy: 0.0882
Std Test AUC: 0.0546
------------------------- time cost ------------------------- 9.388886451721191

-------------Round number: 37-------------

Evaluate global model
Averaged Train Loss: 0.1501
Averaged Test Accurancy: 0.5189
Averaged Test AUC: 0.8656
Std Test Accurancy: 0.0864
Std Test AUC: 0.0543
------------------------- time cost ------------------------- 9.422710418701172

-------------Round number: 38-------------

Evaluate global model
Averaged Train Loss: 0.1300
Averaged Test Accurancy: 0.5214
Averaged Test AUC: 0.8684
Std Test Accurancy: 0.0788
Std Test AUC: 0.0408
------------------------- time cost ------------------------- 9.09595012664795

-------------Round number: 39-------------

Evaluate global model
Averaged Train Loss: 0.1123
Averaged Test Accurancy: 0.5280
Averaged Test AUC: 0.8703
Std Test Accurancy: 0.0754
Std Test AUC: 0.0400
------------------------- time cost ------------------------- 9.862671852111816

-------------Round number: 40-------------

Evaluate global model
Averaged Train Loss: 0.1238
Averaged Test Accurancy: 0.5268
Averaged Test AUC: 0.8705
Std Test Accurancy: 0.0802
Std Test AUC: 0.0403
------------------------- time cost ------------------------- 10.020604610443115

-------------Round number: 41-------------

Evaluate global model
Averaged Train Loss: 0.1109
Averaged Test Accurancy: 0.5275
Averaged Test AUC: 0.8712
Std Test Accurancy: 0.0798
Std Test AUC: 0.0403
------------------------- time cost ------------------------- 9.972444295883179

-------------Round number: 42-------------

Evaluate global model
Averaged Train Loss: 0.1181
Averaged Test Accurancy: 0.5273
Averaged Test AUC: 0.8720
Std Test Accurancy: 0.0756
Std Test AUC: 0.0400
------------------------- time cost ------------------------- 9.826742887496948

-------------Round number: 43-------------

Evaluate global model
Averaged Train Loss: 0.1184
Averaged Test Accurancy: 0.5270
Averaged Test AUC: 0.8722
Std Test Accurancy: 0.0761
Std Test AUC: 0.0400
------------------------- time cost ------------------------- 9.275494813919067

-------------Round number: 44-------------

Evaluate global model
Averaged Train Loss: 0.1144
Averaged Test Accurancy: 0.5292
Averaged Test AUC: 0.8733
Std Test Accurancy: 0.0766
Std Test AUC: 0.0399
------------------------- time cost ------------------------- 9.609467029571533

-------------Round number: 45-------------

Evaluate global model
Averaged Train Loss: 0.1150
Averaged Test Accurancy: 0.5317
Averaged Test AUC: 0.8738
Std Test Accurancy: 0.0777
Std Test AUC: 0.0401
------------------------- time cost ------------------------- 9.191616535186768

-------------Round number: 46-------------

Evaluate global model
Averaged Train Loss: 0.1105
Averaged Test Accurancy: 0.5333
Averaged Test AUC: 0.8747
Std Test Accurancy: 0.0747
Std Test AUC: 0.0397
------------------------- time cost ------------------------- 9.893264293670654

-------------Round number: 47-------------

Evaluate global model
Averaged Train Loss: 0.1041
Averaged Test Accurancy: 0.5349
Averaged Test AUC: 0.8750
Std Test Accurancy: 0.0762
Std Test AUC: 0.0400
------------------------- time cost ------------------------- 9.863524436950684

-------------Round number: 48-------------

Evaluate global model
Averaged Train Loss: 0.1011
Averaged Test Accurancy: 0.5365
Averaged Test AUC: 0.8756
Std Test Accurancy: 0.0742
Std Test AUC: 0.0398
------------------------- time cost ------------------------- 9.368973016738892

-------------Round number: 49-------------

Evaluate global model
Averaged Train Loss: 0.0997
Averaged Test Accurancy: 0.5363
Averaged Test AUC: 0.8757
Std Test Accurancy: 0.0777
Std Test AUC: 0.0400
------------------------- time cost ------------------------- 8.926979541778564

-------------Round number: 50-------------

Evaluate global model
Averaged Train Loss: 0.0999
Averaged Test Accurancy: 0.5356
Averaged Test AUC: 0.8753
Std Test Accurancy: 0.0760
Std Test AUC: 0.0401
------------------------- time cost ------------------------- 9.46929931640625

-------------Round number: 51-------------

Evaluate global model
Averaged Train Loss: 0.1025
Averaged Test Accurancy: 0.5396
Averaged Test AUC: 0.8767
Std Test Accurancy: 0.0778
Std Test AUC: 0.0405
------------------------- time cost ------------------------- 9.373901605606079

-------------Round number: 52-------------

Evaluate global model
Averaged Train Loss: 0.1005
Averaged Test Accurancy: 0.5379
Averaged Test AUC: 0.8765
Std Test Accurancy: 0.0766
Std Test AUC: 0.0402
------------------------- time cost ------------------------- 9.666335344314575

-------------Round number: 53-------------

Evaluate global model
Averaged Train Loss: 0.0948
Averaged Test Accurancy: 0.5401
Averaged Test AUC: 0.8770
Std Test Accurancy: 0.0770
Std Test AUC: 0.0401
------------------------- time cost ------------------------- 9.615208864212036

-------------Round number: 54-------------

Evaluate global model
Averaged Train Loss: 0.1001
Averaged Test Accurancy: 0.5420
Averaged Test AUC: 0.8775
Std Test Accurancy: 0.0735
Std Test AUC: 0.0400
------------------------- time cost ------------------------- 9.696186304092407

-------------Round number: 55-------------

Evaluate global model
Averaged Train Loss: 0.0942
Averaged Test Accurancy: 0.5481
Averaged Test AUC: 0.8819
Std Test Accurancy: 0.0602
Std Test AUC: 0.0187
------------------------- time cost ------------------------- 9.565489768981934

-------------Round number: 56-------------

Evaluate global model
Averaged Train Loss: 0.0699
Averaged Test Accurancy: 0.5539
Averaged Test AUC: 0.8823
Std Test Accurancy: 0.0564
Std Test AUC: 0.0185
------------------------- time cost ------------------------- 9.670488834381104

-------------Round number: 57-------------

Evaluate global model
Averaged Train Loss: 0.0743
Averaged Test Accurancy: 0.5561
Averaged Test AUC: 0.8828
Std Test Accurancy: 0.0606
Std Test AUC: 0.0187
------------------------- time cost ------------------------- 9.353258848190308

-------------Round number: 58-------------

Evaluate global model
Averaged Train Loss: 0.0698
Averaged Test Accurancy: 0.5544
Averaged Test AUC: 0.8828
Std Test Accurancy: 0.0619
Std Test AUC: 0.0186
------------------------- time cost ------------------------- 9.475718259811401

-------------Round number: 59-------------

Evaluate global model
Averaged Train Loss: 0.0696
Averaged Test Accurancy: 0.5582
Averaged Test AUC: 0.8830
Std Test Accurancy: 0.0590
Std Test AUC: 0.0185
------------------------- time cost ------------------------- 9.518760681152344

-------------Round number: 60-------------

Evaluate global model
Averaged Train Loss: 0.0699
Averaged Test Accurancy: 0.5582
Averaged Test AUC: 0.8833
Std Test Accurancy: 0.0595
Std Test AUC: 0.0186
------------------------- time cost ------------------------- 9.180194616317749

-------------Round number: 61-------------

Evaluate global model
Averaged Train Loss: 0.0707
Averaged Test Accurancy: 0.5589
Averaged Test AUC: 0.8839
Std Test Accurancy: 0.0604
Std Test AUC: 0.0188
------------------------- time cost ------------------------- 9.639966011047363

-------------Round number: 62-------------

Evaluate global model
Averaged Train Loss: 0.0607
Averaged Test Accurancy: 0.5597
Averaged Test AUC: 0.8839
Std Test Accurancy: 0.0602
Std Test AUC: 0.0189
------------------------- time cost ------------------------- 9.561755895614624

-------------Round number: 63-------------

Evaluate global model
Averaged Train Loss: 0.0786
Averaged Test Accurancy: 0.5605
Averaged Test AUC: 0.8842
Std Test Accurancy: 0.0600
Std Test AUC: 0.0179
------------------------- time cost ------------------------- 9.349413871765137

-------------Round number: 64-------------

Evaluate global model
Averaged Train Loss: 0.0717
Averaged Test Accurancy: 0.5616
Averaged Test AUC: 0.8846
Std Test Accurancy: 0.0620
Std Test AUC: 0.0186
------------------------- time cost ------------------------- 8.84721565246582

-------------Round number: 65-------------

Evaluate global model
Averaged Train Loss: 0.0579
Averaged Test Accurancy: 0.5622
Averaged Test AUC: 0.8853
Std Test Accurancy: 0.0584
Std Test AUC: 0.0170
------------------------- time cost ------------------------- 8.88780951499939

-------------Round number: 66-------------

Evaluate global model
Averaged Train Loss: 0.0810
Averaged Test Accurancy: 0.5642
Averaged Test AUC: 0.8853
Std Test Accurancy: 0.0611
Std Test AUC: 0.0176
------------------------- time cost ------------------------- 8.814702033996582

-------------Round number: 67-------------

Evaluate global model
Averaged Train Loss: 0.0493
Averaged Test Accurancy: 0.5586
Averaged Test AUC: 0.8847
Std Test Accurancy: 0.0556
Std Test AUC: 0.0172
------------------------- time cost ------------------------- 8.811614990234375

-------------Round number: 68-------------

Evaluate global model
Averaged Train Loss: 0.0583
Averaged Test Accurancy: 0.5611
Averaged Test AUC: 0.8852
Std Test Accurancy: 0.0587
Std Test AUC: 0.0177
------------------------- time cost ------------------------- 8.740681648254395

-------------Round number: 69-------------

Evaluate global model
Averaged Train Loss: 0.0740
Averaged Test Accurancy: 0.5642
Averaged Test AUC: 0.8858
Std Test Accurancy: 0.0592
Std Test AUC: 0.0177
------------------------- time cost ------------------------- 8.780313968658447

-------------Round number: 70-------------

Evaluate global model
Averaged Train Loss: 0.0639
Averaged Test Accurancy: 0.5627
Averaged Test AUC: 0.8857
Std Test Accurancy: 0.0583
Std Test AUC: 0.0175
------------------------- time cost ------------------------- 8.776762008666992

-------------Round number: 71-------------

Evaluate global model
Averaged Train Loss: 0.0489
Averaged Test Accurancy: 0.5627
Averaged Test AUC: 0.8856
Std Test Accurancy: 0.0577
Std Test AUC: 0.0180
------------------------- time cost ------------------------- 8.827284812927246

-------------Round number: 72-------------

Evaluate global model
Averaged Train Loss: 0.0536
Averaged Test Accurancy: 0.5662
Averaged Test AUC: 0.8863
Std Test Accurancy: 0.0589
Std Test AUC: 0.0175
------------------------- time cost ------------------------- 8.863876819610596

-------------Round number: 73-------------

Evaluate global model
Averaged Train Loss: 0.0556
Averaged Test Accurancy: 0.5645
Averaged Test AUC: 0.8865
Std Test Accurancy: 0.0589
Std Test AUC: 0.0184
------------------------- time cost ------------------------- 8.783417463302612

-------------Round number: 74-------------

Evaluate global model
Averaged Train Loss: 0.0583
Averaged Test Accurancy: 0.5651
Averaged Test AUC: 0.8861
Std Test Accurancy: 0.0561
Std Test AUC: 0.0175
------------------------- time cost ------------------------- 8.904596328735352

-------------Round number: 75-------------

Evaluate global model
Averaged Train Loss: 0.0624
Averaged Test Accurancy: 0.5646
Averaged Test AUC: 0.8863
Std Test Accurancy: 0.0599
Std Test AUC: 0.0183
------------------------- time cost ------------------------- 8.808597087860107

-------------Round number: 76-------------

Evaluate global model
Averaged Train Loss: 0.0579
Averaged Test Accurancy: 0.5701
Averaged Test AUC: 0.8866
Std Test Accurancy: 0.0629
Std Test AUC: 0.0179
------------------------- time cost ------------------------- 8.754402875900269

-------------Round number: 77-------------

Evaluate global model
Averaged Train Loss: 0.0586
Averaged Test Accurancy: 0.5722
Averaged Test AUC: 0.8872
Std Test Accurancy: 0.0602
Std Test AUC: 0.0168
------------------------- time cost ------------------------- 8.788790225982666

-------------Round number: 78-------------

Evaluate global model
Averaged Train Loss: 0.0478
Averaged Test Accurancy: 0.5730
Averaged Test AUC: 0.8875
Std Test Accurancy: 0.0599
Std Test AUC: 0.0177
------------------------- time cost ------------------------- 8.815379619598389

-------------Round number: 79-------------

Evaluate global model
Averaged Train Loss: 0.0597
Averaged Test Accurancy: 0.5731
Averaged Test AUC: 0.8879
Std Test Accurancy: 0.0548
Std Test AUC: 0.0167
------------------------- time cost ------------------------- 8.768804550170898

-------------Round number: 80-------------

Evaluate global model
Averaged Train Loss: 0.0608
Averaged Test Accurancy: 0.5735
Averaged Test AUC: 0.8877
Std Test Accurancy: 0.0569
Std Test AUC: 0.0172
------------------------- time cost ------------------------- 8.793934106826782

-------------Round number: 81-------------

Evaluate global model
Averaged Train Loss: 0.0548
Averaged Test Accurancy: 0.5737
Averaged Test AUC: 0.8870
Std Test Accurancy: 0.0583
Std Test AUC: 0.0176
------------------------- time cost ------------------------- 8.697221279144287

-------------Round number: 82-------------

Evaluate global model
Averaged Train Loss: 0.0568
Averaged Test Accurancy: 0.5753
Averaged Test AUC: 0.8877
Std Test Accurancy: 0.0584
Std Test AUC: 0.0167
------------------------- time cost ------------------------- 8.86397647857666

-------------Round number: 83-------------

Evaluate global model
Averaged Train Loss: 0.0560
Averaged Test Accurancy: 0.5770
Averaged Test AUC: 0.8877
Std Test Accurancy: 0.0569
Std Test AUC: 0.0170
------------------------- time cost ------------------------- 8.78801155090332

-------------Round number: 84-------------

Evaluate global model
Averaged Train Loss: 0.0491
Averaged Test Accurancy: 0.5743
Averaged Test AUC: 0.8873
Std Test Accurancy: 0.0547
Std Test AUC: 0.0165
------------------------- time cost ------------------------- 8.84444546699524

-------------Round number: 85-------------

Evaluate global model
Averaged Train Loss: 0.0474
Averaged Test Accurancy: 0.5774
Averaged Test AUC: 0.8875
Std Test Accurancy: 0.0575
Std Test AUC: 0.0168
------------------------- time cost ------------------------- 8.929109811782837

-------------Round number: 86-------------

Evaluate global model
Averaged Train Loss: 0.0454
Averaged Test Accurancy: 0.5767
Averaged Test AUC: 0.8875
Std Test Accurancy: 0.0566
Std Test AUC: 0.0166
------------------------- time cost ------------------------- 9.027128458023071

-------------Round number: 87-------------

Evaluate global model
Averaged Train Loss: 0.0483
Averaged Test Accurancy: 0.5796
Averaged Test AUC: 0.8878
Std Test Accurancy: 0.0595
Std Test AUC: 0.0173
------------------------- time cost ------------------------- 8.748399019241333

-------------Round number: 88-------------

Evaluate global model
Averaged Train Loss: 0.0482
Averaged Test Accurancy: 0.5781
Averaged Test AUC: 0.8877
Std Test Accurancy: 0.0560
Std Test AUC: 0.0170
------------------------- time cost ------------------------- 8.74911117553711

-------------Round number: 89-------------

Evaluate global model
Averaged Train Loss: 0.0534
Averaged Test Accurancy: 0.5793
Averaged Test AUC: 0.8884
Std Test Accurancy: 0.0554
Std Test AUC: 0.0170
------------------------- time cost ------------------------- 8.89946985244751

-------------Round number: 90-------------

Evaluate global model
Averaged Train Loss: 0.0423
Averaged Test Accurancy: 0.5820
Averaged Test AUC: 0.8884
Std Test Accurancy: 0.0551
Std Test AUC: 0.0162
------------------------- time cost ------------------------- 8.803784370422363

-------------Round number: 91-------------

Evaluate global model
Averaged Train Loss: 0.0537
Averaged Test Accurancy: 0.5802
Averaged Test AUC: 0.8883
Std Test Accurancy: 0.0551
Std Test AUC: 0.0171
------------------------- time cost ------------------------- 8.82607626914978

-------------Round number: 92-------------

Evaluate global model
Averaged Train Loss: 0.0391
Averaged Test Accurancy: 0.5817
Averaged Test AUC: 0.8887
Std Test Accurancy: 0.0552
Std Test AUC: 0.0159
------------------------- time cost ------------------------- 9.055347442626953

-------------Round number: 93-------------

Evaluate global model
Averaged Train Loss: 0.0429
Averaged Test Accurancy: 0.5830
Averaged Test AUC: 0.8886
Std Test Accurancy: 0.0560
Std Test AUC: 0.0169
------------------------- time cost ------------------------- 8.84264874458313

-------------Round number: 94-------------

Evaluate global model
Averaged Train Loss: 0.0451
Averaged Test Accurancy: 0.5831
Averaged Test AUC: 0.8889
Std Test Accurancy: 0.0579
Std Test AUC: 0.0168
------------------------- time cost ------------------------- 8.759467363357544

-------------Round number: 95-------------

Evaluate global model
Averaged Train Loss: 0.0402
Averaged Test Accurancy: 0.5820
Averaged Test AUC: 0.8895
Std Test Accurancy: 0.0570
Std Test AUC: 0.0164
------------------------- time cost ------------------------- 8.734911441802979

-------------Round number: 96-------------

Evaluate global model
Averaged Train Loss: 0.0366
Averaged Test Accurancy: 0.5844
Averaged Test AUC: 0.8896
Std Test Accurancy: 0.0569
Std Test AUC: 0.0169
------------------------- time cost ------------------------- 8.800215005874634

-------------Round number: 97-------------

Evaluate global model
Averaged Train Loss: 0.0329
Averaged Test Accurancy: 0.5868
Averaged Test AUC: 0.8898
Std Test Accurancy: 0.0548
Std Test AUC: 0.0162
------------------------- time cost ------------------------- 8.760371685028076

-------------Round number: 98-------------

Evaluate global model
Averaged Train Loss: 0.0284
Averaged Test Accurancy: 0.5843
Averaged Test AUC: 0.8897
Std Test Accurancy: 0.0567
Std Test AUC: 0.0169
------------------------- time cost ------------------------- 8.846314430236816

-------------Round number: 99-------------

Evaluate global model
Averaged Train Loss: 0.0477
Averaged Test Accurancy: 0.5840
Averaged Test AUC: 0.8899
Std Test Accurancy: 0.0548
Std Test AUC: 0.0169
------------------------- time cost ------------------------- 8.764874696731567

-------------Round number: 100-------------

Evaluate global model
Averaged Train Loss: 0.0383
Averaged Test Accurancy: 0.5843
Averaged Test AUC: 0.8897
Std Test Accurancy: 0.0560
Std Test AUC: 0.0167
------------------------- time cost ------------------------- 8.981157064437866

-------------Round number: 101-------------

Evaluate global model
Averaged Train Loss: 0.0387
Averaged Test Accurancy: 0.5835
Averaged Test AUC: 0.8900
Std Test Accurancy: 0.0542
Std Test AUC: 0.0160
------------------------- time cost ------------------------- 8.853209257125854

-------------Round number: 102-------------

Evaluate global model
Averaged Train Loss: 0.0340
Averaged Test Accurancy: 0.5834
Averaged Test AUC: 0.8899
Std Test Accurancy: 0.0538
Std Test AUC: 0.0161
------------------------- time cost ------------------------- 8.744952201843262

-------------Round number: 103-------------

Evaluate global model
Averaged Train Loss: 0.0372
Averaged Test Accurancy: 0.5843
Averaged Test AUC: 0.8900
Std Test Accurancy: 0.0555
Std Test AUC: 0.0172
------------------------- time cost ------------------------- 8.804194211959839

-------------Round number: 104-------------

Evaluate global model
Averaged Train Loss: 0.0286
Averaged Test Accurancy: 0.5837
Averaged Test AUC: 0.8901
Std Test Accurancy: 0.0581
Std Test AUC: 0.0175
------------------------- time cost ------------------------- 8.813458442687988

-------------Round number: 105-------------

Evaluate global model
Averaged Train Loss: 0.0322
Averaged Test Accurancy: 0.5832
Averaged Test AUC: 0.8900
Std Test Accurancy: 0.0593
Std Test AUC: 0.0178
------------------------- time cost ------------------------- 8.846547365188599

-------------Round number: 106-------------

Evaluate global model
Averaged Train Loss: 0.0449
Averaged Test Accurancy: 0.5880
Averaged Test AUC: 0.8909
Std Test Accurancy: 0.0583
Std Test AUC: 0.0182
------------------------- time cost ------------------------- 8.855144023895264

-------------Round number: 107-------------

Evaluate global model
Averaged Train Loss: 0.0327
Averaged Test Accurancy: 0.5848
Averaged Test AUC: 0.8908
Std Test Accurancy: 0.0598
Std Test AUC: 0.0177
------------------------- time cost ------------------------- 8.775516271591187

-------------Round number: 108-------------

Evaluate global model
Averaged Train Loss: 0.0375
Averaged Test Accurancy: 0.5839
Averaged Test AUC: 0.8909
Std Test Accurancy: 0.0606
Std Test AUC: 0.0180
------------------------- time cost ------------------------- 8.790426015853882

-------------Round number: 109-------------

Evaluate global model
Averaged Train Loss: 0.0247
Averaged Test Accurancy: 0.5856
Averaged Test AUC: 0.8910
Std Test Accurancy: 0.0600
Std Test AUC: 0.0176
------------------------- time cost ------------------------- 8.867342948913574

-------------Round number: 110-------------

Evaluate global model
Averaged Train Loss: 0.0296
Averaged Test Accurancy: 0.5861
Averaged Test AUC: 0.8909
Std Test Accurancy: 0.0587
Std Test AUC: 0.0175
------------------------- time cost ------------------------- 8.841063737869263

-------------Round number: 111-------------

Evaluate global model
Averaged Train Loss: 0.0363
Averaged Test Accurancy: 0.5878
Averaged Test AUC: 0.8913
Std Test Accurancy: 0.0581
Std Test AUC: 0.0179
------------------------- time cost ------------------------- 8.812521934509277

-------------Round number: 112-------------

Evaluate global model
Averaged Train Loss: 0.0386
Averaged Test Accurancy: 0.5855
Averaged Test AUC: 0.8909
Std Test Accurancy: 0.0561
Std Test AUC: 0.0173
------------------------- time cost ------------------------- 8.842509031295776

-------------Round number: 113-------------

Evaluate global model
Averaged Train Loss: 0.0497
Averaged Test Accurancy: 0.5849
Averaged Test AUC: 0.8913
Std Test Accurancy: 0.0533
Std Test AUC: 0.0167
------------------------- time cost ------------------------- 8.852493047714233

-------------Round number: 114-------------

Evaluate global model
Averaged Train Loss: 0.0372
Averaged Test Accurancy: 0.5887
Averaged Test AUC: 0.8911
Std Test Accurancy: 0.0507
Std Test AUC: 0.0162
------------------------- time cost ------------------------- 8.834044218063354

-------------Round number: 115-------------

Evaluate global model
Averaged Train Loss: 0.0340
Averaged Test Accurancy: 0.5883
Averaged Test AUC: 0.8911
Std Test Accurancy: 0.0566
Std Test AUC: 0.0171
------------------------- time cost ------------------------- 8.704174995422363

-------------Round number: 116-------------

Evaluate global model
Averaged Train Loss: 0.0281
Averaged Test Accurancy: 0.5880
Averaged Test AUC: 0.8914
Std Test Accurancy: 0.0559
Std Test AUC: 0.0171
------------------------- time cost ------------------------- 8.8349928855896

-------------Round number: 117-------------

Evaluate global model
Averaged Train Loss: 0.0287
Averaged Test Accurancy: 0.5873
Averaged Test AUC: 0.8913
Std Test Accurancy: 0.0555
Std Test AUC: 0.0173
------------------------- time cost ------------------------- 8.83077359199524

-------------Round number: 118-------------

Evaluate global model
Averaged Train Loss: 0.0285
Averaged Test Accurancy: 0.5881
Averaged Test AUC: 0.8908
Std Test Accurancy: 0.0603
Std Test AUC: 0.0181
------------------------- time cost ------------------------- 8.824761867523193

-------------Round number: 119-------------

Evaluate global model
Averaged Train Loss: 0.0338
Averaged Test Accurancy: 0.5920
Averaged Test AUC: 0.8915
Std Test Accurancy: 0.0561
Std Test AUC: 0.0172
------------------------- time cost ------------------------- 8.768663883209229

-------------Round number: 120-------------

Evaluate global model
Averaged Train Loss: 0.0260
Averaged Test Accurancy: 0.5940
Averaged Test AUC: 0.8911
Std Test Accurancy: 0.0552
Std Test AUC: 0.0177
------------------------- time cost ------------------------- 8.985118389129639

-------------Round number: 121-------------

Evaluate global model
Averaged Train Loss: 0.0298
Averaged Test Accurancy: 0.5904
Averaged Test AUC: 0.8911
Std Test Accurancy: 0.0554
Std Test AUC: 0.0181
------------------------- time cost ------------------------- 8.865317106246948

-------------Round number: 122-------------

Evaluate global model
Averaged Train Loss: 0.0362
Averaged Test Accurancy: 0.5929
Averaged Test AUC: 0.8915
Std Test Accurancy: 0.0538
Std Test AUC: 0.0176
------------------------- time cost ------------------------- 8.808163166046143

-------------Round number: 123-------------

Evaluate global model
Averaged Train Loss: 0.0254
Averaged Test Accurancy: 0.5920
Averaged Test AUC: 0.8912
Std Test Accurancy: 0.0533
Std Test AUC: 0.0169
------------------------- time cost ------------------------- 8.782434225082397

-------------Round number: 124-------------

Evaluate global model
Averaged Train Loss: 0.0268
Averaged Test Accurancy: 0.5948
Averaged Test AUC: 0.8918
Std Test Accurancy: 0.0564
Std Test AUC: 0.0182
------------------------- time cost ------------------------- 8.785544395446777

-------------Round number: 125-------------

Evaluate global model
Averaged Train Loss: 0.0183
Averaged Test Accurancy: 0.5936
Averaged Test AUC: 0.8913
Std Test Accurancy: 0.0542
Std Test AUC: 0.0180
------------------------- time cost ------------------------- 8.96980595588684

-------------Round number: 126-------------

Evaluate global model
Averaged Train Loss: 0.0311
Averaged Test Accurancy: 0.5930
Averaged Test AUC: 0.8917
Std Test Accurancy: 0.0540
Std Test AUC: 0.0179
------------------------- time cost ------------------------- 8.789056777954102

-------------Round number: 127-------------

Evaluate global model
Averaged Train Loss: 0.0226
Averaged Test Accurancy: 0.5927
Averaged Test AUC: 0.8914
Std Test Accurancy: 0.0554
Std Test AUC: 0.0178
------------------------- time cost ------------------------- 8.898069143295288

-------------Round number: 128-------------

Evaluate global model
Averaged Train Loss: 0.0234
Averaged Test Accurancy: 0.5933
Averaged Test AUC: 0.8919
Std Test Accurancy: 0.0529
Std Test AUC: 0.0177
------------------------- time cost ------------------------- 8.821449518203735

-------------Round number: 129-------------

Evaluate global model
Averaged Train Loss: 0.0248
Averaged Test Accurancy: 0.5923
Averaged Test AUC: 0.8916
Std Test Accurancy: 0.0537
Std Test AUC: 0.0175
------------------------- time cost ------------------------- 8.799702167510986

-------------Round number: 130-------------

Evaluate global model
Averaged Train Loss: 0.0221
Averaged Test Accurancy: 0.5956
Averaged Test AUC: 0.8918
Std Test Accurancy: 0.0507
Std Test AUC: 0.0173
------------------------- time cost ------------------------- 8.848377704620361

-------------Round number: 131-------------

Evaluate global model
Averaged Train Loss: 0.0196
Averaged Test Accurancy: 0.5932
Averaged Test AUC: 0.8915
Std Test Accurancy: 0.0558
Std Test AUC: 0.0179
------------------------- time cost ------------------------- 8.90188455581665

-------------Round number: 132-------------

Evaluate global model
Averaged Train Loss: 0.0194
Averaged Test Accurancy: 0.5912
Averaged Test AUC: 0.8921
Std Test Accurancy: 0.0558
Std Test AUC: 0.0182
------------------------- time cost ------------------------- 8.774502992630005

-------------Round number: 133-------------

Evaluate global model
Averaged Train Loss: 0.0240
Averaged Test Accurancy: 0.5924
Averaged Test AUC: 0.8918
Std Test Accurancy: 0.0582
Std Test AUC: 0.0186
------------------------- time cost ------------------------- 8.894909143447876

-------------Round number: 134-------------

Evaluate global model
Averaged Train Loss: 0.0224
Averaged Test Accurancy: 0.5927
Averaged Test AUC: 0.8921
Std Test Accurancy: 0.0575
Std Test AUC: 0.0181
------------------------- time cost ------------------------- 9.079280853271484

-------------Round number: 135-------------

Evaluate global model
Averaged Train Loss: 0.0230
Averaged Test Accurancy: 0.5929
Averaged Test AUC: 0.8921
Std Test Accurancy: 0.0599
Std Test AUC: 0.0183
------------------------- time cost ------------------------- 8.834369897842407

-------------Round number: 136-------------

Evaluate global model
Averaged Train Loss: 0.0263
Averaged Test Accurancy: 0.5914
Averaged Test AUC: 0.8922
Std Test Accurancy: 0.0597
Std Test AUC: 0.0172
------------------------- time cost ------------------------- 8.84912395477295

-------------Round number: 137-------------

Evaluate global model
Averaged Train Loss: 0.0239
Averaged Test Accurancy: 0.5911
Averaged Test AUC: 0.8929
Std Test Accurancy: 0.0588
Std Test AUC: 0.0175
------------------------- time cost ------------------------- 8.800025939941406

-------------Round number: 138-------------

Evaluate global model
Averaged Train Loss: 0.0181
Averaged Test Accurancy: 0.5931
Averaged Test AUC: 0.8926
Std Test Accurancy: 0.0589
Std Test AUC: 0.0173
------------------------- time cost ------------------------- 8.860574007034302

-------------Round number: 139-------------

Evaluate global model
Averaged Train Loss: 0.0201
Averaged Test Accurancy: 0.5922
Averaged Test AUC: 0.8928
Std Test Accurancy: 0.0583
Std Test AUC: 0.0174
------------------------- time cost ------------------------- 8.849817037582397

-------------Round number: 140-------------

Evaluate global model
Averaged Train Loss: 0.0298
Averaged Test Accurancy: 0.5971
Averaged Test AUC: 0.8933
Std Test Accurancy: 0.0583
Std Test AUC: 0.0172
------------------------- time cost ------------------------- 8.852663516998291

-------------Round number: 141-------------

Evaluate global model
Averaged Train Loss: 0.0163
Averaged Test Accurancy: 0.5967
Averaged Test AUC: 0.8927
Std Test Accurancy: 0.0611
Std Test AUC: 0.0173
------------------------- time cost ------------------------- 8.800812721252441

-------------Round number: 142-------------

Evaluate global model
Averaged Train Loss: 0.0200
Averaged Test Accurancy: 0.5959
Averaged Test AUC: 0.8936
Std Test Accurancy: 0.0590
Std Test AUC: 0.0173
------------------------- time cost ------------------------- 8.759113788604736

-------------Round number: 143-------------

Evaluate global model
Averaged Train Loss: 0.0256
Averaged Test Accurancy: 0.5981
Averaged Test AUC: 0.8937
Std Test Accurancy: 0.0550
Std Test AUC: 0.0171
------------------------- time cost ------------------------- 8.793802738189697

-------------Round number: 144-------------

Evaluate global model
Averaged Train Loss: 0.0130
Averaged Test Accurancy: 0.5939
Averaged Test AUC: 0.8927
Std Test Accurancy: 0.0563
Std Test AUC: 0.0179
------------------------- time cost ------------------------- 8.6970534324646

-------------Round number: 145-------------

Evaluate global model
Averaged Train Loss: 0.0216
Averaged Test Accurancy: 0.5979
Averaged Test AUC: 0.8938
Std Test Accurancy: 0.0585
Std Test AUC: 0.0179
------------------------- time cost ------------------------- 8.7505464553833

-------------Round number: 146-------------

Evaluate global model
Averaged Train Loss: 0.0148
Averaged Test Accurancy: 0.5975
Averaged Test AUC: 0.8936
Std Test Accurancy: 0.0606
Std Test AUC: 0.0180
------------------------- time cost ------------------------- 8.791821241378784

-------------Round number: 147-------------

Evaluate global model
Averaged Train Loss: 0.0162
Averaged Test Accurancy: 0.5976
Averaged Test AUC: 0.8940
Std Test Accurancy: 0.0597
Std Test AUC: 0.0177
------------------------- time cost ------------------------- 8.917676448822021

-------------Round number: 148-------------

Evaluate global model
Averaged Train Loss: 0.0188
Averaged Test Accurancy: 0.5959
Averaged Test AUC: 0.8939
Std Test Accurancy: 0.0592
Std Test AUC: 0.0175
------------------------- time cost ------------------------- 8.721232175827026

-------------Round number: 149-------------

Evaluate global model
Averaged Train Loss: 0.0209
Averaged Test Accurancy: 0.5941
Averaged Test AUC: 0.8932
Std Test Accurancy: 0.0586
Std Test AUC: 0.0181
------------------------- time cost ------------------------- 8.678508520126343

-------------Round number: 150-------------

Evaluate global model
Averaged Train Loss: 0.0155
Averaged Test Accurancy: 0.5936
Averaged Test AUC: 0.8932
Std Test Accurancy: 0.0571
Std Test AUC: 0.0179
------------------------- time cost ------------------------- 8.68118166923523

-------------Round number: 151-------------

Evaluate global model
Averaged Train Loss: 0.0117
Averaged Test Accurancy: 0.5954
Averaged Test AUC: 0.8933
Std Test Accurancy: 0.0584
Std Test AUC: 0.0180
------------------------- time cost ------------------------- 8.726656198501587

-------------Round number: 152-------------

Evaluate global model
Averaged Train Loss: 0.0195
Averaged Test Accurancy: 0.5965
Averaged Test AUC: 0.8940
Std Test Accurancy: 0.0572
Std Test AUC: 0.0179
------------------------- time cost ------------------------- 8.785353660583496

-------------Round number: 153-------------

Evaluate global model
Averaged Train Loss: 0.0119
Averaged Test Accurancy: 0.5957
Averaged Test AUC: 0.8931
Std Test Accurancy: 0.0591
Std Test AUC: 0.0181
------------------------- time cost ------------------------- 8.716363430023193

-------------Round number: 154-------------

Evaluate global model
Averaged Train Loss: 0.0141
Averaged Test Accurancy: 0.5991
Averaged Test AUC: 0.8939
Std Test Accurancy: 0.0597
Std Test AUC: 0.0184
------------------------- time cost ------------------------- 8.742007970809937

-------------Round number: 155-------------

Evaluate global model
Averaged Train Loss: 0.0111
Averaged Test Accurancy: 0.5995
Averaged Test AUC: 0.8938
Std Test Accurancy: 0.0578
Std Test AUC: 0.0185
------------------------- time cost ------------------------- 8.882700681686401

-------------Round number: 156-------------

Evaluate global model
Averaged Train Loss: 0.0206
Averaged Test Accurancy: 0.6005
Averaged Test AUC: 0.8945
Std Test Accurancy: 0.0580
Std Test AUC: 0.0178
------------------------- time cost ------------------------- 8.923710823059082

-------------Round number: 157-------------

Evaluate global model
Averaged Train Loss: 0.0133
Averaged Test Accurancy: 0.6007
Averaged Test AUC: 0.8944
Std Test Accurancy: 0.0585
Std Test AUC: 0.0171
------------------------- time cost ------------------------- 8.830581426620483

-------------Round number: 158-------------

Evaluate global model
Averaged Train Loss: 0.0186
Averaged Test Accurancy: 0.6019
Averaged Test AUC: 0.8945
Std Test Accurancy: 0.0582
Std Test AUC: 0.0173
------------------------- time cost ------------------------- 8.72648811340332

-------------Round number: 159-------------

Evaluate global model
Averaged Train Loss: 0.0151
Averaged Test Accurancy: 0.6015
Averaged Test AUC: 0.8948
Std Test Accurancy: 0.0582
Std Test AUC: 0.0172
------------------------- time cost ------------------------- 8.686687231063843

-------------Round number: 160-------------

Evaluate global model
Averaged Train Loss: 0.0162
Averaged Test Accurancy: 0.6037
Averaged Test AUC: 0.8950
Std Test Accurancy: 0.0589
Std Test AUC: 0.0181
------------------------- time cost ------------------------- 8.692528009414673

-------------Round number: 161-------------

Evaluate global model
Averaged Train Loss: 0.0134
Averaged Test Accurancy: 0.6026
Averaged Test AUC: 0.8950
Std Test Accurancy: 0.0593
Std Test AUC: 0.0177
------------------------- time cost ------------------------- 8.697570562362671

-------------Round number: 162-------------

Evaluate global model
Averaged Train Loss: 0.0144
Averaged Test Accurancy: 0.6043
Averaged Test AUC: 0.8952
Std Test Accurancy: 0.0596
Std Test AUC: 0.0175
------------------------- time cost ------------------------- 8.618155002593994

-------------Round number: 163-------------

Evaluate global model
Averaged Train Loss: 0.0146
Averaged Test Accurancy: 0.6049
Averaged Test AUC: 0.8958
Std Test Accurancy: 0.0555
Std Test AUC: 0.0168
------------------------- time cost ------------------------- 8.512867450714111

-------------Round number: 164-------------

Evaluate global model
Averaged Train Loss: 0.0145
Averaged Test Accurancy: 0.6067
Averaged Test AUC: 0.8959
Std Test Accurancy: 0.0588
Std Test AUC: 0.0173
------------------------- time cost ------------------------- 8.694182395935059

-------------Round number: 165-------------

Evaluate global model
Averaged Train Loss: 0.0139
Averaged Test Accurancy: 0.6036
Averaged Test AUC: 0.8959
Std Test Accurancy: 0.0576
Std Test AUC: 0.0164
------------------------- time cost ------------------------- 8.57532000541687

-------------Round number: 166-------------

Evaluate global model
Averaged Train Loss: 0.0174
Averaged Test Accurancy: 0.6048
Averaged Test AUC: 0.8961
Std Test Accurancy: 0.0530
Std Test AUC: 0.0164
------------------------- time cost ------------------------- 8.670003414154053

-------------Round number: 167-------------

Evaluate global model
Averaged Train Loss: 0.0120
Averaged Test Accurancy: 0.6044
Averaged Test AUC: 0.8957
Std Test Accurancy: 0.0583
Std Test AUC: 0.0171
------------------------- time cost ------------------------- 8.546474933624268

-------------Round number: 168-------------

Evaluate global model
Averaged Train Loss: 0.0082
Averaged Test Accurancy: 0.6028
Averaged Test AUC: 0.8953
Std Test Accurancy: 0.0578
Std Test AUC: 0.0167
------------------------- time cost ------------------------- 8.525392293930054

-------------Round number: 169-------------

Evaluate global model
Averaged Train Loss: 0.0138
Averaged Test Accurancy: 0.6040
Averaged Test AUC: 0.8958
Std Test Accurancy: 0.0575
Std Test AUC: 0.0164
------------------------- time cost ------------------------- 8.59160304069519

-------------Round number: 170-------------

Evaluate global model
Averaged Train Loss: 0.0107
Averaged Test Accurancy: 0.6031
Averaged Test AUC: 0.8953
Std Test Accurancy: 0.0553
Std Test AUC: 0.0168
------------------------- time cost ------------------------- 8.547893047332764

-------------Round number: 171-------------

Evaluate global model
Averaged Train Loss: 0.0097
Averaged Test Accurancy: 0.6053
Averaged Test AUC: 0.8959
Std Test Accurancy: 0.0540
Std Test AUC: 0.0169
------------------------- time cost ------------------------- 8.52087688446045

-------------Round number: 172-------------

Evaluate global model
Averaged Train Loss: 0.0107
Averaged Test Accurancy: 0.6074
Averaged Test AUC: 0.8958
Std Test Accurancy: 0.0563
Std Test AUC: 0.0171
------------------------- time cost ------------------------- 8.528950691223145

-------------Round number: 173-------------

Evaluate global model
Averaged Train Loss: 0.0114
Averaged Test Accurancy: 0.6058
Averaged Test AUC: 0.8959
Std Test Accurancy: 0.0572
Std Test AUC: 0.0173
------------------------- time cost ------------------------- 8.607041358947754

-------------Round number: 174-------------

Evaluate global model
Averaged Train Loss: 0.0129
Averaged Test Accurancy: 0.6053
Averaged Test AUC: 0.8960
Std Test Accurancy: 0.0528
Std Test AUC: 0.0163
------------------------- time cost ------------------------- 8.567180156707764

-------------Round number: 175-------------

Evaluate global model
Averaged Train Loss: 0.0106
Averaged Test Accurancy: 0.6051
Averaged Test AUC: 0.8958
Std Test Accurancy: 0.0559
Std Test AUC: 0.0168
------------------------- time cost ------------------------- 8.601649045944214

-------------Round number: 176-------------

Evaluate global model
Averaged Train Loss: 0.0069
Averaged Test Accurancy: 0.6051
Averaged Test AUC: 0.8961
Std Test Accurancy: 0.0561
Std Test AUC: 0.0171
------------------------- time cost ------------------------- 8.652277946472168

-------------Round number: 177-------------

Evaluate global model
Averaged Train Loss: 0.0113
Averaged Test Accurancy: 0.6064
Averaged Test AUC: 0.8967
Std Test Accurancy: 0.0560
Std Test AUC: 0.0170
------------------------- time cost ------------------------- 8.604386806488037

-------------Round number: 178-------------

Evaluate global model
Averaged Train Loss: 0.0105
Averaged Test Accurancy: 0.6060
Averaged Test AUC: 0.8966
Std Test Accurancy: 0.0546
Std Test AUC: 0.0169
------------------------- time cost ------------------------- 8.597992181777954

-------------Round number: 179-------------

Evaluate global model
Averaged Train Loss: 0.0063
Averaged Test Accurancy: 0.6056
Averaged Test AUC: 0.8964
Std Test Accurancy: 0.0564
Std Test AUC: 0.0175
------------------------- time cost ------------------------- 8.553412914276123

-------------Round number: 180-------------

Evaluate global model
Averaged Train Loss: 0.0115
Averaged Test Accurancy: 0.6074
Averaged Test AUC: 0.8969
Std Test Accurancy: 0.0569
Std Test AUC: 0.0171
------------------------- time cost ------------------------- 8.65923023223877

-------------Round number: 181-------------

Evaluate global model
Averaged Train Loss: 0.0103
Averaged Test Accurancy: 0.6089
Averaged Test AUC: 0.8970
Std Test Accurancy: 0.0532
Std Test AUC: 0.0161
------------------------- time cost ------------------------- 8.608020782470703

-------------Round number: 182-------------

Evaluate global model
Averaged Train Loss: 0.0106
Averaged Test Accurancy: 0.6070
Averaged Test AUC: 0.8961
Std Test Accurancy: 0.0563
Std Test AUC: 0.0170
------------------------- time cost ------------------------- 8.519018411636353

-------------Round number: 183-------------

Evaluate global model
Averaged Train Loss: 0.0070
Averaged Test Accurancy: 0.6072
Averaged Test AUC: 0.8963
Std Test Accurancy: 0.0586
Std Test AUC: 0.0170
------------------------- time cost ------------------------- 8.581432104110718

-------------Round number: 184-------------

Evaluate global model
Averaged Train Loss: 0.0059
Averaged Test Accurancy: 0.6086
Averaged Test AUC: 0.8962
Std Test Accurancy: 0.0588
Std Test AUC: 0.0167
------------------------- time cost ------------------------- 8.639015436172485

-------------Round number: 185-------------

Evaluate global model
Averaged Train Loss: 0.0079
Averaged Test Accurancy: 0.6096
Averaged Test AUC: 0.8967
Std Test Accurancy: 0.0602
Std Test AUC: 0.0169
------------------------- time cost ------------------------- 8.610610723495483

-------------Round number: 186-------------

Evaluate global model
Averaged Train Loss: 0.0072
Averaged Test Accurancy: 0.6112
Averaged Test AUC: 0.8966
Std Test Accurancy: 0.0572
Std Test AUC: 0.0175
------------------------- time cost ------------------------- 8.617972373962402

-------------Round number: 187-------------

Evaluate global model
Averaged Train Loss: 0.0091
Averaged Test Accurancy: 0.6108
Averaged Test AUC: 0.8963
Std Test Accurancy: 0.0582
Std Test AUC: 0.0173
------------------------- time cost ------------------------- 8.647361278533936

-------------Round number: 188-------------

Evaluate global model
Averaged Train Loss: 0.0075
Averaged Test Accurancy: 0.6121
Averaged Test AUC: 0.8965
Std Test Accurancy: 0.0584
Std Test AUC: 0.0177
------------------------- time cost ------------------------- 8.638041973114014

-------------Round number: 189-------------

Evaluate global model
Averaged Train Loss: 0.0052
Averaged Test Accurancy: 0.6093
Averaged Test AUC: 0.8964
Std Test Accurancy: 0.0587
Std Test AUC: 0.0174
------------------------- time cost ------------------------- 8.578850984573364

-------------Round number: 190-------------

Evaluate global model
Averaged Train Loss: 0.0046
Averaged Test Accurancy: 0.6075
Averaged Test AUC: 0.8961
Std Test Accurancy: 0.0575
Std Test AUC: 0.0173
------------------------- time cost ------------------------- 8.65231204032898

-------------Round number: 191-------------

Evaluate global model
Averaged Train Loss: 0.0055
Averaged Test Accurancy: 0.6084
Averaged Test AUC: 0.8966
Std Test Accurancy: 0.0566
Std Test AUC: 0.0177
------------------------- time cost ------------------------- 8.666800022125244

-------------Round number: 192-------------

Evaluate global model
Averaged Train Loss: 0.0074
Averaged Test Accurancy: 0.6106
Averaged Test AUC: 0.8967
Std Test Accurancy: 0.0578
Std Test AUC: 0.0175
------------------------- time cost ------------------------- 8.681823968887329

-------------Round number: 193-------------

Evaluate global model
Averaged Train Loss: 0.0045
Averaged Test Accurancy: 0.6087
Averaged Test AUC: 0.8965
Std Test Accurancy: 0.0574
Std Test AUC: 0.0178
------------------------- time cost ------------------------- 8.55482816696167

-------------Round number: 194-------------

Evaluate global model
Averaged Train Loss: 0.0099
Averaged Test Accurancy: 0.6085
Averaged Test AUC: 0.8968
Std Test Accurancy: 0.0588
Std Test AUC: 0.0182
------------------------- time cost ------------------------- 8.663466691970825

-------------Round number: 195-------------

Evaluate global model
Averaged Train Loss: 0.0082
Averaged Test Accurancy: 0.6090
Averaged Test AUC: 0.8962
Std Test Accurancy: 0.0563
Std Test AUC: 0.0174
------------------------- time cost ------------------------- 8.578982591629028

-------------Round number: 196-------------

Evaluate global model
Averaged Train Loss: 0.0066
Averaged Test Accurancy: 0.6086
Averaged Test AUC: 0.8963
Std Test Accurancy: 0.0578
Std Test AUC: 0.0179
------------------------- time cost ------------------------- 8.522743701934814

-------------Round number: 197-------------

Evaluate global model
Averaged Train Loss: 0.0137
Averaged Test Accurancy: 0.6116
Averaged Test AUC: 0.8971
Std Test Accurancy: 0.0561
Std Test AUC: 0.0173
------------------------- time cost ------------------------- 8.568889617919922

-------------Round number: 198-------------

Evaluate global model
Averaged Train Loss: 0.0082
Averaged Test Accurancy: 0.6102
Averaged Test AUC: 0.8968
Std Test Accurancy: 0.0586
Std Test AUC: 0.0167
------------------------- time cost ------------------------- 8.593065023422241

-------------Round number: 199-------------

Evaluate global model
Averaged Train Loss: 0.0162
Averaged Test Accurancy: 0.6108
Averaged Test AUC: 0.8973
Std Test Accurancy: 0.0578
Std Test AUC: 0.0169
------------------------- time cost ------------------------- 8.575573444366455

-------------Round number: 200-------------

Evaluate global model
Averaged Train Loss: 0.0068
Averaged Test Accurancy: 0.6106
Averaged Test AUC: 0.8964
Std Test Accurancy: 0.0607
Std Test AUC: 0.0175
------------------------- time cost ------------------------- 8.535808563232422

-------------Round number: 201-------------

Evaluate global model
Averaged Train Loss: 0.0080
Averaged Test Accurancy: 0.6115
Averaged Test AUC: 0.8976
Std Test Accurancy: 0.0579
Std Test AUC: 0.0171
------------------------- time cost ------------------------- 8.585508108139038

-------------Round number: 202-------------

Evaluate global model
Averaged Train Loss: 0.0076
Averaged Test Accurancy: 0.6113
Averaged Test AUC: 0.8976
Std Test Accurancy: 0.0596
Std Test AUC: 0.0173
------------------------- time cost ------------------------- 8.644795894622803

-------------Round number: 203-------------

Evaluate global model
Averaged Train Loss: 0.0063
Averaged Test Accurancy: 0.6081
Averaged Test AUC: 0.8968
Std Test Accurancy: 0.0591
Std Test AUC: 0.0175
------------------------- time cost ------------------------- 8.585948705673218

-------------Round number: 204-------------

Evaluate global model
Averaged Train Loss: 0.0052
Averaged Test Accurancy: 0.6093
Averaged Test AUC: 0.8972
Std Test Accurancy: 0.0569
Std Test AUC: 0.0170
------------------------- time cost ------------------------- 8.583601474761963

-------------Round number: 205-------------

Evaluate global model
Averaged Train Loss: 0.0082
Averaged Test Accurancy: 0.6102
Averaged Test AUC: 0.8979
Std Test Accurancy: 0.0546
Std Test AUC: 0.0164
------------------------- time cost ------------------------- 8.568196535110474

-------------Round number: 206-------------

Evaluate global model
Averaged Train Loss: 0.0060
Averaged Test Accurancy: 0.6112
Averaged Test AUC: 0.8980
Std Test Accurancy: 0.0552
Std Test AUC: 0.0158
------------------------- time cost ------------------------- 8.621800184249878

-------------Round number: 207-------------

Evaluate global model
Averaged Train Loss: 0.0046
Averaged Test Accurancy: 0.6126
Averaged Test AUC: 0.8981
Std Test Accurancy: 0.0528
Std Test AUC: 0.0152
------------------------- time cost ------------------------- 8.494608879089355

-------------Round number: 208-------------

Evaluate global model
Averaged Train Loss: 0.0042
Averaged Test Accurancy: 0.6127
Averaged Test AUC: 0.8984
Std Test Accurancy: 0.0521
Std Test AUC: 0.0154
------------------------- time cost ------------------------- 8.646859169006348

-------------Round number: 209-------------

Evaluate global model
Averaged Train Loss: 0.0044
Averaged Test Accurancy: 0.6160
Averaged Test AUC: 0.8984
Std Test Accurancy: 0.0540
Std Test AUC: 0.0153
------------------------- time cost ------------------------- 8.594554662704468

-------------Round number: 210-------------

Evaluate global model
Averaged Train Loss: 0.0046
Averaged Test Accurancy: 0.6158
Averaged Test AUC: 0.8983
Std Test Accurancy: 0.0507
Std Test AUC: 0.0153
------------------------- time cost ------------------------- 8.56375503540039

-------------Round number: 211-------------

Evaluate global model
Averaged Train Loss: 0.0032
Averaged Test Accurancy: 0.6125
Averaged Test AUC: 0.8978
Std Test Accurancy: 0.0532
Std Test AUC: 0.0158
------------------------- time cost ------------------------- 8.570393800735474

-------------Round number: 212-------------

Evaluate global model
Averaged Train Loss: 0.0043
Averaged Test Accurancy: 0.6142
Averaged Test AUC: 0.8983
Std Test Accurancy: 0.0547
Std Test AUC: 0.0163
------------------------- time cost ------------------------- 8.554917573928833

-------------Round number: 213-------------

Evaluate global model
Averaged Train Loss: 0.0070
Averaged Test Accurancy: 0.6120
Averaged Test AUC: 0.8981
Std Test Accurancy: 0.0529
Std Test AUC: 0.0168
------------------------- time cost ------------------------- 8.59425401687622

-------------Round number: 214-------------

Evaluate global model
Averaged Train Loss: 0.0057
Averaged Test Accurancy: 0.6109
Averaged Test AUC: 0.8980
Std Test Accurancy: 0.0535
Std Test AUC: 0.0167
------------------------- time cost ------------------------- 8.468892335891724

-------------Round number: 215-------------

Evaluate global model
Averaged Train Loss: 0.0105
Averaged Test Accurancy: 0.6124
Averaged Test AUC: 0.8982
Std Test Accurancy: 0.0515
Std Test AUC: 0.0171
------------------------- time cost ------------------------- 8.63707447052002

-------------Round number: 216-------------

Evaluate global model
Averaged Train Loss: 0.0054
Averaged Test Accurancy: 0.6115
Averaged Test AUC: 0.8978
Std Test Accurancy: 0.0533
Std Test AUC: 0.0171
------------------------- time cost ------------------------- 8.604655742645264

-------------Round number: 217-------------

Evaluate global model
Averaged Train Loss: 0.0049
Averaged Test Accurancy: 0.6121
Averaged Test AUC: 0.8983
Std Test Accurancy: 0.0535
Std Test AUC: 0.0167
------------------------- time cost ------------------------- 8.632410049438477

-------------Round number: 218-------------

Evaluate global model
Averaged Train Loss: 0.0063
Averaged Test Accurancy: 0.6134
Averaged Test AUC: 0.8987
Std Test Accurancy: 0.0540
Std Test AUC: 0.0166
------------------------- time cost ------------------------- 8.553406000137329

-------------Round number: 219-------------

Evaluate global model
Averaged Train Loss: 0.0041
Averaged Test Accurancy: 0.6145
Averaged Test AUC: 0.8983
Std Test Accurancy: 0.0537
Std Test AUC: 0.0174
------------------------- time cost ------------------------- 8.571681499481201

-------------Round number: 220-------------

Evaluate global model
Averaged Train Loss: 0.0037
Averaged Test Accurancy: 0.6134
Averaged Test AUC: 0.8987
Std Test Accurancy: 0.0537
Std Test AUC: 0.0173
------------------------- time cost ------------------------- 8.56732988357544

-------------Round number: 221-------------

Evaluate global model
Averaged Train Loss: 0.0042
Averaged Test Accurancy: 0.6155
Averaged Test AUC: 0.8994
Std Test Accurancy: 0.0513
Std Test AUC: 0.0160
------------------------- time cost ------------------------- 8.585639476776123

-------------Round number: 222-------------

Evaluate global model
Averaged Train Loss: 0.0029
Averaged Test Accurancy: 0.6133
Averaged Test AUC: 0.8992
Std Test Accurancy: 0.0523
Std Test AUC: 0.0162
------------------------- time cost ------------------------- 8.600353002548218

-------------Round number: 223-------------

Evaluate global model
Averaged Train Loss: 0.0034
Averaged Test Accurancy: 0.6127
Averaged Test AUC: 0.8993
Std Test Accurancy: 0.0526
Std Test AUC: 0.0166
------------------------- time cost ------------------------- 8.621340274810791

-------------Round number: 224-------------

Evaluate global model
Averaged Train Loss: 0.0036
Averaged Test Accurancy: 0.6153
Averaged Test AUC: 0.8999
Std Test Accurancy: 0.0520
Std Test AUC: 0.0155
------------------------- time cost ------------------------- 8.557606935501099

-------------Round number: 225-------------

Evaluate global model
Averaged Train Loss: 0.0065
Averaged Test Accurancy: 0.6168
Averaged Test AUC: 0.9000
Std Test Accurancy: 0.0545
Std Test AUC: 0.0163
------------------------- time cost ------------------------- 8.542073249816895

-------------Round number: 226-------------

Evaluate global model
Averaged Train Loss: 0.0065
Averaged Test Accurancy: 0.6173
Averaged Test AUC: 0.9003
Std Test Accurancy: 0.0503
Std Test AUC: 0.0158
------------------------- time cost ------------------------- 8.532522678375244

-------------Round number: 227-------------

Evaluate global model
Averaged Train Loss: 0.0043
Averaged Test Accurancy: 0.6149
Averaged Test AUC: 0.8995
Std Test Accurancy: 0.0545
Std Test AUC: 0.0166
------------------------- time cost ------------------------- 8.690825462341309

-------------Round number: 228-------------

Evaluate global model
Averaged Train Loss: 0.0037
Averaged Test Accurancy: 0.6159
Averaged Test AUC: 0.8998
Std Test Accurancy: 0.0543
Std Test AUC: 0.0160
------------------------- time cost ------------------------- 8.621233224868774

-------------Round number: 229-------------

Evaluate global model
Averaged Train Loss: 0.0029
Averaged Test Accurancy: 0.6170
Averaged Test AUC: 0.9000
Std Test Accurancy: 0.0536
Std Test AUC: 0.0161
------------------------- time cost ------------------------- 8.777693033218384

-------------Round number: 230-------------

Evaluate global model
Averaged Train Loss: 0.0039
Averaged Test Accurancy: 0.6145
Averaged Test AUC: 0.8998
Std Test Accurancy: 0.0528
Std Test AUC: 0.0158
------------------------- time cost ------------------------- 8.763180255889893

-------------Round number: 231-------------

Evaluate global model
Averaged Train Loss: 0.0034
Averaged Test Accurancy: 0.6134
Averaged Test AUC: 0.8998
Std Test Accurancy: 0.0522
Std Test AUC: 0.0160
------------------------- time cost ------------------------- 8.669425964355469

-------------Round number: 232-------------

Evaluate global model
Averaged Train Loss: 0.0039
Averaged Test Accurancy: 0.6145
Averaged Test AUC: 0.9000
Std Test Accurancy: 0.0519
Std Test AUC: 0.0160
------------------------- time cost ------------------------- 8.66771411895752

-------------Round number: 233-------------

Evaluate global model
Averaged Train Loss: 0.0035
Averaged Test Accurancy: 0.6172
Averaged Test AUC: 0.9005
Std Test Accurancy: 0.0494
Std Test AUC: 0.0158
------------------------- time cost ------------------------- 8.64651870727539

-------------Round number: 234-------------

Evaluate global model
Averaged Train Loss: 0.0041
Averaged Test Accurancy: 0.6156
Averaged Test AUC: 0.8999
Std Test Accurancy: 0.0494
Std Test AUC: 0.0160
------------------------- time cost ------------------------- 8.568828105926514

-------------Round number: 235-------------

Evaluate global model
Averaged Train Loss: 0.0035
Averaged Test Accurancy: 0.6162
Averaged Test AUC: 0.8993
Std Test Accurancy: 0.0520
Std Test AUC: 0.0174
------------------------- time cost ------------------------- 8.762128829956055

-------------Round number: 236-------------

Evaluate global model
Averaged Train Loss: 0.0026
Averaged Test Accurancy: 0.6169
Averaged Test AUC: 0.8992
Std Test Accurancy: 0.0520
Std Test AUC: 0.0171
------------------------- time cost ------------------------- 8.600112915039062

-------------Round number: 237-------------

Evaluate global model
Averaged Train Loss: 0.0048
Averaged Test Accurancy: 0.6189
Averaged Test AUC: 0.9001
Std Test Accurancy: 0.0520
Std Test AUC: 0.0169
------------------------- time cost ------------------------- 8.676071166992188

-------------Round number: 238-------------

Evaluate global model
Averaged Train Loss: 0.0028
Averaged Test Accurancy: 0.6194
Averaged Test AUC: 0.8997
Std Test Accurancy: 0.0512
Std Test AUC: 0.0168
------------------------- time cost ------------------------- 8.66335391998291

-------------Round number: 239-------------

Evaluate global model
Averaged Train Loss: 0.0027
Averaged Test Accurancy: 0.6202
Averaged Test AUC: 0.9003
Std Test Accurancy: 0.0483
Std Test AUC: 0.0163
------------------------- time cost ------------------------- 8.72806692123413

-------------Round number: 240-------------

Evaluate global model
Averaged Train Loss: 0.0033
Averaged Test Accurancy: 0.6199
Averaged Test AUC: 0.9002
Std Test Accurancy: 0.0504
Std Test AUC: 0.0169
------------------------- time cost ------------------------- 8.670865774154663

-------------Round number: 241-------------

Evaluate global model
Averaged Train Loss: 0.0034
Averaged Test Accurancy: 0.6203
Averaged Test AUC: 0.9004
Std Test Accurancy: 0.0499
Std Test AUC: 0.0167
------------------------- time cost ------------------------- 8.90239667892456

-------------Round number: 242-------------

Evaluate global model
Averaged Train Loss: 0.0036
Averaged Test Accurancy: 0.6207
Averaged Test AUC: 0.9005
Std Test Accurancy: 0.0507
Std Test AUC: 0.0176
------------------------- time cost ------------------------- 8.773281574249268

-------------Round number: 243-------------

Evaluate global model
Averaged Train Loss: 0.0037
Averaged Test Accurancy: 0.6206
Averaged Test AUC: 0.9006
Std Test Accurancy: 0.0498
Std Test AUC: 0.0164
------------------------- time cost ------------------------- 8.80237603187561

-------------Round number: 244-------------

Evaluate global model
Averaged Train Loss: 0.0041
Averaged Test Accurancy: 0.6211
Averaged Test AUC: 0.9004
Std Test Accurancy: 0.0511
Std Test AUC: 0.0167
------------------------- time cost ------------------------- 8.784332513809204

-------------Round number: 245-------------

Evaluate global model
Averaged Train Loss: 0.0024
Averaged Test Accurancy: 0.6228
Averaged Test AUC: 0.9008
Std Test Accurancy: 0.0495
Std Test AUC: 0.0167
------------------------- time cost ------------------------- 8.804048776626587

-------------Round number: 246-------------

Evaluate global model
Averaged Train Loss: 0.0029
Averaged Test Accurancy: 0.6214
Averaged Test AUC: 0.9012
Std Test Accurancy: 0.0498
Std Test AUC: 0.0166
------------------------- time cost ------------------------- 8.757946491241455

-------------Round number: 247-------------

Evaluate global model
Averaged Train Loss: 0.0032
Averaged Test Accurancy: 0.6227
Averaged Test AUC: 0.9014
Std Test Accurancy: 0.0500
Std Test AUC: 0.0161
------------------------- time cost ------------------------- 8.725127696990967

-------------Round number: 248-------------

Evaluate global model
Averaged Train Loss: 0.0024
Averaged Test Accurancy: 0.6220
Averaged Test AUC: 0.9012
Std Test Accurancy: 0.0499
Std Test AUC: 0.0163
------------------------- time cost ------------------------- 8.690504312515259

-------------Round number: 249-------------

Evaluate global model
Averaged Train Loss: 0.0032
Averaged Test Accurancy: 0.6224
Averaged Test AUC: 0.9014
Std Test Accurancy: 0.0492
Std Test AUC: 0.0160
------------------------- time cost ------------------------- 8.659965515136719

-------------Round number: 250-------------

Evaluate global model
Averaged Train Loss: 0.0022
Averaged Test Accurancy: 0.6241
Averaged Test AUC: 0.9013
Std Test Accurancy: 0.0487
Std Test AUC: 0.0161
------------------------- time cost ------------------------- 8.708929777145386

-------------Round number: 251-------------

Evaluate global model
Averaged Train Loss: 0.0039
Averaged Test Accurancy: 0.6242
Averaged Test AUC: 0.9016
Std Test Accurancy: 0.0474
Std Test AUC: 0.0158
------------------------- time cost ------------------------- 8.733500003814697

-------------Round number: 252-------------

Evaluate global model
Averaged Train Loss: 0.0032
Averaged Test Accurancy: 0.6237
Averaged Test AUC: 0.9019
Std Test Accurancy: 0.0485
Std Test AUC: 0.0155
------------------------- time cost ------------------------- 8.681703567504883

-------------Round number: 253-------------

Evaluate global model
Averaged Train Loss: 0.0033
Averaged Test Accurancy: 0.6223
Averaged Test AUC: 0.9018
Std Test Accurancy: 0.0482
Std Test AUC: 0.0159
------------------------- time cost ------------------------- 8.664662837982178

-------------Round number: 254-------------

Evaluate global model
Averaged Train Loss: 0.0017
Averaged Test Accurancy: 0.6225
Averaged Test AUC: 0.9015
Std Test Accurancy: 0.0477
Std Test AUC: 0.0155
------------------------- time cost ------------------------- 8.757658004760742

-------------Round number: 255-------------

Evaluate global model
Averaged Train Loss: 0.0025
Averaged Test Accurancy: 0.6225
Averaged Test AUC: 0.9015
Std Test Accurancy: 0.0494
Std Test AUC: 0.0158
------------------------- time cost ------------------------- 8.647008895874023

-------------Round number: 256-------------

Evaluate global model
Averaged Train Loss: 0.0018
Averaged Test Accurancy: 0.6221
Averaged Test AUC: 0.9016
Std Test Accurancy: 0.0483
Std Test AUC: 0.0158
------------------------- time cost ------------------------- 8.58990216255188

-------------Round number: 257-------------

Evaluate global model
Averaged Train Loss: 0.0027
Averaged Test Accurancy: 0.6217
Averaged Test AUC: 0.9021
Std Test Accurancy: 0.0483
Std Test AUC: 0.0155
------------------------- time cost ------------------------- 8.63685655593872

-------------Round number: 258-------------

Evaluate global model
Averaged Train Loss: 0.0022
Averaged Test Accurancy: 0.6200
Averaged Test AUC: 0.9018
Std Test Accurancy: 0.0489
Std Test AUC: 0.0162
------------------------- time cost ------------------------- 8.717407941818237

-------------Round number: 259-------------

Evaluate global model
Averaged Train Loss: 0.0019
Averaged Test Accurancy: 0.6244
Averaged Test AUC: 0.9025
Std Test Accurancy: 0.0480
Std Test AUC: 0.0157
------------------------- time cost ------------------------- 8.76924467086792

-------------Round number: 260-------------

Evaluate global model
Averaged Train Loss: 0.0022
Averaged Test Accurancy: 0.6235
Averaged Test AUC: 0.9025
Std Test Accurancy: 0.0480
Std Test AUC: 0.0157
------------------------- time cost ------------------------- 8.807211637496948

-------------Round number: 261-------------

Evaluate global model
Averaged Train Loss: 0.0020
Averaged Test Accurancy: 0.6234
Averaged Test AUC: 0.9028
Std Test Accurancy: 0.0475
Std Test AUC: 0.0145
------------------------- time cost ------------------------- 8.823784112930298

-------------Round number: 262-------------

Evaluate global model
Averaged Train Loss: 0.0033
Averaged Test Accurancy: 0.6236
Averaged Test AUC: 0.9027
Std Test Accurancy: 0.0471
Std Test AUC: 0.0145
------------------------- time cost ------------------------- 8.761581420898438

-------------Round number: 263-------------

Evaluate global model
Averaged Train Loss: 0.0021
Averaged Test Accurancy: 0.6218
Averaged Test AUC: 0.9024
Std Test Accurancy: 0.0453
Std Test AUC: 0.0147
------------------------- time cost ------------------------- 8.87978744506836

-------------Round number: 264-------------

Evaluate global model
Averaged Train Loss: 0.0019
Averaged Test Accurancy: 0.6233
Averaged Test AUC: 0.9025
Std Test Accurancy: 0.0459
Std Test AUC: 0.0149
------------------------- time cost ------------------------- 8.84633755683899

-------------Round number: 265-------------

Evaluate global model
Averaged Train Loss: 0.0017
Averaged Test Accurancy: 0.6237
Averaged Test AUC: 0.9026
Std Test Accurancy: 0.0468
Std Test AUC: 0.0151
------------------------- time cost ------------------------- 8.840346813201904

-------------Round number: 266-------------

Evaluate global model
Averaged Train Loss: 0.0020
Averaged Test Accurancy: 0.6245
Averaged Test AUC: 0.9026
Std Test Accurancy: 0.0461
Std Test AUC: 0.0149
------------------------- time cost ------------------------- 8.820263147354126

-------------Round number: 267-------------

Evaluate global model
Averaged Train Loss: 0.0031
Averaged Test Accurancy: 0.6213
Averaged Test AUC: 0.9015
Std Test Accurancy: 0.0449
Std Test AUC: 0.0159
------------------------- time cost ------------------------- 8.847604036331177

-------------Round number: 268-------------

Evaluate global model
Averaged Train Loss: 0.0024
Averaged Test Accurancy: 0.6214
Averaged Test AUC: 0.9016
Std Test Accurancy: 0.0465
Std Test AUC: 0.0156
------------------------- time cost ------------------------- 8.73059344291687

-------------Round number: 269-------------

Evaluate global model
Averaged Train Loss: 0.0017
Averaged Test Accurancy: 0.6205
Averaged Test AUC: 0.9015
Std Test Accurancy: 0.0469
Std Test AUC: 0.0156
------------------------- time cost ------------------------- 8.86045217514038

-------------Round number: 270-------------

Evaluate global model
Averaged Train Loss: 0.0020
Averaged Test Accurancy: 0.6217
Averaged Test AUC: 0.9013
Std Test Accurancy: 0.0478
Std Test AUC: 0.0156
------------------------- time cost ------------------------- 8.659149885177612

-------------Round number: 271-------------

Evaluate global model
Averaged Train Loss: 0.0021
Averaged Test Accurancy: 0.6234
Averaged Test AUC: 0.9014
Std Test Accurancy: 0.0485
Std Test AUC: 0.0158
------------------------- time cost ------------------------- 8.649992942810059

-------------Round number: 272-------------

Evaluate global model
Averaged Train Loss: 0.0023
Averaged Test Accurancy: 0.6237
Averaged Test AUC: 0.9013
Std Test Accurancy: 0.0476
Std Test AUC: 0.0159
------------------------- time cost ------------------------- 8.636618614196777

-------------Round number: 273-------------

Evaluate global model
Averaged Train Loss: 0.0017
Averaged Test Accurancy: 0.6251
Averaged Test AUC: 0.9015
Std Test Accurancy: 0.0478
Std Test AUC: 0.0156
------------------------- time cost ------------------------- 8.50739574432373

-------------Round number: 274-------------

Evaluate global model
Averaged Train Loss: 0.0015
Averaged Test Accurancy: 0.6239
Averaged Test AUC: 0.9016
Std Test Accurancy: 0.0479
Std Test AUC: 0.0153
------------------------- time cost ------------------------- 8.618945360183716

-------------Round number: 275-------------

Evaluate global model
Averaged Train Loss: 0.0035
Averaged Test Accurancy: 0.6249
Averaged Test AUC: 0.9023
Std Test Accurancy: 0.0465
Std Test AUC: 0.0148
------------------------- time cost ------------------------- 8.561050415039062

-------------Round number: 276-------------

Evaluate global model
Averaged Train Loss: 0.0028
Averaged Test Accurancy: 0.6247
Averaged Test AUC: 0.9018
Std Test Accurancy: 0.0489
Std Test AUC: 0.0168
------------------------- time cost ------------------------- 8.646185159683228

-------------Round number: 277-------------

Evaluate global model
Averaged Train Loss: 0.0020
Averaged Test Accurancy: 0.6241
Averaged Test AUC: 0.9016
Std Test Accurancy: 0.0480
Std Test AUC: 0.0171
------------------------- time cost ------------------------- 8.614888429641724

-------------Round number: 278-------------

Evaluate global model
Averaged Train Loss: 0.0027
Averaged Test Accurancy: 0.6221
Averaged Test AUC: 0.9011
Std Test Accurancy: 0.0505
Std Test AUC: 0.0177
------------------------- time cost ------------------------- 8.760746717453003

-------------Round number: 279-------------

Evaluate global model
Averaged Train Loss: 0.0021
Averaged Test Accurancy: 0.6238
Averaged Test AUC: 0.9010
Std Test Accurancy: 0.0518
Std Test AUC: 0.0178
------------------------- time cost ------------------------- 8.726898193359375

-------------Round number: 280-------------

Evaluate global model
Averaged Train Loss: 0.0027
Averaged Test Accurancy: 0.6225
Averaged Test AUC: 0.9014
Std Test Accurancy: 0.0513
Std Test AUC: 0.0165
------------------------- time cost ------------------------- 8.53826117515564

-------------Round number: 281-------------

Evaluate global model
Averaged Train Loss: 0.0024
Averaged Test Accurancy: 0.6222
Averaged Test AUC: 0.9010
Std Test Accurancy: 0.0527
Std Test AUC: 0.0173
------------------------- time cost ------------------------- 8.569688558578491

-------------Round number: 282-------------

Evaluate global model
Averaged Train Loss: 0.0020
Averaged Test Accurancy: 0.6231
Averaged Test AUC: 0.9017
Std Test Accurancy: 0.0491
Std Test AUC: 0.0160
------------------------- time cost ------------------------- 8.581499576568604

-------------Round number: 283-------------

Evaluate global model
Averaged Train Loss: 0.0013
Averaged Test Accurancy: 0.6217
Averaged Test AUC: 0.9019
Std Test Accurancy: 0.0489
Std Test AUC: 0.0159
------------------------- time cost ------------------------- 8.657877445220947

-------------Round number: 284-------------

Evaluate global model
Averaged Train Loss: 0.0018
Averaged Test Accurancy: 0.6221
Averaged Test AUC: 0.9020
Std Test Accurancy: 0.0505
Std Test AUC: 0.0159
------------------------- time cost ------------------------- 8.539995670318604

-------------Round number: 285-------------

Evaluate global model
Averaged Train Loss: 0.0015
Averaged Test Accurancy: 0.6232
Averaged Test AUC: 0.9020
Std Test Accurancy: 0.0504
Std Test AUC: 0.0162
------------------------- time cost ------------------------- 8.746785879135132

-------------Round number: 286-------------

Evaluate global model
Averaged Train Loss: 0.0013
Averaged Test Accurancy: 0.6237
Averaged Test AUC: 0.9022
Std Test Accurancy: 0.0492
Std Test AUC: 0.0158
------------------------- time cost ------------------------- 8.676453590393066

-------------Round number: 287-------------

Evaluate global model
Averaged Train Loss: 0.0013
Averaged Test Accurancy: 0.6246
Averaged Test AUC: 0.9023
Std Test Accurancy: 0.0484
Std Test AUC: 0.0158
------------------------- time cost ------------------------- 8.651917457580566

-------------Round number: 288-------------

Evaluate global model
Averaged Train Loss: 0.0018
Averaged Test Accurancy: 0.6246
Averaged Test AUC: 0.9025
Std Test Accurancy: 0.0474
Std Test AUC: 0.0154
------------------------- time cost ------------------------- 8.656511783599854

-------------Round number: 289-------------

Evaluate global model
Averaged Train Loss: 0.0012
Averaged Test Accurancy: 0.6245
Averaged Test AUC: 0.9027
Std Test Accurancy: 0.0482
Std Test AUC: 0.0152
------------------------- time cost ------------------------- 8.561967134475708

-------------Round number: 290-------------

Evaluate global model
Averaged Train Loss: 0.0012
Averaged Test Accurancy: 0.6244
Averaged Test AUC: 0.9029
Std Test Accurancy: 0.0486
Std Test AUC: 0.0153
------------------------- time cost ------------------------- 8.619934320449829

-------------Round number: 291-------------

Evaluate global model
Averaged Train Loss: 0.0013
Averaged Test Accurancy: 0.6262
Averaged Test AUC: 0.9030
Std Test Accurancy: 0.0496
Std Test AUC: 0.0153
------------------------- time cost ------------------------- 8.608102083206177

-------------Round number: 292-------------

Evaluate global model
Averaged Train Loss: 0.0015
Averaged Test Accurancy: 0.6251
Averaged Test AUC: 0.9025
Std Test Accurancy: 0.0492
Std Test AUC: 0.0159
------------------------- time cost ------------------------- 8.669031858444214

-------------Round number: 293-------------

Evaluate global model
Averaged Train Loss: 0.0016
Averaged Test Accurancy: 0.6249
Averaged Test AUC: 0.9026
Std Test Accurancy: 0.0498
Std Test AUC: 0.0158
------------------------- time cost ------------------------- 8.637458086013794

-------------Round number: 294-------------

Evaluate global model
Averaged Train Loss: 0.0013
Averaged Test Accurancy: 0.6258
Averaged Test AUC: 0.9026
Std Test Accurancy: 0.0498
Std Test AUC: 0.0158
------------------------- time cost ------------------------- 8.523010492324829

-------------Round number: 295-------------

Evaluate global model
Averaged Train Loss: 0.0013
Averaged Test Accurancy: 0.6268
Averaged Test AUC: 0.9027
Std Test Accurancy: 0.0495
Std Test AUC: 0.0158
------------------------- time cost ------------------------- 8.534966468811035

-------------Round number: 296-------------

Evaluate global model
Averaged Train Loss: 0.0016
Averaged Test Accurancy: 0.6282
Averaged Test AUC: 0.9032
Std Test Accurancy: 0.0518
Std Test AUC: 0.0154
------------------------- time cost ------------------------- 8.653524398803711

-------------Round number: 297-------------

Evaluate global model
Averaged Train Loss: 0.0016
Averaged Test Accurancy: 0.6277
Averaged Test AUC: 0.9029
Std Test Accurancy: 0.0508
Std Test AUC: 0.0154
------------------------- time cost ------------------------- 8.703402996063232

-------------Round number: 298-------------

Evaluate global model
Averaged Train Loss: 0.0014
Averaged Test Accurancy: 0.6255
Averaged Test AUC: 0.9026
Std Test Accurancy: 0.0521
Std Test AUC: 0.0156
------------------------- time cost ------------------------- 8.631235837936401

-------------Round number: 299-------------

Evaluate global model
Averaged Train Loss: 0.0012
Averaged Test Accurancy: 0.6250
Averaged Test AUC: 0.9028
Std Test Accurancy: 0.0516
Std Test AUC: 0.0158
------------------------- time cost ------------------------- 8.704042434692383

Best global accuracy.
0.6282

Average time cost per round.
8.90711287830187
File path: ../results/Cifar10_FedAvg_cnn_gr300_ls10_bs25_lr0.05.h5

Average time cost: 2678.56s.
Length:  300
std for best accurancy: 0.0
mean for best accurancy: 0.6282
All done!

Storage on cuda:0
-------------------------------------------------------------------------------
Total Tensors: 177464676 	Used Memory: 677.21M
The allocated memory on cuda:0: 677.21M
-------------------------------------------------------------------------------
