==================================================
Algorithm: FedAvg
Local batch size: 128
Local steps: 10
Local learing rate: 0.005
Total number of clients: 100
Clients join in each round: 0.1
Client drop rate: 0.0
Time select: False
Time threthold: 10000
Global rounds: 150
Running times: 1
Dataset: Cifar10
Local model: resnet
Using device: cuda
Cuda device id: 1
==================================================

============= Running time: 0th =============
Creating server and clients ...

Join ratio / total clients: 0.1 / 100
Finished creating server and clients.

-------------Round number: 0-------------

Evaluate global model
Averaged Train Loss: 2.4413
Averaged Test Accurancy: 0.1085
Averaged Test AUC: 0.4929
Std Test Accurancy: 0.1341
Std Test AUC: 0.2022
------------------------- time cost ------------------------- 12.091591358184814

-------------Round number: 1-------------

Evaluate global model
Averaged Train Loss: 2.2718
Averaged Test Accurancy: 0.1740
Averaged Test AUC: 0.5454
Std Test Accurancy: 0.2301
Std Test AUC: 0.2288
------------------------- time cost ------------------------- 13.946860313415527

-------------Round number: 2-------------

Evaluate global model
Averaged Train Loss: 2.0708
Averaged Test Accurancy: 0.2273
Averaged Test AUC: 0.5899
Std Test Accurancy: 0.2973
Std Test AUC: 0.2480
------------------------- time cost ------------------------- 14.516543865203857

-------------Round number: 3-------------

Evaluate global model
Averaged Train Loss: 1.8991
Averaged Test Accurancy: 0.2685
Averaged Test AUC: 0.6345
Std Test Accurancy: 0.3302
Std Test AUC: 0.2524
------------------------- time cost ------------------------- 16.960850954055786

-------------Round number: 4-------------

Evaluate global model
Averaged Train Loss: 1.7013
Averaged Test Accurancy: 0.3540
Averaged Test AUC: 0.6678
Std Test Accurancy: 0.3588
Std Test AUC: 0.2614
------------------------- time cost ------------------------- 13.706671476364136

-------------Round number: 5-------------

Evaluate global model
Averaged Train Loss: 1.6185
Averaged Test Accurancy: 0.3763
Averaged Test AUC: 0.6974
Std Test Accurancy: 0.3593
Std Test AUC: 0.2622
------------------------- time cost ------------------------- 16.887388229370117

-------------Round number: 6-------------

Evaluate global model
Averaged Train Loss: 1.5063
Averaged Test Accurancy: 0.4019
Averaged Test AUC: 0.7139
Std Test Accurancy: 0.3616
Std Test AUC: 0.2616
------------------------- time cost ------------------------- 17.76301598548889

-------------Round number: 7-------------

Evaluate global model
Averaged Train Loss: 1.2964
Averaged Test Accurancy: 0.4712
Averaged Test AUC: 0.7355
Std Test Accurancy: 0.3812
Std Test AUC: 0.2713
------------------------- time cost ------------------------- 15.317393064498901

-------------Round number: 8-------------

Evaluate global model
Averaged Train Loss: 1.1544
Averaged Test Accurancy: 0.5184
Averaged Test AUC: 0.7773
Std Test Accurancy: 0.3824
Std Test AUC: 0.2636
------------------------- time cost ------------------------- 15.671534299850464

-------------Round number: 9-------------

Evaluate global model
Averaged Train Loss: 0.9915
Averaged Test Accurancy: 0.5639
Averaged Test AUC: 0.8028
Std Test Accurancy: 0.3831
Std Test AUC: 0.2633
------------------------- time cost ------------------------- 12.000147342681885

-------------Round number: 10-------------

Evaluate global model
Averaged Train Loss: 0.9423
Averaged Test Accurancy: 0.5725
Averaged Test AUC: 0.8043
Std Test Accurancy: 0.3923
Std Test AUC: 0.2690
------------------------- time cost ------------------------- 9.83566403388977

-------------Round number: 11-------------

Evaluate global model
Averaged Train Loss: 1.0516
Averaged Test Accurancy: 0.5396
Averaged Test AUC: 0.7932
Std Test Accurancy: 0.3842
Std Test AUC: 0.2587
------------------------- time cost ------------------------- 14.928162813186646

-------------Round number: 12-------------

Evaluate global model
Averaged Train Loss: 1.0995
Averaged Test Accurancy: 0.5328
Averaged Test AUC: 0.7913
Std Test Accurancy: 0.3834
Std Test AUC: 0.2579
------------------------- time cost ------------------------- 17.84554624557495

-------------Round number: 13-------------

Evaluate global model
Averaged Train Loss: 0.8582
Averaged Test Accurancy: 0.5993
Averaged Test AUC: 0.8285
Std Test Accurancy: 0.3804
Std Test AUC: 0.2520
------------------------- time cost ------------------------- 12.529834032058716

-------------Round number: 14-------------

Evaluate global model
Averaged Train Loss: 0.8219
Averaged Test Accurancy: 0.6282
Averaged Test AUC: 0.8419
Std Test Accurancy: 0.3736
Std Test AUC: 0.2461
------------------------- time cost ------------------------- 13.11475682258606

-------------Round number: 15-------------

Evaluate global model
Averaged Train Loss: 0.9160
Averaged Test Accurancy: 0.5960
Averaged Test AUC: 0.8295
Std Test Accurancy: 0.3763
Std Test AUC: 0.2516
------------------------- time cost ------------------------- 16.986823081970215

-------------Round number: 16-------------

Evaluate global model
Averaged Train Loss: 0.8226
Averaged Test Accurancy: 0.6307
Averaged Test AUC: 0.8419
Std Test Accurancy: 0.3758
Std Test AUC: 0.2420
------------------------- time cost ------------------------- 13.706480264663696

-------------Round number: 17-------------

Evaluate global model
Averaged Train Loss: 0.7276
Averaged Test Accurancy: 0.6444
Averaged Test AUC: 0.8586
Std Test Accurancy: 0.3675
Std Test AUC: 0.2306
------------------------- time cost ------------------------- 14.269950866699219

-------------Round number: 18-------------

Evaluate global model
Averaged Train Loss: 0.7856
Averaged Test Accurancy: 0.6516
Averaged Test AUC: 0.8638
Std Test Accurancy: 0.3584
Std Test AUC: 0.2259
------------------------- time cost ------------------------- 20.227916479110718

-------------Round number: 19-------------

Evaluate global model
Averaged Train Loss: 0.7082
Averaged Test Accurancy: 0.6701
Averaged Test AUC: 0.8698
Std Test Accurancy: 0.3615
Std Test AUC: 0.2231
------------------------- time cost ------------------------- 15.372853755950928

-------------Round number: 20-------------

Evaluate global model
Averaged Train Loss: 0.5496
Averaged Test Accurancy: 0.7185
Averaged Test AUC: 0.8976
Std Test Accurancy: 0.3432
Std Test AUC: 0.2030
------------------------- time cost ------------------------- 14.522110223770142

-------------Round number: 21-------------

Evaluate global model
Averaged Train Loss: 0.5460
Averaged Test Accurancy: 0.7093
Averaged Test AUC: 0.8928
Std Test Accurancy: 0.3532
Std Test AUC: 0.2065
------------------------- time cost ------------------------- 13.685542106628418

-------------Round number: 22-------------

Evaluate global model
Averaged Train Loss: 0.4364
Averaged Test Accurancy: 0.7383
Averaged Test AUC: 0.9094
Std Test Accurancy: 0.3485
Std Test AUC: 0.1997
------------------------- time cost ------------------------- 13.127082586288452

-------------Round number: 23-------------

Evaluate global model
Averaged Train Loss: 0.4536
Averaged Test Accurancy: 0.7479
Averaged Test AUC: 0.9108
Std Test Accurancy: 0.3318
Std Test AUC: 0.1992
------------------------- time cost ------------------------- 14.052252292633057

-------------Round number: 24-------------

Evaluate global model
Averaged Train Loss: 0.4143
Averaged Test Accurancy: 0.7515
Averaged Test AUC: 0.9153
Std Test Accurancy: 0.3413
Std Test AUC: 0.1975
------------------------- time cost ------------------------- 13.82923150062561

-------------Round number: 25-------------

Evaluate global model
Averaged Train Loss: 0.4441
Averaged Test Accurancy: 0.7415
Averaged Test AUC: 0.9114
Std Test Accurancy: 0.3321
Std Test AUC: 0.1947
------------------------- time cost ------------------------- 15.631200551986694

-------------Round number: 26-------------

Evaluate global model
Averaged Train Loss: 0.3349
Averaged Test Accurancy: 0.7839
Averaged Test AUC: 0.9324
Std Test Accurancy: 0.3170
Std Test AUC: 0.1766
------------------------- time cost ------------------------- 13.308003902435303

-------------Round number: 27-------------

Evaluate global model
Averaged Train Loss: 0.3070
Averaged Test Accurancy: 0.7832
Averaged Test AUC: 0.9361
Std Test Accurancy: 0.3105
Std Test AUC: 0.1762
------------------------- time cost ------------------------- 14.091928958892822

-------------Round number: 28-------------

Evaluate global model
Averaged Train Loss: 0.3704
Averaged Test Accurancy: 0.7668
Averaged Test AUC: 0.9280
Std Test Accurancy: 0.3318
Std Test AUC: 0.1875
------------------------- time cost ------------------------- 14.777312755584717

-------------Round number: 29-------------

Evaluate global model
Averaged Train Loss: 0.4050
Averaged Test Accurancy: 0.7680
Averaged Test AUC: 0.9260
Std Test Accurancy: 0.3160
Std Test AUC: 0.1917
------------------------- time cost ------------------------- 14.967085599899292

-------------Round number: 30-------------

Evaluate global model
Averaged Train Loss: 0.3970
Averaged Test Accurancy: 0.7566
Averaged Test AUC: 0.9304
Std Test Accurancy: 0.3030
Std Test AUC: 0.1698
------------------------- time cost ------------------------- 18.72476553916931

-------------Round number: 31-------------

Evaluate global model
Averaged Train Loss: 0.2921
Averaged Test Accurancy: 0.7908
Averaged Test AUC: 0.9387
Std Test Accurancy: 0.3012
Std Test AUC: 0.1704
------------------------- time cost ------------------------- 17.720283269882202

-------------Round number: 32-------------

Evaluate global model
Averaged Train Loss: 0.5638
Averaged Test Accurancy: 0.7371
Averaged Test AUC: 0.9040
Std Test Accurancy: 0.3352
Std Test AUC: 0.1973
------------------------- time cost ------------------------- 16.84937286376953

-------------Round number: 33-------------

Evaluate global model
Averaged Train Loss: 0.2865
Averaged Test Accurancy: 0.7895
Averaged Test AUC: 0.9375
Std Test Accurancy: 0.3264
Std Test AUC: 0.1756
------------------------- time cost ------------------------- 11.4767746925354

-------------Round number: 34-------------

Evaluate global model
Averaged Train Loss: 0.3852
Averaged Test Accurancy: 0.7699
Averaged Test AUC: 0.9249
Std Test Accurancy: 0.3295
Std Test AUC: 0.1811
------------------------- time cost ------------------------- 15.200668811798096

-------------Round number: 35-------------

Evaluate global model
Averaged Train Loss: 0.3369
Averaged Test Accurancy: 0.7797
Averaged Test AUC: 0.9325
Std Test Accurancy: 0.3264
Std Test AUC: 0.1681
------------------------- time cost ------------------------- 14.510469675064087

-------------Round number: 36-------------

Evaluate global model
Averaged Train Loss: 0.3552
Averaged Test Accurancy: 0.7794
Averaged Test AUC: 0.9347
Std Test Accurancy: 0.3130
Std Test AUC: 0.1684
------------------------- time cost ------------------------- 17.402811288833618

-------------Round number: 37-------------

Evaluate global model
Averaged Train Loss: 0.2730
Averaged Test Accurancy: 0.7912
Averaged Test AUC: 0.9397
Std Test Accurancy: 0.3226
Std Test AUC: 0.1651
------------------------- time cost ------------------------- 11.92968225479126

-------------Round number: 38-------------

Evaluate global model
Averaged Train Loss: 0.3016
Averaged Test Accurancy: 0.7838
Averaged Test AUC: 0.9393
Std Test Accurancy: 0.3188
Std Test AUC: 0.1540
------------------------- time cost ------------------------- 14.1943039894104

-------------Round number: 39-------------

Evaluate global model
Averaged Train Loss: 0.2361
Averaged Test Accurancy: 0.8096
Averaged Test AUC: 0.9486
Std Test Accurancy: 0.3036
Std Test AUC: 0.1529
------------------------- time cost ------------------------- 12.022075414657593

-------------Round number: 40-------------

Evaluate global model
Averaged Train Loss: 0.2933
Averaged Test Accurancy: 0.7932
Averaged Test AUC: 0.9401
Std Test Accurancy: 0.3178
Std Test AUC: 0.1725
------------------------- time cost ------------------------- 13.140570402145386

-------------Round number: 41-------------

Evaluate global model
Averaged Train Loss: 0.2409
Averaged Test Accurancy: 0.8035
Averaged Test AUC: 0.9476
Std Test Accurancy: 0.2958
Std Test AUC: 0.1633
------------------------- time cost ------------------------- 14.25131344795227

-------------Round number: 42-------------

Evaluate global model
Averaged Train Loss: 0.2751
Averaged Test Accurancy: 0.7891
Averaged Test AUC: 0.9464
Std Test Accurancy: 0.3226
Std Test AUC: 0.1579
------------------------- time cost ------------------------- 13.816322088241577

-------------Round number: 43-------------

Evaluate global model
Averaged Train Loss: 0.2658
Averaged Test Accurancy: 0.7888
Averaged Test AUC: 0.9456
Std Test Accurancy: 0.2967
Std Test AUC: 0.1528
------------------------- time cost ------------------------- 16.523136854171753

-------------Round number: 44-------------

Evaluate global model
Averaged Train Loss: 0.3006
Averaged Test Accurancy: 0.7892
Averaged Test AUC: 0.9382
Std Test Accurancy: 0.3167
Std Test AUC: 0.1709
------------------------- time cost ------------------------- 15.6335608959198

-------------Round number: 45-------------

Evaluate global model
Averaged Train Loss: 0.2170
Averaged Test Accurancy: 0.8112
Averaged Test AUC: 0.9504
Std Test Accurancy: 0.2994
Std Test AUC: 0.1468
------------------------- time cost ------------------------- 13.060651302337646

-------------Round number: 46-------------

Evaluate global model
Averaged Train Loss: 0.2341
Averaged Test Accurancy: 0.8044
Averaged Test AUC: 0.9492
Std Test Accurancy: 0.2977
Std Test AUC: 0.1460
------------------------- time cost ------------------------- 13.717795372009277

-------------Round number: 47-------------

Evaluate global model
Averaged Train Loss: 0.2928
Averaged Test Accurancy: 0.7973
Averaged Test AUC: 0.9428
Std Test Accurancy: 0.2766
Std Test AUC: 0.1425
------------------------- time cost ------------------------- 16.52728247642517

-------------Round number: 48-------------

Evaluate global model
Averaged Train Loss: 0.2290
Averaged Test Accurancy: 0.8136
Averaged Test AUC: 0.9526
Std Test Accurancy: 0.2630
Std Test AUC: 0.1334
------------------------- time cost ------------------------- 16.353100299835205

-------------Round number: 49-------------

Evaluate global model
Averaged Train Loss: 0.2197
Averaged Test Accurancy: 0.8220
Averaged Test AUC: 0.9556
Std Test Accurancy: 0.2687
Std Test AUC: 0.1370
------------------------- time cost ------------------------- 14.328550338745117

-------------Round number: 50-------------

Evaluate global model
Averaged Train Loss: 0.1797
Averaged Test Accurancy: 0.8250
Averaged Test AUC: 0.9617
Std Test Accurancy: 0.2616
Std Test AUC: 0.1274
------------------------- time cost ------------------------- 15.164960145950317

-------------Round number: 51-------------

Evaluate global model
Averaged Train Loss: 0.2786
Averaged Test Accurancy: 0.7957
Averaged Test AUC: 0.9487
Std Test Accurancy: 0.2598
Std Test AUC: 0.1290
------------------------- time cost ------------------------- 17.009456872940063

-------------Round number: 52-------------

Evaluate global model
Averaged Train Loss: 0.1905
Averaged Test Accurancy: 0.8194
Averaged Test AUC: 0.9576
Std Test Accurancy: 0.2560
Std Test AUC: 0.1339
------------------------- time cost ------------------------- 13.401012182235718

-------------Round number: 53-------------

Evaluate global model
Averaged Train Loss: 0.2184
Averaged Test Accurancy: 0.8175
Averaged Test AUC: 0.9550
Std Test Accurancy: 0.2491
Std Test AUC: 0.1314
------------------------- time cost ------------------------- 14.716737747192383

-------------Round number: 54-------------

Evaluate global model
Averaged Train Loss: 0.3080
Averaged Test Accurancy: 0.7947
Averaged Test AUC: 0.9417
Std Test Accurancy: 0.2671
Std Test AUC: 0.1504
------------------------- time cost ------------------------- 17.07005500793457

-------------Round number: 55-------------

Evaluate global model
Averaged Train Loss: 0.3184
Averaged Test Accurancy: 0.7909
Averaged Test AUC: 0.9375
Std Test Accurancy: 0.2660
Std Test AUC: 0.1519
------------------------- time cost ------------------------- 15.218448877334595

-------------Round number: 56-------------

Evaluate global model
Averaged Train Loss: 0.2160
Averaged Test Accurancy: 0.8170
Averaged Test AUC: 0.9552
Std Test Accurancy: 0.2451
Std Test AUC: 0.1282
------------------------- time cost ------------------------- 13.826052904129028

-------------Round number: 57-------------

Evaluate global model
Averaged Train Loss: 0.1843
Averaged Test Accurancy: 0.8289
Averaged Test AUC: 0.9584
Std Test Accurancy: 0.2459
Std Test AUC: 0.1291
------------------------- time cost ------------------------- 14.299474716186523

-------------Round number: 58-------------

Evaluate global model
Averaged Train Loss: 0.2477
Averaged Test Accurancy: 0.8187
Averaged Test AUC: 0.9538
Std Test Accurancy: 0.2668
Std Test AUC: 0.1344
------------------------- time cost ------------------------- 15.011210680007935

-------------Round number: 59-------------

Evaluate global model
Averaged Train Loss: 0.1498
Averaged Test Accurancy: 0.8357
Averaged Test AUC: 0.9621
Std Test Accurancy: 0.2527
Std Test AUC: 0.1251
------------------------- time cost ------------------------- 12.310495853424072

-------------Round number: 60-------------

Evaluate global model
Averaged Train Loss: 0.2351
Averaged Test Accurancy: 0.8233
Averaged Test AUC: 0.9525
Std Test Accurancy: 0.2734
Std Test AUC: 0.1530
------------------------- time cost ------------------------- 14.516344785690308

-------------Round number: 61-------------

Evaluate global model
Averaged Train Loss: 0.2216
Averaged Test Accurancy: 0.8227
Averaged Test AUC: 0.9545
Std Test Accurancy: 0.2782
Std Test AUC: 0.1464
------------------------- time cost ------------------------- 14.11636757850647

-------------Round number: 62-------------

Evaluate global model
Averaged Train Loss: 0.3058
Averaged Test Accurancy: 0.7870
Averaged Test AUC: 0.9424
Std Test Accurancy: 0.3041
Std Test AUC: 0.1522
------------------------- time cost ------------------------- 17.106966972351074

-------------Round number: 63-------------

Evaluate global model
Averaged Train Loss: 0.2109
Averaged Test Accurancy: 0.8135
Averaged Test AUC: 0.9505
Std Test Accurancy: 0.3056
Std Test AUC: 0.1559
------------------------- time cost ------------------------- 12.095533609390259

-------------Round number: 64-------------

Evaluate global model
Averaged Train Loss: 0.2449
Averaged Test Accurancy: 0.8015
Averaged Test AUC: 0.9461
Std Test Accurancy: 0.3072
Std Test AUC: 0.1595
------------------------- time cost ------------------------- 13.648762702941895

-------------Round number: 65-------------

Evaluate global model
Averaged Train Loss: 0.2631
Averaged Test Accurancy: 0.8001
Averaged Test AUC: 0.9424
Std Test Accurancy: 0.2856
Std Test AUC: 0.1539
------------------------- time cost ------------------------- 15.749927997589111

-------------Round number: 66-------------

Evaluate global model
Averaged Train Loss: 0.1715
Averaged Test Accurancy: 0.8265
Averaged Test AUC: 0.9579
Std Test Accurancy: 0.2832
Std Test AUC: 0.1447
------------------------- time cost ------------------------- 13.11928653717041

-------------Round number: 67-------------

Evaluate global model
Averaged Train Loss: 0.2113
Averaged Test Accurancy: 0.8172
Averaged Test AUC: 0.9525
Std Test Accurancy: 0.2865
Std Test AUC: 0.1477
------------------------- time cost ------------------------- 13.39456558227539

-------------Round number: 68-------------

Evaluate global model
Averaged Train Loss: 0.2015
Averaged Test Accurancy: 0.8197
Averaged Test AUC: 0.9548
Std Test Accurancy: 0.2790
Std Test AUC: 0.1454
------------------------- time cost ------------------------- 14.467631340026855

-------------Round number: 69-------------

Evaluate global model
Averaged Train Loss: 0.2994
Averaged Test Accurancy: 0.7975
Averaged Test AUC: 0.9399
Std Test Accurancy: 0.2859
Std Test AUC: 0.1521
------------------------- time cost ------------------------- 16.99417209625244

-------------Round number: 70-------------

Evaluate global model
Averaged Train Loss: 0.1680
Averaged Test Accurancy: 0.8327
Averaged Test AUC: 0.9570
Std Test Accurancy: 0.2799
Std Test AUC: 0.1500
------------------------- time cost ------------------------- 15.40832805633545

-------------Round number: 71-------------

Evaluate global model
Averaged Train Loss: 0.1553
Averaged Test Accurancy: 0.8303
Averaged Test AUC: 0.9604
Std Test Accurancy: 0.2904
Std Test AUC: 0.1519
------------------------- time cost ------------------------- 11.53121566772461

-------------Round number: 72-------------

Evaluate global model
Averaged Train Loss: 0.1818
Averaged Test Accurancy: 0.8204
Averaged Test AUC: 0.9557
Std Test Accurancy: 0.2690
Std Test AUC: 0.1429
------------------------- time cost ------------------------- 14.741923332214355

-------------Round number: 73-------------

Evaluate global model
Averaged Train Loss: 0.1687
Averaged Test Accurancy: 0.8255
Averaged Test AUC: 0.9576
Std Test Accurancy: 0.2742
Std Test AUC: 0.1486
------------------------- time cost ------------------------- 13.815179824829102

-------------Round number: 74-------------

Evaluate global model
Averaged Train Loss: 0.2249
Averaged Test Accurancy: 0.8116
Averaged Test AUC: 0.9505
Std Test Accurancy: 0.2747
Std Test AUC: 0.1524
------------------------- time cost ------------------------- 14.590328454971313

-------------Round number: 75-------------

Evaluate global model
Averaged Train Loss: 0.2687
Averaged Test Accurancy: 0.7991
Averaged Test AUC: 0.9435
Std Test Accurancy: 0.2663
Std Test AUC: 0.1487
------------------------- time cost ------------------------- 16.908594369888306

-------------Round number: 76-------------

Evaluate global model
Averaged Train Loss: 0.3021
Averaged Test Accurancy: 0.7946
Averaged Test AUC: 0.9396
Std Test Accurancy: 0.2880
Std Test AUC: 0.1581
------------------------- time cost ------------------------- 17.807018995285034

-------------Round number: 77-------------

Evaluate global model
Averaged Train Loss: 0.2675
Averaged Test Accurancy: 0.7976
Averaged Test AUC: 0.9443
Std Test Accurancy: 0.2883
Std Test AUC: 0.1541
------------------------- time cost ------------------------- 15.609375715255737

-------------Round number: 78-------------

Evaluate global model
Averaged Train Loss: 0.1897
Averaged Test Accurancy: 0.8285
Averaged Test AUC: 0.9538
Std Test Accurancy: 0.2695
Std Test AUC: 0.1514
------------------------- time cost ------------------------- 13.701314210891724

-------------Round number: 79-------------

Evaluate global model
Averaged Train Loss: 0.1038
Averaged Test Accurancy: 0.8465
Averaged Test AUC: 0.9675
Std Test Accurancy: 0.2395
Std Test AUC: 0.1344
------------------------- time cost ------------------------- 11.965636253356934

-------------Round number: 80-------------

Evaluate global model
Averaged Train Loss: 0.2701
Averaged Test Accurancy: 0.8013
Averaged Test AUC: 0.9489
Std Test Accurancy: 0.2651
Std Test AUC: 0.1378
------------------------- time cost ------------------------- 14.485806941986084

-------------Round number: 81-------------

Evaluate global model
Averaged Train Loss: 0.1826
Averaged Test Accurancy: 0.8265
Averaged Test AUC: 0.9533
Std Test Accurancy: 0.2636
Std Test AUC: 0.1482
------------------------- time cost ------------------------- 14.791032314300537

-------------Round number: 82-------------

Evaluate global model
Averaged Train Loss: 0.1485
Averaged Test Accurancy: 0.8278
Averaged Test AUC: 0.9603
Std Test Accurancy: 0.2625
Std Test AUC: 0.1369
------------------------- time cost ------------------------- 13.632279396057129

-------------Round number: 83-------------

Evaluate global model
Averaged Train Loss: 0.2523
Averaged Test Accurancy: 0.8145
Averaged Test AUC: 0.9466
Std Test Accurancy: 0.2698
Std Test AUC: 0.1507
------------------------- time cost ------------------------- 13.650615453720093

-------------Round number: 84-------------

Evaluate global model
Averaged Train Loss: 0.2214
Averaged Test Accurancy: 0.8156
Averaged Test AUC: 0.9476
Std Test Accurancy: 0.2814
Std Test AUC: 0.1569
------------------------- time cost ------------------------- 15.550904750823975

-------------Round number: 85-------------

Evaluate global model
Averaged Train Loss: 0.2298
Averaged Test Accurancy: 0.8096
Averaged Test AUC: 0.9493
Std Test Accurancy: 0.2623
Std Test AUC: 0.1395
------------------------- time cost ------------------------- 15.706208229064941

-------------Round number: 86-------------

Evaluate global model
Averaged Train Loss: 0.1661
Averaged Test Accurancy: 0.8253
Averaged Test AUC: 0.9581
Std Test Accurancy: 0.2644
Std Test AUC: 0.1309
------------------------- time cost ------------------------- 14.31621503829956

-------------Round number: 87-------------

Evaluate global model
Averaged Train Loss: 0.2515
Averaged Test Accurancy: 0.8057
Averaged Test AUC: 0.9469
Std Test Accurancy: 0.2711
Std Test AUC: 0.1382
------------------------- time cost ------------------------- 16.57012701034546

-------------Round number: 88-------------

Evaluate global model
Averaged Train Loss: 0.2636
Averaged Test Accurancy: 0.8053
Averaged Test AUC: 0.9427
Std Test Accurancy: 0.2937
Std Test AUC: 0.1600
------------------------- time cost ------------------------- 13.951558113098145

-------------Round number: 89-------------

Evaluate global model
Averaged Train Loss: 0.1763
Averaged Test Accurancy: 0.8226
Averaged Test AUC: 0.9543
Std Test Accurancy: 0.2657
Std Test AUC: 0.1375
------------------------- time cost ------------------------- 14.914975643157959

-------------Round number: 90-------------

Evaluate global model
Averaged Train Loss: 0.2312
Averaged Test Accurancy: 0.8141
Averaged Test AUC: 0.9487
Std Test Accurancy: 0.2797
Std Test AUC: 0.1441
------------------------- time cost ------------------------- 15.105189085006714

-------------Round number: 91-------------

Evaluate global model
Averaged Train Loss: 0.1754
Averaged Test Accurancy: 0.8194
Averaged Test AUC: 0.9557
Std Test Accurancy: 0.2928
Std Test AUC: 0.1426
------------------------- time cost ------------------------- 15.506293535232544

-------------Round number: 92-------------

Evaluate global model
Averaged Train Loss: 0.1626
Averaged Test Accurancy: 0.8296
Averaged Test AUC: 0.9527
Std Test Accurancy: 0.2716
Std Test AUC: 0.1461
------------------------- time cost ------------------------- 12.442078351974487

-------------Round number: 93-------------

Evaluate global model
Averaged Train Loss: 0.2211
Averaged Test Accurancy: 0.8179
Averaged Test AUC: 0.9485
Std Test Accurancy: 0.2721
Std Test AUC: 0.1366
------------------------- time cost ------------------------- 14.544744491577148

-------------Round number: 94-------------

Evaluate global model
Averaged Train Loss: 0.2198
Averaged Test Accurancy: 0.8177
Averaged Test AUC: 0.9465
Std Test Accurancy: 0.2789
Std Test AUC: 0.1427
------------------------- time cost ------------------------- 14.322096109390259

-------------Round number: 95-------------

Evaluate global model
Averaged Train Loss: 0.1610
Averaged Test Accurancy: 0.8290
Averaged Test AUC: 0.9539
Std Test Accurancy: 0.2763
Std Test AUC: 0.1503
------------------------- time cost ------------------------- 12.774519681930542

-------------Round number: 96-------------

Evaluate global model
Averaged Train Loss: 0.1795
Averaged Test Accurancy: 0.8191
Averaged Test AUC: 0.9550
Std Test Accurancy: 0.2777
Std Test AUC: 0.1388
------------------------- time cost ------------------------- 14.307284593582153

-------------Round number: 97-------------

Evaluate global model
Averaged Train Loss: 0.2174
Averaged Test Accurancy: 0.8071
Averaged Test AUC: 0.9524
Std Test Accurancy: 0.2800
Std Test AUC: 0.1314
------------------------- time cost ------------------------- 14.634231567382812

-------------Round number: 98-------------

Evaluate global model
Averaged Train Loss: 0.2836
Averaged Test Accurancy: 0.7976
Averaged Test AUC: 0.9418
Std Test Accurancy: 0.2656
Std Test AUC: 0.1378
------------------------- time cost ------------------------- 16.734365463256836

-------------Round number: 99-------------

Evaluate global model
Averaged Train Loss: 0.1895
Averaged Test Accurancy: 0.8197
Averaged Test AUC: 0.9536
Std Test Accurancy: 0.2723
Std Test AUC: 0.1351
------------------------- time cost ------------------------- 15.084448099136353

-------------Round number: 100-------------

Evaluate global model
Averaged Train Loss: 0.1712
Averaged Test Accurancy: 0.8227
Averaged Test AUC: 0.9554
Std Test Accurancy: 0.2828
Std Test AUC: 0.1281
------------------------- time cost ------------------------- 13.638343572616577

-------------Round number: 101-------------

Evaluate global model
Averaged Train Loss: 0.3189
Averaged Test Accurancy: 0.7877
Averaged Test AUC: 0.9376
Std Test Accurancy: 0.2842
Std Test AUC: 0.1467
------------------------- time cost ------------------------- 18.156474828720093

-------------Round number: 102-------------

Evaluate global model
Averaged Train Loss: 0.1916
Averaged Test Accurancy: 0.8209
Averaged Test AUC: 0.9541
Std Test Accurancy: 0.2701
Std Test AUC: 0.1278
------------------------- time cost ------------------------- 16.691359758377075

-------------Round number: 103-------------

Evaluate global model
Averaged Train Loss: 0.2614
Averaged Test Accurancy: 0.8016
Averaged Test AUC: 0.9467
Std Test Accurancy: 0.2795
Std Test AUC: 0.1340
------------------------- time cost ------------------------- 18.384782075881958

-------------Round number: 104-------------

Evaluate global model
Averaged Train Loss: 0.1027
Averaged Test Accurancy: 0.8486
Averaged Test AUC: 0.9649
Std Test Accurancy: 0.2678
Std Test AUC: 0.1186
------------------------- time cost ------------------------- 11.663498640060425

-------------Round number: 105-------------

Evaluate global model
Averaged Train Loss: 0.3796
Averaged Test Accurancy: 0.7814
Averaged Test AUC: 0.9288
Std Test Accurancy: 0.2896
Std Test AUC: 0.1546
------------------------- time cost ------------------------- 17.78597116470337

-------------Round number: 106-------------

Evaluate global model
Averaged Train Loss: 0.1725
Averaged Test Accurancy: 0.8257
Averaged Test AUC: 0.9513
Std Test Accurancy: 0.2723
Std Test AUC: 0.1364
------------------------- time cost ------------------------- 13.011642217636108

-------------Round number: 107-------------

Evaluate global model
Averaged Train Loss: 0.1321
Averaged Test Accurancy: 0.8414
Averaged Test AUC: 0.9608
Std Test Accurancy: 0.2447
Std Test AUC: 0.1239
------------------------- time cost ------------------------- 12.794258117675781

-------------Round number: 108-------------

Evaluate global model
Averaged Train Loss: 0.1239
Averaged Test Accurancy: 0.8425
Averaged Test AUC: 0.9617
Std Test Accurancy: 0.2547
Std Test AUC: 0.1292
------------------------- time cost ------------------------- 11.24924111366272

-------------Round number: 109-------------

Evaluate global model
Averaged Train Loss: 0.2312
Averaged Test Accurancy: 0.8225
Averaged Test AUC: 0.9446
Std Test Accurancy: 0.2609
Std Test AUC: 0.1409
------------------------- time cost ------------------------- 14.069587469100952

-------------Round number: 110-------------

Evaluate global model
Averaged Train Loss: 0.1670
Averaged Test Accurancy: 0.8266
Averaged Test AUC: 0.9563
Std Test Accurancy: 0.2542
Std Test AUC: 0.1261
------------------------- time cost ------------------------- 14.69166898727417

-------------Round number: 111-------------

Evaluate global model
Averaged Train Loss: 0.1736
Averaged Test Accurancy: 0.8288
Averaged Test AUC: 0.9536
Std Test Accurancy: 0.2676
Std Test AUC: 0.1413
------------------------- time cost ------------------------- 14.49282956123352

-------------Round number: 112-------------

Evaluate global model
Averaged Train Loss: 0.2648
Averaged Test Accurancy: 0.8079
Averaged Test AUC: 0.9462
Std Test Accurancy: 0.2577
Std Test AUC: 0.1272
------------------------- time cost ------------------------- 17.59876561164856

-------------Round number: 113-------------

Evaluate global model
Averaged Train Loss: 0.2702
Averaged Test Accurancy: 0.8004
Averaged Test AUC: 0.9413
Std Test Accurancy: 0.2627
Std Test AUC: 0.1365
------------------------- time cost ------------------------- 16.693452835083008

-------------Round number: 114-------------

Evaluate global model
Averaged Train Loss: 0.1579
Averaged Test Accurancy: 0.8237
Averaged Test AUC: 0.9575
Std Test Accurancy: 0.2561
Std Test AUC: 0.1246
------------------------- time cost ------------------------- 14.786539077758789

-------------Round number: 115-------------

Evaluate global model
Averaged Train Loss: 0.1139
Averaged Test Accurancy: 0.8392
Averaged Test AUC: 0.9610
Std Test Accurancy: 0.2608
Std Test AUC: 0.1301
------------------------- time cost ------------------------- 11.674979448318481

-------------Round number: 116-------------

Evaluate global model
Averaged Train Loss: 0.1911
Averaged Test Accurancy: 0.8288
Averaged Test AUC: 0.9544
Std Test Accurancy: 0.2680
Std Test AUC: 0.1317
------------------------- time cost ------------------------- 13.872922897338867

-------------Round number: 117-------------

Evaluate global model
Averaged Train Loss: 0.2273
Averaged Test Accurancy: 0.8103
Averaged Test AUC: 0.9523
Std Test Accurancy: 0.2498
Std Test AUC: 0.1214
------------------------- time cost ------------------------- 18.591489553451538

-------------Round number: 118-------------

Evaluate global model
Averaged Train Loss: 0.0992
Averaged Test Accurancy: 0.8488
Averaged Test AUC: 0.9637
Std Test Accurancy: 0.2660
Std Test AUC: 0.1225
------------------------- time cost ------------------------- 12.08576512336731

-------------Round number: 119-------------

Evaluate global model
Averaged Train Loss: 0.1240
Averaged Test Accurancy: 0.8408
Averaged Test AUC: 0.9637
Std Test Accurancy: 0.2804
Std Test AUC: 0.1206
------------------------- time cost ------------------------- 12.636651754379272

-------------Round number: 120-------------

Evaluate global model
Averaged Train Loss: 0.1959
Averaged Test Accurancy: 0.8229
Averaged Test AUC: 0.9531
Std Test Accurancy: 0.2926
Std Test AUC: 0.1320
------------------------- time cost ------------------------- 14.912546396255493

-------------Round number: 121-------------

Evaluate global model
Averaged Train Loss: 0.2043
Averaged Test Accurancy: 0.8199
Averaged Test AUC: 0.9507
Std Test Accurancy: 0.2866
Std Test AUC: 0.1375
------------------------- time cost ------------------------- 14.265965223312378

-------------Round number: 122-------------

Evaluate global model
Averaged Train Loss: 0.1914
Averaged Test Accurancy: 0.8178
Averaged Test AUC: 0.9505
Std Test Accurancy: 0.2819
Std Test AUC: 0.1335
------------------------- time cost ------------------------- 14.519063234329224

-------------Round number: 123-------------

Evaluate global model
Averaged Train Loss: 0.2735
Averaged Test Accurancy: 0.7909
Averaged Test AUC: 0.9402
Std Test Accurancy: 0.2760
Std Test AUC: 0.1303
------------------------- time cost ------------------------- 18.503113985061646

-------------Round number: 124-------------

Evaluate global model
Averaged Train Loss: 0.1569
Averaged Test Accurancy: 0.8382
Averaged Test AUC: 0.9595
Std Test Accurancy: 0.2705
Std Test AUC: 0.1299
------------------------- time cost ------------------------- 15.85529375076294

-------------Round number: 125-------------

Evaluate global model
Averaged Train Loss: 0.1753
Averaged Test Accurancy: 0.8252
Averaged Test AUC: 0.9526
Std Test Accurancy: 0.2856
Std Test AUC: 0.1351
------------------------- time cost ------------------------- 13.918904304504395

-------------Round number: 126-------------

Evaluate global model
Averaged Train Loss: 0.1873
Averaged Test Accurancy: 0.8282
Averaged Test AUC: 0.9533
Std Test Accurancy: 0.2781
Std Test AUC: 0.1327
------------------------- time cost ------------------------- 17.57867121696472

-------------Round number: 127-------------

Evaluate global model
Averaged Train Loss: 0.1595
Averaged Test Accurancy: 0.8299
Averaged Test AUC: 0.9540
Std Test Accurancy: 0.2727
Std Test AUC: 0.1310
------------------------- time cost ------------------------- 14.079191207885742

-------------Round number: 128-------------

Evaluate global model
Averaged Train Loss: 0.2193
Averaged Test Accurancy: 0.8185
Averaged Test AUC: 0.9480
Std Test Accurancy: 0.2715
Std Test AUC: 0.1330
------------------------- time cost ------------------------- 16.067302227020264

-------------Round number: 129-------------

Evaluate global model
Averaged Train Loss: 0.1995
Averaged Test Accurancy: 0.8187
Averaged Test AUC: 0.9495
Std Test Accurancy: 0.2608
Std Test AUC: 0.1249
------------------------- time cost ------------------------- 16.713884115219116

-------------Round number: 130-------------

Evaluate global model
Averaged Train Loss: 0.2100
Averaged Test Accurancy: 0.8193
Averaged Test AUC: 0.9471
Std Test Accurancy: 0.2722
Std Test AUC: 0.1348
------------------------- time cost ------------------------- 13.598785877227783

-------------Round number: 131-------------

Evaluate global model
Averaged Train Loss: 0.1126
Averaged Test Accurancy: 0.8404
Averaged Test AUC: 0.9574
Std Test Accurancy: 0.2708
Std Test AUC: 0.1319
------------------------- time cost ------------------------- 11.395628213882446

-------------Round number: 132-------------

Evaluate global model
Averaged Train Loss: 0.1920
Averaged Test Accurancy: 0.8228
Averaged Test AUC: 0.9452
Std Test Accurancy: 0.2729
Std Test AUC: 0.1373
------------------------- time cost ------------------------- 14.335256814956665

-------------Round number: 133-------------

Evaluate global model
Averaged Train Loss: 0.1287
Averaged Test Accurancy: 0.8345
Averaged Test AUC: 0.9592
Std Test Accurancy: 0.2651
Std Test AUC: 0.1317
------------------------- time cost ------------------------- 13.82050108909607

-------------Round number: 134-------------

Evaluate global model
Averaged Train Loss: 0.2063
Averaged Test Accurancy: 0.8118
Averaged Test AUC: 0.9510
Std Test Accurancy: 0.3018
Std Test AUC: 0.1378
------------------------- time cost ------------------------- 12.763424634933472

-------------Round number: 135-------------

Evaluate global model
Averaged Train Loss: 0.1844
Averaged Test Accurancy: 0.8161
Averaged Test AUC: 0.9518
Std Test Accurancy: 0.2904
Std Test AUC: 0.1296
------------------------- time cost ------------------------- 14.26891303062439

-------------Round number: 136-------------

Evaluate global model
Averaged Train Loss: 0.0965
Averaged Test Accurancy: 0.8434
Averaged Test AUC: 0.9620
Std Test Accurancy: 0.2765
Std Test AUC: 0.1280
------------------------- time cost ------------------------- 11.484728574752808

-------------Round number: 137-------------

Evaluate global model
Averaged Train Loss: 0.2216
Averaged Test Accurancy: 0.8150
Averaged Test AUC: 0.9442
Std Test Accurancy: 0.3028
Std Test AUC: 0.1494
------------------------- time cost ------------------------- 13.644216775894165

-------------Round number: 138-------------

Evaluate global model
Averaged Train Loss: 0.1005
Averaged Test Accurancy: 0.8413
Averaged Test AUC: 0.9609
Std Test Accurancy: 0.2532
Std Test AUC: 0.1241
------------------------- time cost ------------------------- 13.17809510231018

-------------Round number: 139-------------

Evaluate global model
Averaged Train Loss: 0.2069
Averaged Test Accurancy: 0.8200
Averaged Test AUC: 0.9471
Std Test Accurancy: 0.2680
Std Test AUC: 0.1358
------------------------- time cost ------------------------- 14.51853322982788

-------------Round number: 140-------------

Evaluate global model
Averaged Train Loss: 0.1318
Averaged Test Accurancy: 0.8373
Averaged Test AUC: 0.9587
Std Test Accurancy: 0.2624
Std Test AUC: 0.1300
------------------------- time cost ------------------------- 15.920896768569946

-------------Round number: 141-------------

Evaluate global model
Averaged Train Loss: 0.1259
Averaged Test Accurancy: 0.8358
Averaged Test AUC: 0.9580
Std Test Accurancy: 0.2661
Std Test AUC: 0.1317
------------------------- time cost ------------------------- 17.37324619293213

-------------Round number: 142-------------

Evaluate global model
Averaged Train Loss: 0.1721
Averaged Test Accurancy: 0.8213
Averaged Test AUC: 0.9511
Std Test Accurancy: 0.2789
Std Test AUC: 0.1341
------------------------- time cost ------------------------- 17.220993041992188

-------------Round number: 143-------------

Evaluate global model
Averaged Train Loss: 0.0933
Averaged Test Accurancy: 0.8457
Averaged Test AUC: 0.9614
Std Test Accurancy: 0.2658
Std Test AUC: 0.1267
------------------------- time cost ------------------------- 11.262847900390625

-------------Round number: 144-------------

Evaluate global model
Averaged Train Loss: 0.1983
Averaged Test Accurancy: 0.8175
Averaged Test AUC: 0.9496
Std Test Accurancy: 0.2600
Std Test AUC: 0.1289
------------------------- time cost ------------------------- 16.878443956375122

-------------Round number: 145-------------

Evaluate global model
Averaged Train Loss: 0.1337
Averaged Test Accurancy: 0.8328
Averaged Test AUC: 0.9565
Std Test Accurancy: 0.2606
Std Test AUC: 0.1267
------------------------- time cost ------------------------- 14.034388542175293

-------------Round number: 146-------------

Evaluate global model
Averaged Train Loss: 0.1793
Averaged Test Accurancy: 0.8235
Averaged Test AUC: 0.9523
Std Test Accurancy: 0.2603
Std Test AUC: 0.1302
------------------------- time cost ------------------------- 14.872508525848389

-------------Round number: 147-------------

Evaluate global model
Averaged Train Loss: 0.1266
Averaged Test Accurancy: 0.8326
Averaged Test AUC: 0.9591
Std Test Accurancy: 0.2693
Std Test AUC: 0.1310
------------------------- time cost ------------------------- 13.935182094573975

-------------Round number: 148-------------

Evaluate global model
Averaged Train Loss: 0.1924
Averaged Test Accurancy: 0.8214
Averaged Test AUC: 0.9502
Std Test Accurancy: 0.2750
Std Test AUC: 0.1385
------------------------- time cost ------------------------- 13.635364770889282

-------------Round number: 149-------------

Evaluate global model
Averaged Train Loss: 0.1656
Averaged Test Accurancy: 0.8315
Averaged Test AUC: 0.9527
Std Test Accurancy: 0.2665
Std Test AUC: 0.1322
------------------------- time cost ------------------------- 14.051929712295532

Best global accuracy.
0.8488348934475204

Average time cost per round.
14.701228409005491
File path: ../results/Cifar10_FedAvg_resnet_gr150_ls10_bs128_lr0.005.h5

Average time cost: 2209.91s.
Length:  150
std for best accurancy: 0.0
mean for best accurancy: 0.8488348934475204
All done!

Storage on cuda:0
-------------------------------------------------------------------------------
Total Tensors: 2136674862 	Used Memory: 7.96G
The allocated memory on cuda:0: 8.13G
Memory differs due to the matrix alignment or invisible gradient buffer tensors
-------------------------------------------------------------------------------
