==================================================
Algorithm: FedAvg
Local batch size: 128
Local steps: 1
Local learing rate: 0.005
Total number of clients: 100
Clients join in each round: 0.1
Client drop rate: 0.0
Time select: False
Time threthold: 10000
Global rounds: 150
Running times: 1
Dataset: Cifar10
Local model: resnet
Using device: cuda
Cuda device id: 1
==================================================

============= Running time: 0th =============
Creating server and clients ...

Join ratio / total clients: 0.1 / 100
Finished creating server and clients.

-------------Round number: 0-------------

Evaluate global model
Averaged Train Loss: 2.4413
Averaged Test Accurancy: 0.1085
Averaged Test AUC: 0.4929
Std Test Accurancy: 0.1341
Std Test AUC: 0.2022
------------------------- time cost ------------------------- 8.124684572219849

-------------Round number: 1-------------

Evaluate global model
Averaged Train Loss: 2.3768
Averaged Test Accurancy: 0.1412
Averaged Test AUC: 0.5226
Std Test Accurancy: 0.1758
Std Test AUC: 0.2069
------------------------- time cost ------------------------- 8.031578063964844

-------------Round number: 2-------------

Evaluate global model
Averaged Train Loss: 2.2947
Averaged Test Accurancy: 0.1886
Averaged Test AUC: 0.5553
Std Test Accurancy: 0.2319
Std Test AUC: 0.2231
------------------------- time cost ------------------------- 8.261074542999268

-------------Round number: 3-------------

Evaluate global model
Averaged Train Loss: 2.2200
Averaged Test Accurancy: 0.2473
Averaged Test AUC: 0.5911
Std Test Accurancy: 0.2729
Std Test AUC: 0.2383
------------------------- time cost ------------------------- 8.40685510635376

-------------Round number: 4-------------

Evaluate global model
Averaged Train Loss: 2.1266
Averaged Test Accurancy: 0.2923
Averaged Test AUC: 0.6233
Std Test Accurancy: 0.2764
Std Test AUC: 0.2364
------------------------- time cost ------------------------- 8.180439472198486

-------------Round number: 5-------------

Evaluate global model
Averaged Train Loss: 2.0576
Averaged Test Accurancy: 0.3434
Averaged Test AUC: 0.6548
Std Test Accurancy: 0.2961
Std Test AUC: 0.2486
------------------------- time cost ------------------------- 7.967577219009399

-------------Round number: 6-------------

Evaluate global model
Averaged Train Loss: 1.9966
Averaged Test Accurancy: 0.3862
Averaged Test AUC: 0.6820
Std Test Accurancy: 0.3172
Std Test AUC: 0.2570
------------------------- time cost ------------------------- 7.800057411193848

-------------Round number: 7-------------

Evaluate global model
Averaged Train Loss: 2.0196
Averaged Test Accurancy: 0.3601
Averaged Test AUC: 0.6733
Std Test Accurancy: 0.3018
Std Test AUC: 0.2449
------------------------- time cost ------------------------- 7.997190475463867

-------------Round number: 8-------------

Evaluate global model
Averaged Train Loss: 1.9612
Averaged Test Accurancy: 0.4069
Averaged Test AUC: 0.7106
Std Test Accurancy: 0.3031
Std Test AUC: 0.2437
------------------------- time cost ------------------------- 7.778324365615845

-------------Round number: 9-------------

Evaluate global model
Averaged Train Loss: 1.9418
Averaged Test Accurancy: 0.4191
Averaged Test AUC: 0.7148
Std Test Accurancy: 0.3143
Std Test AUC: 0.2436
------------------------- time cost ------------------------- 7.7380211353302

-------------Round number: 10-------------

Evaluate global model
Averaged Train Loss: 1.9172
Averaged Test Accurancy: 0.4310
Averaged Test AUC: 0.7189
Std Test Accurancy: 0.3232
Std Test AUC: 0.2459
------------------------- time cost ------------------------- 8.009153366088867

-------------Round number: 11-------------

Evaluate global model
Averaged Train Loss: 1.8624
Averaged Test Accurancy: 0.4565
Averaged Test AUC: 0.7482
Std Test Accurancy: 0.3129
Std Test AUC: 0.2307
------------------------- time cost ------------------------- 8.16676640510559

-------------Round number: 12-------------

Evaluate global model
Averaged Train Loss: 1.8159
Averaged Test Accurancy: 0.4950
Averaged Test AUC: 0.7665
Std Test Accurancy: 0.3237
Std Test AUC: 0.2343
------------------------- time cost ------------------------- 8.264132976531982

-------------Round number: 13-------------

Evaluate global model
Averaged Train Loss: 1.8116
Averaged Test Accurancy: 0.5043
Averaged Test AUC: 0.7725
Std Test Accurancy: 0.3233
Std Test AUC: 0.2302
------------------------- time cost ------------------------- 8.626039505004883

-------------Round number: 14-------------

Evaluate global model
Averaged Train Loss: 1.6861
Averaged Test Accurancy: 0.5615
Averaged Test AUC: 0.8034
Std Test Accurancy: 0.3265
Std Test AUC: 0.2333
------------------------- time cost ------------------------- 8.027998924255371

-------------Round number: 15-------------

Evaluate global model
Averaged Train Loss: 1.6604
Averaged Test Accurancy: 0.5776
Averaged Test AUC: 0.8227
Std Test Accurancy: 0.3184
Std Test AUC: 0.2241
------------------------- time cost ------------------------- 8.0930917263031

-------------Round number: 16-------------

Evaluate global model
Averaged Train Loss: 1.6822
Averaged Test Accurancy: 0.5579
Averaged Test AUC: 0.8130
Std Test Accurancy: 0.3138
Std Test AUC: 0.2232
------------------------- time cost ------------------------- 8.470523357391357

-------------Round number: 17-------------

Evaluate global model
Averaged Train Loss: 1.5793
Averaged Test Accurancy: 0.6135
Averaged Test AUC: 0.8378
Std Test Accurancy: 0.3181
Std Test AUC: 0.2244
------------------------- time cost ------------------------- 7.96076226234436

-------------Round number: 18-------------

Evaluate global model
Averaged Train Loss: 1.6551
Averaged Test Accurancy: 0.5663
Averaged Test AUC: 0.8142
Std Test Accurancy: 0.3208
Std Test AUC: 0.2261
------------------------- time cost ------------------------- 8.817755460739136

-------------Round number: 19-------------

Evaluate global model
Averaged Train Loss: 1.5884
Averaged Test Accurancy: 0.5912
Averaged Test AUC: 0.8256
Std Test Accurancy: 0.3174
Std Test AUC: 0.2282
------------------------- time cost ------------------------- 8.10438585281372

-------------Round number: 20-------------

Evaluate global model
Averaged Train Loss: 1.5238
Averaged Test Accurancy: 0.6201
Averaged Test AUC: 0.8554
Std Test Accurancy: 0.3060
Std Test AUC: 0.1949
------------------------- time cost ------------------------- 8.294732809066772

-------------Round number: 21-------------

Evaluate global model
Averaged Train Loss: 1.4915
Averaged Test Accurancy: 0.6313
Averaged Test AUC: 0.8681
Std Test Accurancy: 0.3033
Std Test AUC: 0.1846
------------------------- time cost ------------------------- 8.277597427368164

-------------Round number: 22-------------

Evaluate global model
Averaged Train Loss: 1.4888
Averaged Test Accurancy: 0.6311
Averaged Test AUC: 0.8650
Std Test Accurancy: 0.3107
Std Test AUC: 0.1892
------------------------- time cost ------------------------- 8.143754959106445

-------------Round number: 23-------------

Evaluate global model
Averaged Train Loss: 1.4345
Averaged Test Accurancy: 0.6542
Averaged Test AUC: 0.8763
Std Test Accurancy: 0.3001
Std Test AUC: 0.1860
------------------------- time cost ------------------------- 7.771047353744507

-------------Round number: 24-------------

Evaluate global model
Averaged Train Loss: 1.4957
Averaged Test Accurancy: 0.6117
Averaged Test AUC: 0.8638
Std Test Accurancy: 0.3056
Std Test AUC: 0.1817
------------------------- time cost ------------------------- 8.599000692367554

-------------Round number: 25-------------

Evaluate global model
Averaged Train Loss: 1.4037
Averaged Test Accurancy: 0.6566
Averaged Test AUC: 0.8734
Std Test Accurancy: 0.3096
Std Test AUC: 0.1910
------------------------- time cost ------------------------- 7.896650075912476

-------------Round number: 26-------------

Evaluate global model
Averaged Train Loss: 1.4292
Averaged Test Accurancy: 0.6485
Averaged Test AUC: 0.8778
Std Test Accurancy: 0.3009
Std Test AUC: 0.1767
------------------------- time cost ------------------------- 8.265712976455688

-------------Round number: 27-------------

Evaluate global model
Averaged Train Loss: 1.3549
Averaged Test Accurancy: 0.6813
Averaged Test AUC: 0.8979
Std Test Accurancy: 0.2984
Std Test AUC: 0.1634
------------------------- time cost ------------------------- 8.01265573501587

-------------Round number: 28-------------

Evaluate global model
Averaged Train Loss: 1.3847
Averaged Test Accurancy: 0.6401
Averaged Test AUC: 0.8779
Std Test Accurancy: 0.3165
Std Test AUC: 0.1705
------------------------- time cost ------------------------- 8.325166940689087

-------------Round number: 29-------------

Evaluate global model
Averaged Train Loss: 1.3419
Averaged Test Accurancy: 0.6583
Averaged Test AUC: 0.8806
Std Test Accurancy: 0.3039
Std Test AUC: 0.1808
------------------------- time cost ------------------------- 8.289745092391968

-------------Round number: 30-------------

Evaluate global model
Averaged Train Loss: 1.3214
Averaged Test Accurancy: 0.6661
Averaged Test AUC: 0.9023
Std Test Accurancy: 0.2889
Std Test AUC: 0.1465
------------------------- time cost ------------------------- 8.785720109939575

-------------Round number: 31-------------

Evaluate global model
Averaged Train Loss: 1.2289
Averaged Test Accurancy: 0.7053
Averaged Test AUC: 0.9167
Std Test Accurancy: 0.2937
Std Test AUC: 0.1535
------------------------- time cost ------------------------- 7.895421028137207

-------------Round number: 32-------------

Evaluate global model
Averaged Train Loss: 1.3027
Averaged Test Accurancy: 0.6711
Averaged Test AUC: 0.9052
Std Test Accurancy: 0.2818
Std Test AUC: 0.1431
------------------------- time cost ------------------------- 8.818957090377808

-------------Round number: 33-------------

Evaluate global model
Averaged Train Loss: 1.2308
Averaged Test Accurancy: 0.7030
Averaged Test AUC: 0.9075
Std Test Accurancy: 0.2964
Std Test AUC: 0.1558
------------------------- time cost ------------------------- 8.381824016571045

-------------Round number: 34-------------

Evaluate global model
Averaged Train Loss: 1.2049
Averaged Test Accurancy: 0.6997
Averaged Test AUC: 0.9093
Std Test Accurancy: 0.2855
Std Test AUC: 0.1475
------------------------- time cost ------------------------- 8.369932889938354

-------------Round number: 35-------------

Evaluate global model
Averaged Train Loss: 1.2304
Averaged Test Accurancy: 0.7006
Averaged Test AUC: 0.9138
Std Test Accurancy: 0.2908
Std Test AUC: 0.1429
------------------------- time cost ------------------------- 8.310014486312866

-------------Round number: 36-------------

Evaluate global model
Averaged Train Loss: 1.1890
Averaged Test Accurancy: 0.7146
Averaged Test AUC: 0.9216
Std Test Accurancy: 0.2845
Std Test AUC: 0.1231
------------------------- time cost ------------------------- 8.388750553131104

-------------Round number: 37-------------

Evaluate global model
Averaged Train Loss: 1.1581
Averaged Test Accurancy: 0.7164
Averaged Test AUC: 0.9219
Std Test Accurancy: 0.2954
Std Test AUC: 0.1264
------------------------- time cost ------------------------- 8.063429355621338

-------------Round number: 38-------------

Evaluate global model
Averaged Train Loss: 1.2553
Averaged Test Accurancy: 0.6703
Averaged Test AUC: 0.8881
Std Test Accurancy: 0.3027
Std Test AUC: 0.1445
------------------------- time cost ------------------------- 8.59988784790039

-------------Round number: 39-------------

Evaluate global model
Averaged Train Loss: 1.1598
Averaged Test Accurancy: 0.6964
Averaged Test AUC: 0.9086
Std Test Accurancy: 0.2928
Std Test AUC: 0.1371
------------------------- time cost ------------------------- 8.440462112426758

-------------Round number: 40-------------

Evaluate global model
Averaged Train Loss: 1.1884
Averaged Test Accurancy: 0.6965
Averaged Test AUC: 0.9125
Std Test Accurancy: 0.2854
Std Test AUC: 0.1281
------------------------- time cost ------------------------- 8.732478380203247

-------------Round number: 41-------------

Evaluate global model
Averaged Train Loss: 1.0642
Averaged Test Accurancy: 0.7347
Averaged Test AUC: 0.9328
Std Test Accurancy: 0.2965
Std Test AUC: 0.1217
------------------------- time cost ------------------------- 8.477824687957764

-------------Round number: 42-------------

Evaluate global model
Averaged Train Loss: 1.0926
Averaged Test Accurancy: 0.7197
Averaged Test AUC: 0.9280
Std Test Accurancy: 0.2905
Std Test AUC: 0.1207
------------------------- time cost ------------------------- 8.356296062469482

-------------Round number: 43-------------

Evaluate global model
Averaged Train Loss: 1.0698
Averaged Test Accurancy: 0.7234
Averaged Test AUC: 0.9141
Std Test Accurancy: 0.3031
Std Test AUC: 0.1526
------------------------- time cost ------------------------- 8.31171178817749

-------------Round number: 44-------------

Evaluate global model
Averaged Train Loss: 1.0186
Averaged Test Accurancy: 0.7471
Averaged Test AUC: 0.9346
Std Test Accurancy: 0.2891
Std Test AUC: 0.1254
------------------------- time cost ------------------------- 8.126898765563965

-------------Round number: 45-------------

Evaluate global model
Averaged Train Loss: 0.9916
Averaged Test Accurancy: 0.7623
Averaged Test AUC: 0.9425
Std Test Accurancy: 0.2805
Std Test AUC: 0.1147
------------------------- time cost ------------------------- 7.629321098327637

-------------Round number: 46-------------

Evaluate global model
Averaged Train Loss: 1.0092
Averaged Test Accurancy: 0.7471
Averaged Test AUC: 0.9334
Std Test Accurancy: 0.2847
Std Test AUC: 0.1243
------------------------- time cost ------------------------- 7.84292197227478

-------------Round number: 47-------------

Evaluate global model
Averaged Train Loss: 0.9965
Averaged Test Accurancy: 0.7453
Averaged Test AUC: 0.9330
Std Test Accurancy: 0.2800
Std Test AUC: 0.1187
------------------------- time cost ------------------------- 7.919206857681274

-------------Round number: 48-------------

Evaluate global model
Averaged Train Loss: 0.9608
Averaged Test Accurancy: 0.7581
Averaged Test AUC: 0.9410
Std Test Accurancy: 0.2863
Std Test AUC: 0.1125
------------------------- time cost ------------------------- 7.841992378234863

-------------Round number: 49-------------

Evaluate global model
Averaged Train Loss: 1.0044
Averaged Test Accurancy: 0.7418
Averaged Test AUC: 0.9319
Std Test Accurancy: 0.2825
Std Test AUC: 0.1220
------------------------- time cost ------------------------- 8.151654958724976

-------------Round number: 50-------------

Evaluate global model
Averaged Train Loss: 1.0518
Averaged Test Accurancy: 0.7126
Averaged Test AUC: 0.9185
Std Test Accurancy: 0.2903
Std Test AUC: 0.1285
------------------------- time cost ------------------------- 8.540308237075806

-------------Round number: 51-------------

Evaluate global model
Averaged Train Loss: 1.0040
Averaged Test Accurancy: 0.7386
Averaged Test AUC: 0.9291
Std Test Accurancy: 0.2886
Std Test AUC: 0.1231
------------------------- time cost ------------------------- 9.179428100585938

-------------Round number: 52-------------

Evaluate global model
Averaged Train Loss: 1.1526
Averaged Test Accurancy: 0.6925
Averaged Test AUC: 0.9035
Std Test Accurancy: 0.2903
Std Test AUC: 0.1239
------------------------- time cost ------------------------- 9.098562955856323

-------------Round number: 53-------------

Evaluate global model
Averaged Train Loss: 0.9189
Averaged Test Accurancy: 0.7673
Averaged Test AUC: 0.9460
Std Test Accurancy: 0.2663
Std Test AUC: 0.1051
------------------------- time cost ------------------------- 7.919163227081299

-------------Round number: 54-------------

Evaluate global model
Averaged Train Loss: 0.9970
Averaged Test Accurancy: 0.7368
Averaged Test AUC: 0.9222
Std Test Accurancy: 0.2876
Std Test AUC: 0.1339
------------------------- time cost ------------------------- 8.461512327194214

-------------Round number: 55-------------

Evaluate global model
Averaged Train Loss: 0.8914
Averaged Test Accurancy: 0.7703
Averaged Test AUC: 0.9429
Std Test Accurancy: 0.2819
Std Test AUC: 0.1265
------------------------- time cost ------------------------- 8.02324390411377

-------------Round number: 56-------------

Evaluate global model
Averaged Train Loss: 0.9519
Averaged Test Accurancy: 0.7482
Averaged Test AUC: 0.9334
Std Test Accurancy: 0.2798
Std Test AUC: 0.1217
------------------------- time cost ------------------------- 8.241959810256958

-------------Round number: 57-------------

Evaluate global model
Averaged Train Loss: 0.9760
Averaged Test Accurancy: 0.7309
Averaged Test AUC: 0.9284
Std Test Accurancy: 0.2777
Std Test AUC: 0.1196
------------------------- time cost ------------------------- 8.381389856338501

-------------Round number: 58-------------

Evaluate global model
Averaged Train Loss: 0.9460
Averaged Test Accurancy: 0.7460
Averaged Test AUC: 0.9293
Std Test Accurancy: 0.2858
Std Test AUC: 0.1249
------------------------- time cost ------------------------- 8.36264419555664

-------------Round number: 59-------------

Evaluate global model
Averaged Train Loss: 1.0446
Averaged Test Accurancy: 0.7151
Averaged Test AUC: 0.9091
Std Test Accurancy: 0.2804
Std Test AUC: 0.1409
------------------------- time cost ------------------------- 8.80241322517395

-------------Round number: 60-------------

Evaluate global model
Averaged Train Loss: 1.0848
Averaged Test Accurancy: 0.6982
Averaged Test AUC: 0.9070
Std Test Accurancy: 0.2732
Std Test AUC: 0.1221
------------------------- time cost ------------------------- 9.437360525131226

-------------Round number: 61-------------

Evaluate global model
Averaged Train Loss: 0.8662
Averaged Test Accurancy: 0.7701
Averaged Test AUC: 0.9406
Std Test Accurancy: 0.2866
Std Test AUC: 0.1290
------------------------- time cost ------------------------- 8.416666984558105

-------------Round number: 62-------------

Evaluate global model
Averaged Train Loss: 0.8341
Averaged Test Accurancy: 0.7762
Averaged Test AUC: 0.9437
Std Test Accurancy: 0.2900
Std Test AUC: 0.1359
------------------------- time cost ------------------------- 8.227356672286987

-------------Round number: 63-------------

Evaluate global model
Averaged Train Loss: 0.9055
Averaged Test Accurancy: 0.7520
Averaged Test AUC: 0.9298
Std Test Accurancy: 0.2788
Std Test AUC: 0.1309
------------------------- time cost ------------------------- 8.687208890914917

-------------Round number: 64-------------

Evaluate global model
Averaged Train Loss: 0.9428
Averaged Test Accurancy: 0.7408
Averaged Test AUC: 0.9285
Std Test Accurancy: 0.2800
Std Test AUC: 0.1207
------------------------- time cost ------------------------- 8.687253475189209

-------------Round number: 65-------------

Evaluate global model
Averaged Train Loss: 0.8336
Averaged Test Accurancy: 0.7804
Averaged Test AUC: 0.9462
Std Test Accurancy: 0.2614
Std Test AUC: 0.1132
------------------------- time cost ------------------------- 7.866414308547974

-------------Round number: 66-------------

Evaluate global model
Averaged Train Loss: 0.9525
Averaged Test Accurancy: 0.7295
Averaged Test AUC: 0.9207
Std Test Accurancy: 0.2865
Std Test AUC: 0.1414
------------------------- time cost ------------------------- 8.61296272277832

-------------Round number: 67-------------

Evaluate global model
Averaged Train Loss: 0.9324
Averaged Test Accurancy: 0.7341
Averaged Test AUC: 0.9229
Std Test Accurancy: 0.2914
Std Test AUC: 0.1307
------------------------- time cost ------------------------- 8.578575849533081

-------------Round number: 68-------------

Evaluate global model
Averaged Train Loss: 0.8289
Averaged Test Accurancy: 0.7712
Averaged Test AUC: 0.9402
Std Test Accurancy: 0.2690
Std Test AUC: 0.1130
------------------------- time cost ------------------------- 8.532853126525879

-------------Round number: 69-------------

Evaluate global model
Averaged Train Loss: 0.8390
Averaged Test Accurancy: 0.7726
Averaged Test AUC: 0.9390
Std Test Accurancy: 0.2697
Std Test AUC: 0.1189
------------------------- time cost ------------------------- 8.039336681365967

-------------Round number: 70-------------

Evaluate global model
Averaged Train Loss: 0.8422
Averaged Test Accurancy: 0.7599
Averaged Test AUC: 0.9386
Std Test Accurancy: 0.2782
Std Test AUC: 0.1071
------------------------- time cost ------------------------- 8.417317390441895

-------------Round number: 71-------------

Evaluate global model
Averaged Train Loss: 0.9461
Averaged Test Accurancy: 0.7265
Averaged Test AUC: 0.9237
Std Test Accurancy: 0.2790
Std Test AUC: 0.1098
------------------------- time cost ------------------------- 9.37322998046875

-------------Round number: 72-------------

Evaluate global model
Averaged Train Loss: 0.9129
Averaged Test Accurancy: 0.7414
Averaged Test AUC: 0.9229
Std Test Accurancy: 0.2906
Std Test AUC: 0.1365
------------------------- time cost ------------------------- 8.297990083694458

-------------Round number: 73-------------

Evaluate global model
Averaged Train Loss: 0.8272
Averaged Test Accurancy: 0.7629
Averaged Test AUC: 0.9362
Std Test Accurancy: 0.2876
Std Test AUC: 0.1305
------------------------- time cost ------------------------- 8.096632719039917

-------------Round number: 74-------------

Evaluate global model
Averaged Train Loss: 0.8414
Averaged Test Accurancy: 0.7679
Averaged Test AUC: 0.9378
Std Test Accurancy: 0.2914
Std Test AUC: 0.1185
------------------------- time cost ------------------------- 8.218918800354004

-------------Round number: 75-------------

Evaluate global model
Averaged Train Loss: 0.9974
Averaged Test Accurancy: 0.7039
Averaged Test AUC: 0.9111
Std Test Accurancy: 0.2834
Std Test AUC: 0.1173
------------------------- time cost ------------------------- 9.129079103469849

-------------Round number: 76-------------

Evaluate global model
Averaged Train Loss: 0.7397
Averaged Test Accurancy: 0.7957
Averaged Test AUC: 0.9543
Std Test Accurancy: 0.2543
Std Test AUC: 0.0917
------------------------- time cost ------------------------- 7.999974727630615

-------------Round number: 77-------------

Evaluate global model
Averaged Train Loss: 0.8926
Averaged Test Accurancy: 0.7508
Averaged Test AUC: 0.9348
Std Test Accurancy: 0.2608
Std Test AUC: 0.1028
------------------------- time cost ------------------------- 9.00208044052124

-------------Round number: 78-------------

Evaluate global model
Averaged Train Loss: 0.8016
Averaged Test Accurancy: 0.7758
Averaged Test AUC: 0.9434
Std Test Accurancy: 0.2564
Std Test AUC: 0.1025
------------------------- time cost ------------------------- 7.742839574813843

-------------Round number: 79-------------

Evaluate global model
Averaged Train Loss: 0.7904
Averaged Test Accurancy: 0.7768
Averaged Test AUC: 0.9453
Std Test Accurancy: 0.2593
Std Test AUC: 0.1009
------------------------- time cost ------------------------- 8.013975858688354

-------------Round number: 80-------------

Evaluate global model
Averaged Train Loss: 0.8500
Averaged Test Accurancy: 0.7597
Averaged Test AUC: 0.9299
Std Test Accurancy: 0.2665
Std Test AUC: 0.1159
------------------------- time cost ------------------------- 7.927826642990112

-------------Round number: 81-------------

Evaluate global model
Averaged Train Loss: 0.8692
Averaged Test Accurancy: 0.7476
Averaged Test AUC: 0.9277
Std Test Accurancy: 0.2692
Std Test AUC: 0.1123
------------------------- time cost ------------------------- 8.339223861694336

-------------Round number: 82-------------

Evaluate global model
Averaged Train Loss: 0.8206
Averaged Test Accurancy: 0.7649
Averaged Test AUC: 0.9366
Std Test Accurancy: 0.2537
Std Test AUC: 0.1046
------------------------- time cost ------------------------- 8.112841367721558

-------------Round number: 83-------------

Evaluate global model
Averaged Train Loss: 0.7817
Averaged Test Accurancy: 0.7721
Averaged Test AUC: 0.9385
Std Test Accurancy: 0.2774
Std Test AUC: 0.1180
------------------------- time cost ------------------------- 7.858074903488159

-------------Round number: 84-------------

Evaluate global model
Averaged Train Loss: 0.8835
Averaged Test Accurancy: 0.7409
Averaged Test AUC: 0.9171
Std Test Accurancy: 0.2953
Std Test AUC: 0.1409
------------------------- time cost ------------------------- 8.150742053985596

-------------Round number: 85-------------

Evaluate global model
Averaged Train Loss: 0.8338
Averaged Test Accurancy: 0.7550
Averaged Test AUC: 0.9263
Std Test Accurancy: 0.2734
Std Test AUC: 0.1353
------------------------- time cost ------------------------- 8.260942459106445

-------------Round number: 86-------------

Evaluate global model
Averaged Train Loss: 0.8305
Averaged Test Accurancy: 0.7441
Averaged Test AUC: 0.9256
Std Test Accurancy: 0.2856
Std Test AUC: 0.1204
------------------------- time cost ------------------------- 8.159958839416504

-------------Round number: 87-------------

Evaluate global model
Averaged Train Loss: 0.7976
Averaged Test Accurancy: 0.7643
Averaged Test AUC: 0.9389
Std Test Accurancy: 0.2695
Std Test AUC: 0.1097
------------------------- time cost ------------------------- 8.163885593414307

-------------Round number: 88-------------

Evaluate global model
Averaged Train Loss: 0.8910
Averaged Test Accurancy: 0.7507
Averaged Test AUC: 0.9172
Std Test Accurancy: 0.2746
Std Test AUC: 0.1435
------------------------- time cost ------------------------- 7.819161653518677

-------------Round number: 89-------------

Evaluate global model
Averaged Train Loss: 0.8014
Averaged Test Accurancy: 0.7613
Averaged Test AUC: 0.9341
Std Test Accurancy: 0.2726
Std Test AUC: 0.1164
------------------------- time cost ------------------------- 7.553136825561523

-------------Round number: 90-------------

Evaluate global model
Averaged Train Loss: 0.8467
Averaged Test Accurancy: 0.7412
Averaged Test AUC: 0.9240
Std Test Accurancy: 0.2811
Std Test AUC: 0.1265
------------------------- time cost ------------------------- 7.873695135116577

-------------Round number: 91-------------

Evaluate global model
Averaged Train Loss: 0.7769
Averaged Test Accurancy: 0.7651
Averaged Test AUC: 0.9357
Std Test Accurancy: 0.2673
Std Test AUC: 0.1097
------------------------- time cost ------------------------- 7.6915812492370605

-------------Round number: 92-------------

Evaluate global model
Averaged Train Loss: 0.7761
Averaged Test Accurancy: 0.7763
Averaged Test AUC: 0.9390
Std Test Accurancy: 0.2623
Std Test AUC: 0.1175
------------------------- time cost ------------------------- 7.656160116195679

-------------Round number: 93-------------

Evaluate global model
Averaged Train Loss: 0.8624
Averaged Test Accurancy: 0.7438
Averaged Test AUC: 0.9122
Std Test Accurancy: 0.2794
Std Test AUC: 0.1418
------------------------- time cost ------------------------- 7.982447147369385

-------------Round number: 94-------------

Evaluate global model
Averaged Train Loss: 0.7929
Averaged Test Accurancy: 0.7539
Averaged Test AUC: 0.9243
Std Test Accurancy: 0.2882
Std Test AUC: 0.1446
------------------------- time cost ------------------------- 7.695384502410889

-------------Round number: 95-------------

Evaluate global model
Averaged Train Loss: 0.7489
Averaged Test Accurancy: 0.7734
Averaged Test AUC: 0.9376
Std Test Accurancy: 0.2713
Std Test AUC: 0.1184
------------------------- time cost ------------------------- 7.778599739074707

-------------Round number: 96-------------

Evaluate global model
Averaged Train Loss: 0.7375
Averaged Test Accurancy: 0.7828
Averaged Test AUC: 0.9423
Std Test Accurancy: 0.2640
Std Test AUC: 0.1157
------------------------- time cost ------------------------- 7.674533367156982

-------------Round number: 97-------------

Evaluate global model
Averaged Train Loss: 0.7094
Averaged Test Accurancy: 0.7775
Averaged Test AUC: 0.9390
Std Test Accurancy: 0.2942
Std Test AUC: 0.1364
------------------------- time cost ------------------------- 7.252094268798828

-------------Round number: 98-------------

Evaluate global model
Averaged Train Loss: 0.7064
Averaged Test Accurancy: 0.7833
Averaged Test AUC: 0.9454
Std Test Accurancy: 0.2746
Std Test AUC: 0.1255
------------------------- time cost ------------------------- 7.431253910064697

-------------Round number: 99-------------

Evaluate global model
Averaged Train Loss: 0.7412
Averaged Test Accurancy: 0.7728
Averaged Test AUC: 0.9354
Std Test Accurancy: 0.2789
Std Test AUC: 0.1352
------------------------- time cost ------------------------- 7.406372547149658

-------------Round number: 100-------------

Evaluate global model
Averaged Train Loss: 0.7498
Averaged Test Accurancy: 0.7671
Averaged Test AUC: 0.9407
Std Test Accurancy: 0.2710
Std Test AUC: 0.1193
------------------------- time cost ------------------------- 7.761880397796631

-------------Round number: 101-------------

Evaluate global model
Averaged Train Loss: 0.6934
Averaged Test Accurancy: 0.7897
Averaged Test AUC: 0.9441
Std Test Accurancy: 0.2815
Std Test AUC: 0.1302
------------------------- time cost ------------------------- 7.238280296325684

-------------Round number: 102-------------

Evaluate global model
Averaged Train Loss: 0.7675
Averaged Test Accurancy: 0.7640
Averaged Test AUC: 0.9373
Std Test Accurancy: 0.2797
Std Test AUC: 0.1257
------------------------- time cost ------------------------- 7.829986095428467

-------------Round number: 103-------------

Evaluate global model
Averaged Train Loss: 0.7416
Averaged Test Accurancy: 0.7720
Averaged Test AUC: 0.9433
Std Test Accurancy: 0.2820
Std Test AUC: 0.1239
------------------------- time cost ------------------------- 7.780768871307373

-------------Round number: 104-------------

Evaluate global model
Averaged Train Loss: 0.6948
Averaged Test Accurancy: 0.7791
Averaged Test AUC: 0.9385
Std Test Accurancy: 0.2998
Std Test AUC: 0.1409
------------------------- time cost ------------------------- 7.235343933105469

-------------Round number: 105-------------

Evaluate global model
Averaged Train Loss: 0.8198
Averaged Test Accurancy: 0.7432
Averaged Test AUC: 0.9224
Std Test Accurancy: 0.2917
Std Test AUC: 0.1409
------------------------- time cost ------------------------- 7.873880863189697

-------------Round number: 106-------------

Evaluate global model
Averaged Train Loss: 0.9065
Averaged Test Accurancy: 0.7050
Averaged Test AUC: 0.9135
Std Test Accurancy: 0.3009
Std Test AUC: 0.1368
------------------------- time cost ------------------------- 8.439276218414307

-------------Round number: 107-------------

Evaluate global model
Averaged Train Loss: 0.6943
Averaged Test Accurancy: 0.7731
Averaged Test AUC: 0.9399
Std Test Accurancy: 0.2936
Std Test AUC: 0.1345
------------------------- time cost ------------------------- 7.440056562423706

-------------Round number: 108-------------

Evaluate global model
Averaged Train Loss: 0.8008
Averaged Test Accurancy: 0.7332
Averaged Test AUC: 0.9266
Std Test Accurancy: 0.3134
Std Test AUC: 0.1394
------------------------- time cost ------------------------- 8.127980470657349

-------------Round number: 109-------------

Evaluate global model
Averaged Train Loss: 0.6786
Averaged Test Accurancy: 0.7847
Averaged Test AUC: 0.9499
Std Test Accurancy: 0.2881
Std Test AUC: 0.1099
------------------------- time cost ------------------------- 7.949171781539917

-------------Round number: 110-------------

Evaluate global model
Averaged Train Loss: 0.7743
Averaged Test Accurancy: 0.7539
Averaged Test AUC: 0.9335
Std Test Accurancy: 0.3032
Std Test AUC: 0.1321
------------------------- time cost ------------------------- 7.760634660720825

-------------Round number: 111-------------

Evaluate global model
Averaged Train Loss: 0.7479
Averaged Test Accurancy: 0.7588
Averaged Test AUC: 0.9312
Std Test Accurancy: 0.2912
Std Test AUC: 0.1263
------------------------- time cost ------------------------- 8.370193004608154

-------------Round number: 112-------------

Evaluate global model
Averaged Train Loss: 0.8300
Averaged Test Accurancy: 0.7372
Averaged Test AUC: 0.9210
Std Test Accurancy: 0.2820
Std Test AUC: 0.1394
------------------------- time cost ------------------------- 8.945513010025024

-------------Round number: 113-------------

Evaluate global model
Averaged Train Loss: 0.6697
Averaged Test Accurancy: 0.7972
Averaged Test AUC: 0.9478
Std Test Accurancy: 0.2714
Std Test AUC: 0.1221
------------------------- time cost ------------------------- 8.119898319244385

-------------Round number: 114-------------

Evaluate global model
Averaged Train Loss: 0.7427
Averaged Test Accurancy: 0.7604
Averaged Test AUC: 0.9308
Std Test Accurancy: 0.2991
Std Test AUC: 0.1368
------------------------- time cost ------------------------- 7.986100196838379

-------------Round number: 115-------------

Evaluate global model
Averaged Train Loss: 0.8040
Averaged Test Accurancy: 0.7403
Averaged Test AUC: 0.9176
Std Test Accurancy: 0.2803
Std Test AUC: 0.1348
------------------------- time cost ------------------------- 8.194208860397339

-------------Round number: 116-------------

Evaluate global model
Averaged Train Loss: 0.7067
Averaged Test Accurancy: 0.7713
Averaged Test AUC: 0.9364
Std Test Accurancy: 0.2805
Std Test AUC: 0.1271
------------------------- time cost ------------------------- 8.110661268234253

-------------Round number: 117-------------

Evaluate global model
Averaged Train Loss: 0.6567
Averaged Test Accurancy: 0.7813
Averaged Test AUC: 0.9403
Std Test Accurancy: 0.2878
Std Test AUC: 0.1254
------------------------- time cost ------------------------- 8.036392211914062

-------------Round number: 118-------------

Evaluate global model
Averaged Train Loss: 0.5993
Averaged Test Accurancy: 0.8048
Averaged Test AUC: 0.9512
Std Test Accurancy: 0.2709
Std Test AUC: 0.1181
------------------------- time cost ------------------------- 7.535008430480957

-------------Round number: 119-------------

Evaluate global model
Averaged Train Loss: 0.6928
Averaged Test Accurancy: 0.7685
Averaged Test AUC: 0.9374
Std Test Accurancy: 0.2834
Std Test AUC: 0.1224
------------------------- time cost ------------------------- 8.087566137313843

-------------Round number: 120-------------

Evaluate global model
Averaged Train Loss: 0.6472
Averaged Test Accurancy: 0.7851
Averaged Test AUC: 0.9454
Std Test Accurancy: 0.2790
Std Test AUC: 0.1185
------------------------- time cost ------------------------- 7.458257675170898

-------------Round number: 121-------------

Evaluate global model
Averaged Train Loss: 0.6640
Averaged Test Accurancy: 0.7822
Averaged Test AUC: 0.9402
Std Test Accurancy: 0.2850
Std Test AUC: 0.1317
------------------------- time cost ------------------------- 7.287762403488159

-------------Round number: 122-------------

Evaluate global model
Averaged Train Loss: 0.6469
Averaged Test Accurancy: 0.7904
Averaged Test AUC: 0.9435
Std Test Accurancy: 0.2762
Std Test AUC: 0.1236
------------------------- time cost ------------------------- 7.516002416610718

-------------Round number: 123-------------

Evaluate global model
Averaged Train Loss: 0.6220
Averaged Test Accurancy: 0.7989
Averaged Test AUC: 0.9519
Std Test Accurancy: 0.2615
Std Test AUC: 0.1131
------------------------- time cost ------------------------- 7.753180265426636

-------------Round number: 124-------------

Evaluate global model
Averaged Train Loss: 0.6388
Averaged Test Accurancy: 0.7858
Averaged Test AUC: 0.9417
Std Test Accurancy: 0.2887
Std Test AUC: 0.1339
------------------------- time cost ------------------------- 7.4808549880981445

-------------Round number: 125-------------

Evaluate global model
Averaged Train Loss: 0.7405
Averaged Test Accurancy: 0.7623
Averaged Test AUC: 0.9272
Std Test Accurancy: 0.2653
Std Test AUC: 0.1247
------------------------- time cost ------------------------- 7.875281810760498

-------------Round number: 126-------------

Evaluate global model
Averaged Train Loss: 0.6342
Averaged Test Accurancy: 0.7910
Averaged Test AUC: 0.9471
Std Test Accurancy: 0.2705
Std Test AUC: 0.1142
------------------------- time cost ------------------------- 7.558346748352051

-------------Round number: 127-------------

Evaluate global model
Averaged Train Loss: 0.6834
Averaged Test Accurancy: 0.7750
Averaged Test AUC: 0.9374
Std Test Accurancy: 0.2671
Std Test AUC: 0.1148
------------------------- time cost ------------------------- 8.027353525161743

-------------Round number: 128-------------

Evaluate global model
Averaged Train Loss: 0.7671
Averaged Test Accurancy: 0.7389
Averaged Test AUC: 0.9224
Std Test Accurancy: 0.2771
Std Test AUC: 0.1208
------------------------- time cost ------------------------- 8.201278448104858

-------------Round number: 129-------------

Evaluate global model
Averaged Train Loss: 0.7710
Averaged Test Accurancy: 0.7427
Averaged Test AUC: 0.9177
Std Test Accurancy: 0.2693
Std Test AUC: 0.1321
------------------------- time cost ------------------------- 8.16526174545288

-------------Round number: 130-------------

Evaluate global model
Averaged Train Loss: 0.6143
Averaged Test Accurancy: 0.7893
Averaged Test AUC: 0.9454
Std Test Accurancy: 0.2649
Std Test AUC: 0.1084
------------------------- time cost ------------------------- 7.39925742149353

-------------Round number: 131-------------

Evaluate global model
Averaged Train Loss: 0.6668
Averaged Test Accurancy: 0.7858
Averaged Test AUC: 0.9454
Std Test Accurancy: 0.2752
Std Test AUC: 0.1062
------------------------- time cost ------------------------- 7.918400526046753

-------------Round number: 132-------------

Evaluate global model
Averaged Train Loss: 0.6440
Averaged Test Accurancy: 0.7767
Averaged Test AUC: 0.9414
Std Test Accurancy: 0.3054
Std Test AUC: 0.1185
------------------------- time cost ------------------------- 7.795976877212524

-------------Round number: 133-------------

Evaluate global model
Averaged Train Loss: 0.7341
Averaged Test Accurancy: 0.7509
Averaged Test AUC: 0.9243
Std Test Accurancy: 0.2924
Std Test AUC: 0.1230
------------------------- time cost ------------------------- 8.326124668121338

-------------Round number: 134-------------

Evaluate global model
Averaged Train Loss: 0.6667
Averaged Test Accurancy: 0.7789
Averaged Test AUC: 0.9357
Std Test Accurancy: 0.2732
Std Test AUC: 0.1273
------------------------- time cost ------------------------- 7.449176788330078

-------------Round number: 135-------------

Evaluate global model
Averaged Train Loss: 0.7980
Averaged Test Accurancy: 0.7384
Averaged Test AUC: 0.9219
Std Test Accurancy: 0.2825
Std Test AUC: 0.1255
------------------------- time cost ------------------------- 8.542142629623413

-------------Round number: 136-------------

Evaluate global model
Averaged Train Loss: 0.7640
Averaged Test Accurancy: 0.7390
Averaged Test AUC: 0.9170
Std Test Accurancy: 0.3020
Std Test AUC: 0.1343
------------------------- time cost ------------------------- 8.430864810943604

-------------Round number: 137-------------

Evaluate global model
Averaged Train Loss: 0.6338
Averaged Test Accurancy: 0.7779
Averaged Test AUC: 0.9398
Std Test Accurancy: 0.2863
Std Test AUC: 0.1163
------------------------- time cost ------------------------- 7.677246570587158

-------------Round number: 138-------------

Evaluate global model
Averaged Train Loss: 0.5850
Averaged Test Accurancy: 0.7976
Averaged Test AUC: 0.9465
Std Test Accurancy: 0.2955
Std Test AUC: 0.1171
------------------------- time cost ------------------------- 7.654873847961426

-------------Round number: 139-------------

Evaluate global model
Averaged Train Loss: 0.6130
Averaged Test Accurancy: 0.7885
Averaged Test AUC: 0.9485
Std Test Accurancy: 0.2699
Std Test AUC: 0.0943
------------------------- time cost ------------------------- 7.767009973526001

-------------Round number: 140-------------

Evaluate global model
Averaged Train Loss: 0.6724
Averaged Test Accurancy: 0.7787
Averaged Test AUC: 0.9374
Std Test Accurancy: 0.2720
Std Test AUC: 0.1197
------------------------- time cost ------------------------- 7.894167184829712

-------------Round number: 141-------------

Evaluate global model
Averaged Train Loss: 0.7115
Averaged Test Accurancy: 0.7611
Averaged Test AUC: 0.9267
Std Test Accurancy: 0.2883
Std Test AUC: 0.1271
------------------------- time cost ------------------------- 7.615853786468506

-------------Round number: 142-------------

Evaluate global model
Averaged Train Loss: 0.5988
Averaged Test Accurancy: 0.7942
Averaged Test AUC: 0.9470
Std Test Accurancy: 0.2787
Std Test AUC: 0.1093
------------------------- time cost ------------------------- 7.7282679080963135

-------------Round number: 143-------------

Evaluate global model
Averaged Train Loss: 0.5900
Averaged Test Accurancy: 0.8008
Averaged Test AUC: 0.9450
Std Test Accurancy: 0.2731
Std Test AUC: 0.1329
------------------------- time cost ------------------------- 7.77042555809021

-------------Round number: 144-------------

Evaluate global model
Averaged Train Loss: 0.6047
Averaged Test Accurancy: 0.7858
Averaged Test AUC: 0.9445
Std Test Accurancy: 0.2974
Std Test AUC: 0.1186
------------------------- time cost ------------------------- 7.836026430130005

-------------Round number: 145-------------

Evaluate global model
Averaged Train Loss: 0.5826
Averaged Test Accurancy: 0.7993
Averaged Test AUC: 0.9482
Std Test Accurancy: 0.2831
Std Test AUC: 0.1059
------------------------- time cost ------------------------- 7.73699426651001

-------------Round number: 146-------------

Evaluate global model
Averaged Train Loss: 0.6894
Averaged Test Accurancy: 0.7711
Averaged Test AUC: 0.9329
Std Test Accurancy: 0.2768
Std Test AUC: 0.1165
------------------------- time cost ------------------------- 8.374613523483276

-------------Round number: 147-------------

Evaluate global model
Averaged Train Loss: 0.5988
Averaged Test Accurancy: 0.7918
Averaged Test AUC: 0.9428
Std Test Accurancy: 0.2765
Std Test AUC: 0.1194
------------------------- time cost ------------------------- 8.133444547653198

-------------Round number: 148-------------

Evaluate global model
Averaged Train Loss: 0.6156
Averaged Test Accurancy: 0.7823
Averaged Test AUC: 0.9412
Std Test Accurancy: 0.2766
Std Test AUC: 0.1059
------------------------- time cost ------------------------- 8.048794507980347

-------------Round number: 149-------------

Evaluate global model
Averaged Train Loss: 0.6358
Averaged Test Accurancy: 0.7803
Averaged Test AUC: 0.9402
Std Test Accurancy: 0.2800
Std Test AUC: 0.1091
------------------------- time cost ------------------------- 7.772906303405762

Best global accuracy.
0.8048197570205139

Average time cost per round.
8.102134347762037
File path: ../results/Cifar10_FedAvg_resnet_gr150_ls1_bs128_lr0.005.h5

Average time cost: 1222.83s.
Length:  150
std for best accurancy: 0.0
mean for best accurancy: 0.8048197570205139
All done!

Storage on cuda:0
-------------------------------------------------------------------------------
Total Tensors: 2136674862 	Used Memory: 7.96G
The allocated memory on cuda:0: 8.13G
Memory differs due to the matrix alignment or invisible gradient buffer tensors
-------------------------------------------------------------------------------
