==================================================
Algorithm: FedAvg
Local batch size: 128
Local steps: 1
Local learing rate: 0.005
Total number of clients: 100
Clients join in each round: 0.1
Client drop rate: 0.0
Time select: False
Time threthold: 10000
Global rounds: 160
Running times: 1
Dataset: mnist
Local model: cnn
Using device: cuda
Cuda device id: 1
==================================================

============= Running time: 0th =============
Creating server and clients ...

Join ratio / total clients: 0.1 / 100
Finished creating server and clients.

-------------Round number: 0-------------

Evaluate global model
Averaged Train Loss: 2.3128
Averaged Test Accurancy: 0.0584
Averaged Test AUC: 0.4284
Std Test Accurancy: 0.0763
Std Test AUC: 0.2113
------------------------- time cost ------------------------- 2.1940581798553467

-------------Round number: 1-------------

Evaluate global model
Averaged Train Loss: 2.2973
Averaged Test Accurancy: 0.1021
Averaged Test AUC: 0.4667
Std Test Accurancy: 0.1743
Std Test AUC: 0.2372
------------------------- time cost ------------------------- 2.0099129676818848

-------------Round number: 2-------------

Evaluate global model
Averaged Train Loss: 2.2464
Averaged Test Accurancy: 0.1676
Averaged Test AUC: 0.5086
Std Test Accurancy: 0.2474
Std Test AUC: 0.2631
------------------------- time cost ------------------------- 2.1766226291656494

-------------Round number: 3-------------

Evaluate global model
Averaged Train Loss: 2.1691
Averaged Test Accurancy: 0.2361
Averaged Test AUC: 0.5456
Std Test Accurancy: 0.2888
Std Test AUC: 0.2795
------------------------- time cost ------------------------- 2.3237314224243164

-------------Round number: 4-------------

Evaluate global model
Averaged Train Loss: 2.1229
Averaged Test Accurancy: 0.2443
Averaged Test AUC: 0.5765
Std Test Accurancy: 0.2937
Std Test AUC: 0.2812
------------------------- time cost ------------------------- 2.3024179935455322

-------------Round number: 5-------------

Evaluate global model
Averaged Train Loss: 2.0684
Averaged Test Accurancy: 0.3070
Averaged Test AUC: 0.5955
Std Test Accurancy: 0.3203
Std Test AUC: 0.2943
------------------------- time cost ------------------------- 2.4258713722229004

-------------Round number: 6-------------

Evaluate global model
Averaged Train Loss: 2.0557
Averaged Test Accurancy: 0.3274
Averaged Test AUC: 0.6224
Std Test Accurancy: 0.3312
Std Test AUC: 0.2938
------------------------- time cost ------------------------- 2.2862048149108887

-------------Round number: 7-------------

Evaluate global model
Averaged Train Loss: 1.9785
Averaged Test Accurancy: 0.3633
Averaged Test AUC: 0.6486
Std Test Accurancy: 0.3471
Std Test AUC: 0.2900
------------------------- time cost ------------------------- 2.3837482929229736

-------------Round number: 8-------------

Evaluate global model
Averaged Train Loss: 1.8780
Averaged Test Accurancy: 0.4093
Averaged Test AUC: 0.6731
Std Test Accurancy: 0.3504
Std Test AUC: 0.2923
------------------------- time cost ------------------------- 2.2617805004119873

-------------Round number: 9-------------

Evaluate global model
Averaged Train Loss: 1.8488
Averaged Test Accurancy: 0.4130
Averaged Test AUC: 0.6703
Std Test Accurancy: 0.3560
Std Test AUC: 0.2987
------------------------- time cost ------------------------- 2.261439085006714

-------------Round number: 10-------------

Evaluate global model
Averaged Train Loss: 1.7517
Averaged Test Accurancy: 0.4490
Averaged Test AUC: 0.7058
Std Test Accurancy: 0.3506
Std Test AUC: 0.2854
------------------------- time cost ------------------------- 2.4206383228302

-------------Round number: 11-------------

Evaluate global model
Averaged Train Loss: 1.5731
Averaged Test Accurancy: 0.4962
Averaged Test AUC: 0.7352
Std Test Accurancy: 0.3690
Std Test AUC: 0.2829
------------------------- time cost ------------------------- 2.349395751953125

-------------Round number: 12-------------

Evaluate global model
Averaged Train Loss: 1.5554
Averaged Test Accurancy: 0.4965
Averaged Test AUC: 0.7420
Std Test Accurancy: 0.3759
Std Test AUC: 0.2895
------------------------- time cost ------------------------- 2.230644941329956

-------------Round number: 13-------------

Evaluate global model
Averaged Train Loss: 1.5262
Averaged Test Accurancy: 0.4916
Averaged Test AUC: 0.7470
Std Test Accurancy: 0.3692
Std Test AUC: 0.2866
------------------------- time cost ------------------------- 2.042590856552124

-------------Round number: 14-------------

Evaluate global model
Averaged Train Loss: 1.4979
Averaged Test Accurancy: 0.4872
Averaged Test AUC: 0.7561
Std Test Accurancy: 0.3713
Std Test AUC: 0.2751
------------------------- time cost ------------------------- 2.0012753009796143

-------------Round number: 15-------------

Evaluate global model
Averaged Train Loss: 1.4531
Averaged Test Accurancy: 0.5078
Averaged Test AUC: 0.7630
Std Test Accurancy: 0.3706
Std Test AUC: 0.2785
------------------------- time cost ------------------------- 2.0215439796447754

-------------Round number: 16-------------

Evaluate global model
Averaged Train Loss: 1.4344
Averaged Test Accurancy: 0.5262
Averaged Test AUC: 0.7571
Std Test Accurancy: 0.3750
Std Test AUC: 0.2828
------------------------- time cost ------------------------- 2.0844292640686035

-------------Round number: 17-------------

Evaluate global model
Averaged Train Loss: 1.3025
Averaged Test Accurancy: 0.5620
Averaged Test AUC: 0.7901
Std Test Accurancy: 0.3753
Std Test AUC: 0.2831
------------------------- time cost ------------------------- 1.9300003051757812

-------------Round number: 18-------------

Evaluate global model
Averaged Train Loss: 1.2246
Averaged Test Accurancy: 0.5876
Averaged Test AUC: 0.8054
Std Test Accurancy: 0.3712
Std Test AUC: 0.2802
------------------------- time cost ------------------------- 2.022830009460449

-------------Round number: 19-------------

Evaluate global model
Averaged Train Loss: 1.3059
Averaged Test Accurancy: 0.5596
Averaged Test AUC: 0.7888
Std Test Accurancy: 0.3737
Std Test AUC: 0.2758
------------------------- time cost ------------------------- 2.0311508178710938

-------------Round number: 20-------------

Evaluate global model
Averaged Train Loss: 1.0695
Averaged Test Accurancy: 0.6370
Averaged Test AUC: 0.8498
Std Test Accurancy: 0.3731
Std Test AUC: 0.2651
------------------------- time cost ------------------------- 2.0326411724090576

-------------Round number: 21-------------

Evaluate global model
Averaged Train Loss: 1.1638
Averaged Test Accurancy: 0.6223
Averaged Test AUC: 0.8349
Std Test Accurancy: 0.3672
Std Test AUC: 0.2708
------------------------- time cost ------------------------- 1.966137170791626

-------------Round number: 22-------------

Evaluate global model
Averaged Train Loss: 1.1913
Averaged Test Accurancy: 0.6135
Averaged Test AUC: 0.8242
Std Test Accurancy: 0.3732
Std Test AUC: 0.2766
------------------------- time cost ------------------------- 2.1862006187438965

-------------Round number: 23-------------

Evaluate global model
Averaged Train Loss: 1.0375
Averaged Test Accurancy: 0.6579
Averaged Test AUC: 0.8644
Std Test Accurancy: 0.3606
Std Test AUC: 0.2474
------------------------- time cost ------------------------- 1.9753413200378418

-------------Round number: 24-------------

Evaluate global model
Averaged Train Loss: 1.1306
Averaged Test Accurancy: 0.6227
Averaged Test AUC: 0.8443
Std Test Accurancy: 0.3719
Std Test AUC: 0.2655
------------------------- time cost ------------------------- 1.9932146072387695

-------------Round number: 25-------------

Evaluate global model
Averaged Train Loss: 1.1158
Averaged Test Accurancy: 0.6213
Averaged Test AUC: 0.8533
Std Test Accurancy: 0.3660
Std Test AUC: 0.2448
------------------------- time cost ------------------------- 2.1341965198516846

-------------Round number: 26-------------

Evaluate global model
Averaged Train Loss: 0.9620
Averaged Test Accurancy: 0.6776
Averaged Test AUC: 0.8769
Std Test Accurancy: 0.3630
Std Test AUC: 0.2560
------------------------- time cost ------------------------- 1.959784984588623

-------------Round number: 27-------------

Evaluate global model
Averaged Train Loss: 0.9857
Averaged Test Accurancy: 0.6484
Averaged Test AUC: 0.8712
Std Test Accurancy: 0.3622
Std Test AUC: 0.2472
------------------------- time cost ------------------------- 2.072495937347412

-------------Round number: 28-------------

Evaluate global model
Averaged Train Loss: 0.9301
Averaged Test Accurancy: 0.6760
Averaged Test AUC: 0.8834
Std Test Accurancy: 0.3600
Std Test AUC: 0.2420
------------------------- time cost ------------------------- 2.0002660751342773

-------------Round number: 29-------------

Evaluate global model
Averaged Train Loss: 0.9027
Averaged Test Accurancy: 0.6919
Averaged Test AUC: 0.8917
Std Test Accurancy: 0.3541
Std Test AUC: 0.2295
------------------------- time cost ------------------------- 2.0337440967559814

-------------Round number: 30-------------

Evaluate global model
Averaged Train Loss: 0.8967
Averaged Test Accurancy: 0.6854
Averaged Test AUC: 0.9016
Std Test Accurancy: 0.3558
Std Test AUC: 0.2167
------------------------- time cost ------------------------- 2.1028366088867188

-------------Round number: 31-------------

Evaluate global model
Averaged Train Loss: 0.8061
Averaged Test Accurancy: 0.7239
Averaged Test AUC: 0.9159
Std Test Accurancy: 0.3548
Std Test AUC: 0.2200
------------------------- time cost ------------------------- 1.9798974990844727

-------------Round number: 32-------------

Evaluate global model
Averaged Train Loss: 0.9465
Averaged Test Accurancy: 0.6714
Averaged Test AUC: 0.8826
Std Test Accurancy: 0.3684
Std Test AUC: 0.2374
------------------------- time cost ------------------------- 2.0842249393463135

-------------Round number: 33-------------

Evaluate global model
Averaged Train Loss: 0.7740
Averaged Test Accurancy: 0.7064
Averaged Test AUC: 0.9331
Std Test Accurancy: 0.3609
Std Test AUC: 0.1984
------------------------- time cost ------------------------- 2.112865686416626

-------------Round number: 34-------------

Evaluate global model
Averaged Train Loss: 0.7902
Averaged Test Accurancy: 0.7098
Averaged Test AUC: 0.9304
Std Test Accurancy: 0.3485
Std Test AUC: 0.1826
------------------------- time cost ------------------------- 2.0209507942199707

-------------Round number: 35-------------

Evaluate global model
Averaged Train Loss: 0.7128
Averaged Test Accurancy: 0.7397
Averaged Test AUC: 0.9266
Std Test Accurancy: 0.3520
Std Test AUC: 0.2060
------------------------- time cost ------------------------- 1.942784070968628

-------------Round number: 36-------------

Evaluate global model
Averaged Train Loss: 0.7755
Averaged Test Accurancy: 0.7077
Averaged Test AUC: 0.9272
Std Test Accurancy: 0.3413
Std Test AUC: 0.1938
------------------------- time cost ------------------------- 2.1704001426696777

-------------Round number: 37-------------

Evaluate global model
Averaged Train Loss: 0.7901
Averaged Test Accurancy: 0.7252
Averaged Test AUC: 0.9216
Std Test Accurancy: 0.3597
Std Test AUC: 0.2261
------------------------- time cost ------------------------- 2.016775369644165

-------------Round number: 38-------------

Evaluate global model
Averaged Train Loss: 0.7423
Averaged Test Accurancy: 0.7173
Averaged Test AUC: 0.9270
Std Test Accurancy: 0.3565
Std Test AUC: 0.2077
------------------------- time cost ------------------------- 2.1443653106689453

-------------Round number: 39-------------

Evaluate global model
Averaged Train Loss: 0.7002
Averaged Test Accurancy: 0.7333
Averaged Test AUC: 0.9319
Std Test Accurancy: 0.3483
Std Test AUC: 0.2088
------------------------- time cost ------------------------- 2.1203248500823975

-------------Round number: 40-------------

Evaluate global model
Averaged Train Loss: 0.9167
Averaged Test Accurancy: 0.6574
Averaged Test AUC: 0.8850
Std Test Accurancy: 0.3517
Std Test AUC: 0.2139
------------------------- time cost ------------------------- 2.3200783729553223

-------------Round number: 41-------------

Evaluate global model
Averaged Train Loss: 0.7023
Averaged Test Accurancy: 0.7266
Averaged Test AUC: 0.9371
Std Test Accurancy: 0.3548
Std Test AUC: 0.1839
------------------------- time cost ------------------------- 2.1767098903656006

-------------Round number: 42-------------

Evaluate global model
Averaged Train Loss: 0.8346
Averaged Test Accurancy: 0.6850
Averaged Test AUC: 0.9208
Std Test Accurancy: 0.3515
Std Test AUC: 0.1843
------------------------- time cost ------------------------- 2.150132656097412

-------------Round number: 43-------------

Evaluate global model
Averaged Train Loss: 0.7248
Averaged Test Accurancy: 0.7219
Averaged Test AUC: 0.9350
Std Test Accurancy: 0.3477
Std Test AUC: 0.1964
------------------------- time cost ------------------------- 1.9631221294403076

-------------Round number: 44-------------

Evaluate global model
Averaged Train Loss: 0.7582
Averaged Test Accurancy: 0.7285
Averaged Test AUC: 0.9431
Std Test Accurancy: 0.3368
Std Test AUC: 0.1722
------------------------- time cost ------------------------- 1.9910945892333984

-------------Round number: 45-------------

Evaluate global model
Averaged Train Loss: 0.8275
Averaged Test Accurancy: 0.7065
Averaged Test AUC: 0.9247
Std Test Accurancy: 0.3344
Std Test AUC: 0.1837
------------------------- time cost ------------------------- 2.0075151920318604

-------------Round number: 46-------------

Evaluate global model
Averaged Train Loss: 0.8170
Averaged Test Accurancy: 0.7106
Averaged Test AUC: 0.9202
Std Test Accurancy: 0.3387
Std Test AUC: 0.2089
------------------------- time cost ------------------------- 1.9240899085998535

-------------Round number: 47-------------

Evaluate global model
Averaged Train Loss: 0.6824
Averaged Test Accurancy: 0.7300
Averaged Test AUC: 0.9420
Std Test Accurancy: 0.3286
Std Test AUC: 0.1952
------------------------- time cost ------------------------- 2.0826847553253174

-------------Round number: 48-------------

Evaluate global model
Averaged Train Loss: 0.7644
Averaged Test Accurancy: 0.7236
Averaged Test AUC: 0.9213
Std Test Accurancy: 0.3336
Std Test AUC: 0.1966
------------------------- time cost ------------------------- 2.0095834732055664

-------------Round number: 49-------------

Evaluate global model
Averaged Train Loss: 0.6719
Averaged Test Accurancy: 0.7218
Averaged Test AUC: 0.9404
Std Test Accurancy: 0.3380
Std Test AUC: 0.1847
------------------------- time cost ------------------------- 1.927748203277588

-------------Round number: 50-------------

Evaluate global model
Averaged Train Loss: 0.6495
Averaged Test Accurancy: 0.7519
Averaged Test AUC: 0.9560
Std Test Accurancy: 0.3278
Std Test AUC: 0.1687
------------------------- time cost ------------------------- 2.025951623916626

-------------Round number: 51-------------

Evaluate global model
Averaged Train Loss: 0.7779
Averaged Test Accurancy: 0.7003
Averaged Test AUC: 0.9273
Std Test Accurancy: 0.3464
Std Test AUC: 0.2086
------------------------- time cost ------------------------- 2.07179856300354

-------------Round number: 52-------------

Evaluate global model
Averaged Train Loss: 0.6335
Averaged Test Accurancy: 0.7501
Averaged Test AUC: 0.9390
Std Test Accurancy: 0.3397
Std Test AUC: 0.1979
------------------------- time cost ------------------------- 1.9323384761810303

-------------Round number: 53-------------

Evaluate global model
Averaged Train Loss: 0.7649
Averaged Test Accurancy: 0.6860
Averaged Test AUC: 0.9390
Std Test Accurancy: 0.3467
Std Test AUC: 0.1812
------------------------- time cost ------------------------- 2.1312646865844727

-------------Round number: 54-------------

Evaluate global model
Averaged Train Loss: 0.6891
Averaged Test Accurancy: 0.7610
Averaged Test AUC: 0.9335
Std Test Accurancy: 0.3393
Std Test AUC: 0.2119
------------------------- time cost ------------------------- 1.9161391258239746

-------------Round number: 55-------------

Evaluate global model
Averaged Train Loss: 0.7142
Averaged Test Accurancy: 0.7160
Averaged Test AUC: 0.9362
Std Test Accurancy: 0.3485
Std Test AUC: 0.1960
------------------------- time cost ------------------------- 2.088017702102661

-------------Round number: 56-------------

Evaluate global model
Averaged Train Loss: 0.7394
Averaged Test Accurancy: 0.7180
Averaged Test AUC: 0.9256
Std Test Accurancy: 0.3460
Std Test AUC: 0.2154
------------------------- time cost ------------------------- 1.9901008605957031

-------------Round number: 57-------------

Evaluate global model
Averaged Train Loss: 0.6682
Averaged Test Accurancy: 0.7439
Averaged Test AUC: 0.9375
Std Test Accurancy: 0.3415
Std Test AUC: 0.1871
------------------------- time cost ------------------------- 2.0182483196258545

-------------Round number: 58-------------

Evaluate global model
Averaged Train Loss: 0.6955
Averaged Test Accurancy: 0.7344
Averaged Test AUC: 0.9357
Std Test Accurancy: 0.3351
Std Test AUC: 0.1868
------------------------- time cost ------------------------- 1.9706387519836426

-------------Round number: 59-------------

Evaluate global model
Averaged Train Loss: 0.6371
Averaged Test Accurancy: 0.7474
Averaged Test AUC: 0.9468
Std Test Accurancy: 0.3290
Std Test AUC: 0.1537
------------------------- time cost ------------------------- 2.0756375789642334

-------------Round number: 60-------------

Evaluate global model
Averaged Train Loss: 0.6094
Averaged Test Accurancy: 0.7580
Averaged Test AUC: 0.9585
Std Test Accurancy: 0.3353
Std Test AUC: 0.1383
------------------------- time cost ------------------------- 1.9933116436004639

-------------Round number: 61-------------

Evaluate global model
Averaged Train Loss: 0.6195
Averaged Test Accurancy: 0.7598
Averaged Test AUC: 0.9523
Std Test Accurancy: 0.3195
Std Test AUC: 0.1610
------------------------- time cost ------------------------- 1.9838733673095703

-------------Round number: 62-------------

Evaluate global model
Averaged Train Loss: 0.6326
Averaged Test Accurancy: 0.7397
Averaged Test AUC: 0.9513
Std Test Accurancy: 0.3427
Std Test AUC: 0.1666
------------------------- time cost ------------------------- 1.945570468902588

-------------Round number: 63-------------

Evaluate global model
Averaged Train Loss: 0.7236
Averaged Test Accurancy: 0.7064
Averaged Test AUC: 0.9342
Std Test Accurancy: 0.3560
Std Test AUC: 0.1570
------------------------- time cost ------------------------- 2.012662649154663

-------------Round number: 64-------------

Evaluate global model
Averaged Train Loss: 0.6130
Averaged Test Accurancy: 0.7560
Averaged Test AUC: 0.9546
Std Test Accurancy: 0.3386
Std Test AUC: 0.1476
------------------------- time cost ------------------------- 1.9336612224578857

-------------Round number: 65-------------

Evaluate global model
Averaged Train Loss: 0.7086
Averaged Test Accurancy: 0.7173
Averaged Test AUC: 0.9400
Std Test Accurancy: 0.3490
Std Test AUC: 0.1456
------------------------- time cost ------------------------- 2.0759735107421875

-------------Round number: 66-------------

Evaluate global model
Averaged Train Loss: 0.7050
Averaged Test Accurancy: 0.7331
Averaged Test AUC: 0.9323
Std Test Accurancy: 0.3515
Std Test AUC: 0.1651
------------------------- time cost ------------------------- 2.0176522731781006

-------------Round number: 67-------------

Evaluate global model
Averaged Train Loss: 0.7209
Averaged Test Accurancy: 0.7332
Averaged Test AUC: 0.9332
Std Test Accurancy: 0.3305
Std Test AUC: 0.1695
------------------------- time cost ------------------------- 2.0430853366851807

-------------Round number: 68-------------

Evaluate global model
Averaged Train Loss: 0.6727
Averaged Test Accurancy: 0.7889
Averaged Test AUC: 0.9591
Std Test Accurancy: 0.3083
Std Test AUC: 0.1434
------------------------- time cost ------------------------- 2.3174586296081543

-------------Round number: 69-------------

Evaluate global model
Averaged Train Loss: 0.5758
Averaged Test Accurancy: 0.7849
Averaged Test AUC: 0.9539
Std Test Accurancy: 0.3238
Std Test AUC: 0.1569
------------------------- time cost ------------------------- 2.176037549972534

-------------Round number: 70-------------

Evaluate global model
Averaged Train Loss: 0.6592
Averaged Test Accurancy: 0.7608
Averaged Test AUC: 0.9352
Std Test Accurancy: 0.3239
Std Test AUC: 0.1821
------------------------- time cost ------------------------- 2.1734511852264404

-------------Round number: 71-------------

Evaluate global model
Averaged Train Loss: 0.6381
Averaged Test Accurancy: 0.7732
Averaged Test AUC: 0.9549
Std Test Accurancy: 0.2943
Std Test AUC: 0.1261
------------------------- time cost ------------------------- 2.1582860946655273

-------------Round number: 72-------------

Evaluate global model
Averaged Train Loss: 0.6345
Averaged Test Accurancy: 0.7690
Averaged Test AUC: 0.9495
Std Test Accurancy: 0.3216
Std Test AUC: 0.1428
------------------------- time cost ------------------------- 1.9639832973480225

-------------Round number: 73-------------

Evaluate global model
Averaged Train Loss: 0.5603
Averaged Test Accurancy: 0.7872
Averaged Test AUC: 0.9672
Std Test Accurancy: 0.3153
Std Test AUC: 0.1147
------------------------- time cost ------------------------- 1.9768502712249756

-------------Round number: 74-------------

Evaluate global model
Averaged Train Loss: 0.5310
Averaged Test Accurancy: 0.7938
Averaged Test AUC: 0.9628
Std Test Accurancy: 0.3279
Std Test AUC: 0.1372
------------------------- time cost ------------------------- 1.9394898414611816

-------------Round number: 75-------------

Evaluate global model
Averaged Train Loss: 0.6222
Averaged Test Accurancy: 0.7666
Averaged Test AUC: 0.9450
Std Test Accurancy: 0.3128
Std Test AUC: 0.1530
------------------------- time cost ------------------------- 1.8734545707702637

-------------Round number: 76-------------

Evaluate global model
Averaged Train Loss: 0.5897
Averaged Test Accurancy: 0.7837
Averaged Test AUC: 0.9650
Std Test Accurancy: 0.3089
Std Test AUC: 0.1299
------------------------- time cost ------------------------- 2.0900018215179443

-------------Round number: 77-------------

Evaluate global model
Averaged Train Loss: 0.6715
Averaged Test Accurancy: 0.7559
Averaged Test AUC: 0.9555
Std Test Accurancy: 0.3180
Std Test AUC: 0.1327
------------------------- time cost ------------------------- 2.1155643463134766

-------------Round number: 78-------------

Evaluate global model
Averaged Train Loss: 0.5575
Averaged Test Accurancy: 0.7938
Averaged Test AUC: 0.9612
Std Test Accurancy: 0.2956
Std Test AUC: 0.1378
------------------------- time cost ------------------------- 2.049426317214966

-------------Round number: 79-------------

Evaluate global model
Averaged Train Loss: 0.4954
Averaged Test Accurancy: 0.8283
Averaged Test AUC: 0.9766
Std Test Accurancy: 0.2660
Std Test AUC: 0.1207
------------------------- time cost ------------------------- 1.9532768726348877

-------------Round number: 80-------------

Evaluate global model
Averaged Train Loss: 0.5750
Averaged Test Accurancy: 0.7932
Averaged Test AUC: 0.9658
Std Test Accurancy: 0.2890
Std Test AUC: 0.1260
------------------------- time cost ------------------------- 2.127697706222534

-------------Round number: 81-------------

Evaluate global model
Averaged Train Loss: 0.6449
Averaged Test Accurancy: 0.7661
Averaged Test AUC: 0.9438
Std Test Accurancy: 0.3163
Std Test AUC: 0.1641
------------------------- time cost ------------------------- 1.9882128238677979

-------------Round number: 82-------------

Evaluate global model
Averaged Train Loss: 0.5296
Averaged Test Accurancy: 0.8130
Averaged Test AUC: 0.9703
Std Test Accurancy: 0.2810
Std Test AUC: 0.1298
------------------------- time cost ------------------------- 1.8782007694244385

-------------Round number: 83-------------

Evaluate global model
Averaged Train Loss: 0.5875
Averaged Test Accurancy: 0.7669
Averaged Test AUC: 0.9546
Std Test Accurancy: 0.3172
Std Test AUC: 0.1411
------------------------- time cost ------------------------- 2.01727294921875

-------------Round number: 84-------------

Evaluate global model
Averaged Train Loss: 0.6481
Averaged Test Accurancy: 0.7528
Averaged Test AUC: 0.9506
Std Test Accurancy: 0.3079
Std Test AUC: 0.1388
------------------------- time cost ------------------------- 2.154066324234009

-------------Round number: 85-------------

Evaluate global model
Averaged Train Loss: 0.4833
Averaged Test Accurancy: 0.8055
Averaged Test AUC: 0.9712
Std Test Accurancy: 0.2872
Std Test AUC: 0.1275
------------------------- time cost ------------------------- 2.0102696418762207

-------------Round number: 86-------------

Evaluate global model
Averaged Train Loss: 0.5838
Averaged Test Accurancy: 0.7547
Averaged Test AUC: 0.9635
Std Test Accurancy: 0.3307
Std Test AUC: 0.1252
------------------------- time cost ------------------------- 1.9796855449676514

-------------Round number: 87-------------

Evaluate global model
Averaged Train Loss: 0.5028
Averaged Test Accurancy: 0.7962
Averaged Test AUC: 0.9667
Std Test Accurancy: 0.3171
Std Test AUC: 0.1379
------------------------- time cost ------------------------- 2.059340715408325

-------------Round number: 88-------------

Evaluate global model
Averaged Train Loss: 0.6082
Averaged Test Accurancy: 0.7682
Averaged Test AUC: 0.9538
Std Test Accurancy: 0.3078
Std Test AUC: 0.1355
------------------------- time cost ------------------------- 2.1262125968933105

-------------Round number: 89-------------

Evaluate global model
Averaged Train Loss: 0.5118
Averaged Test Accurancy: 0.7984
Averaged Test AUC: 0.9609
Std Test Accurancy: 0.2976
Std Test AUC: 0.1359
------------------------- time cost ------------------------- 1.9111318588256836

-------------Round number: 90-------------

Evaluate global model
Averaged Train Loss: 0.5522
Averaged Test Accurancy: 0.8072
Averaged Test AUC: 0.9631
Std Test Accurancy: 0.2757
Std Test AUC: 0.1218
------------------------- time cost ------------------------- 2.229005813598633

-------------Round number: 91-------------

Evaluate global model
Averaged Train Loss: 0.5151
Averaged Test Accurancy: 0.7971
Averaged Test AUC: 0.9661
Std Test Accurancy: 0.2923
Std Test AUC: 0.1208
------------------------- time cost ------------------------- 2.0262691974639893

-------------Round number: 92-------------

Evaluate global model
Averaged Train Loss: 0.6419
Averaged Test Accurancy: 0.7624
Averaged Test AUC: 0.9484
Std Test Accurancy: 0.3067
Std Test AUC: 0.1348
------------------------- time cost ------------------------- 2.120241641998291

-------------Round number: 93-------------

Evaluate global model
Averaged Train Loss: 0.5866
Averaged Test Accurancy: 0.7873
Averaged Test AUC: 0.9641
Std Test Accurancy: 0.2718
Std Test AUC: 0.1225
------------------------- time cost ------------------------- 2.1725871562957764

-------------Round number: 94-------------

Evaluate global model
Averaged Train Loss: 0.6180
Averaged Test Accurancy: 0.7743
Averaged Test AUC: 0.9415
Std Test Accurancy: 0.2882
Std Test AUC: 0.1464
------------------------- time cost ------------------------- 2.030395269393921

-------------Round number: 95-------------

Evaluate global model
Averaged Train Loss: 0.5377
Averaged Test Accurancy: 0.8007
Averaged Test AUC: 0.9622
Std Test Accurancy: 0.2814
Std Test AUC: 0.1282
------------------------- time cost ------------------------- 1.9850459098815918

-------------Round number: 96-------------

Evaluate global model
Averaged Train Loss: 0.4667
Averaged Test Accurancy: 0.8174
Averaged Test AUC: 0.9670
Std Test Accurancy: 0.2883
Std Test AUC: 0.1288
------------------------- time cost ------------------------- 2.0016262531280518

-------------Round number: 97-------------

Evaluate global model
Averaged Train Loss: 0.5278
Averaged Test Accurancy: 0.8039
Averaged Test AUC: 0.9715
Std Test Accurancy: 0.2828
Std Test AUC: 0.1182
------------------------- time cost ------------------------- 2.138476610183716

-------------Round number: 98-------------

Evaluate global model
Averaged Train Loss: 0.5434
Averaged Test Accurancy: 0.8013
Averaged Test AUC: 0.9582
Std Test Accurancy: 0.2842
Std Test AUC: 0.1250
------------------------- time cost ------------------------- 1.9945917129516602

-------------Round number: 99-------------

Evaluate global model
Averaged Train Loss: 0.5472
Averaged Test Accurancy: 0.7977
Averaged Test AUC: 0.9634
Std Test Accurancy: 0.2857
Std Test AUC: 0.1230
------------------------- time cost ------------------------- 2.0610263347625732

-------------Round number: 100-------------

Evaluate global model
Averaged Train Loss: 0.4920
Averaged Test Accurancy: 0.8318
Averaged Test AUC: 0.9672
Std Test Accurancy: 0.2628
Std Test AUC: 0.1162
------------------------- time cost ------------------------- 2.1294121742248535

-------------Round number: 101-------------

Evaluate global model
Averaged Train Loss: 0.4367
Averaged Test Accurancy: 0.8391
Averaged Test AUC: 0.9761
Std Test Accurancy: 0.2729
Std Test AUC: 0.1112
------------------------- time cost ------------------------- 1.964148998260498

-------------Round number: 102-------------

Evaluate global model
Averaged Train Loss: 0.4694
Averaged Test Accurancy: 0.8154
Averaged Test AUC: 0.9692
Std Test Accurancy: 0.2933
Std Test AUC: 0.1141
------------------------- time cost ------------------------- 2.084325075149536

-------------Round number: 103-------------

Evaluate global model
Averaged Train Loss: 0.4077
Averaged Test Accurancy: 0.8498
Averaged Test AUC: 0.9820
Std Test Accurancy: 0.2405
Std Test AUC: 0.0991
------------------------- time cost ------------------------- 2.001192331314087

-------------Round number: 104-------------

Evaluate global model
Averaged Train Loss: 0.4764
Averaged Test Accurancy: 0.8261
Averaged Test AUC: 0.9771
Std Test Accurancy: 0.2501
Std Test AUC: 0.0999
------------------------- time cost ------------------------- 2.1783573627471924

-------------Round number: 105-------------

Evaluate global model
Averaged Train Loss: 0.4683
Averaged Test Accurancy: 0.8214
Averaged Test AUC: 0.9731
Std Test Accurancy: 0.2727
Std Test AUC: 0.1121
------------------------- time cost ------------------------- 2.0430142879486084

-------------Round number: 106-------------

Evaluate global model
Averaged Train Loss: 0.4726
Averaged Test Accurancy: 0.8174
Averaged Test AUC: 0.9644
Std Test Accurancy: 0.2627
Std Test AUC: 0.1035
------------------------- time cost ------------------------- 1.9106338024139404

-------------Round number: 107-------------

Evaluate global model
Averaged Train Loss: 0.5065
Averaged Test Accurancy: 0.8090
Averaged Test AUC: 0.9648
Std Test Accurancy: 0.2750
Std Test AUC: 0.0989
------------------------- time cost ------------------------- 2.11371111869812

-------------Round number: 108-------------

Evaluate global model
Averaged Train Loss: 0.4268
Averaged Test Accurancy: 0.8491
Averaged Test AUC: 0.9818
Std Test Accurancy: 0.2154
Std Test AUC: 0.0629
------------------------- time cost ------------------------- 2.066204071044922

-------------Round number: 109-------------

Evaluate global model
Averaged Train Loss: 0.4603
Averaged Test Accurancy: 0.8236
Averaged Test AUC: 0.9741
Std Test Accurancy: 0.2465
Std Test AUC: 0.0734
------------------------- time cost ------------------------- 2.022282123565674

-------------Round number: 110-------------

Evaluate global model
Averaged Train Loss: 0.4772
Averaged Test Accurancy: 0.8376
Averaged Test AUC: 0.9730
Std Test Accurancy: 0.2266
Std Test AUC: 0.0739
------------------------- time cost ------------------------- 1.994438886642456

-------------Round number: 111-------------

Evaluate global model
Averaged Train Loss: 0.4910
Averaged Test Accurancy: 0.8084
Averaged Test AUC: 0.9697
Std Test Accurancy: 0.2537
Std Test AUC: 0.0828
------------------------- time cost ------------------------- 2.247527599334717

-------------Round number: 112-------------

Evaluate global model
Averaged Train Loss: 0.4321
Averaged Test Accurancy: 0.8450
Averaged Test AUC: 0.9795
Std Test Accurancy: 0.2275
Std Test AUC: 0.0732
------------------------- time cost ------------------------- 2.0405495166778564

-------------Round number: 113-------------

Evaluate global model
Averaged Train Loss: 0.4275
Averaged Test Accurancy: 0.8410
Averaged Test AUC: 0.9774
Std Test Accurancy: 0.2481
Std Test AUC: 0.0773
------------------------- time cost ------------------------- 1.9943668842315674

-------------Round number: 114-------------

Evaluate global model
Averaged Train Loss: 0.4213
Averaged Test Accurancy: 0.8416
Averaged Test AUC: 0.9711
Std Test Accurancy: 0.2611
Std Test AUC: 0.0894
------------------------- time cost ------------------------- 1.9930732250213623

-------------Round number: 115-------------

Evaluate global model
Averaged Train Loss: 0.4281
Averaged Test Accurancy: 0.8509
Averaged Test AUC: 0.9788
Std Test Accurancy: 0.2351
Std Test AUC: 0.0706
------------------------- time cost ------------------------- 1.9656932353973389

-------------Round number: 116-------------

Evaluate global model
Averaged Train Loss: 0.3934
Averaged Test Accurancy: 0.8581
Averaged Test AUC: 0.9779
Std Test Accurancy: 0.2437
Std Test AUC: 0.0804
------------------------- time cost ------------------------- 1.9114441871643066

-------------Round number: 117-------------

Evaluate global model
Averaged Train Loss: 0.3482
Averaged Test Accurancy: 0.8781
Averaged Test AUC: 0.9859
Std Test Accurancy: 0.2145
Std Test AUC: 0.0681
------------------------- time cost ------------------------- 1.8876991271972656

-------------Round number: 118-------------

Evaluate global model
Averaged Train Loss: 0.4228
Averaged Test Accurancy: 0.8487
Averaged Test AUC: 0.9763
Std Test Accurancy: 0.2274
Std Test AUC: 0.0760
------------------------- time cost ------------------------- 2.0528571605682373

-------------Round number: 119-------------

Evaluate global model
Averaged Train Loss: 0.3554
Averaged Test Accurancy: 0.8743
Averaged Test AUC: 0.9831
Std Test Accurancy: 0.2311
Std Test AUC: 0.0725
------------------------- time cost ------------------------- 1.9917957782745361

-------------Round number: 120-------------

Evaluate global model
Averaged Train Loss: 0.4185
Averaged Test Accurancy: 0.8452
Averaged Test AUC: 0.9775
Std Test Accurancy: 0.2330
Std Test AUC: 0.0719
------------------------- time cost ------------------------- 1.9720897674560547

-------------Round number: 121-------------

Evaluate global model
Averaged Train Loss: 0.3707
Averaged Test Accurancy: 0.8638
Averaged Test AUC: 0.9793
Std Test Accurancy: 0.2436
Std Test AUC: 0.0790
------------------------- time cost ------------------------- 2.0994155406951904

-------------Round number: 122-------------

Evaluate global model
Averaged Train Loss: 0.3275
Averaged Test Accurancy: 0.8776
Averaged Test AUC: 0.9857
Std Test Accurancy: 0.2296
Std Test AUC: 0.0722
------------------------- time cost ------------------------- 1.8306310176849365

-------------Round number: 123-------------

Evaluate global model
Averaged Train Loss: 0.3994
Averaged Test Accurancy: 0.8575
Averaged Test AUC: 0.9754
Std Test Accurancy: 0.2467
Std Test AUC: 0.0836
------------------------- time cost ------------------------- 2.0945725440979004

-------------Round number: 124-------------

Evaluate global model
Averaged Train Loss: 0.4293
Averaged Test Accurancy: 0.8417
Averaged Test AUC: 0.9756
Std Test Accurancy: 0.2403
Std Test AUC: 0.0775
------------------------- time cost ------------------------- 1.9951775074005127

-------------Round number: 125-------------

Evaluate global model
Averaged Train Loss: 0.3659
Averaged Test Accurancy: 0.8773
Averaged Test AUC: 0.9841
Std Test Accurancy: 0.2240
Std Test AUC: 0.0738
------------------------- time cost ------------------------- 2.2207772731781006

-------------Round number: 126-------------

Evaluate global model
Averaged Train Loss: 0.4105
Averaged Test Accurancy: 0.8414
Averaged Test AUC: 0.9751
Std Test Accurancy: 0.2524
Std Test AUC: 0.0801
------------------------- time cost ------------------------- 2.070668935775757

-------------Round number: 127-------------

Evaluate global model
Averaged Train Loss: 0.3803
Averaged Test Accurancy: 0.8682
Averaged Test AUC: 0.9828
Std Test Accurancy: 0.2260
Std Test AUC: 0.0734
------------------------- time cost ------------------------- 2.0830018520355225

-------------Round number: 128-------------

Evaluate global model
Averaged Train Loss: 0.3529
Averaged Test Accurancy: 0.8720
Averaged Test AUC: 0.9828
Std Test Accurancy: 0.2276
Std Test AUC: 0.0756
------------------------- time cost ------------------------- 2.2607014179229736

-------------Round number: 129-------------

Evaluate global model
Averaged Train Loss: 0.3306
Averaged Test Accurancy: 0.8604
Averaged Test AUC: 0.9809
Std Test Accurancy: 0.2665
Std Test AUC: 0.0832
------------------------- time cost ------------------------- 2.0979931354522705

-------------Round number: 130-------------

Evaluate global model
Averaged Train Loss: 0.3266
Averaged Test Accurancy: 0.8827
Averaged Test AUC: 0.9842
Std Test Accurancy: 0.2243
Std Test AUC: 0.0739
------------------------- time cost ------------------------- 2.1214852333068848

-------------Round number: 131-------------

Evaluate global model
Averaged Train Loss: 0.3683
Averaged Test Accurancy: 0.8691
Averaged Test AUC: 0.9824
Std Test Accurancy: 0.2275
Std Test AUC: 0.0733
------------------------- time cost ------------------------- 2.1007890701293945

-------------Round number: 132-------------

Evaluate global model
Averaged Train Loss: 0.3684
Averaged Test Accurancy: 0.8691
Averaged Test AUC: 0.9813
Std Test Accurancy: 0.2131
Std Test AUC: 0.0702
------------------------- time cost ------------------------- 2.0526089668273926

-------------Round number: 133-------------

Evaluate global model
Averaged Train Loss: 0.3087
Averaged Test Accurancy: 0.8891
Averaged Test AUC: 0.9859
Std Test Accurancy: 0.2078
Std Test AUC: 0.0697
------------------------- time cost ------------------------- 1.9427101612091064

-------------Round number: 134-------------

Evaluate global model
Averaged Train Loss: 0.3229
Averaged Test Accurancy: 0.8824
Averaged Test AUC: 0.9834
Std Test Accurancy: 0.1960
Std Test AUC: 0.0685
------------------------- time cost ------------------------- 1.969738245010376

-------------Round number: 135-------------

Evaluate global model
Averaged Train Loss: 0.3631
Averaged Test Accurancy: 0.8802
Averaged Test AUC: 0.9848
Std Test Accurancy: 0.1791
Std Test AUC: 0.0451
------------------------- time cost ------------------------- 2.0616087913513184

-------------Round number: 136-------------

Evaluate global model
Averaged Train Loss: 0.2997
Averaged Test Accurancy: 0.8956
Averaged Test AUC: 0.9865
Std Test Accurancy: 0.1757
Std Test AUC: 0.0483
------------------------- time cost ------------------------- 1.97501802444458

-------------Round number: 137-------------

Evaluate global model
Averaged Train Loss: 0.3468
Averaged Test Accurancy: 0.8874
Averaged Test AUC: 0.9829
Std Test Accurancy: 0.1737
Std Test AUC: 0.0481
------------------------- time cost ------------------------- 1.999263048171997

-------------Round number: 138-------------

Evaluate global model
Averaged Train Loss: 0.3406
Averaged Test Accurancy: 0.8864
Averaged Test AUC: 0.9817
Std Test Accurancy: 0.1684
Std Test AUC: 0.0464
------------------------- time cost ------------------------- 1.935788631439209

-------------Round number: 139-------------

Evaluate global model
Averaged Train Loss: 0.3178
Averaged Test Accurancy: 0.8920
Averaged Test AUC: 0.9869
Std Test Accurancy: 0.1587
Std Test AUC: 0.0360
------------------------- time cost ------------------------- 2.116100311279297

-------------Round number: 140-------------

Evaluate global model
Averaged Train Loss: 0.3687
Averaged Test Accurancy: 0.8685
Averaged Test AUC: 0.9814
Std Test Accurancy: 0.1968
Std Test AUC: 0.0476
------------------------- time cost ------------------------- 1.9944286346435547

-------------Round number: 141-------------

Evaluate global model
Averaged Train Loss: 0.2686
Averaged Test Accurancy: 0.9052
Averaged Test AUC: 0.9892
Std Test Accurancy: 0.1842
Std Test AUC: 0.0431
------------------------- time cost ------------------------- 1.7821617126464844

-------------Round number: 142-------------

Evaluate global model
Averaged Train Loss: 0.3440
Averaged Test Accurancy: 0.8838
Averaged Test AUC: 0.9848
Std Test Accurancy: 0.1900
Std Test AUC: 0.0439
------------------------- time cost ------------------------- 2.1400816440582275

-------------Round number: 143-------------

Evaluate global model
Averaged Train Loss: 0.3181
Averaged Test Accurancy: 0.8883
Averaged Test AUC: 0.9856
Std Test Accurancy: 0.1983
Std Test AUC: 0.0456
------------------------- time cost ------------------------- 1.9170680046081543

-------------Round number: 144-------------

Evaluate global model
Averaged Train Loss: 0.2702
Averaged Test Accurancy: 0.9070
Averaged Test AUC: 0.9886
Std Test Accurancy: 0.1673
Std Test AUC: 0.0424
------------------------- time cost ------------------------- 1.9981143474578857

-------------Round number: 145-------------

Evaluate global model
Averaged Train Loss: 0.2600
Averaged Test Accurancy: 0.9117
Averaged Test AUC: 0.9900
Std Test Accurancy: 0.1622
Std Test AUC: 0.0366
------------------------- time cost ------------------------- 1.9480292797088623

-------------Round number: 146-------------

Evaluate global model
Averaged Train Loss: 0.3127
Averaged Test Accurancy: 0.8996
Averaged Test AUC: 0.9873
Std Test Accurancy: 0.1534
Std Test AUC: 0.0358
------------------------- time cost ------------------------- 1.9642794132232666

-------------Round number: 147-------------

Evaluate global model
Averaged Train Loss: 0.2785
Averaged Test Accurancy: 0.9037
Averaged Test AUC: 0.9889
Std Test Accurancy: 0.1702
Std Test AUC: 0.0368
------------------------- time cost ------------------------- 2.0318174362182617

-------------Round number: 148-------------

Evaluate global model
Averaged Train Loss: 0.2531
Averaged Test Accurancy: 0.9159
Averaged Test AUC: 0.9905
Std Test Accurancy: 0.1460
Std Test AUC: 0.0346
------------------------- time cost ------------------------- 2.041884183883667

-------------Round number: 149-------------

Evaluate global model
Averaged Train Loss: 0.3245
Averaged Test Accurancy: 0.8929
Averaged Test AUC: 0.9837
Std Test Accurancy: 0.1660
Std Test AUC: 0.0443
------------------------- time cost ------------------------- 2.024333953857422

-------------Round number: 150-------------

Evaluate global model
Averaged Train Loss: 0.3541
Averaged Test Accurancy: 0.8818
Averaged Test AUC: 0.9828
Std Test Accurancy: 0.1621
Std Test AUC: 0.0399
------------------------- time cost ------------------------- 2.0611143112182617

-------------Round number: 151-------------

Evaluate global model
Averaged Train Loss: 0.2790
Averaged Test Accurancy: 0.9023
Averaged Test AUC: 0.9884
Std Test Accurancy: 0.1593
Std Test AUC: 0.0363
------------------------- time cost ------------------------- 2.0236594676971436

-------------Round number: 152-------------

Evaluate global model
Averaged Train Loss: 0.3514
Averaged Test Accurancy: 0.8721
Averaged Test AUC: 0.9800
Std Test Accurancy: 0.2178
Std Test AUC: 0.0511
------------------------- time cost ------------------------- 2.0059962272644043

-------------Round number: 153-------------

Evaluate global model
Averaged Train Loss: 0.2550
Averaged Test Accurancy: 0.9172
Averaged Test AUC: 0.9901
Std Test Accurancy: 0.1487
Std Test AUC: 0.0347
------------------------- time cost ------------------------- 1.9280555248260498

-------------Round number: 154-------------

Evaluate global model
Averaged Train Loss: 0.3173
Averaged Test Accurancy: 0.8919
Averaged Test AUC: 0.9801
Std Test Accurancy: 0.1749
Std Test AUC: 0.0491
------------------------- time cost ------------------------- 2.002385139465332

-------------Round number: 155-------------

Evaluate global model
Averaged Train Loss: 0.2592
Averaged Test Accurancy: 0.9140
Averaged Test AUC: 0.9892
Std Test Accurancy: 0.1499
Std Test AUC: 0.0356
------------------------- time cost ------------------------- 2.189570426940918

-------------Round number: 156-------------

Evaluate global model
Averaged Train Loss: 0.2614
Averaged Test Accurancy: 0.9194
Averaged Test AUC: 0.9903
Std Test Accurancy: 0.1408
Std Test AUC: 0.0335
------------------------- time cost ------------------------- 2.0702524185180664

-------------Round number: 157-------------

Evaluate global model
Averaged Train Loss: 0.2471
Averaged Test Accurancy: 0.9195
Averaged Test AUC: 0.9906
Std Test Accurancy: 0.1388
Std Test AUC: 0.0308
------------------------- time cost ------------------------- 2.090038776397705

-------------Round number: 158-------------

Evaluate global model
Averaged Train Loss: 0.2803
Averaged Test Accurancy: 0.9068
Averaged Test AUC: 0.9885
Std Test Accurancy: 0.1439
Std Test AUC: 0.0317
------------------------- time cost ------------------------- 2.1094861030578613

-------------Round number: 159-------------

Evaluate global model
Averaged Train Loss: 0.2842
Averaged Test Accurancy: 0.8943
Averaged Test AUC: 0.9836
Std Test Accurancy: 0.1795
Std Test AUC: 0.0507
------------------------- time cost ------------------------- 2.0306332111358643

Best global accuracy.
0.9194636604321462

Average time cost per round.
2.0574795974875397
File path: ../results/mnist_FedAvg_cnn_gr160_ls1_bs128_lr0.005.h5

Average time cost: 333.52s.
Length:  160
std for best accurancy: 0.0
mean for best accurancy: 0.9194636604321462
All done!

Storage on cuda:0
-------------------------------------------------------------------------------
Total Tensors: 108256836 	Used Memory: 413.23M
The allocated memory on cuda:0: 415.48M
Memory differs due to the matrix alignment or invisible gradient buffer tensors
-------------------------------------------------------------------------------
