==================================================
Algorithm: FedAvg
Local batch size: 16
Local steps: 1
Local learing rate: 0.005
Total number of clients: 20
Clients join in each round: 1.0
Client drop rate: 0.0
Time select: False
Time threthold: 10000
Global rounds: 100
Running times: 1
Dataset: mnist
Local model: cnn
Using device: cuda
Cuda device id: 0
==================================================

============= Running time: 0th =============
Creating server and clients ...

Join ratio / total clients: 1.0 / 20
Finished creating server and clients.

-------------Round number: 0-------------

Evaluate global model
Averaged Train Loss: 2.3127
Averaged Test Accurancy: 0.0624
Averaged Test AUC: 0.4348
Std Test Accurancy: 0.0687
Std Test AUC: 0.1850
------------------------- time cost ------------------------- 11.82832932472229

-------------Round number: 1-------------

Evaluate global model
Averaged Train Loss: 2.2411
Averaged Test Accurancy: 0.1721
Averaged Test AUC: 0.6206
Std Test Accurancy: 0.2569
Std Test AUC: 0.2459
------------------------- time cost ------------------------- 11.15262770652771

-------------Round number: 2-------------

Evaluate global model
Averaged Train Loss: 2.0789
Averaged Test Accurancy: 0.2263
Averaged Test AUC: 0.6897
Std Test Accurancy: 0.2959
Std Test AUC: 0.2576
------------------------- time cost ------------------------- 15.63140344619751

-------------Round number: 3-------------

Evaluate global model
Averaged Train Loss: 1.7981
Averaged Test Accurancy: 0.4605
Averaged Test AUC: 0.7803
Std Test Accurancy: 0.2685
Std Test AUC: 0.2340
------------------------- time cost ------------------------- 11.959027528762817

-------------Round number: 4-------------

Evaluate global model
Averaged Train Loss: 1.4864
Averaged Test Accurancy: 0.5979
Averaged Test AUC: 0.8505
Std Test Accurancy: 0.2830
Std Test AUC: 0.1813
------------------------- time cost ------------------------- 14.362769365310669

-------------Round number: 5-------------

Evaluate global model
Averaged Train Loss: 1.2244
Averaged Test Accurancy: 0.6532
Averaged Test AUC: 0.8917
Std Test Accurancy: 0.3011
Std Test AUC: 0.1355
------------------------- time cost ------------------------- 16.209820985794067

-------------Round number: 6-------------

Evaluate global model
Averaged Train Loss: 1.0382
Averaged Test Accurancy: 0.6807
Averaged Test AUC: 0.9163
Std Test Accurancy: 0.2986
Std Test AUC: 0.1014
------------------------- time cost ------------------------- 16.130695343017578

-------------Round number: 7-------------

Evaluate global model
Averaged Train Loss: 0.9253
Averaged Test Accurancy: 0.6992
Averaged Test AUC: 0.9280
Std Test Accurancy: 0.2927
Std Test AUC: 0.0843
------------------------- time cost ------------------------- 16.26030135154724

-------------Round number: 8-------------

Evaluate global model
Averaged Train Loss: 0.8151
Averaged Test Accurancy: 0.7266
Averaged Test AUC: 0.9411
Std Test Accurancy: 0.2685
Std Test AUC: 0.0674
------------------------- time cost ------------------------- 14.197033882141113

-------------Round number: 9-------------

Evaluate global model
Averaged Train Loss: 0.7419
Averaged Test Accurancy: 0.7435
Averaged Test AUC: 0.9486
Std Test Accurancy: 0.2417
Std Test AUC: 0.0534
------------------------- time cost ------------------------- 11.290852069854736

-------------Round number: 10-------------

Evaluate global model
Averaged Train Loss: 0.6687
Averaged Test Accurancy: 0.7654
Averaged Test AUC: 0.9556
Std Test Accurancy: 0.2294
Std Test AUC: 0.0453
------------------------- time cost ------------------------- 16.37154793739319

-------------Round number: 11-------------

Evaluate global model
Averaged Train Loss: 0.6212
Averaged Test Accurancy: 0.7770
Averaged Test AUC: 0.9592
Std Test Accurancy: 0.2205
Std Test AUC: 0.0405
------------------------- time cost ------------------------- 15.596696615219116

-------------Round number: 12-------------

Evaluate global model
Averaged Train Loss: 0.5855
Averaged Test Accurancy: 0.7862
Averaged Test AUC: 0.9618
Std Test Accurancy: 0.2130
Std Test AUC: 0.0375
------------------------- time cost ------------------------- 10.353727579116821

-------------Round number: 13-------------

Evaluate global model
Averaged Train Loss: 0.5529
Averaged Test Accurancy: 0.7927
Averaged Test AUC: 0.9643
Std Test Accurancy: 0.2078
Std Test AUC: 0.0337
------------------------- time cost ------------------------- 12.383535623550415

-------------Round number: 14-------------

Evaluate global model
Averaged Train Loss: 0.5202
Averaged Test Accurancy: 0.8043
Averaged Test AUC: 0.9668
Std Test Accurancy: 0.1938
Std Test AUC: 0.0296
------------------------- time cost ------------------------- 15.532478094100952

-------------Round number: 15-------------

Evaluate global model
Averaged Train Loss: 0.4927
Averaged Test Accurancy: 0.8141
Averaged Test AUC: 0.9687
Std Test Accurancy: 0.1886
Std Test AUC: 0.0289
------------------------- time cost ------------------------- 10.825870752334595

-------------Round number: 16-------------

Evaluate global model
Averaged Train Loss: 0.4677
Averaged Test Accurancy: 0.8213
Averaged Test AUC: 0.9706
Std Test Accurancy: 0.1747
Std Test AUC: 0.0260
------------------------- time cost ------------------------- 13.366417407989502

-------------Round number: 17-------------

Evaluate global model
Averaged Train Loss: 0.4484
Averaged Test Accurancy: 0.8310
Averaged Test AUC: 0.9717
Std Test Accurancy: 0.1643
Std Test AUC: 0.0250
------------------------- time cost ------------------------- 14.04166030883789

-------------Round number: 18-------------

Evaluate global model
Averaged Train Loss: 0.4346
Averaged Test Accurancy: 0.8341
Averaged Test AUC: 0.9728
Std Test Accurancy: 0.1678
Std Test AUC: 0.0250
------------------------- time cost ------------------------- 15.201401472091675

-------------Round number: 19-------------

Evaluate global model
Averaged Train Loss: 0.4177
Averaged Test Accurancy: 0.8395
Averaged Test AUC: 0.9741
Std Test Accurancy: 0.1591
Std Test AUC: 0.0231
------------------------- time cost ------------------------- 14.021816492080688

-------------Round number: 20-------------

Evaluate global model
Averaged Train Loss: 0.4010
Averaged Test Accurancy: 0.8467
Averaged Test AUC: 0.9753
Std Test Accurancy: 0.1525
Std Test AUC: 0.0225
------------------------- time cost ------------------------- 13.706986904144287

-------------Round number: 21-------------

Evaluate global model
Averaged Train Loss: 0.3848
Averaged Test Accurancy: 0.8537
Averaged Test AUC: 0.9763
Std Test Accurancy: 0.1456
Std Test AUC: 0.0216
------------------------- time cost ------------------------- 14.161709070205688

-------------Round number: 22-------------

Evaluate global model
Averaged Train Loss: 0.3741
Averaged Test Accurancy: 0.8580
Averaged Test AUC: 0.9770
Std Test Accurancy: 0.1342
Std Test AUC: 0.0204
------------------------- time cost ------------------------- 15.696897506713867

-------------Round number: 23-------------

Evaluate global model
Averaged Train Loss: 0.3670
Averaged Test Accurancy: 0.8589
Averaged Test AUC: 0.9776
Std Test Accurancy: 0.1320
Std Test AUC: 0.0200
------------------------- time cost ------------------------- 15.883210182189941

-------------Round number: 24-------------

Evaluate global model
Averaged Train Loss: 0.3536
Averaged Test Accurancy: 0.8661
Averaged Test AUC: 0.9784
Std Test Accurancy: 0.1230
Std Test AUC: 0.0189
------------------------- time cost ------------------------- 15.130518674850464

-------------Round number: 25-------------

Evaluate global model
Averaged Train Loss: 0.3385
Averaged Test Accurancy: 0.8723
Averaged Test AUC: 0.9795
Std Test Accurancy: 0.1192
Std Test AUC: 0.0187
------------------------- time cost ------------------------- 15.403802156448364

-------------Round number: 26-------------

Evaluate global model
Averaged Train Loss: 0.3350
Averaged Test Accurancy: 0.8684
Averaged Test AUC: 0.9798
Std Test Accurancy: 0.1318
Std Test AUC: 0.0193
------------------------- time cost ------------------------- 15.298328876495361

-------------Round number: 27-------------

Evaluate global model
Averaged Train Loss: 0.3151
Averaged Test Accurancy: 0.8865
Averaged Test AUC: 0.9810
Std Test Accurancy: 0.0992
Std Test AUC: 0.0166
------------------------- time cost ------------------------- 14.657699584960938

-------------Round number: 28-------------

Evaluate global model
Averaged Train Loss: 0.3117
Averaged Test Accurancy: 0.8859
Averaged Test AUC: 0.9814
Std Test Accurancy: 0.1002
Std Test AUC: 0.0165
------------------------- time cost ------------------------- 15.929481983184814

-------------Round number: 29-------------

Evaluate global model
Averaged Train Loss: 0.3061
Averaged Test Accurancy: 0.8871
Averaged Test AUC: 0.9816
Std Test Accurancy: 0.1055
Std Test AUC: 0.0170
------------------------- time cost ------------------------- 15.960516214370728

-------------Round number: 30-------------

Evaluate global model
Averaged Train Loss: 0.2929
Averaged Test Accurancy: 0.8973
Averaged Test AUC: 0.9825
Std Test Accurancy: 0.0911
Std Test AUC: 0.0155
------------------------- time cost ------------------------- 15.814050674438477

-------------Round number: 31-------------

Evaluate global model
Averaged Train Loss: 0.2873
Averaged Test Accurancy: 0.8970
Averaged Test AUC: 0.9830
Std Test Accurancy: 0.0900
Std Test AUC: 0.0151
------------------------- time cost ------------------------- 11.197701692581177

-------------Round number: 32-------------

Evaluate global model
Averaged Train Loss: 0.2831
Averaged Test Accurancy: 0.8983
Averaged Test AUC: 0.9832
Std Test Accurancy: 0.0892
Std Test AUC: 0.0150
------------------------- time cost ------------------------- 10.143655776977539

-------------Round number: 33-------------

Evaluate global model
Averaged Train Loss: 0.2719
Averaged Test Accurancy: 0.9057
Averaged Test AUC: 0.9838
Std Test Accurancy: 0.0787
Std Test AUC: 0.0139
------------------------- time cost ------------------------- 9.448658227920532

-------------Round number: 34-------------

Evaluate global model
Averaged Train Loss: 0.2682
Averaged Test Accurancy: 0.9031
Averaged Test AUC: 0.9841
Std Test Accurancy: 0.0910
Std Test AUC: 0.0152
------------------------- time cost ------------------------- 15.729907512664795

-------------Round number: 35-------------

Evaluate global model
Averaged Train Loss: 0.2593
Averaged Test Accurancy: 0.9106
Averaged Test AUC: 0.9848
Std Test Accurancy: 0.0728
Std Test AUC: 0.0130
------------------------- time cost ------------------------- 16.114298343658447

-------------Round number: 36-------------

Evaluate global model
Averaged Train Loss: 0.2531
Averaged Test Accurancy: 0.9126
Averaged Test AUC: 0.9851
Std Test Accurancy: 0.0747
Std Test AUC: 0.0134
------------------------- time cost ------------------------- 12.723634719848633

-------------Round number: 37-------------

Evaluate global model
Averaged Train Loss: 0.2449
Averaged Test Accurancy: 0.9191
Averaged Test AUC: 0.9856
Std Test Accurancy: 0.0625
Std Test AUC: 0.0120
------------------------- time cost ------------------------- 15.204680681228638

-------------Round number: 38-------------

Evaluate global model
Averaged Train Loss: 0.2451
Averaged Test Accurancy: 0.9151
Averaged Test AUC: 0.9856
Std Test Accurancy: 0.0749
Std Test AUC: 0.0132
------------------------- time cost ------------------------- 15.333322286605835

-------------Round number: 39-------------

Evaluate global model
Averaged Train Loss: 0.2373
Averaged Test Accurancy: 0.9208
Averaged Test AUC: 0.9862
Std Test Accurancy: 0.0644
Std Test AUC: 0.0123
------------------------- time cost ------------------------- 15.931865930557251

-------------Round number: 40-------------

Evaluate global model
Averaged Train Loss: 0.2335
Averaged Test Accurancy: 0.9215
Averaged Test AUC: 0.9863
Std Test Accurancy: 0.0661
Std Test AUC: 0.0123
------------------------- time cost ------------------------- 15.906381130218506

-------------Round number: 41-------------

Evaluate global model
Averaged Train Loss: 0.2313
Averaged Test Accurancy: 0.9218
Averaged Test AUC: 0.9865
Std Test Accurancy: 0.0636
Std Test AUC: 0.0119
------------------------- time cost ------------------------- 14.381123781204224

-------------Round number: 42-------------

Evaluate global model
Averaged Train Loss: 0.2292
Averaged Test Accurancy: 0.9212
Averaged Test AUC: 0.9866
Std Test Accurancy: 0.0657
Std Test AUC: 0.0119
------------------------- time cost ------------------------- 15.89250659942627

-------------Round number: 43-------------

Evaluate global model
Averaged Train Loss: 0.2192
Averaged Test Accurancy: 0.9249
Averaged Test AUC: 0.9873
Std Test Accurancy: 0.0629
Std Test AUC: 0.0115
------------------------- time cost ------------------------- 12.497549295425415

-------------Round number: 44-------------

Evaluate global model
Averaged Train Loss: 0.2213
Averaged Test Accurancy: 0.9227
Averaged Test AUC: 0.9871
Std Test Accurancy: 0.0670
Std Test AUC: 0.0120
------------------------- time cost ------------------------- 12.989863157272339

-------------Round number: 45-------------

Evaluate global model
Averaged Train Loss: 0.2112
Averaged Test Accurancy: 0.9271
Averaged Test AUC: 0.9878
Std Test Accurancy: 0.0627
Std Test AUC: 0.0114
------------------------- time cost ------------------------- 15.813451528549194

-------------Round number: 46-------------

Evaluate global model
Averaged Train Loss: 0.2033
Averaged Test Accurancy: 0.9324
Averaged Test AUC: 0.9883
Std Test Accurancy: 0.0527
Std Test AUC: 0.0105
------------------------- time cost ------------------------- 13.70080018043518

-------------Round number: 47-------------

Evaluate global model
Averaged Train Loss: 0.2031
Averaged Test Accurancy: 0.9314
Averaged Test AUC: 0.9883
Std Test Accurancy: 0.0564
Std Test AUC: 0.0104
------------------------- time cost ------------------------- 15.910178422927856

-------------Round number: 48-------------

Evaluate global model
Averaged Train Loss: 0.1992
Averaged Test Accurancy: 0.9341
Averaged Test AUC: 0.9886
Std Test Accurancy: 0.0498
Std Test AUC: 0.0098
------------------------- time cost ------------------------- 15.900668621063232

-------------Round number: 49-------------

Evaluate global model
Averaged Train Loss: 0.1938
Averaged Test Accurancy: 0.9351
Averaged Test AUC: 0.9889
Std Test Accurancy: 0.0490
Std Test AUC: 0.0097
------------------------- time cost ------------------------- 13.011645078659058

-------------Round number: 50-------------

Evaluate global model
Averaged Train Loss: 0.1924
Averaged Test Accurancy: 0.9355
Averaged Test AUC: 0.9889
Std Test Accurancy: 0.0520
Std Test AUC: 0.0102
------------------------- time cost ------------------------- 12.378435850143433

-------------Round number: 51-------------

Evaluate global model
Averaged Train Loss: 0.1916
Averaged Test Accurancy: 0.9354
Averaged Test AUC: 0.9888
Std Test Accurancy: 0.0514
Std Test AUC: 0.0100
------------------------- time cost ------------------------- 11.534098863601685

-------------Round number: 52-------------

Evaluate global model
Averaged Train Loss: 0.1901
Averaged Test Accurancy: 0.9356
Averaged Test AUC: 0.9890
Std Test Accurancy: 0.0501
Std Test AUC: 0.0098
------------------------- time cost ------------------------- 15.802221298217773

-------------Round number: 53-------------

Evaluate global model
Averaged Train Loss: 0.1868
Averaged Test Accurancy: 0.9373
Averaged Test AUC: 0.9893
Std Test Accurancy: 0.0493
Std Test AUC: 0.0096
------------------------- time cost ------------------------- 10.741074085235596

-------------Round number: 54-------------

Evaluate global model
Averaged Train Loss: 0.1817
Averaged Test Accurancy: 0.9386
Averaged Test AUC: 0.9896
Std Test Accurancy: 0.0468
Std Test AUC: 0.0091
------------------------- time cost ------------------------- 8.982670307159424

-------------Round number: 55-------------

Evaluate global model
Averaged Train Loss: 0.1827
Averaged Test Accurancy: 0.9376
Averaged Test AUC: 0.9896
Std Test Accurancy: 0.0481
Std Test AUC: 0.0092
------------------------- time cost ------------------------- 14.195595264434814

-------------Round number: 56-------------

Evaluate global model
Averaged Train Loss: 0.1817
Averaged Test Accurancy: 0.9392
Averaged Test AUC: 0.9896
Std Test Accurancy: 0.0488
Std Test AUC: 0.0096
------------------------- time cost ------------------------- 13.839563131332397

-------------Round number: 57-------------

Evaluate global model
Averaged Train Loss: 0.1741
Averaged Test Accurancy: 0.9426
Averaged Test AUC: 0.9900
Std Test Accurancy: 0.0418
Std Test AUC: 0.0086
------------------------- time cost ------------------------- 14.841758728027344

-------------Round number: 58-------------

Evaluate global model
Averaged Train Loss: 0.1713
Averaged Test Accurancy: 0.9431
Averaged Test AUC: 0.9903
Std Test Accurancy: 0.0409
Std Test AUC: 0.0082
------------------------- time cost ------------------------- 15.94225788116455

-------------Round number: 59-------------

Evaluate global model
Averaged Train Loss: 0.1696
Averaged Test Accurancy: 0.9442
Averaged Test AUC: 0.9904
Std Test Accurancy: 0.0430
Std Test AUC: 0.0087
------------------------- time cost ------------------------- 12.446860551834106

-------------Round number: 60-------------

Evaluate global model
Averaged Train Loss: 0.1701
Averaged Test Accurancy: 0.9435
Averaged Test AUC: 0.9903
Std Test Accurancy: 0.0425
Std Test AUC: 0.0085
------------------------- time cost ------------------------- 15.928365707397461

-------------Round number: 61-------------

Evaluate global model
Averaged Train Loss: 0.1713
Averaged Test Accurancy: 0.9413
Averaged Test AUC: 0.9903
Std Test Accurancy: 0.0474
Std Test AUC: 0.0088
------------------------- time cost ------------------------- 15.814637899398804

-------------Round number: 62-------------

Evaluate global model
Averaged Train Loss: 0.1681
Averaged Test Accurancy: 0.9424
Averaged Test AUC: 0.9906
Std Test Accurancy: 0.0450
Std Test AUC: 0.0085
------------------------- time cost ------------------------- 13.539684295654297

-------------Round number: 63-------------

Evaluate global model
Averaged Train Loss: 0.1628
Averaged Test Accurancy: 0.9460
Averaged Test AUC: 0.9908
Std Test Accurancy: 0.0403
Std Test AUC: 0.0080
------------------------- time cost ------------------------- 15.789334774017334

-------------Round number: 64-------------

Evaluate global model
Averaged Train Loss: 0.1609
Averaged Test Accurancy: 0.9458
Averaged Test AUC: 0.9910
Std Test Accurancy: 0.0401
Std Test AUC: 0.0080
------------------------- time cost ------------------------- 15.920122385025024

-------------Round number: 65-------------

Evaluate global model
Averaged Train Loss: 0.1558
Averaged Test Accurancy: 0.9491
Averaged Test AUC: 0.9913
Std Test Accurancy: 0.0366
Std Test AUC: 0.0072
------------------------- time cost ------------------------- 8.215687036514282

-------------Round number: 66-------------

Evaluate global model
Averaged Train Loss: 0.1592
Averaged Test Accurancy: 0.9466
Averaged Test AUC: 0.9911
Std Test Accurancy: 0.0398
Std Test AUC: 0.0079
------------------------- time cost ------------------------- 14.048712253570557

-------------Round number: 67-------------

Evaluate global model
Averaged Train Loss: 0.1546
Averaged Test Accurancy: 0.9484
Averaged Test AUC: 0.9913
Std Test Accurancy: 0.0367
Std Test AUC: 0.0073
------------------------- time cost ------------------------- 16.00714349746704

-------------Round number: 68-------------

Evaluate global model
Averaged Train Loss: 0.1530
Averaged Test Accurancy: 0.9503
Averaged Test AUC: 0.9915
Std Test Accurancy: 0.0359
Std Test AUC: 0.0072
------------------------- time cost ------------------------- 16.032092332839966

-------------Round number: 69-------------

Evaluate global model
Averaged Train Loss: 0.1538
Averaged Test Accurancy: 0.9490
Averaged Test AUC: 0.9913
Std Test Accurancy: 0.0385
Std Test AUC: 0.0077
------------------------- time cost ------------------------- 11.933107852935791

-------------Round number: 70-------------

Evaluate global model
Averaged Train Loss: 0.1483
Averaged Test Accurancy: 0.9518
Averaged Test AUC: 0.9918
Std Test Accurancy: 0.0336
Std Test AUC: 0.0070
------------------------- time cost ------------------------- 10.13355565071106

-------------Round number: 71-------------

Evaluate global model
Averaged Train Loss: 0.1505
Averaged Test Accurancy: 0.9499
Averaged Test AUC: 0.9916
Std Test Accurancy: 0.0377
Std Test AUC: 0.0075
------------------------- time cost ------------------------- 12.5924973487854

-------------Round number: 72-------------

Evaluate global model
Averaged Train Loss: 0.1461
Averaged Test Accurancy: 0.9519
Averaged Test AUC: 0.9918
Std Test Accurancy: 0.0363
Std Test AUC: 0.0071
------------------------- time cost ------------------------- 9.879540205001831

-------------Round number: 73-------------

Evaluate global model
Averaged Train Loss: 0.1453
Averaged Test Accurancy: 0.9517
Averaged Test AUC: 0.9919
Std Test Accurancy: 0.0358
Std Test AUC: 0.0071
------------------------- time cost ------------------------- 9.84117841720581

-------------Round number: 74-------------

Evaluate global model
Averaged Train Loss: 0.1415
Averaged Test Accurancy: 0.9530
Averaged Test AUC: 0.9921
Std Test Accurancy: 0.0343
Std Test AUC: 0.0069
------------------------- time cost ------------------------- 14.205572843551636

-------------Round number: 75-------------

Evaluate global model
Averaged Train Loss: 0.1435
Averaged Test Accurancy: 0.9526
Averaged Test AUC: 0.9920
Std Test Accurancy: 0.0361
Std Test AUC: 0.0071
------------------------- time cost ------------------------- 14.458059072494507

-------------Round number: 76-------------

Evaluate global model
Averaged Train Loss: 0.1414
Averaged Test Accurancy: 0.9538
Averaged Test AUC: 0.9921
Std Test Accurancy: 0.0347
Std Test AUC: 0.0070
------------------------- time cost ------------------------- 10.689350605010986

-------------Round number: 77-------------

Evaluate global model
Averaged Train Loss: 0.1417
Averaged Test Accurancy: 0.9533
Averaged Test AUC: 0.9921
Std Test Accurancy: 0.0340
Std Test AUC: 0.0067
------------------------- time cost ------------------------- 12.224960803985596

-------------Round number: 78-------------

Evaluate global model
Averaged Train Loss: 0.1417
Averaged Test Accurancy: 0.9531
Averaged Test AUC: 0.9921
Std Test Accurancy: 0.0366
Std Test AUC: 0.0070
------------------------- time cost ------------------------- 10.451849460601807

-------------Round number: 79-------------

Evaluate global model
Averaged Train Loss: 0.1387
Averaged Test Accurancy: 0.9544
Averaged Test AUC: 0.9923
Std Test Accurancy: 0.0363
Std Test AUC: 0.0071
------------------------- time cost ------------------------- 15.359054327011108

-------------Round number: 80-------------

Evaluate global model
Averaged Train Loss: 0.1364
Averaged Test Accurancy: 0.9552
Averaged Test AUC: 0.9925
Std Test Accurancy: 0.0352
Std Test AUC: 0.0069
------------------------- time cost ------------------------- 15.039640188217163

-------------Round number: 81-------------

Evaluate global model
Averaged Train Loss: 0.1362
Averaged Test Accurancy: 0.9550
Averaged Test AUC: 0.9924
Std Test Accurancy: 0.0370
Std Test AUC: 0.0072
------------------------- time cost ------------------------- 15.833698987960815

-------------Round number: 82-------------

Evaluate global model
Averaged Train Loss: 0.1330
Averaged Test Accurancy: 0.9568
Averaged Test AUC: 0.9926
Std Test Accurancy: 0.0338
Std Test AUC: 0.0066
------------------------- time cost ------------------------- 15.900116682052612

-------------Round number: 83-------------

Evaluate global model
Averaged Train Loss: 0.1312
Averaged Test Accurancy: 0.9570
Averaged Test AUC: 0.9928
Std Test Accurancy: 0.0314
Std Test AUC: 0.0061
------------------------- time cost ------------------------- 15.729154109954834

-------------Round number: 84-------------

Evaluate global model
Averaged Train Loss: 0.1285
Averaged Test Accurancy: 0.9589
Averaged Test AUC: 0.9929
Std Test Accurancy: 0.0301
Std Test AUC: 0.0060
------------------------- time cost ------------------------- 15.970988273620605

-------------Round number: 85-------------

Evaluate global model
Averaged Train Loss: 0.1283
Averaged Test Accurancy: 0.9582
Averaged Test AUC: 0.9929
Std Test Accurancy: 0.0304
Std Test AUC: 0.0060
------------------------- time cost ------------------------- 15.368948936462402

-------------Round number: 86-------------

Evaluate global model
Averaged Train Loss: 0.1283
Averaged Test Accurancy: 0.9588
Averaged Test AUC: 0.9929
Std Test Accurancy: 0.0323
Std Test AUC: 0.0063
------------------------- time cost ------------------------- 15.83626389503479

-------------Round number: 87-------------

Evaluate global model
Averaged Train Loss: 0.1297
Averaged Test Accurancy: 0.9573
Averaged Test AUC: 0.9928
Std Test Accurancy: 0.0333
Std Test AUC: 0.0065
------------------------- time cost ------------------------- 15.951907396316528

-------------Round number: 88-------------

Evaluate global model
Averaged Train Loss: 0.1258
Averaged Test Accurancy: 0.9594
Averaged Test AUC: 0.9931
Std Test Accurancy: 0.0310
Std Test AUC: 0.0060
------------------------- time cost ------------------------- 15.826815843582153

-------------Round number: 89-------------

Evaluate global model
Averaged Train Loss: 0.1233
Averaged Test Accurancy: 0.9602
Averaged Test AUC: 0.9932
Std Test Accurancy: 0.0299
Std Test AUC: 0.0057
------------------------- time cost ------------------------- 10.292830467224121

-------------Round number: 90-------------

Evaluate global model
Averaged Train Loss: 0.1220
Averaged Test Accurancy: 0.9609
Averaged Test AUC: 0.9933
Std Test Accurancy: 0.0295
Std Test AUC: 0.0057
------------------------- time cost ------------------------- 9.145038843154907

-------------Round number: 91-------------

Evaluate global model
Averaged Train Loss: 0.1225
Averaged Test Accurancy: 0.9609
Averaged Test AUC: 0.9933
Std Test Accurancy: 0.0303
Std Test AUC: 0.0059
------------------------- time cost ------------------------- 15.754719734191895

-------------Round number: 92-------------

Evaluate global model
Averaged Train Loss: 0.1203
Averaged Test Accurancy: 0.9613
Averaged Test AUC: 0.9934
Std Test Accurancy: 0.0270
Std Test AUC: 0.0052
------------------------- time cost ------------------------- 16.051677703857422

-------------Round number: 93-------------

Evaluate global model
Averaged Train Loss: 0.1187
Averaged Test Accurancy: 0.9616
Averaged Test AUC: 0.9935
Std Test Accurancy: 0.0276
Std Test AUC: 0.0054
------------------------- time cost ------------------------- 12.387288331985474

-------------Round number: 94-------------

Evaluate global model
Averaged Train Loss: 0.1214
Averaged Test Accurancy: 0.9603
Averaged Test AUC: 0.9933
Std Test Accurancy: 0.0305
Std Test AUC: 0.0060
------------------------- time cost ------------------------- 12.256825923919678

-------------Round number: 95-------------

Evaluate global model
Averaged Train Loss: 0.1185
Averaged Test Accurancy: 0.9622
Averaged Test AUC: 0.9935
Std Test Accurancy: 0.0290
Std Test AUC: 0.0055
------------------------- time cost ------------------------- 10.192511558532715

-------------Round number: 96-------------

Evaluate global model
Averaged Train Loss: 0.1149
Averaged Test Accurancy: 0.9634
Averaged Test AUC: 0.9937
Std Test Accurancy: 0.0259
Std Test AUC: 0.0052
------------------------- time cost ------------------------- 15.979458093643188

-------------Round number: 97-------------

Evaluate global model
Averaged Train Loss: 0.1169
Averaged Test Accurancy: 0.9615
Averaged Test AUC: 0.9935
Std Test Accurancy: 0.0282
Std Test AUC: 0.0053
------------------------- time cost ------------------------- 9.526535272598267

-------------Round number: 98-------------

Evaluate global model
Averaged Train Loss: 0.1247
Averaged Test Accurancy: 0.9579
Averaged Test AUC: 0.9931
Std Test Accurancy: 0.0369
Std Test AUC: 0.0067
------------------------- time cost ------------------------- 15.578331708908081

-------------Round number: 99-------------

Evaluate global model
Averaged Train Loss: 0.1145
Averaged Test Accurancy: 0.9636
Averaged Test AUC: 0.9937
Std Test Accurancy: 0.0271
Std Test AUC: 0.0054
------------------------- time cost ------------------------- 10.517550230026245

Best global accuracy.
0.9636005481329223

Average time cost per round.
13.871455794633038
File path: ../results/mnist_FedAvg_cnn_gr100_ls1_bs16_lr0.005.h5

Average time cost: 1389.03s.
Length:  100
std for best accurancy: 0.0
mean for best accurancy: 0.9636005481329223
All done!

Storage on cuda:0
-------------------------------------------------------------------------------
Total Tensors: 24445092 	Used Memory: 93.31M
The allocated memory on cuda:0: 93.31M
-------------------------------------------------------------------------------
