nohup: ignoring input

cuda is not avaiable.

==================================================
Algorithm: FedAvg
Local batch size: 16
Local steps: 1
Local learing rate: 0.005
Total number of clients: 20
Clients join in each round: 1.0
Client drop rate: 0.0
Time select: False
Time threthold: 10000
Global rounds: 20
Running times: 1
Dataset: Cifar10
Local model: dnn
Using device: cpu
==================================================

============= Running time: 0th =============
Creating server and clients ...

Join ratio / total clients: 1.0 / 20
Finished creating server and clients.

-------------Round number: 0-------------

Evaluate global model
Averaged Train Loss: 2.3046
Averaged Test Accurancy: 0.1035
Averaged Test AUC: 0.5082
Std Test Accurancy: 0.0324
Std Test AUC: 0.0339
------------------------- time cost ------------------------- 2.7413365840911865

-------------Round number: 1-------------

Evaluate global model
Averaged Train Loss: 2.2422
Averaged Test Accurancy: 0.1810
Averaged Test AUC: 0.6252
Std Test Accurancy: 0.0243
Std Test AUC: 0.0335
------------------------- time cost ------------------------- 2.551137685775757

-------------Round number: 2-------------

Evaluate global model
Averaged Train Loss: 2.1950
Averaged Test Accurancy: 0.2155
Averaged Test AUC: 0.6684
Std Test Accurancy: 0.0408
Std Test AUC: 0.0307
------------------------- time cost ------------------------- 2.527902841567993

-------------Round number: 3-------------

Evaluate global model
Averaged Train Loss: 2.1553
Averaged Test Accurancy: 0.2425
Averaged Test AUC: 0.6911
Std Test Accurancy: 0.0331
Std Test AUC: 0.0287
------------------------- time cost ------------------------- 2.5299248695373535

-------------Round number: 4-------------

Evaluate global model
Averaged Train Loss: 2.1235
Averaged Test Accurancy: 0.2630
Averaged Test AUC: 0.7064
Std Test Accurancy: 0.0359
Std Test AUC: 0.0277
------------------------- time cost ------------------------- 2.585202932357788

-------------Round number: 5-------------

Evaluate global model
Averaged Train Loss: 2.0967
Averaged Test Accurancy: 0.2680
Averaged Test AUC: 0.7191
Std Test Accurancy: 0.0350
Std Test AUC: 0.0271
------------------------- time cost ------------------------- 2.5874502658843994

-------------Round number: 6-------------

Evaluate global model
Averaged Train Loss: 2.0732
Averaged Test Accurancy: 0.2760
Averaged Test AUC: 0.7297
Std Test Accurancy: 0.0353
Std Test AUC: 0.0267
------------------------- time cost ------------------------- 2.6297006607055664

-------------Round number: 7-------------

Evaluate global model
Averaged Train Loss: 2.0515
Averaged Test Accurancy: 0.2850
Averaged Test AUC: 0.7388
Std Test Accurancy: 0.0341
Std Test AUC: 0.0263
------------------------- time cost ------------------------- 2.5730271339416504

-------------Round number: 8-------------

Evaluate global model
Averaged Train Loss: 2.0322
Averaged Test Accurancy: 0.2935
Averaged Test AUC: 0.7466
Std Test Accurancy: 0.0326
Std Test AUC: 0.0262
------------------------- time cost ------------------------- 2.567379951477051

-------------Round number: 9-------------

Evaluate global model
Averaged Train Loss: 2.0129
Averaged Test Accurancy: 0.3020
Averaged Test AUC: 0.7530
Std Test Accurancy: 0.0407
Std Test AUC: 0.0258
------------------------- time cost ------------------------- 2.628997802734375

-------------Round number: 10-------------

Evaluate global model
Averaged Train Loss: 1.9968
Averaged Test Accurancy: 0.3080
Averaged Test AUC: 0.7589
Std Test Accurancy: 0.0450
Std Test AUC: 0.0256
------------------------- time cost ------------------------- 2.5883097648620605

-------------Round number: 11-------------

Evaluate global model
Averaged Train Loss: 1.9799
Averaged Test Accurancy: 0.3175
Averaged Test AUC: 0.7642
Std Test Accurancy: 0.0480
Std Test AUC: 0.0253
------------------------- time cost ------------------------- 2.5908641815185547

-------------Round number: 12-------------

Evaluate global model
Averaged Train Loss: 1.9657
Averaged Test Accurancy: 0.3170
Averaged Test AUC: 0.7687
Std Test Accurancy: 0.0478
Std Test AUC: 0.0252
------------------------- time cost ------------------------- 2.517643928527832

-------------Round number: 13-------------

Evaluate global model
Averaged Train Loss: 1.9516
Averaged Test Accurancy: 0.3200
Averaged Test AUC: 0.7728
Std Test Accurancy: 0.0434
Std Test AUC: 0.0251
------------------------- time cost ------------------------- 2.539461851119995

-------------Round number: 14-------------

Evaluate global model
Averaged Train Loss: 1.9381
Averaged Test Accurancy: 0.3225
Averaged Test AUC: 0.7764
Std Test Accurancy: 0.0418
Std Test AUC: 0.0251
------------------------- time cost ------------------------- 2.639308214187622

-------------Round number: 15-------------

Evaluate global model
Averaged Train Loss: 1.9260
Averaged Test Accurancy: 0.3270
Averaged Test AUC: 0.7795
Std Test Accurancy: 0.0488
Std Test AUC: 0.0251
------------------------- time cost ------------------------- 2.5701701641082764

-------------Round number: 16-------------

Evaluate global model
Averaged Train Loss: 1.9137
Averaged Test Accurancy: 0.3295
Averaged Test AUC: 0.7825
Std Test Accurancy: 0.0466
Std Test AUC: 0.0250
------------------------- time cost ------------------------- 2.5303256511688232

-------------Round number: 17-------------

Evaluate global model
Averaged Train Loss: 1.9004
Averaged Test Accurancy: 0.3340
Averaged Test AUC: 0.7851
Std Test Accurancy: 0.0451
Std Test AUC: 0.0250
------------------------- time cost ------------------------- 2.5556726455688477

-------------Round number: 18-------------

Evaluate global model
Averaged Train Loss: 1.8902
Averaged Test Accurancy: 0.3365
Averaged Test AUC: 0.7874
Std Test Accurancy: 0.0449
Std Test AUC: 0.0251
------------------------- time cost ------------------------- 2.6570234298706055

-------------Round number: 19-------------

Evaluate global model
Averaged Train Loss: 1.8801
Averaged Test Accurancy: 0.3380
Averaged Test AUC: 0.7897
Std Test Accurancy: 0.0469
Std Test AUC: 0.0252
------------------------- time cost ------------------------- 2.5770857334136963

-------------Round number: 20-------------

Evaluate global model
Averaged Train Loss: 1.8701
Averaged Test Accurancy: 0.3395
Averaged Test AUC: 0.7917
Std Test Accurancy: 0.0490
Std Test AUC: 0.0252
------------------------- time cost ------------------------- 2.6240508556365967

Best global accuracy.
0.3395

Average time cost per round.
2.578532028198242
File path: ../results/Cifar10_FedAvg_dnn_0.h5

Average time cost: 55.44s.
Length:  21
std for best accurancy: 0.0
mean for best accurancy: 0.3395
All done!

Storage on cpu
-------------------------------------------------------------------------------
Total Tensors: 12949020 	Used Memory: 49.42M
-------------------------------------------------------------------------------
