==================================================
Algorithm: FedAvg
Local batch size: 10
Local steps: 5
Local learing rate: 0.05
Total number of clients: 100
Clients join in each round: 0.1
Client drop rate: 0.0
Time select: False
Time threthold: 10000
Global rounds: 100
Running times: 1
Dataset: Cifar10
Local model: resnet
Using device: cuda
Cuda device id: 0
==================================================

============= Running time: 0th =============
Creating server and clients ...

Join ratio / total clients: 0.1 / 100
Finished creating server and clients.

-------------Round number: 0-------------

Evaluate global model
Averaged Train Loss: 2.4403
Averaged Test Accurancy: 0.1087
Averaged Test AUC: 0.4881
Std Test Accurancy: 0.0288
Std Test AUC: 0.0267
------------------------- time cost ------------------------- 63.46631932258606

-------------Round number: 1-------------

Evaluate global model
Averaged Train Loss: 2.8524
Averaged Test Accurancy: 0.1080
Averaged Test AUC: 0.4911
Std Test Accurancy: 0.0297
Std Test AUC: 0.0280
------------------------- time cost ------------------------- 63.063642740249634

-------------Round number: 2-------------

Evaluate global model
Averaged Train Loss: 13.1879
Averaged Test Accurancy: 0.1097
Averaged Test AUC: 0.4956
Std Test Accurancy: 0.0301
Std Test AUC: 0.0385
------------------------- time cost ------------------------- 62.870214223861694

-------------Round number: 3-------------

Evaluate global model
Averaged Train Loss: 10.3461
Averaged Test Accurancy: 0.1121
Averaged Test AUC: 0.5043
Std Test Accurancy: 0.0375
Std Test AUC: 0.0494
------------------------- time cost ------------------------- 62.83859467506409

-------------Round number: 4-------------

Evaluate global model
Averaged Train Loss: 39.5738
Averaged Test Accurancy: 0.1158
Averaged Test AUC: 0.5180
Std Test Accurancy: 0.0464
Std Test AUC: 0.0650
------------------------- time cost ------------------------- 62.987711668014526

-------------Round number: 5-------------

Evaluate global model
Averaged Train Loss: 50.9424
Averaged Test Accurancy: 0.1241
Averaged Test AUC: 0.5373
Std Test Accurancy: 0.0450
Std Test AUC: 0.0774
------------------------- time cost ------------------------- 63.09713816642761

-------------Round number: 6-------------

Evaluate global model
Averaged Train Loss: 272.7325
Averaged Test Accurancy: 0.1315
Averaged Test AUC: 0.5521
Std Test Accurancy: 0.0545
Std Test AUC: 0.0904
------------------------- time cost ------------------------- 63.32842016220093

-------------Round number: 7-------------

Evaluate global model
Averaged Train Loss: 1243.9648
Averaged Test Accurancy: 0.1478
Averaged Test AUC: 0.5686
Std Test Accurancy: 0.0704
Std Test AUC: 0.1047
------------------------- time cost ------------------------- 63.19101142883301

-------------Round number: 8-------------

Evaluate global model
Averaged Train Loss: 252.0720
Averaged Test Accurancy: 0.1606
Averaged Test AUC: 0.5904
Std Test Accurancy: 0.0798
Std Test AUC: 0.1171
------------------------- time cost ------------------------- 63.04698133468628

-------------Round number: 9-------------

Evaluate global model
Averaged Train Loss: 243.3000
Averaged Test Accurancy: 0.1680
Averaged Test AUC: 0.6020
Std Test Accurancy: 0.0826
Std Test AUC: 0.1230
------------------------- time cost ------------------------- 62.956581354141235

-------------Round number: 10-------------

Evaluate global model
Averaged Train Loss: 267.3526
Averaged Test Accurancy: 0.1793
Averaged Test AUC: 0.6147
Std Test Accurancy: 0.0873
Std Test AUC: 0.1261
------------------------- time cost ------------------------- 63.104941844940186

-------------Round number: 11-------------

Evaluate global model
Averaged Train Loss: 85.7048
Averaged Test Accurancy: 0.1945
Averaged Test AUC: 0.6298
Std Test Accurancy: 0.0971
Std Test AUC: 0.1327
------------------------- time cost ------------------------- 62.76903057098389

-------------Round number: 12-------------

Evaluate global model
Averaged Train Loss: 848.6508
Averaged Test Accurancy: 0.2086
Averaged Test AUC: 0.6492
Std Test Accurancy: 0.1013
Std Test AUC: 0.1303
------------------------- time cost ------------------------- 62.43523812294006

-------------Round number: 13-------------

Evaluate global model
Averaged Train Loss: 4.6725
Averaged Test Accurancy: 0.2227
Averaged Test AUC: 0.6680
Std Test Accurancy: 0.1002
Std Test AUC: 0.1272
------------------------- time cost ------------------------- 62.47656440734863

-------------Round number: 14-------------

Evaluate global model
Averaged Train Loss: 4.0223
Averaged Test Accurancy: 0.2291
Averaged Test AUC: 0.6814
Std Test Accurancy: 0.1032
Std Test AUC: 0.1238
------------------------- time cost ------------------------- 62.16918158531189

-------------Round number: 15-------------

Evaluate global model
Averaged Train Loss: 3.6989
Averaged Test Accurancy: 0.2428
Averaged Test AUC: 0.6921
Std Test Accurancy: 0.1034
Std Test AUC: 0.1226
------------------------- time cost ------------------------- 62.136099338531494

-------------Round number: 16-------------

Evaluate global model
Averaged Train Loss: 4.0620
Averaged Test Accurancy: 0.2427
Averaged Test AUC: 0.6953
Std Test Accurancy: 0.1014
Std Test AUC: 0.1200
------------------------- time cost ------------------------- 61.882771253585815

-------------Round number: 17-------------

Evaluate global model
Averaged Train Loss: 6.6840
Averaged Test Accurancy: 0.2562
Averaged Test AUC: 0.7082
Std Test Accurancy: 0.1030
Std Test AUC: 0.1173
------------------------- time cost ------------------------- 61.45183849334717

-------------Round number: 18-------------

Evaluate global model
Averaged Train Loss: 5.3117
Averaged Test Accurancy: 0.2673
Averaged Test AUC: 0.7194
Std Test Accurancy: 0.1067
Std Test AUC: 0.1130
------------------------- time cost ------------------------- 61.29719853401184

-------------Round number: 19-------------

Evaluate global model
Averaged Train Loss: 5.1019
Averaged Test Accurancy: 0.2747
Averaged Test AUC: 0.7283
Std Test Accurancy: 0.1045
Std Test AUC: 0.1100
------------------------- time cost ------------------------- 61.33625030517578

-------------Round number: 20-------------

Evaluate global model
Averaged Train Loss: 2.6453
Averaged Test Accurancy: 0.2807
Averaged Test AUC: 0.7319
Std Test Accurancy: 0.1027
Std Test AUC: 0.1071
------------------------- time cost ------------------------- 61.31030821800232

-------------Round number: 21-------------

Evaluate global model
Averaged Train Loss: 2.4806
Averaged Test Accurancy: 0.2935
Averaged Test AUC: 0.7418
Std Test Accurancy: 0.1053
Std Test AUC: 0.1088
------------------------- time cost ------------------------- 61.2152361869812

-------------Round number: 22-------------

Evaluate global model
Averaged Train Loss: 2.5473
Averaged Test Accurancy: 0.2985
Averaged Test AUC: 0.7443
Std Test Accurancy: 0.1057
Std Test AUC: 0.1023
------------------------- time cost ------------------------- 61.22842001914978

-------------Round number: 23-------------

Evaluate global model
Averaged Train Loss: 2.4811
Averaged Test Accurancy: 0.2996
Averaged Test AUC: 0.7473
Std Test Accurancy: 0.1014
Std Test AUC: 0.0979
------------------------- time cost ------------------------- 61.268542528152466

-------------Round number: 24-------------

Evaluate global model
Averaged Train Loss: 2.4404
Averaged Test Accurancy: 0.3069
Averaged Test AUC: 0.7541
Std Test Accurancy: 0.1075
Std Test AUC: 0.0980
------------------------- time cost ------------------------- 61.305750131607056

-------------Round number: 25-------------

Evaluate global model
Averaged Train Loss: 2.3872
Averaged Test Accurancy: 0.3190
Averaged Test AUC: 0.7602
Std Test Accurancy: 0.1084
Std Test AUC: 0.0981
------------------------- time cost ------------------------- 61.34758925437927

-------------Round number: 26-------------

Evaluate global model
Averaged Train Loss: 2.3925
Averaged Test Accurancy: 0.3216
Averaged Test AUC: 0.7603
Std Test Accurancy: 0.1065
Std Test AUC: 0.0925
------------------------- time cost ------------------------- 61.36443209648132

-------------Round number: 27-------------

Evaluate global model
Averaged Train Loss: 2.3257
Averaged Test Accurancy: 0.3316
Averaged Test AUC: 0.7673
Std Test Accurancy: 0.1071
Std Test AUC: 0.0897
------------------------- time cost ------------------------- 61.38161277770996

-------------Round number: 28-------------

Evaluate global model
Averaged Train Loss: 2.2806
Averaged Test Accurancy: 0.3336
Averaged Test AUC: 0.7682
Std Test Accurancy: 0.1158
Std Test AUC: 0.0921
------------------------- time cost ------------------------- 61.43479084968567

-------------Round number: 29-------------

Evaluate global model
Averaged Train Loss: 2.4406
Averaged Test Accurancy: 0.3343
Averaged Test AUC: 0.7720
Std Test Accurancy: 0.1120
Std Test AUC: 0.0841
------------------------- time cost ------------------------- 62.04768395423889

-------------Round number: 30-------------

Evaluate global model
Averaged Train Loss: 2.2845
Averaged Test Accurancy: 0.3426
Averaged Test AUC: 0.7731
Std Test Accurancy: 0.1115
Std Test AUC: 0.0835
------------------------- time cost ------------------------- 62.31815481185913

-------------Round number: 31-------------

Evaluate global model
Averaged Train Loss: 2.3836
Averaged Test Accurancy: 0.3393
Averaged Test AUC: 0.7749
Std Test Accurancy: 0.1052
Std Test AUC: 0.0755
------------------------- time cost ------------------------- 62.25305533409119

-------------Round number: 32-------------

Evaluate global model
Averaged Train Loss: 2.4993
Averaged Test Accurancy: 0.3315
Averaged Test AUC: 0.7732
Std Test Accurancy: 0.1146
Std Test AUC: 0.0764
------------------------- time cost ------------------------- 62.31152534484863

-------------Round number: 33-------------

Evaluate global model
Averaged Train Loss: 2.3228
Averaged Test Accurancy: 0.3418
Averaged Test AUC: 0.7774
Std Test Accurancy: 0.1078
Std Test AUC: 0.0722
------------------------- time cost ------------------------- 62.22240376472473

-------------Round number: 34-------------

Evaluate global model
Averaged Train Loss: 2.5852
Averaged Test Accurancy: 0.3421
Averaged Test AUC: 0.7740
Std Test Accurancy: 0.1127
Std Test AUC: 0.0813
------------------------- time cost ------------------------- 62.24372744560242

-------------Round number: 35-------------

Evaluate global model
Averaged Train Loss: 2.5341
Averaged Test Accurancy: 0.3419
Averaged Test AUC: 0.7675
Std Test Accurancy: 0.1195
Std Test AUC: 0.0962
------------------------- time cost ------------------------- 62.33396673202515

-------------Round number: 36-------------

Evaluate global model
Averaged Train Loss: 2.2280
Averaged Test Accurancy: 0.3574
Averaged Test AUC: 0.7817
Std Test Accurancy: 0.1147
Std Test AUC: 0.0808
------------------------- time cost ------------------------- 62.19675254821777

-------------Round number: 37-------------

Evaluate global model
Averaged Train Loss: 2.0658
Averaged Test Accurancy: 0.3736
Averaged Test AUC: 0.7945
Std Test Accurancy: 0.1105
Std Test AUC: 0.0732
------------------------- time cost ------------------------- 62.267154693603516

-------------Round number: 38-------------

Evaluate global model
Averaged Train Loss: 2.6294
Averaged Test Accurancy: 0.3616
Averaged Test AUC: 0.7870
Std Test Accurancy: 0.1190
Std Test AUC: 0.0820
------------------------- time cost ------------------------- 62.39405155181885

-------------Round number: 39-------------

Evaluate global model
Averaged Train Loss: 2.0602
Averaged Test Accurancy: 0.3688
Averaged Test AUC: 0.7919
Std Test Accurancy: 0.1105
Std Test AUC: 0.0731
------------------------- time cost ------------------------- 62.14580512046814

-------------Round number: 40-------------

Evaluate global model
Averaged Train Loss: 2.0731
Averaged Test Accurancy: 0.3768
Averaged Test AUC: 0.7980
Std Test Accurancy: 0.1090
Std Test AUC: 0.0675
------------------------- time cost ------------------------- 62.28624653816223

-------------Round number: 41-------------

Evaluate global model
Averaged Train Loss: 2.0708
Averaged Test Accurancy: 0.3802
Averaged Test AUC: 0.8003
Std Test Accurancy: 0.1097
Std Test AUC: 0.0665
------------------------- time cost ------------------------- 62.18154525756836

-------------Round number: 42-------------

Evaluate global model
Averaged Train Loss: 1.9919
Averaged Test Accurancy: 0.3908
Averaged Test AUC: 0.8105
Std Test Accurancy: 0.1016
Std Test AUC: 0.0589
------------------------- time cost ------------------------- 62.277302980422974

-------------Round number: 43-------------

Evaluate global model
Averaged Train Loss: 1.9996
Averaged Test Accurancy: 0.3802
Averaged Test AUC: 0.7998
Std Test Accurancy: 0.1184
Std Test AUC: 0.0728
------------------------- time cost ------------------------- 62.278523206710815

-------------Round number: 44-------------

Evaluate global model
Averaged Train Loss: 1.9794
Averaged Test Accurancy: 0.3860
Averaged Test AUC: 0.8048
Std Test Accurancy: 0.1094
Std Test AUC: 0.0657
------------------------- time cost ------------------------- 62.3483989238739

-------------Round number: 45-------------

Evaluate global model
Averaged Train Loss: 1.1647
Averaged Test Accurancy: 0.3941
Averaged Test AUC: 0.8117
Std Test Accurancy: 0.1076
Std Test AUC: 0.0608
------------------------- time cost ------------------------- 62.49911427497864

-------------Round number: 46-------------

Evaluate global model
Averaged Train Loss: 1.2977
Averaged Test Accurancy: 0.3981
Averaged Test AUC: 0.8141
Std Test Accurancy: 0.1095
Std Test AUC: 0.0622
------------------------- time cost ------------------------- 62.359084606170654

-------------Round number: 47-------------

Evaluate global model
Averaged Train Loss: 1.1282
Averaged Test Accurancy: 0.4025
Averaged Test AUC: 0.8177
Std Test Accurancy: 0.1055
Std Test AUC: 0.0573
------------------------- time cost ------------------------- 62.25405669212341

-------------Round number: 48-------------

Evaluate global model
Averaged Train Loss: 1.7186
Averaged Test Accurancy: 0.4024
Averaged Test AUC: 0.8141
Std Test Accurancy: 0.1149
Std Test AUC: 0.0666
------------------------- time cost ------------------------- 62.21310544013977

-------------Round number: 49-------------

Evaluate global model
Averaged Train Loss: 1.1534
Averaged Test Accurancy: 0.3967
Averaged Test AUC: 0.8092
Std Test Accurancy: 0.1240
Std Test AUC: 0.0785
------------------------- time cost ------------------------- 61.96529245376587

-------------Round number: 50-------------

Evaluate global model
Averaged Train Loss: 1.0749
Averaged Test Accurancy: 0.4126
Averaged Test AUC: 0.8215
Std Test Accurancy: 0.1139
Std Test AUC: 0.0612
------------------------- time cost ------------------------- 61.89129066467285

-------------Round number: 51-------------

Evaluate global model
Averaged Train Loss: 1.0004
Averaged Test Accurancy: 0.4257
Averaged Test AUC: 0.8266
Std Test Accurancy: 0.1086
Std Test AUC: 0.0608
------------------------- time cost ------------------------- 61.95014023780823

-------------Round number: 52-------------

Evaluate global model
Averaged Train Loss: 1.9608
Averaged Test Accurancy: 0.4121
Averaged Test AUC: 0.8154
Std Test Accurancy: 0.1240
Std Test AUC: 0.0758
------------------------- time cost ------------------------- 61.89881682395935

-------------Round number: 53-------------

Evaluate global model
Averaged Train Loss: 1.0516
Averaged Test Accurancy: 0.4255
Averaged Test AUC: 0.8255
Std Test Accurancy: 0.1140
Std Test AUC: 0.0654
------------------------- time cost ------------------------- 61.76263666152954

-------------Round number: 54-------------

Evaluate global model
Averaged Train Loss: 0.9603
Averaged Test Accurancy: 0.4366
Averaged Test AUC: 0.8321
Std Test Accurancy: 0.1159
Std Test AUC: 0.0638
------------------------- time cost ------------------------- 61.5853807926178

-------------Round number: 55-------------

Evaluate global model
Averaged Train Loss: 0.9662
Averaged Test Accurancy: 0.4459
Averaged Test AUC: 0.8340
Std Test Accurancy: 0.1105
Std Test AUC: 0.0656
------------------------- time cost ------------------------- 61.893285036087036

-------------Round number: 56-------------

Evaluate global model
Averaged Train Loss: 0.9676
Averaged Test Accurancy: 0.4467
Averaged Test AUC: 0.8341
Std Test Accurancy: 0.1165
Std Test AUC: 0.0669
------------------------- time cost ------------------------- 61.29695677757263

-------------Round number: 57-------------

Evaluate global model
Averaged Train Loss: 1.0718
Averaged Test Accurancy: 0.4582
Averaged Test AUC: 0.8405
Std Test Accurancy: 0.1088
Std Test AUC: 0.0607
------------------------- time cost ------------------------- 61.183955907821655

-------------Round number: 58-------------

Evaluate global model
Averaged Train Loss: 0.8411
Averaged Test Accurancy: 0.4628
Averaged Test AUC: 0.8423
Std Test Accurancy: 0.1056
Std Test AUC: 0.0591
------------------------- time cost ------------------------- 61.19681787490845

-------------Round number: 59-------------

Evaluate global model
Averaged Train Loss: 0.8813
Averaged Test Accurancy: 0.4504
Averaged Test AUC: 0.8342
Std Test Accurancy: 0.1105
Std Test AUC: 0.0639
------------------------- time cost ------------------------- 61.14823389053345

-------------Round number: 60-------------

Evaluate global model
Averaged Train Loss: 0.9402
Averaged Test Accurancy: 0.4532
Averaged Test AUC: 0.8324
Std Test Accurancy: 0.1143
Std Test AUC: 0.0733
------------------------- time cost ------------------------- 61.12234854698181

-------------Round number: 61-------------

Evaluate global model
Averaged Train Loss: 0.7675
Averaged Test Accurancy: 0.4762
Averaged Test AUC: 0.8471
Std Test Accurancy: 0.1062
Std Test AUC: 0.0612
------------------------- time cost ------------------------- 61.13396716117859

-------------Round number: 62-------------

Evaluate global model
Averaged Train Loss: 0.8277
Averaged Test Accurancy: 0.4719
Averaged Test AUC: 0.8447
Std Test Accurancy: 0.1056
Std Test AUC: 0.0618
------------------------- time cost ------------------------- 61.132176876068115

-------------Round number: 63-------------

Evaluate global model
Averaged Train Loss: 0.7525
Averaged Test Accurancy: 0.4778
Averaged Test AUC: 0.8474
Std Test Accurancy: 0.1050
Std Test AUC: 0.0620
------------------------- time cost ------------------------- 61.04975461959839

-------------Round number: 64-------------

Evaluate global model
Averaged Train Loss: 0.7787
Averaged Test Accurancy: 0.4750
Averaged Test AUC: 0.8464
Std Test Accurancy: 0.1083
Std Test AUC: 0.0638
------------------------- time cost ------------------------- 61.14344787597656

-------------Round number: 65-------------

Evaluate global model
Averaged Train Loss: 1.3836
Averaged Test Accurancy: 0.4692
Averaged Test AUC: 0.8399
Std Test Accurancy: 0.1159
Std Test AUC: 0.0728
------------------------- time cost ------------------------- 61.14849781990051

-------------Round number: 66-------------

Evaluate global model
Averaged Train Loss: 0.7814
Averaged Test Accurancy: 0.4704
Averaged Test AUC: 0.8418
Std Test Accurancy: 0.1079
Std Test AUC: 0.0640
------------------------- time cost ------------------------- 61.16314744949341

-------------Round number: 67-------------

Evaluate global model
Averaged Train Loss: 0.7327
Averaged Test Accurancy: 0.4736
Averaged Test AUC: 0.8461
Std Test Accurancy: 0.1019
Std Test AUC: 0.0610
------------------------- time cost ------------------------- 61.12157201766968

-------------Round number: 68-------------

Evaluate global model
Averaged Train Loss: 0.7597
Averaged Test Accurancy: 0.4704
Averaged Test AUC: 0.8421
Std Test Accurancy: 0.1070
Std Test AUC: 0.0698
------------------------- time cost ------------------------- 61.05818796157837

-------------Round number: 69-------------

Evaluate global model
Averaged Train Loss: 0.7633
Averaged Test Accurancy: 0.4699
Averaged Test AUC: 0.8408
Std Test Accurancy: 0.1051
Std Test AUC: 0.0708
------------------------- time cost ------------------------- 61.15240716934204

-------------Round number: 70-------------

Evaluate global model
Averaged Train Loss: 0.8271
Averaged Test Accurancy: 0.4638
Averaged Test AUC: 0.8398
Std Test Accurancy: 0.1054
Std Test AUC: 0.0661
------------------------- time cost ------------------------- 61.19254922866821

-------------Round number: 71-------------

Evaluate global model
Averaged Train Loss: 0.8423
Averaged Test Accurancy: 0.4501
Averaged Test AUC: 0.8333
Std Test Accurancy: 0.1085
Std Test AUC: 0.0661
------------------------- time cost ------------------------- 61.06179356575012

-------------Round number: 72-------------

Evaluate global model
Averaged Train Loss: 0.8114
Averaged Test Accurancy: 0.4584
Averaged Test AUC: 0.8369
Std Test Accurancy: 0.1048
Std Test AUC: 0.0657
------------------------- time cost ------------------------- 61.06713938713074

-------------Round number: 73-------------

Evaluate global model
Averaged Train Loss: 0.8199
Averaged Test Accurancy: 0.4517
Averaged Test AUC: 0.8346
Std Test Accurancy: 0.1112
Std Test AUC: 0.0662
------------------------- time cost ------------------------- 61.08627986907959

-------------Round number: 74-------------

Evaluate global model
Averaged Train Loss: 0.7320
Averaged Test Accurancy: 0.4670
Averaged Test AUC: 0.8407
Std Test Accurancy: 0.1057
Std Test AUC: 0.0586
------------------------- time cost ------------------------- 61.113006830215454

-------------Round number: 75-------------

Evaluate global model
Averaged Train Loss: 0.7061
Averaged Test Accurancy: 0.4747
Averaged Test AUC: 0.8457
Std Test Accurancy: 0.1082
Std Test AUC: 0.0587
------------------------- time cost ------------------------- 61.127299547195435

-------------Round number: 76-------------

Evaluate global model
Averaged Train Loss: 0.6520
Averaged Test Accurancy: 0.4833
Averaged Test AUC: 0.8496
Std Test Accurancy: 0.1039
Std Test AUC: 0.0598
------------------------- time cost ------------------------- 61.19220304489136

-------------Round number: 77-------------

Evaluate global model
Averaged Train Loss: 0.7889
Averaged Test Accurancy: 0.4681
Averaged Test AUC: 0.8407
Std Test Accurancy: 0.1181
Std Test AUC: 0.0639
------------------------- time cost ------------------------- 61.14189958572388

-------------Round number: 78-------------

Evaluate global model
Averaged Train Loss: 0.6475
Averaged Test Accurancy: 0.4830
Averaged Test AUC: 0.8502
Std Test Accurancy: 0.1063
Std Test AUC: 0.0582
------------------------- time cost ------------------------- 61.19733381271362

-------------Round number: 79-------------

Evaluate global model
Averaged Train Loss: 0.6436
Averaged Test Accurancy: 0.4819
Averaged Test AUC: 0.8500
Std Test Accurancy: 0.1010
Std Test AUC: 0.0522
------------------------- time cost ------------------------- 61.87937021255493

-------------Round number: 80-------------

Evaluate global model
Averaged Train Loss: 0.6516
Averaged Test Accurancy: 0.4816
Averaged Test AUC: 0.8528
Std Test Accurancy: 0.0966
Std Test AUC: 0.0483
------------------------- time cost ------------------------- 62.65641212463379

-------------Round number: 81-------------

Evaluate global model
Averaged Train Loss: 0.6601
Averaged Test Accurancy: 0.4870
Averaged Test AUC: 0.8542
Std Test Accurancy: 0.1010
Std Test AUC: 0.0507
------------------------- time cost ------------------------- 62.088412046432495

-------------Round number: 82-------------

Evaluate global model
Averaged Train Loss: 0.6393
Averaged Test Accurancy: 0.4906
Averaged Test AUC: 0.8536
Std Test Accurancy: 0.0961
Std Test AUC: 0.0504
------------------------- time cost ------------------------- 62.09141778945923

-------------Round number: 83-------------

Evaluate global model
Averaged Train Loss: 0.5909
Averaged Test Accurancy: 0.5049
Averaged Test AUC: 0.8610
Std Test Accurancy: 0.0945
Std Test AUC: 0.0471
------------------------- time cost ------------------------- 62.50406265258789

-------------Round number: 84-------------

Evaluate global model
Averaged Train Loss: 0.6165
Averaged Test Accurancy: 0.4945
Averaged Test AUC: 0.8526
Std Test Accurancy: 0.1012
Std Test AUC: 0.0558
------------------------- time cost ------------------------- 62.20327711105347

-------------Round number: 85-------------

Evaluate global model
Averaged Train Loss: 0.6029
Averaged Test Accurancy: 0.4988
Averaged Test AUC: 0.8554
Std Test Accurancy: 0.0964
Std Test AUC: 0.0532
------------------------- time cost ------------------------- 62.29414916038513

-------------Round number: 86-------------

Evaluate global model
Averaged Train Loss: 0.5463
Averaged Test Accurancy: 0.5165
Averaged Test AUC: 0.8634
Std Test Accurancy: 0.0958
Std Test AUC: 0.0489
------------------------- time cost ------------------------- 62.16445851325989

-------------Round number: 87-------------

Evaluate global model
Averaged Train Loss: 0.5411
Averaged Test Accurancy: 0.5087
Averaged Test AUC: 0.8603
Std Test Accurancy: 0.0943
Std Test AUC: 0.0532
------------------------- time cost ------------------------- 61.9675076007843

-------------Round number: 88-------------

Evaluate global model
Averaged Train Loss: 0.4928
Averaged Test Accurancy: 0.5254
Averaged Test AUC: 0.8699
Std Test Accurancy: 0.0882
Std Test AUC: 0.0444
------------------------- time cost ------------------------- 61.968961238861084

-------------Round number: 89-------------

Evaluate global model
Averaged Train Loss: 0.5398
Averaged Test Accurancy: 0.5191
Averaged Test AUC: 0.8659
Std Test Accurancy: 0.1038
Std Test AUC: 0.0562
------------------------- time cost ------------------------- 62.12290930747986

-------------Round number: 90-------------

Evaluate global model
Averaged Train Loss: 0.5026
Averaged Test Accurancy: 0.5272
Averaged Test AUC: 0.8684
Std Test Accurancy: 0.1007
Std Test AUC: 0.0541
------------------------- time cost ------------------------- 61.95580077171326

-------------Round number: 91-------------

Evaluate global model
Averaged Train Loss: 0.5087
Averaged Test Accurancy: 0.5290
Averaged Test AUC: 0.8722
Std Test Accurancy: 0.0927
Std Test AUC: 0.0450
------------------------- time cost ------------------------- 61.898149490356445

-------------Round number: 92-------------

Evaluate global model
Averaged Train Loss: 0.5332
Averaged Test Accurancy: 0.5283
Averaged Test AUC: 0.8701
Std Test Accurancy: 0.1046
Std Test AUC: 0.0526
------------------------- time cost ------------------------- 61.875277519226074

-------------Round number: 93-------------

Evaluate global model
Averaged Train Loss: 0.5015
Averaged Test Accurancy: 0.5341
Averaged Test AUC: 0.8722
Std Test Accurancy: 0.0991
Std Test AUC: 0.0498
------------------------- time cost ------------------------- 61.936848163604736

-------------Round number: 94-------------

Evaluate global model
Averaged Train Loss: 0.5078
Averaged Test Accurancy: 0.5281
Averaged Test AUC: 0.8665
Std Test Accurancy: 0.1146
Std Test AUC: 0.0702
------------------------- time cost ------------------------- 61.83138298988342

-------------Round number: 95-------------

Evaluate global model
Averaged Train Loss: 0.4701
Averaged Test Accurancy: 0.5440
Averaged Test AUC: 0.8752
Std Test Accurancy: 0.0990
Std Test AUC: 0.0578
------------------------- time cost ------------------------- 61.90186333656311

-------------Round number: 96-------------

Evaluate global model
Averaged Train Loss: 0.4670
Averaged Test Accurancy: 0.5429
Averaged Test AUC: 0.8748
Std Test Accurancy: 0.0926
Std Test AUC: 0.0530
------------------------- time cost ------------------------- 61.83611059188843

-------------Round number: 97-------------

Evaluate global model
Averaged Train Loss: 0.4291
Averaged Test Accurancy: 0.5525
Averaged Test AUC: 0.8804
Std Test Accurancy: 0.0866
Std Test AUC: 0.0437
------------------------- time cost ------------------------- 61.76081871986389

-------------Round number: 98-------------

Evaluate global model
Averaged Train Loss: 0.3876
Averaged Test Accurancy: 0.5588
Averaged Test AUC: 0.8846
Std Test Accurancy: 0.0783
Std Test AUC: 0.0373
------------------------- time cost ------------------------- 61.76269245147705

-------------Round number: 99-------------

Evaluate global model
Averaged Train Loss: 0.4086
Averaged Test Accurancy: 0.5584
Averaged Test AUC: 0.8837
Std Test Accurancy: 0.0804
Std Test AUC: 0.0396
------------------------- time cost ------------------------- 61.876795291900635

Best global accuracy.
0.5588

Average time cost per round.
61.8937600814935
File path: ../results/Cifar10_FedAvg_resnet_gr100_ls5_bs10_lr0.05.h5

Average time cost: 6198.32s.
Length:  100
std for best accurancy: 0.0
mean for best accurancy: 0.5588
All done!

Storage on cuda:0
-------------------------------------------------------------------------------
Total Tensors: 2259672924 	Used Memory: 8.42G
The allocated memory on cuda:0: 8.49G
Memory differs due to the matrix alignment or invisible gradient buffer tensors
-------------------------------------------------------------------------------
