==================================================
Algorithm: FedAvg
Local batch size: 25
Local steps: 5
Local learing rate: 0.05
Total number of clients: 100
Clients join in each round: 0.1
Client drop rate: 0.0
Time select: False
Time threthold: 10000
Global rounds: 100
Running times: 1
Dataset: Cifar10
Local model: resnet
Using device: cuda
Cuda device id: 0
==================================================

============= Running time: 0th =============
Creating server and clients ...

Join ratio / total clients: 0.1 / 100
Finished creating server and clients.

-------------Round number: 0-------------

Evaluate global model
Averaged Train Loss: 2.4403
Averaged Test Accurancy: 0.1087
Averaged Test AUC: 0.4881
Std Test Accurancy: 0.0288
Std Test AUC: 0.0267
------------------------- time cost ------------------------- 26.34058666229248

-------------Round number: 1-------------

Evaluate global model
Averaged Train Loss: 2.3398
Averaged Test Accurancy: 0.1474
Averaged Test AUC: 0.5377
Std Test Accurancy: 0.0918
Std Test AUC: 0.1127
------------------------- time cost ------------------------- 26.179139852523804

-------------Round number: 2-------------

Evaluate global model
Averaged Train Loss: 2.2001
Averaged Test Accurancy: 0.1869
Averaged Test AUC: 0.5751
Std Test Accurancy: 0.1298
Std Test AUC: 0.1428
------------------------- time cost ------------------------- 26.243629693984985

-------------Round number: 3-------------

Evaluate global model
Averaged Train Loss: 2.0512
Averaged Test Accurancy: 0.2179
Averaged Test AUC: 0.5997
Std Test Accurancy: 0.1609
Std Test AUC: 0.1618
------------------------- time cost ------------------------- 26.30558943748474

-------------Round number: 4-------------

Evaluate global model
Averaged Train Loss: 1.9596
Averaged Test Accurancy: 0.2552
Averaged Test AUC: 0.6320
Std Test Accurancy: 0.1783
Std Test AUC: 0.1728
------------------------- time cost ------------------------- 26.29955792427063

-------------Round number: 5-------------

Evaluate global model
Averaged Train Loss: 1.8582
Averaged Test Accurancy: 0.2839
Averaged Test AUC: 0.6590
Std Test Accurancy: 0.1960
Std Test AUC: 0.1852
------------------------- time cost ------------------------- 26.36095356941223

-------------Round number: 6-------------

Evaluate global model
Averaged Train Loss: 1.6215
Averaged Test Accurancy: 0.3088
Averaged Test AUC: 0.6749
Std Test Accurancy: 0.2144
Std Test AUC: 0.1934
------------------------- time cost ------------------------- 26.430241107940674

-------------Round number: 7-------------

Evaluate global model
Averaged Train Loss: 1.5532
Averaged Test Accurancy: 0.3422
Averaged Test AUC: 0.7053
Std Test Accurancy: 0.2154
Std Test AUC: 0.1923
------------------------- time cost ------------------------- 26.385183572769165

-------------Round number: 8-------------

Evaluate global model
Averaged Train Loss: 1.3855
Averaged Test Accurancy: 0.3833
Averaged Test AUC: 0.7352
Std Test Accurancy: 0.2273
Std Test AUC: 0.1957
------------------------- time cost ------------------------- 26.408414125442505

-------------Round number: 9-------------

Evaluate global model
Averaged Train Loss: 1.2071
Averaged Test Accurancy: 0.4149
Averaged Test AUC: 0.7560
Std Test Accurancy: 0.2316
Std Test AUC: 0.1937
------------------------- time cost ------------------------- 26.417393445968628

-------------Round number: 10-------------

Evaluate global model
Averaged Train Loss: 1.1509
Averaged Test Accurancy: 0.4390
Averaged Test AUC: 0.7748
Std Test Accurancy: 0.2295
Std Test AUC: 0.1896
------------------------- time cost ------------------------- 26.370659112930298

-------------Round number: 11-------------

Evaluate global model
Averaged Train Loss: 1.0100
Averaged Test Accurancy: 0.4676
Averaged Test AUC: 0.7888
Std Test Accurancy: 0.2360
Std Test AUC: 0.1892
------------------------- time cost ------------------------- 26.478035926818848

-------------Round number: 12-------------

Evaluate global model
Averaged Train Loss: 0.9993
Averaged Test Accurancy: 0.4827
Averaged Test AUC: 0.8009
Std Test Accurancy: 0.2320
Std Test AUC: 0.1849
------------------------- time cost ------------------------- 26.483705520629883

-------------Round number: 13-------------

Evaluate global model
Averaged Train Loss: 0.9340
Averaged Test Accurancy: 0.5072
Averaged Test AUC: 0.8173
Std Test Accurancy: 0.2285
Std Test AUC: 0.1780
------------------------- time cost ------------------------- 26.52177143096924

-------------Round number: 14-------------

Evaluate global model
Averaged Train Loss: 0.8328
Averaged Test Accurancy: 0.5282
Averaged Test AUC: 0.8302
Std Test Accurancy: 0.2260
Std Test AUC: 0.1744
------------------------- time cost ------------------------- 26.44773817062378

-------------Round number: 15-------------

Evaluate global model
Averaged Train Loss: 0.8555
Averaged Test Accurancy: 0.5499
Averaged Test AUC: 0.8431
Std Test Accurancy: 0.2204
Std Test AUC: 0.1669
------------------------- time cost ------------------------- 26.443522930145264

-------------Round number: 16-------------

Evaluate global model
Averaged Train Loss: 0.7136
Averaged Test Accurancy: 0.5764
Averaged Test AUC: 0.8609
Std Test Accurancy: 0.2074
Std Test AUC: 0.1553
------------------------- time cost ------------------------- 26.46412944793701

-------------Round number: 17-------------

Evaluate global model
Averaged Train Loss: 0.5445
Averaged Test Accurancy: 0.5914
Averaged Test AUC: 0.8655
Std Test Accurancy: 0.2050
Std Test AUC: 0.1557
------------------------- time cost ------------------------- 26.44415044784546

-------------Round number: 18-------------

Evaluate global model
Averaged Train Loss: 0.5310
Averaged Test Accurancy: 0.5989
Averaged Test AUC: 0.8713
Std Test Accurancy: 0.2006
Std Test AUC: 0.1508
------------------------- time cost ------------------------- 26.502814292907715

-------------Round number: 19-------------

Evaluate global model
Averaged Train Loss: 0.5317
Averaged Test Accurancy: 0.6028
Averaged Test AUC: 0.8734
Std Test Accurancy: 0.1975
Std Test AUC: 0.1505
------------------------- time cost ------------------------- 26.550141096115112

-------------Round number: 20-------------

Evaluate global model
Averaged Train Loss: 0.5040
Averaged Test Accurancy: 0.6196
Averaged Test AUC: 0.8822
Std Test Accurancy: 0.1922
Std Test AUC: 0.1430
------------------------- time cost ------------------------- 26.47865343093872

-------------Round number: 21-------------

Evaluate global model
Averaged Train Loss: 0.4283
Averaged Test Accurancy: 0.6277
Averaged Test AUC: 0.8858
Std Test Accurancy: 0.1888
Std Test AUC: 0.1422
------------------------- time cost ------------------------- 26.48346257209778

-------------Round number: 22-------------

Evaluate global model
Averaged Train Loss: 0.3803
Averaged Test Accurancy: 0.6343
Averaged Test AUC: 0.8885
Std Test Accurancy: 0.1904
Std Test AUC: 0.1427
------------------------- time cost ------------------------- 26.48161005973816

-------------Round number: 23-------------

Evaluate global model
Averaged Train Loss: 0.5410
Averaged Test Accurancy: 0.6457
Averaged Test AUC: 0.8967
Std Test Accurancy: 0.1755
Std Test AUC: 0.1280
------------------------- time cost ------------------------- 26.532192707061768

-------------Round number: 24-------------

Evaluate global model
Averaged Train Loss: 0.3331
Averaged Test Accurancy: 0.6591
Averaged Test AUC: 0.9015
Std Test Accurancy: 0.1740
Std Test AUC: 0.1280
------------------------- time cost ------------------------- 26.531954050064087

-------------Round number: 25-------------

Evaluate global model
Averaged Train Loss: 0.3401
Averaged Test Accurancy: 0.6678
Averaged Test AUC: 0.9062
Std Test Accurancy: 0.1683
Std Test AUC: 0.1226
------------------------- time cost ------------------------- 26.41906499862671

-------------Round number: 26-------------

Evaluate global model
Averaged Train Loss: 0.3750
Averaged Test Accurancy: 0.6789
Averaged Test AUC: 0.9147
Std Test Accurancy: 0.1510
Std Test AUC: 0.1096
------------------------- time cost ------------------------- 26.159093141555786

-------------Round number: 27-------------

Evaluate global model
Averaged Train Loss: 0.2701
Averaged Test Accurancy: 0.6868
Averaged Test AUC: 0.9210
Std Test Accurancy: 0.1382
Std Test AUC: 0.0995
------------------------- time cost ------------------------- 26.23585867881775

-------------Round number: 28-------------

Evaluate global model
Averaged Train Loss: 0.2622
Averaged Test Accurancy: 0.6896
Averaged Test AUC: 0.9225
Std Test Accurancy: 0.1390
Std Test AUC: 0.0989
------------------------- time cost ------------------------- 26.227720737457275

-------------Round number: 29-------------

Evaluate global model
Averaged Train Loss: 0.1883
Averaged Test Accurancy: 0.6973
Averaged Test AUC: 0.9247
Std Test Accurancy: 0.1363
Std Test AUC: 0.0989
------------------------- time cost ------------------------- 26.14395833015442

-------------Round number: 30-------------

Evaluate global model
Averaged Train Loss: 0.3051
Averaged Test Accurancy: 0.7058
Averaged Test AUC: 0.9322
Std Test Accurancy: 0.1185
Std Test AUC: 0.0769
------------------------- time cost ------------------------- 26.19656729698181

-------------Round number: 31-------------

Evaluate global model
Averaged Train Loss: 0.1599
Averaged Test Accurancy: 0.7168
Averaged Test AUC: 0.9354
Std Test Accurancy: 0.1118
Std Test AUC: 0.0752
------------------------- time cost ------------------------- 26.172818899154663

-------------Round number: 32-------------

Evaluate global model
Averaged Train Loss: 0.1411
Averaged Test Accurancy: 0.7189
Averaged Test AUC: 0.9367
Std Test Accurancy: 0.1137
Std Test AUC: 0.0754
------------------------- time cost ------------------------- 26.26287841796875

-------------Round number: 33-------------

Evaluate global model
Averaged Train Loss: 0.1293
Averaged Test Accurancy: 0.7253
Averaged Test AUC: 0.9380
Std Test Accurancy: 0.1134
Std Test AUC: 0.0755
------------------------- time cost ------------------------- 26.19950842857361

-------------Round number: 34-------------

Evaluate global model
Averaged Train Loss: 0.1697
Averaged Test Accurancy: 0.7261
Averaged Test AUC: 0.9385
Std Test Accurancy: 0.1139
Std Test AUC: 0.0756
------------------------- time cost ------------------------- 26.2952823638916

-------------Round number: 35-------------

Evaluate global model
Averaged Train Loss: 0.1436
Averaged Test Accurancy: 0.7316
Averaged Test AUC: 0.9391
Std Test Accurancy: 0.1142
Std Test AUC: 0.0757
------------------------- time cost ------------------------- 26.188174962997437

-------------Round number: 36-------------

Evaluate global model
Averaged Train Loss: 0.1369
Averaged Test Accurancy: 0.7305
Averaged Test AUC: 0.9393
Std Test Accurancy: 0.1128
Std Test AUC: 0.0755
------------------------- time cost ------------------------- 26.23307752609253

-------------Round number: 37-------------

Evaluate global model
Averaged Train Loss: 0.1758
Averaged Test Accurancy: 0.7350
Averaged Test AUC: 0.9413
Std Test Accurancy: 0.1099
Std Test AUC: 0.0737
------------------------- time cost ------------------------- 26.275516271591187

-------------Round number: 38-------------

Evaluate global model
Averaged Train Loss: 0.1134
Averaged Test Accurancy: 0.7377
Averaged Test AUC: 0.9423
Std Test Accurancy: 0.1079
Std Test AUC: 0.0735
------------------------- time cost ------------------------- 26.258588075637817

-------------Round number: 39-------------

Evaluate global model
Averaged Train Loss: 0.1903
Averaged Test Accurancy: 0.7394
Averaged Test AUC: 0.9457
Std Test Accurancy: 0.0971
Std Test AUC: 0.0557
------------------------- time cost ------------------------- 26.235257625579834

-------------Round number: 40-------------

Evaluate global model
Averaged Train Loss: 0.0931
Averaged Test Accurancy: 0.7480
Averaged Test AUC: 0.9484
Std Test Accurancy: 0.0868
Std Test AUC: 0.0526
------------------------- time cost ------------------------- 26.262288093566895

-------------Round number: 41-------------

Evaluate global model
Averaged Train Loss: 0.1221
Averaged Test Accurancy: 0.7492
Averaged Test AUC: 0.9488
Std Test Accurancy: 0.0860
Std Test AUC: 0.0524
------------------------- time cost ------------------------- 26.270756006240845

-------------Round number: 42-------------

Evaluate global model
Averaged Train Loss: 0.1008
Averaged Test Accurancy: 0.7493
Averaged Test AUC: 0.9497
Std Test Accurancy: 0.0842
Std Test AUC: 0.0524
------------------------- time cost ------------------------- 26.168182134628296

-------------Round number: 43-------------

Evaluate global model
Averaged Train Loss: 0.0954
Averaged Test Accurancy: 0.7532
Averaged Test AUC: 0.9507
Std Test Accurancy: 0.0853
Std Test AUC: 0.0524
------------------------- time cost ------------------------- 26.256644010543823

-------------Round number: 44-------------

Evaluate global model
Averaged Train Loss: 0.0933
Averaged Test Accurancy: 0.7530
Averaged Test AUC: 0.9503
Std Test Accurancy: 0.0860
Std Test AUC: 0.0525
------------------------- time cost ------------------------- 26.26007866859436

-------------Round number: 45-------------

Evaluate global model
Averaged Train Loss: 0.0962
Averaged Test Accurancy: 0.7588
Averaged Test AUC: 0.9509
Std Test Accurancy: 0.0861
Std Test AUC: 0.0525
------------------------- time cost ------------------------- 26.189368724822998

-------------Round number: 46-------------

Evaluate global model
Averaged Train Loss: 0.1021
Averaged Test Accurancy: 0.7608
Averaged Test AUC: 0.9508
Std Test Accurancy: 0.0885
Std Test AUC: 0.0526
------------------------- time cost ------------------------- 26.277283430099487

-------------Round number: 47-------------

Evaluate global model
Averaged Train Loss: 0.0848
Averaged Test Accurancy: 0.7652
Averaged Test AUC: 0.9518
Std Test Accurancy: 0.0867
Std Test AUC: 0.0525
------------------------- time cost ------------------------- 26.33103609085083

-------------Round number: 48-------------

Evaluate global model
Averaged Train Loss: 0.0923
Averaged Test Accurancy: 0.7669
Averaged Test AUC: 0.9518
Std Test Accurancy: 0.0864
Std Test AUC: 0.0526
------------------------- time cost ------------------------- 26.252782583236694

-------------Round number: 49-------------

Evaluate global model
Averaged Train Loss: 0.0805
Averaged Test Accurancy: 0.7685
Averaged Test AUC: 0.9517
Std Test Accurancy: 0.0855
Std Test AUC: 0.0526
------------------------- time cost ------------------------- 26.209295511245728

-------------Round number: 50-------------

Evaluate global model
Averaged Train Loss: 0.0854
Averaged Test Accurancy: 0.7697
Averaged Test AUC: 0.9523
Std Test Accurancy: 0.0845
Std Test AUC: 0.0527
------------------------- time cost ------------------------- 26.22504210472107

-------------Round number: 51-------------

Evaluate global model
Averaged Train Loss: 0.0783
Averaged Test Accurancy: 0.7719
Averaged Test AUC: 0.9528
Std Test Accurancy: 0.0833
Std Test AUC: 0.0526
------------------------- time cost ------------------------- 26.18927502632141

-------------Round number: 52-------------

Evaluate global model
Averaged Train Loss: 0.0760
Averaged Test Accurancy: 0.7742
Averaged Test AUC: 0.9534
Std Test Accurancy: 0.0826
Std Test AUC: 0.0526
------------------------- time cost ------------------------- 26.205782175064087

-------------Round number: 53-------------

Evaluate global model
Averaged Train Loss: 0.0981
Averaged Test Accurancy: 0.7720
Averaged Test AUC: 0.9530
Std Test Accurancy: 0.0849
Std Test AUC: 0.0530
------------------------- time cost ------------------------- 26.209555625915527

-------------Round number: 54-------------

Evaluate global model
Averaged Train Loss: 0.0782
Averaged Test Accurancy: 0.7738
Averaged Test AUC: 0.9536
Std Test Accurancy: 0.0826
Std Test AUC: 0.0527
------------------------- time cost ------------------------- 26.2035551071167

-------------Round number: 55-------------

Evaluate global model
Averaged Train Loss: 0.0734
Averaged Test Accurancy: 0.7739
Averaged Test AUC: 0.9538
Std Test Accurancy: 0.0825
Std Test AUC: 0.0528
------------------------- time cost ------------------------- 26.16976809501648

-------------Round number: 56-------------

Evaluate global model
Averaged Train Loss: 0.0866
Averaged Test Accurancy: 0.7765
Averaged Test AUC: 0.9547
Std Test Accurancy: 0.0817
Std Test AUC: 0.0526
------------------------- time cost ------------------------- 26.198254585266113

-------------Round number: 57-------------

Evaluate global model
Averaged Train Loss: 0.0749
Averaged Test Accurancy: 0.7727
Averaged Test AUC: 0.9535
Std Test Accurancy: 0.0813
Std Test AUC: 0.0526
------------------------- time cost ------------------------- 26.213568687438965

-------------Round number: 58-------------

Evaluate global model
Averaged Train Loss: 0.0825
Averaged Test Accurancy: 0.7776
Averaged Test AUC: 0.9542
Std Test Accurancy: 0.0820
Std Test AUC: 0.0529
------------------------- time cost ------------------------- 26.163081884384155

-------------Round number: 59-------------

Evaluate global model
Averaged Train Loss: 0.0735
Averaged Test Accurancy: 0.7767
Averaged Test AUC: 0.9548
Std Test Accurancy: 0.0806
Std Test AUC: 0.0522
------------------------- time cost ------------------------- 26.235158443450928

-------------Round number: 60-------------

Evaluate global model
Averaged Train Loss: 0.0587
Averaged Test Accurancy: 0.7763
Averaged Test AUC: 0.9548
Std Test Accurancy: 0.0820
Std Test AUC: 0.0523
------------------------- time cost ------------------------- 26.156723022460938

-------------Round number: 61-------------

Evaluate global model
Averaged Train Loss: 0.0614
Averaged Test Accurancy: 0.7779
Averaged Test AUC: 0.9546
Std Test Accurancy: 0.0817
Std Test AUC: 0.0523
------------------------- time cost ------------------------- 26.221642017364502

-------------Round number: 62-------------

Evaluate global model
Averaged Train Loss: 0.0845
Averaged Test Accurancy: 0.7732
Averaged Test AUC: 0.9542
Std Test Accurancy: 0.0819
Std Test AUC: 0.0522
------------------------- time cost ------------------------- 26.220312118530273

-------------Round number: 63-------------

Evaluate global model
Averaged Train Loss: 0.0758
Averaged Test Accurancy: 0.7775
Averaged Test AUC: 0.9544
Std Test Accurancy: 0.0818
Std Test AUC: 0.0522
------------------------- time cost ------------------------- 25.969109535217285

-------------Round number: 64-------------

Evaluate global model
Averaged Train Loss: 0.0651
Averaged Test Accurancy: 0.7781
Averaged Test AUC: 0.9548
Std Test Accurancy: 0.0817
Std Test AUC: 0.0522
------------------------- time cost ------------------------- 26.07691788673401

-------------Round number: 65-------------

Evaluate global model
Averaged Train Loss: 0.0648
Averaged Test Accurancy: 0.7776
Averaged Test AUC: 0.9551
Std Test Accurancy: 0.0813
Std Test AUC: 0.0522
------------------------- time cost ------------------------- 25.909999132156372

-------------Round number: 66-------------

Evaluate global model
Averaged Train Loss: 0.0602
Averaged Test Accurancy: 0.7792
Averaged Test AUC: 0.9553
Std Test Accurancy: 0.0814
Std Test AUC: 0.0522
------------------------- time cost ------------------------- 25.84275984764099

-------------Round number: 67-------------

Evaluate global model
Averaged Train Loss: 0.0627
Averaged Test Accurancy: 0.7791
Averaged Test AUC: 0.9555
Std Test Accurancy: 0.0820
Std Test AUC: 0.0522
------------------------- time cost ------------------------- 25.863818883895874

-------------Round number: 68-------------

Evaluate global model
Averaged Train Loss: 0.0732
Averaged Test Accurancy: 0.7787
Averaged Test AUC: 0.9554
Std Test Accurancy: 0.0810
Std Test AUC: 0.0521
------------------------- time cost ------------------------- 25.89491891860962

-------------Round number: 69-------------

Evaluate global model
Averaged Train Loss: 0.0666
Averaged Test Accurancy: 0.7797
Averaged Test AUC: 0.9559
Std Test Accurancy: 0.0824
Std Test AUC: 0.0522
------------------------- time cost ------------------------- 25.822867393493652

-------------Round number: 70-------------

Evaluate global model
Averaged Train Loss: 0.0706
Averaged Test Accurancy: 0.7753
Averaged Test AUC: 0.9554
Std Test Accurancy: 0.0822
Std Test AUC: 0.0520
------------------------- time cost ------------------------- 25.890863180160522

-------------Round number: 71-------------

Evaluate global model
Averaged Train Loss: 0.0752
Averaged Test Accurancy: 0.7778
Averaged Test AUC: 0.9556
Std Test Accurancy: 0.0825
Std Test AUC: 0.0522
------------------------- time cost ------------------------- 25.917070627212524

-------------Round number: 72-------------

Evaluate global model
Averaged Train Loss: 0.0715
Averaged Test Accurancy: 0.7803
Averaged Test AUC: 0.9551
Std Test Accurancy: 0.0817
Std Test AUC: 0.0522
------------------------- time cost ------------------------- 25.78760266304016

-------------Round number: 73-------------

Evaluate global model
Averaged Train Loss: 0.0614
Averaged Test Accurancy: 0.7820
Averaged Test AUC: 0.9559
Std Test Accurancy: 0.0833
Std Test AUC: 0.0523
------------------------- time cost ------------------------- 25.800429344177246

-------------Round number: 74-------------

Evaluate global model
Averaged Train Loss: 0.0603
Averaged Test Accurancy: 0.7816
Averaged Test AUC: 0.9558
Std Test Accurancy: 0.0829
Std Test AUC: 0.0523
------------------------- time cost ------------------------- 25.904846668243408

-------------Round number: 75-------------

Evaluate global model
Averaged Train Loss: 0.0647
Averaged Test Accurancy: 0.7817
Averaged Test AUC: 0.9554
Std Test Accurancy: 0.0839
Std Test AUC: 0.0523
------------------------- time cost ------------------------- 25.826606512069702

-------------Round number: 76-------------

Evaluate global model
Averaged Train Loss: 0.0776
Averaged Test Accurancy: 0.7811
Averaged Test AUC: 0.9545
Std Test Accurancy: 0.0832
Std Test AUC: 0.0523
------------------------- time cost ------------------------- 25.851890563964844

-------------Round number: 77-------------

Evaluate global model
Averaged Train Loss: 0.0578
Averaged Test Accurancy: 0.7821
Averaged Test AUC: 0.9552
Std Test Accurancy: 0.0814
Std Test AUC: 0.0523
------------------------- time cost ------------------------- 25.81143093109131

-------------Round number: 78-------------

Evaluate global model
Averaged Train Loss: 0.0581
Averaged Test Accurancy: 0.7822
Averaged Test AUC: 0.9551
Std Test Accurancy: 0.0824
Std Test AUC: 0.0523
------------------------- time cost ------------------------- 25.88825821876526

-------------Round number: 79-------------

Evaluate global model
Averaged Train Loss: 0.0731
Averaged Test Accurancy: 0.7824
Averaged Test AUC: 0.9553
Std Test Accurancy: 0.0829
Std Test AUC: 0.0524
------------------------- time cost ------------------------- 25.768882036209106

-------------Round number: 80-------------

Evaluate global model
Averaged Train Loss: 0.2059
Averaged Test Accurancy: 0.7856
Averaged Test AUC: 0.9590
Std Test Accurancy: 0.0635
Std Test AUC: 0.0207
------------------------- time cost ------------------------- 25.83682918548584

-------------Round number: 81-------------

Evaluate global model
Averaged Train Loss: 0.0591
Averaged Test Accurancy: 0.7910
Averaged Test AUC: 0.9606
Std Test Accurancy: 0.0457
Std Test AUC: 0.0114
------------------------- time cost ------------------------- 25.82088613510132

-------------Round number: 82-------------

Evaluate global model
Averaged Train Loss: 0.0368
Averaged Test Accurancy: 0.7921
Averaged Test AUC: 0.9615
Std Test Accurancy: 0.0437
Std Test AUC: 0.0105
------------------------- time cost ------------------------- 25.78691267967224

-------------Round number: 83-------------

Evaluate global model
Averaged Train Loss: 0.0371
Averaged Test Accurancy: 0.7936
Averaged Test AUC: 0.9614
Std Test Accurancy: 0.0441
Std Test AUC: 0.0106
------------------------- time cost ------------------------- 25.876854419708252

-------------Round number: 84-------------

Evaluate global model
Averaged Train Loss: 0.0345
Averaged Test Accurancy: 0.7946
Averaged Test AUC: 0.9616
Std Test Accurancy: 0.0433
Std Test AUC: 0.0108
------------------------- time cost ------------------------- 25.775151252746582

-------------Round number: 85-------------

Evaluate global model
Averaged Train Loss: 0.0308
Averaged Test Accurancy: 0.7955
Averaged Test AUC: 0.9619
Std Test Accurancy: 0.0430
Std Test AUC: 0.0109
------------------------- time cost ------------------------- 25.803345203399658

-------------Round number: 86-------------

Evaluate global model
Averaged Train Loss: 0.0382
Averaged Test Accurancy: 0.7970
Averaged Test AUC: 0.9622
Std Test Accurancy: 0.0441
Std Test AUC: 0.0102
------------------------- time cost ------------------------- 25.764166116714478

-------------Round number: 87-------------

Evaluate global model
Averaged Train Loss: 0.0323
Averaged Test Accurancy: 0.7991
Averaged Test AUC: 0.9626
Std Test Accurancy: 0.0407
Std Test AUC: 0.0103
------------------------- time cost ------------------------- 25.851051330566406

-------------Round number: 88-------------

Evaluate global model
Averaged Train Loss: 0.0313
Averaged Test Accurancy: 0.7990
Averaged Test AUC: 0.9624
Std Test Accurancy: 0.0429
Std Test AUC: 0.0106
------------------------- time cost ------------------------- 25.775373697280884

-------------Round number: 89-------------

Evaluate global model
Averaged Train Loss: 0.0440
Averaged Test Accurancy: 0.7993
Averaged Test AUC: 0.9623
Std Test Accurancy: 0.0410
Std Test AUC: 0.0104
------------------------- time cost ------------------------- 25.865628480911255

-------------Round number: 90-------------

Evaluate global model
Averaged Train Loss: 0.0368
Averaged Test Accurancy: 0.8000
Averaged Test AUC: 0.9620
Std Test Accurancy: 0.0427
Std Test AUC: 0.0108
------------------------- time cost ------------------------- 25.93448495864868

-------------Round number: 91-------------

Evaluate global model
Averaged Train Loss: 0.0392
Averaged Test Accurancy: 0.7977
Averaged Test AUC: 0.9619
Std Test Accurancy: 0.0430
Std Test AUC: 0.0110
------------------------- time cost ------------------------- 25.80554461479187

-------------Round number: 92-------------

Evaluate global model
Averaged Train Loss: 0.0288
Averaged Test Accurancy: 0.7958
Averaged Test AUC: 0.9618
Std Test Accurancy: 0.0437
Std Test AUC: 0.0106
------------------------- time cost ------------------------- 25.849028825759888

-------------Round number: 93-------------

Evaluate global model
Averaged Train Loss: 0.0316
Averaged Test Accurancy: 0.7956
Averaged Test AUC: 0.9615
Std Test Accurancy: 0.0440
Std Test AUC: 0.0107
------------------------- time cost ------------------------- 25.83371901512146

-------------Round number: 94-------------

Evaluate global model
Averaged Train Loss: 0.0317
Averaged Test Accurancy: 0.7939
Averaged Test AUC: 0.9611
Std Test Accurancy: 0.0456
Std Test AUC: 0.0109
------------------------- time cost ------------------------- 25.837453365325928

-------------Round number: 95-------------

Evaluate global model
Averaged Train Loss: 0.0270
Averaged Test Accurancy: 0.7925
Averaged Test AUC: 0.9613
Std Test Accurancy: 0.0432
Std Test AUC: 0.0110
------------------------- time cost ------------------------- 25.830825805664062

-------------Round number: 96-------------

Evaluate global model
Averaged Train Loss: 0.0265
Averaged Test Accurancy: 0.7937
Averaged Test AUC: 0.9610
Std Test Accurancy: 0.0426
Std Test AUC: 0.0110
------------------------- time cost ------------------------- 25.90243101119995

-------------Round number: 97-------------

Evaluate global model
Averaged Train Loss: 0.0336
Averaged Test Accurancy: 0.7943
Averaged Test AUC: 0.9606
Std Test Accurancy: 0.0441
Std Test AUC: 0.0108
------------------------- time cost ------------------------- 25.80908703804016

-------------Round number: 98-------------

Evaluate global model
Averaged Train Loss: 0.0333
Averaged Test Accurancy: 0.7931
Averaged Test AUC: 0.9606
Std Test Accurancy: 0.0446
Std Test AUC: 0.0113
------------------------- time cost ------------------------- 25.83302879333496

-------------Round number: 99-------------

Evaluate global model
Averaged Train Loss: 0.0326
Averaged Test Accurancy: 0.7943
Averaged Test AUC: 0.9601
Std Test Accurancy: 0.0425
Std Test AUC: 0.0108
------------------------- time cost ------------------------- 25.86523699760437

Best global accuracy.
0.8

Average time cost per round.
26.134573283821645
File path: ../results/Cifar10_FedAvg_resnet_gr100_ls5_bs25_lr0.05.h5

Average time cost: 2620.98s.
Length:  100
std for best accurancy: 0.0
mean for best accurancy: 0.8
All done!

Storage on cuda:0
-------------------------------------------------------------------------------
Total Tensors: 2259672924 	Used Memory: 8.42G
The allocated memory on cuda:0: 8.57G
Memory differs due to the matrix alignment or invisible gradient buffer tensors
-------------------------------------------------------------------------------
