==================================================
Algorithm: FedAvg
Local batch size: 10
Local steps: 10
Local learing rate: 0.05
Total number of clients: 100
Clients join in each round: 0.1
Client drop rate: 0.0
Time select: False
Time threthold: 10000
Global rounds: 300
Running times: 1
Dataset: Cifar10
Local model: resnet
Using device: cuda
Cuda device id: 0
==================================================

============= Running time: 0th =============
Creating server and clients ...

Join ratio / total clients: 0.1 / 100
Finished creating server and clients.

-------------Round number: 0-------------

Evaluate global model
Averaged Train Loss: 2.4403
Averaged Test Accurancy: 0.1087
Averaged Test AUC: 0.4881
Std Test Accurancy: 0.0288
Std Test AUC: 0.0267
------------------------- time cost ------------------------- 90.8351001739502

-------------Round number: 1-------------

Evaluate global model
Averaged Train Loss: 3.3157
Averaged Test Accurancy: 0.1089
Averaged Test AUC: 0.4940
Std Test Accurancy: 0.0284
Std Test AUC: 0.0302
------------------------- time cost ------------------------- 103.40217733383179

-------------Round number: 2-------------

Evaluate global model
Averaged Train Loss: 3.5674
Averaged Test Accurancy: 0.1106
Averaged Test AUC: 0.5033
Std Test Accurancy: 0.0325
Std Test AUC: 0.0438
------------------------- time cost ------------------------- 97.18660688400269

-------------Round number: 3-------------

Evaluate global model
Averaged Train Loss: 4.0600
Averaged Test Accurancy: 0.1180
Averaged Test AUC: 0.5226
Std Test Accurancy: 0.0420
Std Test AUC: 0.0694
------------------------- time cost ------------------------- 100.43109202384949

-------------Round number: 4-------------

Evaluate global model
Averaged Train Loss: 13.8403
Averaged Test Accurancy: 0.1311
Averaged Test AUC: 0.5410
Std Test Accurancy: 0.0583
Std Test AUC: 0.0923
------------------------- time cost ------------------------- 105.01516366004944

-------------Round number: 5-------------

Evaluate global model
Averaged Train Loss: 5.7582
Averaged Test Accurancy: 0.1457
Averaged Test AUC: 0.5671
Std Test Accurancy: 0.0716
Std Test AUC: 0.1095
------------------------- time cost ------------------------- 89.25507521629333

-------------Round number: 6-------------

Evaluate global model
Averaged Train Loss: 6.8202
Averaged Test Accurancy: 0.1638
Averaged Test AUC: 0.5911
Std Test Accurancy: 0.0821
Std Test AUC: 0.1227
------------------------- time cost ------------------------- 94.80955576896667

-------------Round number: 7-------------

Evaluate global model
Averaged Train Loss: 3.1262
Averaged Test Accurancy: 0.1795
Averaged Test AUC: 0.6159
Std Test Accurancy: 0.0904
Std Test AUC: 0.1266
------------------------- time cost ------------------------- 107.31150364875793

-------------Round number: 8-------------

Evaluate global model
Averaged Train Loss: 2.5251
Averaged Test Accurancy: 0.1994
Averaged Test AUC: 0.6366
Std Test Accurancy: 0.1012
Std Test AUC: 0.1320
------------------------- time cost ------------------------- 107.28894114494324

-------------Round number: 9-------------

Evaluate global model
Averaged Train Loss: 2.4941
Averaged Test Accurancy: 0.2041
Averaged Test AUC: 0.6447
Std Test Accurancy: 0.1028
Std Test AUC: 0.1282
------------------------- time cost ------------------------- 102.65268397331238

-------------Round number: 10-------------

Evaluate global model
Averaged Train Loss: 28.8766
Averaged Test Accurancy: 0.2139
Averaged Test AUC: 0.6535
Std Test Accurancy: 0.1052
Std Test AUC: 0.1268
------------------------- time cost ------------------------- 95.36285924911499

-------------Round number: 11-------------

Evaluate global model
Averaged Train Loss: 2.4458
Averaged Test Accurancy: 0.2308
Averaged Test AUC: 0.6704
Std Test Accurancy: 0.1151
Std Test AUC: 0.1298
------------------------- time cost ------------------------- 95.5798647403717

-------------Round number: 12-------------

Evaluate global model
Averaged Train Loss: 2.4120
Averaged Test Accurancy: 0.2519
Averaged Test AUC: 0.6928
Std Test Accurancy: 0.1164
Std Test AUC: 0.1249
------------------------- time cost ------------------------- 95.79139971733093

-------------Round number: 13-------------

Evaluate global model
Averaged Train Loss: 2.4668
Averaged Test Accurancy: 0.2635
Averaged Test AUC: 0.6987
Std Test Accurancy: 0.1221
Std Test AUC: 0.1292
------------------------- time cost ------------------------- 93.86505365371704

-------------Round number: 14-------------

Evaluate global model
Averaged Train Loss: 1.9193
Averaged Test Accurancy: 0.2715
Averaged Test AUC: 0.7124
Std Test Accurancy: 0.1176
Std Test AUC: 0.1229
------------------------- time cost ------------------------- 107.35008358955383

-------------Round number: 15-------------

Evaluate global model
Averaged Train Loss: 1.6978
Averaged Test Accurancy: 0.2776
Averaged Test AUC: 0.7145
Std Test Accurancy: 0.1284
Std Test AUC: 0.1271
------------------------- time cost ------------------------- 99.00370860099792

-------------Round number: 16-------------

Evaluate global model
Averaged Train Loss: 1.7712
Averaged Test Accurancy: 0.2976
Averaged Test AUC: 0.7302
Std Test Accurancy: 0.1246
Std Test AUC: 0.1190
------------------------- time cost ------------------------- 97.3193747997284

-------------Round number: 17-------------

Evaluate global model
Averaged Train Loss: 1.6314
Averaged Test Accurancy: 0.3056
Averaged Test AUC: 0.7395
Std Test Accurancy: 0.1254
Std Test AUC: 0.1179
------------------------- time cost ------------------------- 104.31288409233093

-------------Round number: 18-------------

Evaluate global model
Averaged Train Loss: 1.9770
Averaged Test Accurancy: 0.3176
Averaged Test AUC: 0.7476
Std Test Accurancy: 0.1260
Std Test AUC: 0.1107
------------------------- time cost ------------------------- 91.01247930526733

-------------Round number: 19-------------

Evaluate global model
Averaged Train Loss: 1.5858
Averaged Test Accurancy: 0.3228
Averaged Test AUC: 0.7529
Std Test Accurancy: 0.1277
Std Test AUC: 0.1059
------------------------- time cost ------------------------- 104.62054347991943

-------------Round number: 20-------------

Evaluate global model
Averaged Train Loss: 1.3940
Averaged Test Accurancy: 0.3326
Averaged Test AUC: 0.7593
Std Test Accurancy: 0.1267
Std Test AUC: 0.1068
------------------------- time cost ------------------------- 69.2690646648407

-------------Round number: 21-------------

Evaluate global model
Averaged Train Loss: 2.5172
Averaged Test Accurancy: 0.3363
Averaged Test AUC: 0.7647
Std Test Accurancy: 0.1245
Std Test AUC: 0.0971
------------------------- time cost ------------------------- 67.27338099479675

-------------Round number: 22-------------

Evaluate global model
Averaged Train Loss: 1.2955
Averaged Test Accurancy: 0.3285
Averaged Test AUC: 0.7593
Std Test Accurancy: 0.1245
Std Test AUC: 0.1043
------------------------- time cost ------------------------- 104.59490084648132

-------------Round number: 23-------------

Evaluate global model
Averaged Train Loss: 1.3232
Averaged Test Accurancy: 0.3476
Averaged Test AUC: 0.7747
Std Test Accurancy: 0.1203
Std Test AUC: 0.0939
------------------------- time cost ------------------------- 85.25028085708618

-------------Round number: 24-------------

Evaluate global model
Averaged Train Loss: 1.1580
Averaged Test Accurancy: 0.3475
Averaged Test AUC: 0.7709
Std Test Accurancy: 0.1289
Std Test AUC: 0.1040
------------------------- time cost ------------------------- 105.15814566612244

-------------Round number: 25-------------

Evaluate global model
Averaged Train Loss: 1.1087
Averaged Test Accurancy: 0.3613
Averaged Test AUC: 0.7825
Std Test Accurancy: 0.1217
Std Test AUC: 0.0953
------------------------- time cost ------------------------- 104.73071885108948

-------------Round number: 26-------------

Evaluate global model
Averaged Train Loss: 1.0818
Averaged Test Accurancy: 0.3705
Averaged Test AUC: 0.7895
Std Test Accurancy: 0.1155
Std Test AUC: 0.0842
------------------------- time cost ------------------------- 104.6631064414978

-------------Round number: 27-------------

Evaluate global model
Averaged Train Loss: 1.0385
Averaged Test Accurancy: 0.3759
Averaged Test AUC: 0.7863
Std Test Accurancy: 0.1248
Std Test AUC: 0.0951
------------------------- time cost ------------------------- 68.21465229988098

-------------Round number: 28-------------

Evaluate global model
Averaged Train Loss: 1.0236
Averaged Test Accurancy: 0.3876
Averaged Test AUC: 0.7947
Std Test Accurancy: 0.1230
Std Test AUC: 0.0874
------------------------- time cost ------------------------- 65.19677829742432

-------------Round number: 29-------------

Evaluate global model
Averaged Train Loss: 1.0691
Averaged Test Accurancy: 0.3930
Averaged Test AUC: 0.7973
Std Test Accurancy: 0.1254
Std Test AUC: 0.0882
------------------------- time cost ------------------------- 85.46851706504822

-------------Round number: 30-------------

Evaluate global model
Averaged Train Loss: 1.1818
Averaged Test Accurancy: 0.4027
Averaged Test AUC: 0.8047
Std Test Accurancy: 0.1223
Std Test AUC: 0.0822
------------------------- time cost ------------------------- 104.64574480056763

-------------Round number: 31-------------

Evaluate global model
Averaged Train Loss: 1.4107
Averaged Test Accurancy: 0.4105
Averaged Test AUC: 0.8056
Std Test Accurancy: 0.1211
Std Test AUC: 0.0837
------------------------- time cost ------------------------- 94.60613751411438

-------------Round number: 32-------------

Evaluate global model
Averaged Train Loss: 1.3856
Averaged Test Accurancy: 0.4249
Averaged Test AUC: 0.8189
Std Test Accurancy: 0.1058
Std Test AUC: 0.0644
------------------------- time cost ------------------------- 76.25907516479492

-------------Round number: 33-------------

Evaluate global model
Averaged Train Loss: 0.8119
Averaged Test Accurancy: 0.4352
Averaged Test AUC: 0.8243
Std Test Accurancy: 0.1014
Std Test AUC: 0.0576
------------------------- time cost ------------------------- 104.62683701515198

-------------Round number: 34-------------

Evaluate global model
Averaged Train Loss: 1.6270
Averaged Test Accurancy: 0.4328
Averaged Test AUC: 0.8249
Std Test Accurancy: 0.0999
Std Test AUC: 0.0560
------------------------- time cost ------------------------- 52.31991386413574

-------------Round number: 35-------------

Evaluate global model
Averaged Train Loss: 0.7132
Averaged Test Accurancy: 0.4422
Averaged Test AUC: 0.8316
Std Test Accurancy: 0.1042
Std Test AUC: 0.0562
------------------------- time cost ------------------------- 100.91631412506104

-------------Round number: 36-------------

Evaluate global model
Averaged Train Loss: 1.3182
Averaged Test Accurancy: 0.4437
Averaged Test AUC: 0.8316
Std Test Accurancy: 0.1008
Std Test AUC: 0.0550
------------------------- time cost ------------------------- 105.43400025367737

-------------Round number: 37-------------

Evaluate global model
Averaged Train Loss: 0.7711
Averaged Test Accurancy: 0.4399
Averaged Test AUC: 0.8287
Std Test Accurancy: 0.1043
Std Test AUC: 0.0604
------------------------- time cost ------------------------- 64.97483348846436

-------------Round number: 38-------------

Evaluate global model
Averaged Train Loss: 0.6378
Averaged Test Accurancy: 0.4592
Averaged Test AUC: 0.8364
Std Test Accurancy: 0.1013
Std Test AUC: 0.0534
------------------------- time cost ------------------------- 98.29760217666626

-------------Round number: 39-------------

Evaluate global model
Averaged Train Loss: 0.6820
Averaged Test Accurancy: 0.4553
Averaged Test AUC: 0.8364
Std Test Accurancy: 0.1071
Std Test AUC: 0.0547
------------------------- time cost ------------------------- 65.89044666290283

-------------Round number: 40-------------

Evaluate global model
Averaged Train Loss: 0.6326
Averaged Test Accurancy: 0.4581
Averaged Test AUC: 0.8380
Std Test Accurancy: 0.0985
Std Test AUC: 0.0524
------------------------- time cost ------------------------- 70.18295764923096

-------------Round number: 41-------------

Evaluate global model
Averaged Train Loss: 0.7079
Averaged Test Accurancy: 0.4507
Averaged Test AUC: 0.8307
Std Test Accurancy: 0.1095
Std Test AUC: 0.0668
------------------------- time cost ------------------------- 104.7153058052063

-------------Round number: 42-------------

Evaluate global model
Averaged Train Loss: 0.6769
Averaged Test Accurancy: 0.4531
Averaged Test AUC: 0.8349
Std Test Accurancy: 0.0971
Std Test AUC: 0.0558
------------------------- time cost ------------------------- 105.0573673248291

-------------Round number: 43-------------

Evaluate global model
Averaged Train Loss: 0.6629
Averaged Test Accurancy: 0.4601
Averaged Test AUC: 0.8391
Std Test Accurancy: 0.1029
Std Test AUC: 0.0537
------------------------- time cost ------------------------- 98.67924690246582

-------------Round number: 44-------------

Evaluate global model
Averaged Train Loss: 0.5733
Averaged Test Accurancy: 0.4707
Averaged Test AUC: 0.8436
Std Test Accurancy: 0.1076
Std Test AUC: 0.0543
------------------------- time cost ------------------------- 105.12083125114441

-------------Round number: 45-------------

Evaluate global model
Averaged Train Loss: 0.5479
Averaged Test Accurancy: 0.4797
Averaged Test AUC: 0.8477
Std Test Accurancy: 0.1061
Std Test AUC: 0.0529
------------------------- time cost ------------------------- 90.20808339118958

-------------Round number: 46-------------

Evaluate global model
Averaged Train Loss: 0.6870
Averaged Test Accurancy: 0.4741
Averaged Test AUC: 0.8455
Std Test Accurancy: 0.1031
Std Test AUC: 0.0542
------------------------- time cost ------------------------- 105.0018482208252

-------------Round number: 47-------------

Evaluate global model
Averaged Train Loss: 0.5802
Averaged Test Accurancy: 0.4845
Averaged Test AUC: 0.8495
Std Test Accurancy: 0.1033
Std Test AUC: 0.0563
------------------------- time cost ------------------------- 96.86962747573853

-------------Round number: 48-------------

Evaluate global model
Averaged Train Loss: 0.5993
Averaged Test Accurancy: 0.4941
Averaged Test AUC: 0.8546
Std Test Accurancy: 0.1036
Std Test AUC: 0.0509
------------------------- time cost ------------------------- 103.87497091293335

-------------Round number: 49-------------

Evaluate global model
Averaged Train Loss: 0.5816
Averaged Test Accurancy: 0.5060
Averaged Test AUC: 0.8585
Std Test Accurancy: 0.1057
Std Test AUC: 0.0503
------------------------- time cost ------------------------- 72.45534181594849

-------------Round number: 50-------------

Evaluate global model
Averaged Train Loss: 0.5042
Averaged Test Accurancy: 0.5115
Averaged Test AUC: 0.8629
Std Test Accurancy: 0.0996
Std Test AUC: 0.0492
------------------------- time cost ------------------------- 105.79054975509644

-------------Round number: 51-------------

Evaluate global model
Averaged Train Loss: 0.5418
Averaged Test Accurancy: 0.5145
Averaged Test AUC: 0.8638
Std Test Accurancy: 0.0973
Std Test AUC: 0.0483
------------------------- time cost ------------------------- 89.9408643245697

-------------Round number: 52-------------

Evaluate global model
Averaged Train Loss: 0.6083
Averaged Test Accurancy: 0.5253
Averaged Test AUC: 0.8678
Std Test Accurancy: 0.0913
Std Test AUC: 0.0425
------------------------- time cost ------------------------- 100.573801279068

-------------Round number: 53-------------

Evaluate global model
Averaged Train Loss: 0.7969
Averaged Test Accurancy: 0.5250
Averaged Test AUC: 0.8677
Std Test Accurancy: 0.0996
Std Test AUC: 0.0466
------------------------- time cost ------------------------- 105.38793349266052

-------------Round number: 54-------------

Evaluate global model
Averaged Train Loss: 1.1256
Averaged Test Accurancy: 0.5270
Averaged Test AUC: 0.8685
Std Test Accurancy: 0.0945
Std Test AUC: 0.0434
------------------------- time cost ------------------------- 104.96397542953491

-------------Round number: 55-------------

Evaluate global model
Averaged Train Loss: 0.5040
Averaged Test Accurancy: 0.5394
Averaged Test AUC: 0.8736
Std Test Accurancy: 0.0900
Std Test AUC: 0.0405
------------------------- time cost ------------------------- 105.2460515499115

-------------Round number: 56-------------

Evaluate global model
Averaged Train Loss: 0.5532
Averaged Test Accurancy: 0.5325
Averaged Test AUC: 0.8695
Std Test Accurancy: 0.0883
Std Test AUC: 0.0402
------------------------- time cost ------------------------- 105.30683851242065

-------------Round number: 57-------------

Evaluate global model
Averaged Train Loss: 0.5733
Averaged Test Accurancy: 0.5371
Averaged Test AUC: 0.8711
Std Test Accurancy: 0.0932
Std Test AUC: 0.0460
------------------------- time cost ------------------------- 105.46126770973206

-------------Round number: 58-------------

Evaluate global model
Averaged Train Loss: 74.1995
Averaged Test Accurancy: 0.5316
Averaged Test AUC: 0.8668
Std Test Accurancy: 0.1034
Std Test AUC: 0.0643
------------------------- time cost ------------------------- 105.30589652061462

-------------Round number: 59-------------

Evaluate global model
Averaged Train Loss: 13.9452
Averaged Test Accurancy: 0.5369
Averaged Test AUC: 0.8700
Std Test Accurancy: 0.0965
Std Test AUC: 0.0575
------------------------- time cost ------------------------- 105.29643940925598

-------------Round number: 60-------------

Evaluate global model
Averaged Train Loss: 0.4951
Averaged Test Accurancy: 0.5524
Averaged Test AUC: 0.8792
Std Test Accurancy: 0.0859
Std Test AUC: 0.0393
------------------------- time cost ------------------------- 90.79791831970215

-------------Round number: 61-------------

Evaluate global model
Averaged Train Loss: 0.5822
Averaged Test Accurancy: 0.5470
Averaged Test AUC: 0.8770
Std Test Accurancy: 0.0877
Std Test AUC: 0.0418
------------------------- time cost ------------------------- 105.7653980255127

-------------Round number: 62-------------

Evaluate global model
Averaged Train Loss: 0.6213
Averaged Test Accurancy: 0.5441
Averaged Test AUC: 0.8764
Std Test Accurancy: 0.0910
Std Test AUC: 0.0410
------------------------- time cost ------------------------- 105.05118060112

-------------Round number: 63-------------

Evaluate global model
Averaged Train Loss: 0.5595
Averaged Test Accurancy: 0.5532
Averaged Test AUC: 0.8792
Std Test Accurancy: 0.0936
Std Test AUC: 0.0415
------------------------- time cost ------------------------- 105.2163016796112

-------------Round number: 64-------------

Evaluate global model
Averaged Train Loss: 0.5395
Averaged Test Accurancy: 0.5612
Averaged Test AUC: 0.8834
Std Test Accurancy: 0.0892
Std Test AUC: 0.0379
------------------------- time cost ------------------------- 100.93007016181946

-------------Round number: 65-------------

Evaluate global model
Averaged Train Loss: 0.5304
Averaged Test Accurancy: 0.5691
Averaged Test AUC: 0.8863
Std Test Accurancy: 0.0851
Std Test AUC: 0.0365
------------------------- time cost ------------------------- 105.2729504108429

-------------Round number: 66-------------

Evaluate global model
Averaged Train Loss: 0.6603
Averaged Test Accurancy: 0.5524
Averaged Test AUC: 0.8789
Std Test Accurancy: 0.0970
Std Test AUC: 0.0437
------------------------- time cost ------------------------- 105.57351803779602

-------------Round number: 67-------------

Evaluate global model
Averaged Train Loss: 0.5160
Averaged Test Accurancy: 0.5636
Averaged Test AUC: 0.8833
Std Test Accurancy: 0.0903
Std Test AUC: 0.0436
------------------------- time cost ------------------------- 105.4478759765625

-------------Round number: 68-------------

Evaluate global model
Averaged Train Loss: 0.5858
Averaged Test Accurancy: 0.5607
Averaged Test AUC: 0.8811
Std Test Accurancy: 0.0948
Std Test AUC: 0.0446
------------------------- time cost ------------------------- 105.91166567802429

-------------Round number: 69-------------

Evaluate global model
Averaged Train Loss: 0.5388
Averaged Test Accurancy: 0.5667
Averaged Test AUC: 0.8826
Std Test Accurancy: 0.0901
Std Test AUC: 0.0431
------------------------- time cost ------------------------- 105.14794564247131

-------------Round number: 70-------------

Evaluate global model
Averaged Train Loss: 0.5360
Averaged Test Accurancy: 0.5664
Averaged Test AUC: 0.8813
Std Test Accurancy: 0.0870
Std Test AUC: 0.0417
------------------------- time cost ------------------------- 105.39132452011108

-------------Round number: 71-------------

Evaluate global model
Averaged Train Loss: 0.6492
Averaged Test Accurancy: 0.5681
Averaged Test AUC: 0.8816
Std Test Accurancy: 0.0993
Std Test AUC: 0.0491
------------------------- time cost ------------------------- 105.5133547782898

-------------Round number: 72-------------

Evaluate global model
Averaged Train Loss: 0.6254
Averaged Test Accurancy: 0.5786
Averaged Test AUC: 0.8835
Std Test Accurancy: 0.0991
Std Test AUC: 0.0475
------------------------- time cost ------------------------- 105.62692379951477

-------------Round number: 73-------------

Evaluate global model
Averaged Train Loss: 0.6021
Averaged Test Accurancy: 0.5903
Averaged Test AUC: 0.8882
Std Test Accurancy: 0.0960
Std Test AUC: 0.0436
------------------------- time cost ------------------------- 105.84957194328308

-------------Round number: 74-------------

Evaluate global model
Averaged Train Loss: 0.6298
Averaged Test Accurancy: 0.5939
Averaged Test AUC: 0.8891
Std Test Accurancy: 0.0954
Std Test AUC: 0.0439
------------------------- time cost ------------------------- 105.98721623420715

-------------Round number: 75-------------

Evaluate global model
Averaged Train Loss: 0.6266
Averaged Test Accurancy: 0.5934
Averaged Test AUC: 0.8886
Std Test Accurancy: 0.0980
Std Test AUC: 0.0442
------------------------- time cost ------------------------- 105.94465470314026

-------------Round number: 76-------------

Evaluate global model
Averaged Train Loss: 0.6184
Averaged Test Accurancy: 0.5957
Averaged Test AUC: 0.8903
Std Test Accurancy: 0.0986
Std Test AUC: 0.0444
------------------------- time cost ------------------------- 105.65202307701111

-------------Round number: 77-------------

Evaluate global model
Averaged Train Loss: 0.5843
Averaged Test Accurancy: 0.6006
Averaged Test AUC: 0.8914
Std Test Accurancy: 0.1000
Std Test AUC: 0.0448
------------------------- time cost ------------------------- 87.41033792495728

-------------Round number: 78-------------

Evaluate global model
Averaged Train Loss: 0.7189
Averaged Test Accurancy: 0.5973
Averaged Test AUC: 0.8897
Std Test Accurancy: 0.1015
Std Test AUC: 0.0465
------------------------- time cost ------------------------- 105.87210059165955

-------------Round number: 79-------------

Evaluate global model
Averaged Train Loss: 0.5627
Averaged Test Accurancy: 0.6039
Averaged Test AUC: 0.8931
Std Test Accurancy: 0.0939
Std Test AUC: 0.0416
------------------------- time cost ------------------------- 94.74132490158081

-------------Round number: 80-------------

Evaluate global model
Averaged Train Loss: 0.6060
Averaged Test Accurancy: 0.6083
Averaged Test AUC: 0.8956
Std Test Accurancy: 0.0886
Std Test AUC: 0.0395
------------------------- time cost ------------------------- 82.70322012901306

-------------Round number: 81-------------

Evaluate global model
Averaged Train Loss: 0.6164
Averaged Test Accurancy: 0.6084
Averaged Test AUC: 0.8955
Std Test Accurancy: 0.0921
Std Test AUC: 0.0408
------------------------- time cost ------------------------- 100.38332676887512

-------------Round number: 82-------------

Evaluate global model
Averaged Train Loss: 0.5948
Averaged Test Accurancy: 0.6133
Averaged Test AUC: 0.8982
Std Test Accurancy: 0.0888
Std Test AUC: 0.0379
------------------------- time cost ------------------------- 109.02787947654724

-------------Round number: 83-------------

Evaluate global model
Averaged Train Loss: 0.5831
Averaged Test Accurancy: 0.6144
Averaged Test AUC: 0.8986
Std Test Accurancy: 0.0911
Std Test AUC: 0.0381
------------------------- time cost ------------------------- 108.03102493286133

-------------Round number: 84-------------

Evaluate global model
Averaged Train Loss: 0.6053
Averaged Test Accurancy: 0.6159
Averaged Test AUC: 0.8985
Std Test Accurancy: 0.0925
Std Test AUC: 0.0395
------------------------- time cost ------------------------- 107.78821349143982

-------------Round number: 85-------------

Evaluate global model
Averaged Train Loss: 0.6277
Averaged Test Accurancy: 0.6191
Averaged Test AUC: 0.8996
Std Test Accurancy: 0.0922
Std Test AUC: 0.0397
------------------------- time cost ------------------------- 75.98229742050171

-------------Round number: 86-------------

Evaluate global model
Averaged Train Loss: 0.6571
Averaged Test Accurancy: 0.6219
Averaged Test AUC: 0.9000
Std Test Accurancy: 0.0910
Std Test AUC: 0.0373
------------------------- time cost ------------------------- 100.98110556602478

-------------Round number: 87-------------

Evaluate global model
Averaged Train Loss: 0.6509
Averaged Test Accurancy: 0.6223
Averaged Test AUC: 0.9000
Std Test Accurancy: 0.0956
Std Test AUC: 0.0393
------------------------- time cost ------------------------- 100.34921264648438

-------------Round number: 88-------------

Evaluate global model
Averaged Train Loss: 0.6601
Averaged Test Accurancy: 0.6197
Averaged Test AUC: 0.8993
Std Test Accurancy: 0.0857
Std Test AUC: 0.0353
------------------------- time cost ------------------------- 102.97429060935974

-------------Round number: 89-------------

Evaluate global model
Averaged Train Loss: 0.7535
Averaged Test Accurancy: 0.6189
Averaged Test AUC: 0.8981
Std Test Accurancy: 0.0902
Std Test AUC: 0.0389
------------------------- time cost ------------------------- 104.4734456539154

-------------Round number: 90-------------

Evaluate global model
Averaged Train Loss: 0.7165
Averaged Test Accurancy: 0.6255
Averaged Test AUC: 0.9024
Std Test Accurancy: 0.0753
Std Test AUC: 0.0290
------------------------- time cost ------------------------- 89.31161880493164

-------------Round number: 91-------------

Evaluate global model
Averaged Train Loss: 0.7577
Averaged Test Accurancy: 0.6251
Averaged Test AUC: 0.9018
Std Test Accurancy: 0.0763
Std Test AUC: 0.0309
------------------------- time cost ------------------------- 78.88877201080322

-------------Round number: 92-------------

Evaluate global model
Averaged Train Loss: 0.7567
Averaged Test Accurancy: 0.6294
Averaged Test AUC: 0.9035
Std Test Accurancy: 0.0773
Std Test AUC: 0.0315
------------------------- time cost ------------------------- 107.2157690525055

-------------Round number: 93-------------

Evaluate global model
Averaged Train Loss: 0.6910
Averaged Test Accurancy: 0.6291
Averaged Test AUC: 0.9054
Std Test Accurancy: 0.0776
Std Test AUC: 0.0306
------------------------- time cost ------------------------- 90.4129683971405

-------------Round number: 94-------------

Evaluate global model
Averaged Train Loss: 0.6564
Averaged Test Accurancy: 0.6277
Averaged Test AUC: 0.9046
Std Test Accurancy: 0.0752
Std Test AUC: 0.0308
------------------------- time cost ------------------------- 92.1835834980011

-------------Round number: 95-------------

Evaluate global model
Averaged Train Loss: 0.6458
Averaged Test Accurancy: 0.6286
Averaged Test AUC: 0.9047
Std Test Accurancy: 0.0757
Std Test AUC: 0.0304
------------------------- time cost ------------------------- 77.82985830307007

-------------Round number: 96-------------

Evaluate global model
Averaged Train Loss: 0.7736
Averaged Test Accurancy: 0.6210
Averaged Test AUC: 0.8981
Std Test Accurancy: 0.0845
Std Test AUC: 0.0434
------------------------- time cost ------------------------- 98.15852808952332

-------------Round number: 97-------------

Evaluate global model
Averaged Train Loss: 0.6387
Averaged Test Accurancy: 0.6322
Averaged Test AUC: 0.9070
Std Test Accurancy: 0.0740
Std Test AUC: 0.0310
------------------------- time cost ------------------------- 101.66465067863464

-------------Round number: 98-------------

Evaluate global model
Averaged Train Loss: 0.6456
Averaged Test Accurancy: 0.6361
Averaged Test AUC: 0.9076
Std Test Accurancy: 0.0759
Std Test AUC: 0.0315
------------------------- time cost ------------------------- 101.57739973068237

-------------Round number: 99-------------

Evaluate global model
Averaged Train Loss: 0.5925
Averaged Test Accurancy: 0.6406
Averaged Test AUC: 0.9089
Std Test Accurancy: 0.0779
Std Test AUC: 0.0318
------------------------- time cost ------------------------- 104.74006843566895

-------------Round number: 100-------------

Evaluate global model
Averaged Train Loss: 0.5769
Averaged Test Accurancy: 0.6408
Averaged Test AUC: 0.9096
Std Test Accurancy: 0.0806
Std Test AUC: 0.0313
------------------------- time cost ------------------------- 76.41266393661499

-------------Round number: 101-------------

Evaluate global model
Averaged Train Loss: 0.5926
Averaged Test Accurancy: 0.6323
Averaged Test AUC: 0.9070
Std Test Accurancy: 0.0835
Std Test AUC: 0.0319
------------------------- time cost ------------------------- 97.46730184555054

-------------Round number: 102-------------

Evaluate global model
Averaged Train Loss: 0.6296
Averaged Test Accurancy: 0.6327
Averaged Test AUC: 0.9078
Std Test Accurancy: 0.0773
Std Test AUC: 0.0307
------------------------- time cost ------------------------- 105.34559178352356

-------------Round number: 103-------------

Evaluate global model
Averaged Train Loss: 0.5634
Averaged Test Accurancy: 0.6402
Averaged Test AUC: 0.9109
Std Test Accurancy: 0.0799
Std Test AUC: 0.0307
------------------------- time cost ------------------------- 97.7642388343811

-------------Round number: 104-------------

Evaluate global model
Averaged Train Loss: 0.5333
Averaged Test Accurancy: 0.6413
Averaged Test AUC: 0.9106
Std Test Accurancy: 0.0769
Std Test AUC: 0.0301
------------------------- time cost ------------------------- 105.61960101127625

-------------Round number: 105-------------

Evaluate global model
Averaged Train Loss: 0.5947
Averaged Test Accurancy: 0.6320
Averaged Test AUC: 0.9069
Std Test Accurancy: 0.0772
Std Test AUC: 0.0321
------------------------- time cost ------------------------- 93.27203035354614

-------------Round number: 106-------------

Evaluate global model
Averaged Train Loss: 0.5767
Averaged Test Accurancy: 0.6402
Averaged Test AUC: 0.9107
Std Test Accurancy: 0.0767
Std Test AUC: 0.0314
------------------------- time cost ------------------------- 106.32937598228455

-------------Round number: 107-------------

Evaluate global model
Averaged Train Loss: 0.5961
Averaged Test Accurancy: 0.6353
Averaged Test AUC: 0.9094
Std Test Accurancy: 0.0747
Std Test AUC: 0.0311
------------------------- time cost ------------------------- 105.01190090179443

-------------Round number: 108-------------

Evaluate global model
Averaged Train Loss: 0.5995
Averaged Test Accurancy: 0.6379
Averaged Test AUC: 0.9105
Std Test Accurancy: 0.0733
Std Test AUC: 0.0306
------------------------- time cost ------------------------- 105.4585349559784

-------------Round number: 109-------------

Evaluate global model
Averaged Train Loss: 0.5818
Averaged Test Accurancy: 0.6432
Averaged Test AUC: 0.9121
Std Test Accurancy: 0.0745
Std Test AUC: 0.0310
------------------------- time cost ------------------------- 97.1774537563324

-------------Round number: 110-------------

Evaluate global model
Averaged Train Loss: 0.6728
Averaged Test Accurancy: 0.6405
Averaged Test AUC: 0.9110
Std Test Accurancy: 0.0836
Std Test AUC: 0.0351
------------------------- time cost ------------------------- 103.44593381881714

-------------Round number: 111-------------

Evaluate global model
Averaged Train Loss: 0.5686
Averaged Test Accurancy: 0.6498
Averaged Test AUC: 0.9154
Std Test Accurancy: 0.0720
Std Test AUC: 0.0302
------------------------- time cost ------------------------- 97.37927770614624

-------------Round number: 112-------------

Evaluate global model
Averaged Train Loss: 0.6103
Averaged Test Accurancy: 0.6464
Averaged Test AUC: 0.9131
Std Test Accurancy: 0.0803
Std Test AUC: 0.0380
------------------------- time cost ------------------------- 94.30996036529541

-------------Round number: 113-------------

Evaluate global model
Averaged Train Loss: 0.5763
Averaged Test Accurancy: 0.6497
Averaged Test AUC: 0.9161
Std Test Accurancy: 0.0665
Std Test AUC: 0.0267
------------------------- time cost ------------------------- 94.06334257125854

-------------Round number: 114-------------

Evaluate global model
Averaged Train Loss: 0.6886
Averaged Test Accurancy: 0.6482
Averaged Test AUC: 0.9158
Std Test Accurancy: 0.0681
Std Test AUC: 0.0291
------------------------- time cost ------------------------- 70.63502955436707

-------------Round number: 115-------------

Evaluate global model
Averaged Train Loss: 0.6357
Averaged Test Accurancy: 0.6525
Averaged Test AUC: 0.9166
Std Test Accurancy: 0.0690
Std Test AUC: 0.0274
------------------------- time cost ------------------------- 92.99638319015503

-------------Round number: 116-------------

Evaluate global model
Averaged Train Loss: 0.7493
Averaged Test Accurancy: 0.6453
Averaged Test AUC: 0.9136
Std Test Accurancy: 0.0761
Std Test AUC: 0.0326
------------------------- time cost ------------------------- 105.37198948860168

-------------Round number: 117-------------

Evaluate global model
Averaged Train Loss: 0.8046
Averaged Test Accurancy: 0.6438
Averaged Test AUC: 0.9124
Std Test Accurancy: 0.0780
Std Test AUC: 0.0334
------------------------- time cost ------------------------- 97.53619241714478

-------------Round number: 118-------------

Evaluate global model
Averaged Train Loss: 0.6753
Averaged Test Accurancy: 0.6524
Averaged Test AUC: 0.9171
Std Test Accurancy: 0.0759
Std Test AUC: 0.0314
------------------------- time cost ------------------------- 96.58682036399841

-------------Round number: 119-------------

Evaluate global model
Averaged Train Loss: 0.6920
Averaged Test Accurancy: 0.6562
Averaged Test AUC: 0.9168
Std Test Accurancy: 0.0756
Std Test AUC: 0.0320
------------------------- time cost ------------------------- 103.3718638420105

-------------Round number: 120-------------

Evaluate global model
Averaged Train Loss: 0.5859
Averaged Test Accurancy: 0.6581
Averaged Test AUC: 0.9184
Std Test Accurancy: 0.0791
Std Test AUC: 0.0318
------------------------- time cost ------------------------- 91.80686545372009

-------------Round number: 121-------------

Evaluate global model
Averaged Train Loss: 0.5984
Averaged Test Accurancy: 0.6585
Averaged Test AUC: 0.9174
Std Test Accurancy: 0.0799
Std Test AUC: 0.0326
------------------------- time cost ------------------------- 103.19711995124817

-------------Round number: 122-------------

Evaluate global model
Averaged Train Loss: 0.5888
Averaged Test Accurancy: 0.6615
Averaged Test AUC: 0.9195
Std Test Accurancy: 0.0825
Std Test AUC: 0.0326
------------------------- time cost ------------------------- 94.93575072288513

-------------Round number: 123-------------

Evaluate global model
Averaged Train Loss: 0.5915
Averaged Test Accurancy: 0.6626
Averaged Test AUC: 0.9207
Std Test Accurancy: 0.0801
Std Test AUC: 0.0316
------------------------- time cost ------------------------- 108.74207711219788

-------------Round number: 124-------------

Evaluate global model
Averaged Train Loss: 0.7914
Averaged Test Accurancy: 0.6617
Averaged Test AUC: 0.9198
Std Test Accurancy: 0.0810
Std Test AUC: 0.0331
------------------------- time cost ------------------------- 96.8201379776001

-------------Round number: 125-------------

Evaluate global model
Averaged Train Loss: 0.5075
Averaged Test Accurancy: 0.6662
Averaged Test AUC: 0.9223
Std Test Accurancy: 0.0798
Std Test AUC: 0.0299
------------------------- time cost ------------------------- 100.0728349685669

-------------Round number: 126-------------

Evaluate global model
Averaged Train Loss: 0.5382
Averaged Test Accurancy: 0.6626
Averaged Test AUC: 0.9214
Std Test Accurancy: 0.0777
Std Test AUC: 0.0294
------------------------- time cost ------------------------- 108.10137391090393

-------------Round number: 127-------------

Evaluate global model
Averaged Train Loss: 0.6102
Averaged Test Accurancy: 0.6596
Averaged Test AUC: 0.9204
Std Test Accurancy: 0.0803
Std Test AUC: 0.0300
------------------------- time cost ------------------------- 101.09009003639221

-------------Round number: 128-------------

Evaluate global model
Averaged Train Loss: 0.6142
Averaged Test Accurancy: 0.6563
Averaged Test AUC: 0.9191
Std Test Accurancy: 0.0785
Std Test AUC: 0.0304
------------------------- time cost ------------------------- 109.14887833595276

-------------Round number: 129-------------

Evaluate global model
Averaged Train Loss: 0.7417
Averaged Test Accurancy: 0.6552
Averaged Test AUC: 0.9163
Std Test Accurancy: 0.0763
Std Test AUC: 0.0336
------------------------- time cost ------------------------- 106.9797990322113

-------------Round number: 130-------------

Evaluate global model
Averaged Train Loss: 0.6392
Averaged Test Accurancy: 0.6566
Averaged Test AUC: 0.9198
Std Test Accurancy: 0.0784
Std Test AUC: 0.0311
------------------------- time cost ------------------------- 107.48367524147034

-------------Round number: 131-------------

Evaluate global model
Averaged Train Loss: 0.6346
Averaged Test Accurancy: 0.6579
Averaged Test AUC: 0.9198
Std Test Accurancy: 0.0772
Std Test AUC: 0.0302
------------------------- time cost ------------------------- 96.92147970199585

-------------Round number: 132-------------

Evaluate global model
Averaged Train Loss: 0.7410
Averaged Test Accurancy: 0.6581
Averaged Test AUC: 0.9192
Std Test Accurancy: 0.0792
Std Test AUC: 0.0315
------------------------- time cost ------------------------- 95.62409329414368

-------------Round number: 133-------------

Evaluate global model
Averaged Train Loss: 0.6385
Averaged Test Accurancy: 0.6522
Averaged Test AUC: 0.9174
Std Test Accurancy: 0.0848
Std Test AUC: 0.0323
------------------------- time cost ------------------------- 108.11130332946777

-------------Round number: 134-------------

Evaluate global model
Averaged Train Loss: 0.5837
Averaged Test Accurancy: 0.6573
Averaged Test AUC: 0.9184
Std Test Accurancy: 0.0858
Std Test AUC: 0.0332
------------------------- time cost ------------------------- 88.07279753684998

-------------Round number: 135-------------

Evaluate global model
Averaged Train Loss: 0.6003
Averaged Test Accurancy: 0.6604
Averaged Test AUC: 0.9197
Std Test Accurancy: 0.0818
Std Test AUC: 0.0316
------------------------- time cost ------------------------- 102.93625140190125

-------------Round number: 136-------------

Evaluate global model
Averaged Train Loss: 0.7030
Averaged Test Accurancy: 0.6545
Averaged Test AUC: 0.9175
Std Test Accurancy: 0.0906
Std Test AUC: 0.0385
------------------------- time cost ------------------------- 104.93741869926453

-------------Round number: 137-------------

Evaluate global model
Averaged Train Loss: 0.5437
Averaged Test Accurancy: 0.6672
Averaged Test AUC: 0.9225
Std Test Accurancy: 0.0690
Std Test AUC: 0.0261
------------------------- time cost ------------------------- 106.04759740829468

-------------Round number: 138-------------

Evaluate global model
Averaged Train Loss: 0.6084
Averaged Test Accurancy: 0.6736
Averaged Test AUC: 0.9224
Std Test Accurancy: 0.0721
Std Test AUC: 0.0269
------------------------- time cost ------------------------- 94.22242069244385

-------------Round number: 139-------------

Evaluate global model
Averaged Train Loss: 0.5742
Averaged Test Accurancy: 0.6721
Averaged Test AUC: 0.9234
Std Test Accurancy: 0.0725
Std Test AUC: 0.0271
------------------------- time cost ------------------------- 101.24774551391602

-------------Round number: 140-------------

Evaluate global model
Averaged Train Loss: 0.5576
Averaged Test Accurancy: 0.6764
Averaged Test AUC: 0.9245
Std Test Accurancy: 0.0716
Std Test AUC: 0.0269
------------------------- time cost ------------------------- 96.47681045532227

-------------Round number: 141-------------

Evaluate global model
Averaged Train Loss: 0.6289
Averaged Test Accurancy: 0.6773
Averaged Test AUC: 0.9245
Std Test Accurancy: 0.0699
Std Test AUC: 0.0261
------------------------- time cost ------------------------- 97.76156973838806

-------------Round number: 142-------------

Evaluate global model
Averaged Train Loss: 0.5679
Averaged Test Accurancy: 0.6819
Averaged Test AUC: 0.9263
Std Test Accurancy: 0.0703
Std Test AUC: 0.0260
------------------------- time cost ------------------------- 101.22107553482056

-------------Round number: 143-------------

Evaluate global model
Averaged Train Loss: 0.5841
Averaged Test Accurancy: 0.6834
Averaged Test AUC: 0.9270
Std Test Accurancy: 0.0696
Std Test AUC: 0.0260
------------------------- time cost ------------------------- 100.76496076583862

-------------Round number: 144-------------

Evaluate global model
Averaged Train Loss: 0.5809
Averaged Test Accurancy: 0.6842
Averaged Test AUC: 0.9278
Std Test Accurancy: 0.0688
Std Test AUC: 0.0266
------------------------- time cost ------------------------- 95.75904583930969

-------------Round number: 145-------------

Evaluate global model
Averaged Train Loss: 0.5589
Averaged Test Accurancy: 0.6868
Averaged Test AUC: 0.9283
Std Test Accurancy: 0.0694
Std Test AUC: 0.0267
------------------------- time cost ------------------------- 97.1730055809021

-------------Round number: 146-------------

Evaluate global model
Averaged Train Loss: 0.5723
Averaged Test Accurancy: 0.6850
Averaged Test AUC: 0.9272
Std Test Accurancy: 0.0688
Std Test AUC: 0.0265
------------------------- time cost ------------------------- 97.54384708404541

-------------Round number: 147-------------

Evaluate global model
Averaged Train Loss: 0.8615
Averaged Test Accurancy: 0.6563
Averaged Test AUC: 0.9146
Std Test Accurancy: 0.0994
Std Test AUC: 0.0420
------------------------- time cost ------------------------- 82.74059438705444

-------------Round number: 148-------------

Evaluate global model
Averaged Train Loss: 0.8669
Averaged Test Accurancy: 0.6700
Averaged Test AUC: 0.9202
Std Test Accurancy: 0.0800
Std Test AUC: 0.0334
------------------------- time cost ------------------------- 101.60019588470459

-------------Round number: 149-------------

Evaluate global model
Averaged Train Loss: 0.7506
Averaged Test Accurancy: 0.6690
Averaged Test AUC: 0.9223
Std Test Accurancy: 0.0809
Std Test AUC: 0.0323
------------------------- time cost ------------------------- 100.20245409011841

-------------Round number: 150-------------

Evaluate global model
Averaged Train Loss: 0.8342
Averaged Test Accurancy: 0.6664
Averaged Test AUC: 0.9195
Std Test Accurancy: 0.0878
Std Test AUC: 0.0388
------------------------- time cost ------------------------- 108.5564649105072

-------------Round number: 151-------------

Evaluate global model
Averaged Train Loss: 0.6028
Averaged Test Accurancy: 0.6721
Averaged Test AUC: 0.9225
Std Test Accurancy: 0.0857
Std Test AUC: 0.0373
------------------------- time cost ------------------------- 88.51506781578064

-------------Round number: 152-------------

Evaluate global model
Averaged Train Loss: 0.6288
Averaged Test Accurancy: 0.6737
Averaged Test AUC: 0.9234
Std Test Accurancy: 0.0863
Std Test AUC: 0.0364
------------------------- time cost ------------------------- 97.26152729988098

-------------Round number: 153-------------

Evaluate global model
Averaged Train Loss: 0.5849
Averaged Test Accurancy: 0.6767
Averaged Test AUC: 0.9251
Std Test Accurancy: 0.0879
Std Test AUC: 0.0363
------------------------- time cost ------------------------- 100.91396188735962

-------------Round number: 154-------------

Evaluate global model
Averaged Train Loss: 0.5593
Averaged Test Accurancy: 0.6753
Averaged Test AUC: 0.9234
Std Test Accurancy: 0.0919
Std Test AUC: 0.0496
------------------------- time cost ------------------------- 88.2374587059021

-------------Round number: 155-------------

Evaluate global model
Averaged Train Loss: 0.4760
Averaged Test Accurancy: 0.6847
Averaged Test AUC: 0.9283
Std Test Accurancy: 0.0747
Std Test AUC: 0.0316
------------------------- time cost ------------------------- 109.75626850128174

-------------Round number: 156-------------

Evaluate global model
Averaged Train Loss: 0.4552
Averaged Test Accurancy: 0.6852
Averaged Test AUC: 0.9288
Std Test Accurancy: 0.0747
Std Test AUC: 0.0318
------------------------- time cost ------------------------- 90.85234832763672

-------------Round number: 157-------------

Evaluate global model
Averaged Train Loss: 0.4616
Averaged Test Accurancy: 0.6871
Averaged Test AUC: 0.9287
Std Test Accurancy: 0.0752
Std Test AUC: 0.0312
------------------------- time cost ------------------------- 88.43978929519653

-------------Round number: 158-------------

Evaluate global model
Averaged Train Loss: 0.4507
Averaged Test Accurancy: 0.6884
Averaged Test AUC: 0.9297
Std Test Accurancy: 0.0722
Std Test AUC: 0.0307
------------------------- time cost ------------------------- 70.1333167552948

-------------Round number: 159-------------

Evaluate global model
Averaged Train Loss: 0.4531
Averaged Test Accurancy: 0.6885
Averaged Test AUC: 0.9298
Std Test Accurancy: 0.0714
Std Test AUC: 0.0304
------------------------- time cost ------------------------- 93.81043863296509

-------------Round number: 160-------------

Evaluate global model
Averaged Train Loss: 0.4658
Averaged Test Accurancy: 0.6866
Averaged Test AUC: 0.9292
Std Test Accurancy: 0.0871
Std Test AUC: 0.0377
------------------------- time cost ------------------------- 95.73039937019348

-------------Round number: 161-------------

Evaluate global model
Averaged Train Loss: 0.4273
Averaged Test Accurancy: 0.6909
Averaged Test AUC: 0.9316
Std Test Accurancy: 0.0642
Std Test AUC: 0.0252
------------------------- time cost ------------------------- 90.59330701828003

-------------Round number: 162-------------

Evaluate global model
Averaged Train Loss: 0.4215
Averaged Test Accurancy: 0.6914
Averaged Test AUC: 0.9318
Std Test Accurancy: 0.0676
Std Test AUC: 0.0257
------------------------- time cost ------------------------- 107.41832232475281

-------------Round number: 163-------------

Evaluate global model
Averaged Train Loss: 0.4169
Averaged Test Accurancy: 0.6937
Averaged Test AUC: 0.9325
Std Test Accurancy: 0.0683
Std Test AUC: 0.0259
------------------------- time cost ------------------------- 104.11662149429321

-------------Round number: 164-------------

Evaluate global model
Averaged Train Loss: 0.4041
Averaged Test Accurancy: 0.6957
Averaged Test AUC: 0.9332
Std Test Accurancy: 0.0710
Std Test AUC: 0.0265
------------------------- time cost ------------------------- 108.90755271911621

-------------Round number: 165-------------

Evaluate global model
Averaged Train Loss: 0.4207
Averaged Test Accurancy: 0.6943
Averaged Test AUC: 0.9332
Std Test Accurancy: 0.0693
Std Test AUC: 0.0260
------------------------- time cost ------------------------- 69.89663362503052

-------------Round number: 166-------------

Evaluate global model
Averaged Train Loss: 0.4121
Averaged Test Accurancy: 0.6939
Averaged Test AUC: 0.9337
Std Test Accurancy: 0.0707
Std Test AUC: 0.0263
------------------------- time cost ------------------------- 67.88711142539978

-------------Round number: 167-------------

Evaluate global model
Averaged Train Loss: 0.3831
Averaged Test Accurancy: 0.6961
Averaged Test AUC: 0.9335
Std Test Accurancy: 0.0722
Std Test AUC: 0.0272
------------------------- time cost ------------------------- 107.19352579116821

-------------Round number: 168-------------

Evaluate global model
Averaged Train Loss: 0.3608
Averaged Test Accurancy: 0.6966
Averaged Test AUC: 0.9341
Std Test Accurancy: 0.0700
Std Test AUC: 0.0261
------------------------- time cost ------------------------- 103.01253461837769

-------------Round number: 169-------------

Evaluate global model
Averaged Train Loss: 0.3804
Averaged Test Accurancy: 0.6998
Averaged Test AUC: 0.9333
Std Test Accurancy: 0.0709
Std Test AUC: 0.0263
------------------------- time cost ------------------------- 71.33775901794434

-------------Round number: 170-------------

Evaluate global model
Averaged Train Loss: 0.4805
Averaged Test Accurancy: 0.6977
Averaged Test AUC: 0.9329
Std Test Accurancy: 0.0695
Std Test AUC: 0.0275
------------------------- time cost ------------------------- 95.5663628578186

-------------Round number: 171-------------

Evaluate global model
Averaged Train Loss: 0.3723
Averaged Test Accurancy: 0.7007
Averaged Test AUC: 0.9339
Std Test Accurancy: 0.0751
Std Test AUC: 0.0265
------------------------- time cost ------------------------- 98.34302735328674

-------------Round number: 172-------------

Evaluate global model
Averaged Train Loss: 0.3734
Averaged Test Accurancy: 0.7049
Averaged Test AUC: 0.9351
Std Test Accurancy: 0.0655
Std Test AUC: 0.0235
------------------------- time cost ------------------------- 86.9786434173584

-------------Round number: 173-------------

Evaluate global model
Averaged Train Loss: 0.3616
Averaged Test Accurancy: 0.7054
Averaged Test AUC: 0.9358
Std Test Accurancy: 0.0679
Std Test AUC: 0.0246
------------------------- time cost ------------------------- 86.23092865943909

-------------Round number: 174-------------

Evaluate global model
Averaged Train Loss: 0.3544
Averaged Test Accurancy: 0.7099
Averaged Test AUC: 0.9368
Std Test Accurancy: 0.0663
Std Test AUC: 0.0242
------------------------- time cost ------------------------- 108.35338950157166

-------------Round number: 175-------------

Evaluate global model
Averaged Train Loss: 0.3146
Averaged Test Accurancy: 0.7106
Averaged Test AUC: 0.9376
Std Test Accurancy: 0.0688
Std Test AUC: 0.0244
------------------------- time cost ------------------------- 109.24004793167114

-------------Round number: 176-------------

Evaluate global model
Averaged Train Loss: 0.3295
Averaged Test Accurancy: 0.7067
Averaged Test AUC: 0.9359
Std Test Accurancy: 0.0712
Std Test AUC: 0.0248
------------------------- time cost ------------------------- 87.10128998756409

-------------Round number: 177-------------

Evaluate global model
Averaged Train Loss: 0.3237
Averaged Test Accurancy: 0.7058
Averaged Test AUC: 0.9370
Std Test Accurancy: 0.0723
Std Test AUC: 0.0249
------------------------- time cost ------------------------- 104.82388854026794

-------------Round number: 178-------------

Evaluate global model
Averaged Train Loss: 0.3765
Averaged Test Accurancy: 0.6897
Averaged Test AUC: 0.9307
Std Test Accurancy: 0.0855
Std Test AUC: 0.0310
------------------------- time cost ------------------------- 91.7159652709961

-------------Round number: 179-------------

Evaluate global model
Averaged Train Loss: 0.4250
Averaged Test Accurancy: 0.6945
Averaged Test AUC: 0.9309
Std Test Accurancy: 0.0824
Std Test AUC: 0.0317
------------------------- time cost ------------------------- 95.48848605155945

-------------Round number: 180-------------

Evaluate global model
Averaged Train Loss: 0.4010
Averaged Test Accurancy: 0.6916
Averaged Test AUC: 0.9297
Std Test Accurancy: 0.0905
Std Test AUC: 0.0453
------------------------- time cost ------------------------- 98.79817008972168

-------------Round number: 181-------------

Evaluate global model
Averaged Train Loss: 0.3693
Averaged Test Accurancy: 0.6995
Averaged Test AUC: 0.9338
Std Test Accurancy: 0.0739
Std Test AUC: 0.0270
------------------------- time cost ------------------------- 91.24248003959656

-------------Round number: 182-------------

Evaluate global model
Averaged Train Loss: 0.3671
Averaged Test Accurancy: 0.7005
Averaged Test AUC: 0.9330
Std Test Accurancy: 0.0748
Std Test AUC: 0.0271
------------------------- time cost ------------------------- 96.54263830184937

-------------Round number: 183-------------

Evaluate global model
Averaged Train Loss: 0.3793
Averaged Test Accurancy: 0.7040
Averaged Test AUC: 0.9350
Std Test Accurancy: 0.0726
Std Test AUC: 0.0234
------------------------- time cost ------------------------- 104.66075158119202

-------------Round number: 184-------------

Evaluate global model
Averaged Train Loss: 0.3624
Averaged Test Accurancy: 0.7084
Averaged Test AUC: 0.9364
Std Test Accurancy: 0.0653
Std Test AUC: 0.0225
------------------------- time cost ------------------------- 97.7880847454071

-------------Round number: 185-------------

Evaluate global model
Averaged Train Loss: 0.3483
Averaged Test Accurancy: 0.7109
Averaged Test AUC: 0.9365
Std Test Accurancy: 0.0660
Std Test AUC: 0.0223
------------------------- time cost ------------------------- 106.22108387947083

-------------Round number: 186-------------

Evaluate global model
Averaged Train Loss: 0.3650
Averaged Test Accurancy: 0.7106
Averaged Test AUC: 0.9366
Std Test Accurancy: 0.0641
Std Test AUC: 0.0219
------------------------- time cost ------------------------- 97.70835995674133

-------------Round number: 187-------------

Evaluate global model
Averaged Train Loss: 0.3768
Averaged Test Accurancy: 0.7112
Averaged Test AUC: 0.9370
Std Test Accurancy: 0.0635
Std Test AUC: 0.0228
------------------------- time cost ------------------------- 98.41985368728638

-------------Round number: 188-------------

Evaluate global model
Averaged Train Loss: 0.3875
Averaged Test Accurancy: 0.7139
Averaged Test AUC: 0.9387
Std Test Accurancy: 0.0596
Std Test AUC: 0.0204
------------------------- time cost ------------------------- 100.79048728942871

-------------Round number: 189-------------

Evaluate global model
Averaged Train Loss: 0.4096
Averaged Test Accurancy: 0.7159
Averaged Test AUC: 0.9391
Std Test Accurancy: 0.0647
Std Test AUC: 0.0218
------------------------- time cost ------------------------- 106.41660928726196

-------------Round number: 190-------------

Evaluate global model
Averaged Train Loss: 0.3611
Averaged Test Accurancy: 0.7231
Averaged Test AUC: 0.9404
Std Test Accurancy: 0.0502
Std Test AUC: 0.0158
------------------------- time cost ------------------------- 98.50225329399109

-------------Round number: 191-------------

Evaluate global model
Averaged Train Loss: 0.3805
Averaged Test Accurancy: 0.7194
Averaged Test AUC: 0.9398
Std Test Accurancy: 0.0479
Std Test AUC: 0.0162
------------------------- time cost ------------------------- 91.76775527000427

-------------Round number: 192-------------

Evaluate global model
Averaged Train Loss: 0.3598
Averaged Test Accurancy: 0.7194
Averaged Test AUC: 0.9408
Std Test Accurancy: 0.0464
Std Test AUC: 0.0151
------------------------- time cost ------------------------- 96.90179824829102

-------------Round number: 193-------------

Evaluate global model
Averaged Train Loss: 0.3738
Averaged Test Accurancy: 0.7202
Averaged Test AUC: 0.9413
Std Test Accurancy: 0.0465
Std Test AUC: 0.0153
------------------------- time cost ------------------------- 106.23802065849304

-------------Round number: 194-------------

Evaluate global model
Averaged Train Loss: 0.3546
Averaged Test Accurancy: 0.7225
Averaged Test AUC: 0.9420
Std Test Accurancy: 0.0473
Std Test AUC: 0.0147
------------------------- time cost ------------------------- 96.73526453971863

-------------Round number: 195-------------

Evaluate global model
Averaged Train Loss: 0.3559
Averaged Test Accurancy: 0.7233
Averaged Test AUC: 0.9423
Std Test Accurancy: 0.0468
Std Test AUC: 0.0146
------------------------- time cost ------------------------- 75.53173446655273

-------------Round number: 196-------------

Evaluate global model
Averaged Train Loss: 0.5389
Averaged Test Accurancy: 0.7094
Averaged Test AUC: 0.9344
Std Test Accurancy: 0.0726
Std Test AUC: 0.0368
------------------------- time cost ------------------------- 102.00160002708435

-------------Round number: 197-------------

Evaluate global model
Averaged Train Loss: 0.6323
Averaged Test Accurancy: 0.7142
Averaged Test AUC: 0.9373
Std Test Accurancy: 0.0555
Std Test AUC: 0.0186
------------------------- time cost ------------------------- 106.1445243358612

-------------Round number: 198-------------

Evaluate global model
Averaged Train Loss: 0.4744
Averaged Test Accurancy: 0.7199
Averaged Test AUC: 0.9398
Std Test Accurancy: 0.0526
Std Test AUC: 0.0165
------------------------- time cost ------------------------- 102.25921297073364

-------------Round number: 199-------------

Evaluate global model
Averaged Train Loss: 0.5108
Averaged Test Accurancy: 0.7185
Averaged Test AUC: 0.9390
Std Test Accurancy: 0.0502
Std Test AUC: 0.0173
------------------------- time cost ------------------------- 101.20741271972656

-------------Round number: 200-------------

Evaluate global model
Averaged Train Loss: 0.5248
Averaged Test Accurancy: 0.7205
Averaged Test AUC: 0.9396
Std Test Accurancy: 0.0516
Std Test AUC: 0.0166
------------------------- time cost ------------------------- 105.80400609970093

-------------Round number: 201-------------

Evaluate global model
Averaged Train Loss: 0.4380
Averaged Test Accurancy: 0.7203
Averaged Test AUC: 0.9405
Std Test Accurancy: 0.0522
Std Test AUC: 0.0169
------------------------- time cost ------------------------- 89.38994002342224

-------------Round number: 202-------------

Evaluate global model
Averaged Train Loss: 0.4623
Averaged Test Accurancy: 0.7200
Averaged Test AUC: 0.9399
Std Test Accurancy: 0.0502
Std Test AUC: 0.0168
------------------------- time cost ------------------------- 100.17863583564758

-------------Round number: 203-------------

Evaluate global model
Averaged Train Loss: 0.4998
Averaged Test Accurancy: 0.7167
Averaged Test AUC: 0.9391
Std Test Accurancy: 0.0517
Std Test AUC: 0.0168
------------------------- time cost ------------------------- 78.25414323806763

-------------Round number: 204-------------

Evaluate global model
Averaged Train Loss: 0.4829
Averaged Test Accurancy: 0.7176
Averaged Test AUC: 0.9386
Std Test Accurancy: 0.0512
Std Test AUC: 0.0165
------------------------- time cost ------------------------- 90.6552209854126

-------------Round number: 205-------------

Evaluate global model
Averaged Train Loss: 0.5190
Averaged Test Accurancy: 0.7145
Averaged Test AUC: 0.9380
Std Test Accurancy: 0.0544
Std Test AUC: 0.0168
------------------------- time cost ------------------------- 99.34840440750122

-------------Round number: 206-------------

Evaluate global model
Averaged Train Loss: 0.4535
Averaged Test Accurancy: 0.7130
Averaged Test AUC: 0.9376
Std Test Accurancy: 0.0564
Std Test AUC: 0.0184
------------------------- time cost ------------------------- 86.37439775466919

-------------Round number: 207-------------

Evaluate global model
Averaged Train Loss: 0.4746
Averaged Test Accurancy: 0.7146
Averaged Test AUC: 0.9383
Std Test Accurancy: 0.0549
Std Test AUC: 0.0175
------------------------- time cost ------------------------- 103.319265127182

-------------Round number: 208-------------

Evaluate global model
Averaged Train Loss: 0.4761
Averaged Test Accurancy: 0.7159
Averaged Test AUC: 0.9388
Std Test Accurancy: 0.0555
Std Test AUC: 0.0171
------------------------- time cost ------------------------- 102.45072770118713

-------------Round number: 209-------------

Evaluate global model
Averaged Train Loss: 0.4952
Averaged Test Accurancy: 0.7142
Averaged Test AUC: 0.9388
Std Test Accurancy: 0.0561
Std Test AUC: 0.0173
------------------------- time cost ------------------------- 82.7968418598175

-------------Round number: 210-------------

Evaluate global model
Averaged Train Loss: 0.4942
Averaged Test Accurancy: 0.7147
Averaged Test AUC: 0.9393
Std Test Accurancy: 0.0550
Std Test AUC: 0.0178
------------------------- time cost ------------------------- 95.34970545768738

-------------Round number: 211-------------

Evaluate global model
Averaged Train Loss: 0.5010
Averaged Test Accurancy: 0.7180
Averaged Test AUC: 0.9402
Std Test Accurancy: 0.0561
Std Test AUC: 0.0178
------------------------- time cost ------------------------- 98.13639569282532

-------------Round number: 212-------------

Evaluate global model
Averaged Train Loss: 0.4973
Averaged Test Accurancy: 0.7159
Averaged Test AUC: 0.9401
Std Test Accurancy: 0.0533
Std Test AUC: 0.0178
------------------------- time cost ------------------------- 91.07035183906555

-------------Round number: 213-------------

Evaluate global model
Averaged Train Loss: 0.4755
Averaged Test Accurancy: 0.7161
Averaged Test AUC: 0.9413
Std Test Accurancy: 0.0532
Std Test AUC: 0.0176
------------------------- time cost ------------------------- 90.30735421180725

-------------Round number: 214-------------

Evaluate global model
Averaged Train Loss: 0.4798
Averaged Test Accurancy: 0.7186
Averaged Test AUC: 0.9407
Std Test Accurancy: 0.0526
Std Test AUC: 0.0170
------------------------- time cost ------------------------- 87.19825625419617

-------------Round number: 215-------------

Evaluate global model
Averaged Train Loss: 0.4719
Averaged Test Accurancy: 0.7190
Averaged Test AUC: 0.9409
Std Test Accurancy: 0.0549
Std Test AUC: 0.0180
------------------------- time cost ------------------------- 88.38490343093872

-------------Round number: 216-------------

Evaluate global model
Averaged Train Loss: 0.5354
Averaged Test Accurancy: 0.7218
Averaged Test AUC: 0.9414
Std Test Accurancy: 0.0539
Std Test AUC: 0.0177
------------------------- time cost ------------------------- 89.49559617042542

-------------Round number: 217-------------

Evaluate global model
Averaged Train Loss: 0.5217
Averaged Test Accurancy: 0.7239
Averaged Test AUC: 0.9415
Std Test Accurancy: 0.0533
Std Test AUC: 0.0180
------------------------- time cost ------------------------- 90.33840608596802

-------------Round number: 218-------------

Evaluate global model
Averaged Train Loss: 0.5091
Averaged Test Accurancy: 0.7227
Averaged Test AUC: 0.9424
Std Test Accurancy: 0.0524
Std Test AUC: 0.0168
------------------------- time cost ------------------------- 86.5936336517334

-------------Round number: 219-------------

Evaluate global model
Averaged Train Loss: 0.4873
Averaged Test Accurancy: 0.7240
Averaged Test AUC: 0.9423
Std Test Accurancy: 0.0549
Std Test AUC: 0.0171
------------------------- time cost ------------------------- 87.85999965667725

-------------Round number: 220-------------

Evaluate global model
Averaged Train Loss: 0.5047
Averaged Test Accurancy: 0.7203
Averaged Test AUC: 0.9418
Std Test Accurancy: 0.0519
Std Test AUC: 0.0175
------------------------- time cost ------------------------- 89.64005851745605

-------------Round number: 221-------------

Evaluate global model
Averaged Train Loss: 0.5039
Averaged Test Accurancy: 0.7227
Averaged Test AUC: 0.9421
Std Test Accurancy: 0.0532
Std Test AUC: 0.0183
------------------------- time cost ------------------------- 92.73923707008362

-------------Round number: 222-------------

Evaluate global model
Averaged Train Loss: 0.4845
Averaged Test Accurancy: 0.7238
Averaged Test AUC: 0.9426
Std Test Accurancy: 0.0510
Std Test AUC: 0.0176
------------------------- time cost ------------------------- 86.26991844177246

-------------Round number: 223-------------

Evaluate global model
Averaged Train Loss: 0.4438
Averaged Test Accurancy: 0.7257
Averaged Test AUC: 0.9432
Std Test Accurancy: 0.0513
Std Test AUC: 0.0178
------------------------- time cost ------------------------- 89.84101152420044

-------------Round number: 224-------------

Evaluate global model
Averaged Train Loss: 0.4251
Averaged Test Accurancy: 0.7270
Averaged Test AUC: 0.9431
Std Test Accurancy: 0.0511
Std Test AUC: 0.0174
------------------------- time cost ------------------------- 88.25442242622375

-------------Round number: 225-------------

Evaluate global model
Averaged Train Loss: 0.4245
Averaged Test Accurancy: 0.7281
Averaged Test AUC: 0.9434
Std Test Accurancy: 0.0552
Std Test AUC: 0.0178
------------------------- time cost ------------------------- 86.93873453140259

-------------Round number: 226-------------

Evaluate global model
Averaged Train Loss: 0.4330
Averaged Test Accurancy: 0.7271
Averaged Test AUC: 0.9421
Std Test Accurancy: 0.0550
Std Test AUC: 0.0180
------------------------- time cost ------------------------- 84.15718054771423

-------------Round number: 227-------------

Evaluate global model
Averaged Train Loss: 0.4265
Averaged Test Accurancy: 0.7260
Averaged Test AUC: 0.9427
Std Test Accurancy: 0.0553
Std Test AUC: 0.0181
------------------------- time cost ------------------------- 89.3283863067627

-------------Round number: 228-------------

Evaluate global model
Averaged Train Loss: 0.4824
Averaged Test Accurancy: 0.7195
Averaged Test AUC: 0.9401
Std Test Accurancy: 0.0648
Std Test AUC: 0.0231
------------------------- time cost ------------------------- 82.0770652294159

-------------Round number: 229-------------

Evaluate global model
Averaged Train Loss: 0.4086
Averaged Test Accurancy: 0.7250
Averaged Test AUC: 0.9412
Std Test Accurancy: 0.0646
Std Test AUC: 0.0227
------------------------- time cost ------------------------- 79.86512303352356

-------------Round number: 230-------------

Evaluate global model
Averaged Train Loss: 0.4440
Averaged Test Accurancy: 0.7193
Averaged Test AUC: 0.9392
Std Test Accurancy: 0.0685
Std Test AUC: 0.0242
------------------------- time cost ------------------------- 82.14829921722412

-------------Round number: 231-------------

Evaluate global model
Averaged Train Loss: 0.3909
Averaged Test Accurancy: 0.7207
Averaged Test AUC: 0.9406
Std Test Accurancy: 0.0695
Std Test AUC: 0.0244
------------------------- time cost ------------------------- 88.88446879386902

-------------Round number: 232-------------

Evaluate global model
Averaged Train Loss: 0.3868
Averaged Test Accurancy: 0.7201
Averaged Test AUC: 0.9402
Std Test Accurancy: 0.0678
Std Test AUC: 0.0245
------------------------- time cost ------------------------- 90.45352554321289

-------------Round number: 233-------------

Evaluate global model
Averaged Train Loss: 0.3880
Averaged Test Accurancy: 0.7223
Averaged Test AUC: 0.9414
Std Test Accurancy: 0.0675
Std Test AUC: 0.0251
------------------------- time cost ------------------------- 92.92005133628845

-------------Round number: 234-------------

Evaluate global model
Averaged Train Loss: 0.3981
Averaged Test Accurancy: 0.7184
Averaged Test AUC: 0.9408
Std Test Accurancy: 0.0672
Std Test AUC: 0.0249
------------------------- time cost ------------------------- 87.56661462783813

-------------Round number: 235-------------

Evaluate global model
Averaged Train Loss: 0.3954
Averaged Test Accurancy: 0.7167
Averaged Test AUC: 0.9403
Std Test Accurancy: 0.0676
Std Test AUC: 0.0256
------------------------- time cost ------------------------- 88.54839086532593

-------------Round number: 236-------------

Evaluate global model
Averaged Train Loss: 0.4092
Averaged Test Accurancy: 0.7194
Averaged Test AUC: 0.9414
Std Test Accurancy: 0.0672
Std Test AUC: 0.0244
------------------------- time cost ------------------------- 86.56119298934937

-------------Round number: 237-------------

Evaluate global model
Averaged Train Loss: 0.4205
Averaged Test Accurancy: 0.7210
Averaged Test AUC: 0.9418
Std Test Accurancy: 0.0662
Std Test AUC: 0.0240
------------------------- time cost ------------------------- 89.49664640426636

-------------Round number: 238-------------

Evaluate global model
Averaged Train Loss: 0.4500
Averaged Test Accurancy: 0.7150
Averaged Test AUC: 0.9401
Std Test Accurancy: 0.0662
Std Test AUC: 0.0242
------------------------- time cost ------------------------- 92.9358401298523

-------------Round number: 239-------------

Evaluate global model
Averaged Train Loss: 0.4517
Averaged Test Accurancy: 0.7173
Averaged Test AUC: 0.9408
Std Test Accurancy: 0.0681
Std Test AUC: 0.0244
------------------------- time cost ------------------------- 90.16023540496826

-------------Round number: 240-------------

Evaluate global model
Averaged Train Loss: 0.4667
Averaged Test Accurancy: 0.7164
Averaged Test AUC: 0.9396
Std Test Accurancy: 0.0680
Std Test AUC: 0.0243
------------------------- time cost ------------------------- 85.85126161575317

-------------Round number: 241-------------

Evaluate global model
Averaged Train Loss: 0.4722
Averaged Test Accurancy: 0.7171
Averaged Test AUC: 0.9398
Std Test Accurancy: 0.0670
Std Test AUC: 0.0239
------------------------- time cost ------------------------- 89.8416497707367

-------------Round number: 242-------------

Evaluate global model
Averaged Train Loss: 0.4824
Averaged Test Accurancy: 0.7150
Averaged Test AUC: 0.9384
Std Test Accurancy: 0.0656
Std Test AUC: 0.0236
------------------------- time cost ------------------------- 86.58311176300049

-------------Round number: 243-------------

Evaluate global model
Averaged Train Loss: 0.4712
Averaged Test Accurancy: 0.7157
Averaged Test AUC: 0.9391
Std Test Accurancy: 0.0673
Std Test AUC: 0.0239
------------------------- time cost ------------------------- 88.03799962997437

-------------Round number: 244-------------

Evaluate global model
Averaged Train Loss: 0.4560
Averaged Test Accurancy: 0.7173
Averaged Test AUC: 0.9393
Std Test Accurancy: 0.0700
Std Test AUC: 0.0235
------------------------- time cost ------------------------- 81.799396276474

-------------Round number: 245-------------

Evaluate global model
Averaged Train Loss: 0.4435
Averaged Test Accurancy: 0.7194
Averaged Test AUC: 0.9398
Std Test Accurancy: 0.0692
Std Test AUC: 0.0237
------------------------- time cost ------------------------- 91.45753979682922

-------------Round number: 246-------------

Evaluate global model
Averaged Train Loss: 0.4694
Averaged Test Accurancy: 0.7093
Averaged Test AUC: 0.9359
Std Test Accurancy: 0.0725
Std Test AUC: 0.0279
------------------------- time cost ------------------------- 74.67169547080994

-------------Round number: 247-------------

Evaluate global model
Averaged Train Loss: 0.4204
Averaged Test Accurancy: 0.7132
Averaged Test AUC: 0.9378
Std Test Accurancy: 0.0733
Std Test AUC: 0.0264
------------------------- time cost ------------------------- 78.6668791770935

-------------Round number: 248-------------

Evaluate global model
Averaged Train Loss: 0.4783
Averaged Test Accurancy: 0.7059
Averaged Test AUC: 0.9356
Std Test Accurancy: 0.0704
Std Test AUC: 0.0268
------------------------- time cost ------------------------- 87.01041293144226

-------------Round number: 249-------------

Evaluate global model
Averaged Train Loss: 0.4907
Averaged Test Accurancy: 0.7141
Averaged Test AUC: 0.9355
Std Test Accurancy: 0.0731
Std Test AUC: 0.0323
------------------------- time cost ------------------------- 82.7046890258789

-------------Round number: 250-------------

Evaluate global model
Averaged Train Loss: 0.4879
Averaged Test Accurancy: 0.7172
Averaged Test AUC: 0.9377
Std Test Accurancy: 0.0669
Std Test AUC: 0.0267
------------------------- time cost ------------------------- 87.9239444732666

-------------Round number: 251-------------

Evaluate global model
Averaged Train Loss: 0.4746
Averaged Test Accurancy: 0.7169
Averaged Test AUC: 0.9377
Std Test Accurancy: 0.0670
Std Test AUC: 0.0259
------------------------- time cost ------------------------- 86.66377425193787

-------------Round number: 252-------------

Evaluate global model
Averaged Train Loss: 0.4523
Averaged Test Accurancy: 0.7153
Averaged Test AUC: 0.9371
Std Test Accurancy: 0.0664
Std Test AUC: 0.0258
------------------------- time cost ------------------------- 86.804030418396

-------------Round number: 253-------------

Evaluate global model
Averaged Train Loss: 0.4611
Averaged Test Accurancy: 0.7174
Averaged Test AUC: 0.9386
Std Test Accurancy: 0.0633
Std Test AUC: 0.0227
------------------------- time cost ------------------------- 86.7309718132019

-------------Round number: 254-------------

Evaluate global model
Averaged Train Loss: 0.4326
Averaged Test Accurancy: 0.7204
Averaged Test AUC: 0.9389
Std Test Accurancy: 0.0609
Std Test AUC: 0.0213
------------------------- time cost ------------------------- 86.77111577987671

-------------Round number: 255-------------

Evaluate global model
Averaged Train Loss: 0.5062
Averaged Test Accurancy: 0.7055
Averaged Test AUC: 0.9336
Std Test Accurancy: 0.0801
Std Test AUC: 0.0317
------------------------- time cost ------------------------- 76.79506826400757

-------------Round number: 256-------------

Evaluate global model
Averaged Train Loss: 0.5155
Averaged Test Accurancy: 0.7090
Averaged Test AUC: 0.9352
Std Test Accurancy: 0.0778
Std Test AUC: 0.0310
------------------------- time cost ------------------------- 87.80257654190063

-------------Round number: 257-------------

Evaluate global model
Averaged Train Loss: 0.4620
Averaged Test Accurancy: 0.7097
Averaged Test AUC: 0.9351
Std Test Accurancy: 0.0785
Std Test AUC: 0.0313
------------------------- time cost ------------------------- 88.68972611427307

-------------Round number: 258-------------

Evaluate global model
Averaged Train Loss: 0.4590
Averaged Test Accurancy: 0.7111
Averaged Test AUC: 0.9367
Std Test Accurancy: 0.0784
Std Test AUC: 0.0309
------------------------- time cost ------------------------- 83.89805483818054

-------------Round number: 259-------------

Evaluate global model
Averaged Train Loss: 0.4439
Averaged Test Accurancy: 0.7103
Averaged Test AUC: 0.9372
Std Test Accurancy: 0.0811
Std Test AUC: 0.0312
------------------------- time cost ------------------------- 95.16499876976013

-------------Round number: 260-------------

Evaluate global model
Averaged Train Loss: 0.4486
Averaged Test Accurancy: 0.7138
Averaged Test AUC: 0.9374
Std Test Accurancy: 0.0803
Std Test AUC: 0.0312
------------------------- time cost ------------------------- 83.31514835357666

-------------Round number: 261-------------

Evaluate global model
Averaged Train Loss: 0.4118
Averaged Test Accurancy: 0.7166
Averaged Test AUC: 0.9379
Std Test Accurancy: 0.0814
Std Test AUC: 0.0313
------------------------- time cost ------------------------- 93.89176273345947

-------------Round number: 262-------------

Evaluate global model
Averaged Train Loss: 0.4013
Averaged Test Accurancy: 0.7151
Averaged Test AUC: 0.9375
Std Test Accurancy: 0.0823
Std Test AUC: 0.0317
------------------------- time cost ------------------------- 72.89427900314331

-------------Round number: 263-------------

Evaluate global model
Averaged Train Loss: 0.4443
Averaged Test Accurancy: 0.7157
Averaged Test AUC: 0.9382
Std Test Accurancy: 0.0816
Std Test AUC: 0.0316
------------------------- time cost ------------------------- 92.41547012329102

-------------Round number: 264-------------

Evaluate global model
Averaged Train Loss: 0.4639
Averaged Test Accurancy: 0.7110
Averaged Test AUC: 0.9361
Std Test Accurancy: 0.0958
Std Test AUC: 0.0418
------------------------- time cost ------------------------- 86.61220121383667

-------------Round number: 265-------------

Evaluate global model
Averaged Train Loss: 0.4522
Averaged Test Accurancy: 0.7168
Averaged Test AUC: 0.9387
Std Test Accurancy: 0.0773
Std Test AUC: 0.0300
------------------------- time cost ------------------------- 78.04524827003479

-------------Round number: 266-------------

Evaluate global model
Averaged Train Loss: 0.4418
Averaged Test Accurancy: 0.7202
Averaged Test AUC: 0.9399
Std Test Accurancy: 0.0752
Std Test AUC: 0.0286
------------------------- time cost ------------------------- 81.77446842193604

-------------Round number: 267-------------

Evaluate global model
Averaged Train Loss: 0.4208
Averaged Test Accurancy: 0.7243
Averaged Test AUC: 0.9407
Std Test Accurancy: 0.0707
Std Test AUC: 0.0276
------------------------- time cost ------------------------- 76.60430836677551

-------------Round number: 268-------------

Evaluate global model
Averaged Train Loss: 0.4106
Averaged Test Accurancy: 0.7241
Averaged Test AUC: 0.9418
Std Test Accurancy: 0.0696
Std Test AUC: 0.0275
------------------------- time cost ------------------------- 89.403067111969

-------------Round number: 269-------------

Evaluate global model
Averaged Train Loss: 0.4201
Averaged Test Accurancy: 0.7226
Averaged Test AUC: 0.9412
Std Test Accurancy: 0.0705
Std Test AUC: 0.0282
------------------------- time cost ------------------------- 91.74947118759155

-------------Round number: 270-------------

Evaluate global model
Averaged Train Loss: 0.3912
Averaged Test Accurancy: 0.7217
Averaged Test AUC: 0.9415
Std Test Accurancy: 0.0704
Std Test AUC: 0.0278
------------------------- time cost ------------------------- 77.85526371002197

-------------Round number: 271-------------

Evaluate global model
Averaged Train Loss: 0.4440
Averaged Test Accurancy: 0.7238
Averaged Test AUC: 0.9415
Std Test Accurancy: 0.0720
Std Test AUC: 0.0282
------------------------- time cost ------------------------- 83.4724588394165

-------------Round number: 272-------------

Evaluate global model
Averaged Train Loss: 0.3768
Averaged Test Accurancy: 0.7283
Averaged Test AUC: 0.9434
Std Test Accurancy: 0.0637
Std Test AUC: 0.0245
------------------------- time cost ------------------------- 90.0918800830841

-------------Round number: 273-------------

Evaluate global model
Averaged Train Loss: 0.3630
Averaged Test Accurancy: 0.7270
Averaged Test AUC: 0.9435
Std Test Accurancy: 0.0620
Std Test AUC: 0.0244
------------------------- time cost ------------------------- 93.36157441139221

-------------Round number: 274-------------

Evaluate global model
Averaged Train Loss: 0.4619
Averaged Test Accurancy: 0.7163
Averaged Test AUC: 0.9395
Std Test Accurancy: 0.0802
Std Test AUC: 0.0320
------------------------- time cost ------------------------- 85.6621880531311

-------------Round number: 275-------------

Evaluate global model
Averaged Train Loss: 0.4159
Averaged Test Accurancy: 0.7216
Averaged Test AUC: 0.9418
Std Test Accurancy: 0.0703
Std Test AUC: 0.0265
------------------------- time cost ------------------------- 91.15046286582947

-------------Round number: 276-------------

Evaluate global model
Averaged Train Loss: 0.3704
Averaged Test Accurancy: 0.7260
Averaged Test AUC: 0.9441
Std Test Accurancy: 0.0631
Std Test AUC: 0.0242
------------------------- time cost ------------------------- 95.36378264427185

-------------Round number: 277-------------

Evaluate global model
Averaged Train Loss: 0.4068
Averaged Test Accurancy: 0.7224
Averaged Test AUC: 0.9435
Std Test Accurancy: 0.0639
Std Test AUC: 0.0248
------------------------- time cost ------------------------- 84.39244151115417

-------------Round number: 278-------------

Evaluate global model
Averaged Train Loss: 0.4416
Averaged Test Accurancy: 0.7212
Averaged Test AUC: 0.9431
Std Test Accurancy: 0.0627
Std Test AUC: 0.0245
------------------------- time cost ------------------------- 80.81818795204163

-------------Round number: 279-------------

Evaluate global model
Averaged Train Loss: 0.4418
Averaged Test Accurancy: 0.7227
Averaged Test AUC: 0.9439
Std Test Accurancy: 0.0633
Std Test AUC: 0.0244
------------------------- time cost ------------------------- 78.99736785888672

-------------Round number: 280-------------

Evaluate global model
Averaged Train Loss: 0.4268
Averaged Test Accurancy: 0.7240
Averaged Test AUC: 0.9437
Std Test Accurancy: 0.0643
Std Test AUC: 0.0246
------------------------- time cost ------------------------- 82.36157894134521

-------------Round number: 281-------------

Evaluate global model
Averaged Train Loss: 0.4099
Averaged Test Accurancy: 0.7237
Averaged Test AUC: 0.9438
Std Test Accurancy: 0.0645
Std Test AUC: 0.0250
------------------------- time cost ------------------------- 90.3370532989502

-------------Round number: 282-------------

Evaluate global model
Averaged Train Loss: 0.4261
Averaged Test Accurancy: 0.7244
Averaged Test AUC: 0.9441
Std Test Accurancy: 0.0641
Std Test AUC: 0.0250
------------------------- time cost ------------------------- 86.63953757286072

-------------Round number: 283-------------

Evaluate global model
Averaged Train Loss: 0.4183
Averaged Test Accurancy: 0.7269
Averaged Test AUC: 0.9449
Std Test Accurancy: 0.0625
Std Test AUC: 0.0243
------------------------- time cost ------------------------- 83.99958562850952

-------------Round number: 284-------------

Evaluate global model
Averaged Train Loss: 0.4401
Averaged Test Accurancy: 0.7273
Averaged Test AUC: 0.9446
Std Test Accurancy: 0.0618
Std Test AUC: 0.0246
------------------------- time cost ------------------------- 85.80400013923645

-------------Round number: 285-------------

Evaluate global model
Averaged Train Loss: 0.4384
Averaged Test Accurancy: 0.7251
Averaged Test AUC: 0.9443
Std Test Accurancy: 0.0649
Std Test AUC: 0.0245
------------------------- time cost ------------------------- 91.6963529586792

-------------Round number: 286-------------

Evaluate global model
Averaged Train Loss: 0.4884
Averaged Test Accurancy: 0.7226
Averaged Test AUC: 0.9435
Std Test Accurancy: 0.0696
Std Test AUC: 0.0298
------------------------- time cost ------------------------- 82.41899847984314

-------------Round number: 287-------------

Evaluate global model
Averaged Train Loss: 0.4662
Averaged Test Accurancy: 0.7293
Averaged Test AUC: 0.9459
Std Test Accurancy: 0.0481
Std Test AUC: 0.0148
------------------------- time cost ------------------------- 81.56907653808594

-------------Round number: 288-------------

Evaluate global model
Averaged Train Loss: 0.4829
Averaged Test Accurancy: 0.7304
Averaged Test AUC: 0.9462
Std Test Accurancy: 0.0454
Std Test AUC: 0.0143
------------------------- time cost ------------------------- 91.40517020225525

-------------Round number: 289-------------

Evaluate global model
Averaged Train Loss: 0.5318
Averaged Test Accurancy: 0.7291
Averaged Test AUC: 0.9445
Std Test Accurancy: 0.0472
Std Test AUC: 0.0151
------------------------- time cost ------------------------- 80.38772702217102

-------------Round number: 290-------------

Evaluate global model
Averaged Train Loss: 0.5842
Averaged Test Accurancy: 0.7267
Averaged Test AUC: 0.9444
Std Test Accurancy: 0.0483
Std Test AUC: 0.0155
------------------------- time cost ------------------------- 88.19085431098938

-------------Round number: 291-------------

Evaluate global model
Averaged Train Loss: 0.5312
Averaged Test Accurancy: 0.7290
Averaged Test AUC: 0.9449
Std Test Accurancy: 0.0474
Std Test AUC: 0.0141
------------------------- time cost ------------------------- 82.35569500923157

-------------Round number: 292-------------

Evaluate global model
Averaged Train Loss: 0.5612
Averaged Test Accurancy: 0.7307
Averaged Test AUC: 0.9442
Std Test Accurancy: 0.0469
Std Test AUC: 0.0151
------------------------- time cost ------------------------- 78.75752019882202

-------------Round number: 293-------------

Evaluate global model
Averaged Train Loss: 0.5565
Averaged Test Accurancy: 0.7298
Averaged Test AUC: 0.9439
Std Test Accurancy: 0.0497
Std Test AUC: 0.0164
------------------------- time cost ------------------------- 79.96873712539673

-------------Round number: 294-------------

Evaluate global model
Averaged Train Loss: 0.5351
Averaged Test Accurancy: 0.7290
Averaged Test AUC: 0.9441
Std Test Accurancy: 0.0484
Std Test AUC: 0.0161
------------------------- time cost ------------------------- 93.51879692077637

-------------Round number: 295-------------

Evaluate global model
Averaged Train Loss: 0.5548
Averaged Test Accurancy: 0.7306
Averaged Test AUC: 0.9436
Std Test Accurancy: 0.0467
Std Test AUC: 0.0152
------------------------- time cost ------------------------- 88.02530336380005

-------------Round number: 296-------------

Evaluate global model
Averaged Train Loss: 0.5477
Averaged Test Accurancy: 0.7293
Averaged Test AUC: 0.9438
Std Test Accurancy: 0.0464
Std Test AUC: 0.0161
------------------------- time cost ------------------------- 84.5347580909729

-------------Round number: 297-------------

Evaluate global model
Averaged Train Loss: 0.5910
Averaged Test Accurancy: 0.7279
Averaged Test AUC: 0.9425
Std Test Accurancy: 0.0484
Std Test AUC: 0.0192
------------------------- time cost ------------------------- 91.57501196861267

-------------Round number: 298-------------

Evaluate global model
Averaged Train Loss: 0.5328
Averaged Test Accurancy: 0.7313
Averaged Test AUC: 0.9435
Std Test Accurancy: 0.0445
Std Test AUC: 0.0167
------------------------- time cost ------------------------- 77.5947208404541

-------------Round number: 299-------------

Evaluate global model
Averaged Train Loss: 0.5922
Averaged Test Accurancy: 0.7286
Averaged Test AUC: 0.9426
Std Test Accurancy: 0.0442
Std Test AUC: 0.0158
------------------------- time cost ------------------------- 83.87648439407349

Best global accuracy.
0.7313

Average time cost per round.
93.90307813743286
File path: ../results/Cifar10_FedAvg_resnet_gr300_ls10_bs10_lr0.05.h5

Average time cost: 28175.91s.
Length:  300
std for best accurancy: 0.0
mean for best accurancy: 0.7313
All done!

Storage on cuda:0
-------------------------------------------------------------------------------
Total Tensors: 2259672924 	Used Memory: 8.42G
The allocated memory on cuda:0: 8.52G
Memory differs due to the matrix alignment or invisible gradient buffer tensors
-------------------------------------------------------------------------------
