==================================================
Algorithm: FedAvg
Local batch size: 32
Local steps: 10
Local learing rate: 0.005
Total number of clients: 100
Clients join in each round: 0.1
Client drop rate: 0.0
Time select: False
Time threthold: 10000
Global rounds: 150
Running times: 1
Dataset: Cifar10
Local model: resnet
Using device: cuda
Cuda device id: 0
==================================================

============= Running time: 0th =============
Creating server and clients ...

Join ratio / total clients: 0.1 / 100
Finished creating server and clients.

-------------Round number: 0-------------

Evaluate global model
Averaged Train Loss: 2.4423
Averaged Test Accurancy: 0.1085
Averaged Test AUC: 0.4929
Std Test Accurancy: 0.1341
Std Test AUC: 0.2022
------------------------- time cost ------------------------- 26.555394649505615

-------------Round number: 1-------------

Evaluate global model
Averaged Train Loss: 2.1104
Averaged Test Accurancy: 0.2149
Averaged Test AUC: 0.5823
Std Test Accurancy: 0.2634
Std Test AUC: 0.2383
------------------------- time cost ------------------------- 25.508747339248657

-------------Round number: 2-------------

Evaluate global model
Averaged Train Loss: 1.9346
Averaged Test Accurancy: 0.2554
Averaged Test AUC: 0.6218
Std Test Accurancy: 0.3056
Std Test AUC: 0.2500
------------------------- time cost ------------------------- 24.699581623077393

-------------Round number: 3-------------

Evaluate global model
Averaged Train Loss: 1.7386
Averaged Test Accurancy: 0.3246
Averaged Test AUC: 0.6623
Std Test Accurancy: 0.3522
Std Test AUC: 0.2576
------------------------- time cost ------------------------- 21.791866064071655

-------------Round number: 4-------------

Evaluate global model
Averaged Train Loss: 1.6867
Averaged Test Accurancy: 0.3345
Averaged Test AUC: 0.6759
Std Test Accurancy: 0.3531
Std Test AUC: 0.2532
------------------------- time cost ------------------------- 22.52180552482605

-------------Round number: 5-------------

Evaluate global model
Averaged Train Loss: 1.5539
Averaged Test Accurancy: 0.3933
Averaged Test AUC: 0.7111
Std Test Accurancy: 0.3699
Std Test AUC: 0.2563
------------------------- time cost ------------------------- 27.95181131362915

-------------Round number: 6-------------

Evaluate global model
Averaged Train Loss: 1.4006
Averaged Test Accurancy: 0.4264
Averaged Test AUC: 0.7319
Std Test Accurancy: 0.3735
Std Test AUC: 0.2598
------------------------- time cost ------------------------- 23.659682750701904

-------------Round number: 7-------------

Evaluate global model
Averaged Train Loss: 1.2732
Averaged Test Accurancy: 0.4660
Averaged Test AUC: 0.7526
Std Test Accurancy: 0.3790
Std Test AUC: 0.2591
------------------------- time cost ------------------------- 24.926235675811768

-------------Round number: 8-------------

Evaluate global model
Averaged Train Loss: 1.1585
Averaged Test Accurancy: 0.5088
Averaged Test AUC: 0.7673
Std Test Accurancy: 0.3769
Std Test AUC: 0.2610
------------------------- time cost ------------------------- 17.765753030776978

-------------Round number: 9-------------

Evaluate global model
Averaged Train Loss: 1.1455
Averaged Test Accurancy: 0.5243
Averaged Test AUC: 0.7853
Std Test Accurancy: 0.3719
Std Test AUC: 0.2521
------------------------- time cost ------------------------- 25.30498695373535

-------------Round number: 10-------------

Evaluate global model
Averaged Train Loss: 1.0162
Averaged Test Accurancy: 0.5556
Averaged Test AUC: 0.8058
Std Test Accurancy: 0.3696
Std Test AUC: 0.2439
------------------------- time cost ------------------------- 25.668885946273804

-------------Round number: 11-------------

Evaluate global model
Averaged Train Loss: 0.9529
Averaged Test Accurancy: 0.5881
Averaged Test AUC: 0.8144
Std Test Accurancy: 0.3803
Std Test AUC: 0.2548
