==================================================
Algorithm: FedAvg
Local batch size: 32
Local steps: 1
Local learing rate: 0.005
Total number of clients: 100
Clients join in each round: 0.1
Client drop rate: 0.0
Time select: False
Time threthold: 10000
Global rounds: 150
Running times: 1
Dataset: Cifar10
Local model: resnet
Using device: cuda
Cuda device id: 1
==================================================

============= Running time: 0th =============
Creating server and clients ...

Join ratio / total clients: 0.1 / 100
Finished creating server and clients.

-------------Round number: 0-------------

Evaluate global model
Averaged Train Loss: 2.4423
Averaged Test Accurancy: 0.1085
Averaged Test AUC: 0.4929
Std Test Accurancy: 0.1341
Std Test AUC: 0.2022
------------------------- time cost ------------------------- 17.051650524139404

-------------Round number: 1-------------

Evaluate global model
Averaged Train Loss: 2.1903
Averaged Test Accurancy: 0.2097
Averaged Test AUC: 0.5749
Std Test Accurancy: 0.2441
Std Test AUC: 0.2406
------------------------- time cost ------------------------- 16.889684438705444

-------------Round number: 2-------------

Evaluate global model
Averaged Train Loss: 1.9584
Averaged Test Accurancy: 0.3026
Averaged Test AUC: 0.6230
Std Test Accurancy: 0.2915
Std Test AUC: 0.2621
------------------------- time cost ------------------------- 14.647830486297607

-------------Round number: 3-------------

Evaluate global model
Averaged Train Loss: 1.9036
Averaged Test Accurancy: 0.3435
Averaged Test AUC: 0.6588
Std Test Accurancy: 0.3176
Std Test AUC: 0.2806
------------------------- time cost ------------------------- 16.29237961769104

-------------Round number: 4-------------

Evaluate global model
Averaged Train Loss: 1.7973
Averaged Test Accurancy: 0.3626
Averaged Test AUC: 0.6773
Std Test Accurancy: 0.3304
Std Test AUC: 0.2777
------------------------- time cost ------------------------- 15.03629994392395

-------------Round number: 5-------------

Evaluate global model
Averaged Train Loss: 1.7149
Averaged Test Accurancy: 0.3990
Averaged Test AUC: 0.6930
Std Test Accurancy: 0.3525
Std Test AUC: 0.2824
------------------------- time cost ------------------------- 15.284376382827759

-------------Round number: 6-------------

Evaluate global model
Averaged Train Loss: 1.9375
Averaged Test Accurancy: 0.3443
Averaged Test AUC: 0.6565
Std Test Accurancy: 0.3462
Std Test AUC: 0.2881
------------------------- time cost ------------------------- 17.503108024597168

-------------Round number: 7-------------

Evaluate global model
Averaged Train Loss: 1.6037
Averaged Test Accurancy: 0.4380
Averaged Test AUC: 0.7276
Std Test Accurancy: 0.3553
Std Test AUC: 0.2909
------------------------- time cost ------------------------- 16.36858892440796

-------------Round number: 8-------------

Evaluate global model
Averaged Train Loss: 1.4445
Averaged Test Accurancy: 0.5076
Averaged Test AUC: 0.7459
Std Test Accurancy: 0.3678
Std Test AUC: 0.2967
------------------------- time cost ------------------------- 15.137272119522095

-------------Round number: 9-------------

Evaluate global model
Averaged Train Loss: 1.3615
Averaged Test Accurancy: 0.5335
Averaged Test AUC: 0.7857
Std Test Accurancy: 0.3555
Std Test AUC: 0.2745
------------------------- time cost ------------------------- 15.657217502593994

-------------Round number: 10-------------

Evaluate global model
Averaged Train Loss: 1.1881
Averaged Test Accurancy: 0.5918
Averaged Test AUC: 0.8116
Std Test Accurancy: 0.3624
Std Test AUC: 0.2708
------------------------- time cost ------------------------- 14.496173620223999

-------------Round number: 11-------------

Evaluate global model
Averaged Train Loss: 1.2058
Averaged Test Accurancy: 0.5849
Averaged Test AUC: 0.8106
Std Test Accurancy: 0.3588
Std Test AUC: 0.2654
------------------------- time cost ------------------------- 15.373885869979858

-------------Round number: 12-------------

Evaluate global model
Averaged Train Loss: 1.1864
Averaged Test Accurancy: 0.5870
Averaged Test AUC: 0.8051
Std Test Accurancy: 0.3641
Std Test AUC: 0.2695
------------------------- time cost ------------------------- 15.104602813720703

-------------Round number: 13-------------

Evaluate global model
Averaged Train Loss: 1.1181
Averaged Test Accurancy: 0.6071
Averaged Test AUC: 0.8300
Std Test Accurancy: 0.3473
Std Test AUC: 0.2427
------------------------- time cost ------------------------- 15.388778448104858

-------------Round number: 14-------------

Evaluate global model
Averaged Train Loss: 1.0704
Averaged Test Accurancy: 0.6139
Averaged Test AUC: 0.8453
Std Test Accurancy: 0.3422
Std Test AUC: 0.2267
------------------------- time cost ------------------------- 15.546627759933472

-------------Round number: 15-------------

Evaluate global model
Averaged Train Loss: 0.9488
Averaged Test Accurancy: 0.6660
Averaged Test AUC: 0.8738
Std Test Accurancy: 0.3236
Std Test AUC: 0.2094
------------------------- time cost ------------------------- 15.321331977844238

-------------Round number: 16-------------

Evaluate global model
Averaged Train Loss: 0.8393
Averaged Test Accurancy: 0.7029
Averaged Test AUC: 0.8930
Std Test Accurancy: 0.3122
Std Test AUC: 0.2030
------------------------- time cost ------------------------- 14.503622770309448

-------------Round number: 17-------------

Evaluate global model
Averaged Train Loss: 0.8654
Averaged Test Accurancy: 0.6978
Averaged Test AUC: 0.8921
Std Test Accurancy: 0.3135
Std Test AUC: 0.1988
------------------------- time cost ------------------------- 15.716619729995728

-------------Round number: 18-------------

Evaluate global model
Averaged Train Loss: 0.7555
Averaged Test Accurancy: 0.7339
Averaged Test AUC: 0.9085
Std Test Accurancy: 0.2955
Std Test AUC: 0.1928
------------------------- time cost ------------------------- 14.995818376541138

-------------Round number: 19-------------

Evaluate global model
Averaged Train Loss: 0.7525
Averaged Test Accurancy: 0.7315
Averaged Test AUC: 0.9048
Std Test Accurancy: 0.2989
Std Test AUC: 0.1990
------------------------- time cost ------------------------- 14.690359115600586

-------------Round number: 20-------------

Evaluate global model
Averaged Train Loss: 0.8599
Averaged Test Accurancy: 0.7076
Averaged Test AUC: 0.8845
Std Test Accurancy: 0.3006
Std Test AUC: 0.2016
------------------------- time cost ------------------------- 15.711317300796509

-------------Round number: 21-------------

Evaluate global model
Averaged Train Loss: 0.8753
Averaged Test Accurancy: 0.6870
Averaged Test AUC: 0.8900
Std Test Accurancy: 0.3054
Std Test AUC: 0.1904
------------------------- time cost ------------------------- 16.640914916992188

-------------Round number: 22-------------

Evaluate global model
Averaged Train Loss: 0.7160
Averaged Test Accurancy: 0.7339
Averaged Test AUC: 0.9117
Std Test Accurancy: 0.2914
Std Test AUC: 0.1784
------------------------- time cost ------------------------- 14.865040063858032

-------------Round number: 23-------------

Evaluate global model
Averaged Train Loss: 0.7799
Averaged Test Accurancy: 0.7123
Averaged Test AUC: 0.9012
Std Test Accurancy: 0.2945
Std Test AUC: 0.1794
------------------------- time cost ------------------------- 15.536893606185913

-------------Round number: 24-------------

Evaluate global model
Averaged Train Loss: 0.7852
Averaged Test Accurancy: 0.7068
Averaged Test AUC: 0.8995
Std Test Accurancy: 0.2784
Std Test AUC: 0.1752
------------------------- time cost ------------------------- 16.1450457572937

-------------Round number: 25-------------

Evaluate global model
Averaged Train Loss: 0.6872
Averaged Test Accurancy: 0.7334
Averaged Test AUC: 0.9151
Std Test Accurancy: 0.2824
Std Test AUC: 0.1680
------------------------- time cost ------------------------- 15.336129188537598

-------------Round number: 26-------------

Evaluate global model
Averaged Train Loss: 0.8964
Averaged Test Accurancy: 0.6754
Averaged Test AUC: 0.8743
Std Test Accurancy: 0.2862
Std Test AUC: 0.1848
------------------------- time cost ------------------------- 17.2813081741333

-------------Round number: 27-------------

Evaluate global model
Averaged Train Loss: 0.6047
Averaged Test Accurancy: 0.7647
Averaged Test AUC: 0.9232
Std Test Accurancy: 0.2672
Std Test AUC: 0.1692
------------------------- time cost ------------------------- 14.973761558532715

-------------Round number: 28-------------

Evaluate global model
Averaged Train Loss: 0.6654
Averaged Test Accurancy: 0.7293
Averaged Test AUC: 0.9180
Std Test Accurancy: 0.2950
Std Test AUC: 0.1698
------------------------- time cost ------------------------- 15.870543956756592

-------------Round number: 29-------------

Evaluate global model
Averaged Train Loss: 0.6805
Averaged Test Accurancy: 0.7462
Averaged Test AUC: 0.9185
Std Test Accurancy: 0.2944
Std Test AUC: 0.1667
------------------------- time cost ------------------------- 15.509353876113892

-------------Round number: 30-------------

Evaluate global model
Averaged Train Loss: 0.5857
Averaged Test Accurancy: 0.7726
Averaged Test AUC: 0.9299
Std Test Accurancy: 0.2593
Std Test AUC: 0.1587
------------------------- time cost ------------------------- 15.524200916290283

-------------Round number: 31-------------

Evaluate global model
Averaged Train Loss: 0.6069
Averaged Test Accurancy: 0.7704
Averaged Test AUC: 0.9231
Std Test Accurancy: 0.2636
Std Test AUC: 0.1636
------------------------- time cost ------------------------- 14.499408960342407

-------------Round number: 32-------------

Evaluate global model
Averaged Train Loss: 0.4562
Averaged Test Accurancy: 0.8029
Averaged Test AUC: 0.9463
Std Test Accurancy: 0.2770
Std Test AUC: 0.1564
------------------------- time cost ------------------------- 13.280463457107544

-------------Round number: 33-------------

Evaluate global model
Averaged Train Loss: 0.5424
Averaged Test Accurancy: 0.7890
Averaged Test AUC: 0.9349
Std Test Accurancy: 0.2346
Std Test AUC: 0.1391
------------------------- time cost ------------------------- 14.27036452293396

-------------Round number: 34-------------

Evaluate global model
Averaged Train Loss: 0.6670
Averaged Test Accurancy: 0.7409
Averaged Test AUC: 0.9137
Std Test Accurancy: 0.2496
Std Test AUC: 0.1361
------------------------- time cost ------------------------- 16.02998399734497

-------------Round number: 35-------------

Evaluate global model
Averaged Train Loss: 0.4663
Averaged Test Accurancy: 0.8001
Averaged Test AUC: 0.9483
Std Test Accurancy: 0.2314
Std Test AUC: 0.1184
------------------------- time cost ------------------------- 14.205650091171265

-------------Round number: 36-------------

Evaluate global model
Averaged Train Loss: 0.6142
Averaged Test Accurancy: 0.7690
Averaged Test AUC: 0.9196
Std Test Accurancy: 0.2494
Std Test AUC: 0.1526
------------------------- time cost ------------------------- 14.850165367126465

-------------Round number: 37-------------

Evaluate global model
Averaged Train Loss: 0.5536
Averaged Test Accurancy: 0.7795
Averaged Test AUC: 0.9308
Std Test Accurancy: 0.2339
Std Test AUC: 0.1345
------------------------- time cost ------------------------- 14.967434406280518

-------------Round number: 38-------------

Evaluate global model
Averaged Train Loss: 0.5291
Averaged Test Accurancy: 0.7835
Averaged Test AUC: 0.9344
Std Test Accurancy: 0.2478
Std Test AUC: 0.1358
------------------------- time cost ------------------------- 14.71952509880066

-------------Round number: 39-------------

Evaluate global model
Averaged Train Loss: 0.4885
Averaged Test Accurancy: 0.7968
Averaged Test AUC: 0.9407
Std Test Accurancy: 0.2192
Std Test AUC: 0.1262
------------------------- time cost ------------------------- 14.4534432888031

-------------Round number: 40-------------

Evaluate global model
Averaged Train Loss: 0.5501
Averaged Test Accurancy: 0.7720
Averaged Test AUC: 0.9311
Std Test Accurancy: 0.2433
Std Test AUC: 0.1324
------------------------- time cost ------------------------- 14.075780868530273

-------------Round number: 41-------------

Evaluate global model
Averaged Train Loss: 0.4868
Averaged Test Accurancy: 0.7933
Averaged Test AUC: 0.9372
Std Test Accurancy: 0.2583
Std Test AUC: 0.1384
------------------------- time cost ------------------------- 13.18189001083374

-------------Round number: 42-------------

Evaluate global model
Averaged Train Loss: 0.5549
Averaged Test Accurancy: 0.7807
Averaged Test AUC: 0.9305
Std Test Accurancy: 0.2439
Std Test AUC: 0.1376
------------------------- time cost ------------------------- 13.87703561782837

-------------Round number: 43-------------

Evaluate global model
Averaged Train Loss: 0.3992
Averaged Test Accurancy: 0.8209
Averaged Test AUC: 0.9536
Std Test Accurancy: 0.2307
Std Test AUC: 0.1254
------------------------- time cost ------------------------- 12.894690036773682

-------------Round number: 44-------------

Evaluate global model
Averaged Train Loss: 0.5458
Averaged Test Accurancy: 0.7746
Averaged Test AUC: 0.9298
Std Test Accurancy: 0.2576
Std Test AUC: 0.1449
------------------------- time cost ------------------------- 13.758135557174683

-------------Round number: 45-------------

Evaluate global model
Averaged Train Loss: 0.6125
Averaged Test Accurancy: 0.7555
Averaged Test AUC: 0.9145
Std Test Accurancy: 0.2478
Std Test AUC: 0.1491
------------------------- time cost ------------------------- 14.396096467971802

-------------Round number: 46-------------

Evaluate global model
Averaged Train Loss: 0.4974
Averaged Test Accurancy: 0.7948
Averaged Test AUC: 0.9359
Std Test Accurancy: 0.2429
Std Test AUC: 0.1411
------------------------- time cost ------------------------- 13.579921960830688

-------------Round number: 47-------------

Evaluate global model
Averaged Train Loss: 0.5241
Averaged Test Accurancy: 0.7832
Averaged Test AUC: 0.9309
Std Test Accurancy: 0.2504
Std Test AUC: 0.1343
------------------------- time cost ------------------------- 14.317547798156738

-------------Round number: 48-------------

Evaluate global model
Averaged Train Loss: 0.4788
Averaged Test Accurancy: 0.7952
Averaged Test AUC: 0.9386
Std Test Accurancy: 0.2294
Std Test AUC: 0.1257
------------------------- time cost ------------------------- 13.617578744888306

-------------Round number: 49-------------

Evaluate global model
Averaged Train Loss: 0.5728
Averaged Test Accurancy: 0.7617
Averaged Test AUC: 0.9302
Std Test Accurancy: 0.2369
Std Test AUC: 0.1313
------------------------- time cost ------------------------- 15.264743566513062

-------------Round number: 50-------------

Evaluate global model
Averaged Train Loss: 0.4535
Averaged Test Accurancy: 0.8064
Averaged Test AUC: 0.9415
Std Test Accurancy: 0.2386
Std Test AUC: 0.1390
------------------------- time cost ------------------------- 13.378864049911499

-------------Round number: 51-------------

Evaluate global model
Averaged Train Loss: 0.4148
Averaged Test Accurancy: 0.8137
Averaged Test AUC: 0.9462
Std Test Accurancy: 0.2402
Std Test AUC: 0.1312
------------------------- time cost ------------------------- 13.230260848999023

-------------Round number: 52-------------

Evaluate global model
Averaged Train Loss: 0.4395
Averaged Test Accurancy: 0.8056
Averaged Test AUC: 0.9462
Std Test Accurancy: 0.2246
Std Test AUC: 0.1194
------------------------- time cost ------------------------- 13.754640102386475

-------------Round number: 53-------------

Evaluate global model
Averaged Train Loss: 0.4221
Averaged Test Accurancy: 0.8135
Averaged Test AUC: 0.9502
Std Test Accurancy: 0.2344
Std Test AUC: 0.1319
------------------------- time cost ------------------------- 13.880743265151978

-------------Round number: 54-------------

Evaluate global model
Averaged Train Loss: 0.4653
Averaged Test Accurancy: 0.7943
Averaged Test AUC: 0.9409
Std Test Accurancy: 0.2462
Std Test AUC: 0.1379
------------------------- time cost ------------------------- 13.472179174423218

-------------Round number: 55-------------

Evaluate global model
Averaged Train Loss: 0.4680
Averaged Test Accurancy: 0.8004
Averaged Test AUC: 0.9419
Std Test Accurancy: 0.2479
Std Test AUC: 0.1256
------------------------- time cost ------------------------- 13.654419422149658

-------------Round number: 56-------------

Evaluate global model
Averaged Train Loss: 0.4023
Averaged Test Accurancy: 0.8190
Averaged Test AUC: 0.9558
Std Test Accurancy: 0.2111
Std Test AUC: 0.0980
------------------------- time cost ------------------------- 13.686218976974487

-------------Round number: 57-------------

Evaluate global model
Averaged Train Loss: 0.4286
Averaged Test Accurancy: 0.8074
Averaged Test AUC: 0.9513
Std Test Accurancy: 0.2095
Std Test AUC: 0.0985
------------------------- time cost ------------------------- 13.800493955612183

-------------Round number: 58-------------

Evaluate global model
Averaged Train Loss: 0.3513
Averaged Test Accurancy: 0.8343
Averaged Test AUC: 0.9604
Std Test Accurancy: 0.2268
Std Test AUC: 0.1088
------------------------- time cost ------------------------- 13.030262470245361

-------------Round number: 59-------------

Evaluate global model
Averaged Train Loss: 0.3143
Averaged Test Accurancy: 0.8471
Averaged Test AUC: 0.9674
Std Test Accurancy: 0.2092
Std Test AUC: 0.1039
------------------------- time cost ------------------------- 13.091177940368652

-------------Round number: 60-------------

Evaluate global model
Averaged Train Loss: 0.3274
Averaged Test Accurancy: 0.8432
Averaged Test AUC: 0.9683
Std Test Accurancy: 0.1877
Std Test AUC: 0.0816
------------------------- time cost ------------------------- 13.089823007583618

-------------Round number: 61-------------

Evaluate global model
Averaged Train Loss: 0.4290
Averaged Test Accurancy: 0.7992
Averaged Test AUC: 0.9495
Std Test Accurancy: 0.2253
Std Test AUC: 0.1163
------------------------- time cost ------------------------- 13.98190712928772

-------------Round number: 62-------------

Evaluate global model
Averaged Train Loss: 0.3908
Averaged Test Accurancy: 0.8270
Averaged Test AUC: 0.9629
Std Test Accurancy: 0.2023
Std Test AUC: 0.0763
------------------------- time cost ------------------------- 13.849307775497437

-------------Round number: 63-------------

Evaluate global model
Averaged Train Loss: 0.3890
Averaged Test Accurancy: 0.8226
Averaged Test AUC: 0.9602
Std Test Accurancy: 0.2269
Std Test AUC: 0.0926
------------------------- time cost ------------------------- 13.51572060585022

-------------Round number: 64-------------

Evaluate global model
Averaged Train Loss: 0.4842
Averaged Test Accurancy: 0.7972
Averaged Test AUC: 0.9467
Std Test Accurancy: 0.2455
Std Test AUC: 0.1025
------------------------- time cost ------------------------- 14.098541498184204

-------------Round number: 65-------------

Evaluate global model
Averaged Train Loss: 0.3849
Averaged Test Accurancy: 0.8241
Averaged Test AUC: 0.9590
Std Test Accurancy: 0.1938
Std Test AUC: 0.0808
------------------------- time cost ------------------------- 13.600700616836548

-------------Round number: 66-------------

Evaluate global model
Averaged Train Loss: 0.4821
Averaged Test Accurancy: 0.8067
Averaged Test AUC: 0.9350
Std Test Accurancy: 0.2265
Std Test AUC: 0.1313
------------------------- time cost ------------------------- 13.859921932220459

-------------Round number: 67-------------

Evaluate global model
Averaged Train Loss: 0.3163
Averaged Test Accurancy: 0.8393
Averaged Test AUC: 0.9664
Std Test Accurancy: 0.2357
Std Test AUC: 0.0947
------------------------- time cost ------------------------- 12.867249011993408

-------------Round number: 68-------------

Evaluate global model
Averaged Train Loss: 0.4558
Averaged Test Accurancy: 0.8081
Averaged Test AUC: 0.9448
Std Test Accurancy: 0.2234
Std Test AUC: 0.1226
------------------------- time cost ------------------------- 13.990628957748413

-------------Round number: 69-------------

Evaluate global model
Averaged Train Loss: 0.3313
Averaged Test Accurancy: 0.8426
Averaged Test AUC: 0.9631
Std Test Accurancy: 0.2258
Std Test AUC: 0.1079
------------------------- time cost ------------------------- 13.642747163772583

-------------Round number: 70-------------

Evaluate global model
Averaged Train Loss: 0.3392
Averaged Test Accurancy: 0.8424
Averaged Test AUC: 0.9636
Std Test Accurancy: 0.1989
Std Test AUC: 0.0928
------------------------- time cost ------------------------- 13.39294981956482

-------------Round number: 71-------------

Evaluate global model
Averaged Train Loss: 0.3565
Averaged Test Accurancy: 0.8378
Averaged Test AUC: 0.9588
Std Test Accurancy: 0.2126
Std Test AUC: 0.1034
------------------------- time cost ------------------------- 13.312005519866943

-------------Round number: 72-------------

Evaluate global model
Averaged Train Loss: 0.3743
Averaged Test Accurancy: 0.8299
Averaged Test AUC: 0.9600
Std Test Accurancy: 0.2007
Std Test AUC: 0.0818
------------------------- time cost ------------------------- 14.202963829040527

-------------Round number: 73-------------

Evaluate global model
Averaged Train Loss: 0.3376
Averaged Test Accurancy: 0.8391
Averaged Test AUC: 0.9609
Std Test Accurancy: 0.2148
Std Test AUC: 0.0963
------------------------- time cost ------------------------- 13.499252796173096

-------------Round number: 74-------------

Evaluate global model
Averaged Train Loss: 0.3359
Averaged Test Accurancy: 0.8380
Averaged Test AUC: 0.9604
Std Test Accurancy: 0.1851
Std Test AUC: 0.0838
------------------------- time cost ------------------------- 13.53853154182434

-------------Round number: 75-------------

Evaluate global model
Averaged Train Loss: 0.4132
Averaged Test Accurancy: 0.8142
Averaged Test AUC: 0.9521
Std Test Accurancy: 0.2215
Std Test AUC: 0.1011
------------------------- time cost ------------------------- 13.897477149963379

-------------Round number: 76-------------

Evaluate global model
Averaged Train Loss: 0.3256
Averaged Test Accurancy: 0.8466
Averaged Test AUC: 0.9616
Std Test Accurancy: 0.2246
Std Test AUC: 0.1146
------------------------- time cost ------------------------- 12.829014778137207

-------------Round number: 77-------------

Evaluate global model
Averaged Train Loss: 0.4081
Averaged Test Accurancy: 0.8172
Averaged Test AUC: 0.9471
Std Test Accurancy: 0.2307
Std Test AUC: 0.1093
------------------------- time cost ------------------------- 13.790120363235474

-------------Round number: 78-------------

Evaluate global model
Averaged Train Loss: 0.3452
Averaged Test Accurancy: 0.8317
Averaged Test AUC: 0.9617
Std Test Accurancy: 0.2289
Std Test AUC: 0.1135
------------------------- time cost ------------------------- 13.837429761886597

-------------Round number: 79-------------

Evaluate global model
Averaged Train Loss: 0.4256
Averaged Test Accurancy: 0.8051
Averaged Test AUC: 0.9496
Std Test Accurancy: 0.2456
Std Test AUC: 0.1071
------------------------- time cost ------------------------- 14.153701543807983

-------------Round number: 80-------------

Evaluate global model
Averaged Train Loss: 0.4302
Averaged Test Accurancy: 0.8073
Averaged Test AUC: 0.9470
Std Test Accurancy: 0.2192
Std Test AUC: 0.1071
------------------------- time cost ------------------------- 14.07591199874878

-------------Round number: 81-------------

Evaluate global model
Averaged Train Loss: 0.2920
Averaged Test Accurancy: 0.8474
Averaged Test AUC: 0.9650
Std Test Accurancy: 0.2228
Std Test AUC: 0.1152
------------------------- time cost ------------------------- 12.831963539123535

-------------Round number: 82-------------

Evaluate global model
Averaged Train Loss: 0.4047
Averaged Test Accurancy: 0.8212
Averaged Test AUC: 0.9540
Std Test Accurancy: 0.1883
Std Test AUC: 0.0870
------------------------- time cost ------------------------- 14.541362047195435

-------------Round number: 83-------------

Evaluate global model
Averaged Train Loss: 0.3636
Averaged Test Accurancy: 0.8365
Averaged Test AUC: 0.9596
Std Test Accurancy: 0.2435
Std Test AUC: 0.1090
------------------------- time cost ------------------------- 13.051995277404785

-------------Round number: 84-------------

Evaluate global model
Averaged Train Loss: 0.2817
Averaged Test Accurancy: 0.8568
Averaged Test AUC: 0.9697
Std Test Accurancy: 0.2033
Std Test AUC: 0.0867
------------------------- time cost ------------------------- 13.131368160247803

-------------Round number: 85-------------

Evaluate global model
Averaged Train Loss: 0.2896
Averaged Test Accurancy: 0.8530
Averaged Test AUC: 0.9698
Std Test Accurancy: 0.2006
Std Test AUC: 0.0868
------------------------- time cost ------------------------- 13.146918773651123

-------------Round number: 86-------------

Evaluate global model
Averaged Train Loss: 0.3121
Averaged Test Accurancy: 0.8493
Averaged Test AUC: 0.9655
Std Test Accurancy: 0.1870
Std Test AUC: 0.1014
------------------------- time cost ------------------------- 13.841240406036377

-------------Round number: 87-------------

Evaluate global model
Averaged Train Loss: 0.3021
Averaged Test Accurancy: 0.8476
Averaged Test AUC: 0.9650
Std Test Accurancy: 0.2085
Std Test AUC: 0.0999
------------------------- time cost ------------------------- 13.169488191604614

-------------Round number: 88-------------

Evaluate global model
Averaged Train Loss: 0.4123
Averaged Test Accurancy: 0.8128
Averaged Test AUC: 0.9495
Std Test Accurancy: 0.2108
Std Test AUC: 0.0891
------------------------- time cost ------------------------- 14.424996376037598

-------------Round number: 89-------------

Evaluate global model
Averaged Train Loss: 0.3734
Averaged Test Accurancy: 0.8185
Averaged Test AUC: 0.9544
Std Test Accurancy: 0.2268
Std Test AUC: 0.0992
------------------------- time cost ------------------------- 13.673809289932251

-------------Round number: 90-------------

Evaluate global model
Averaged Train Loss: 0.3055
Averaged Test Accurancy: 0.8455
Averaged Test AUC: 0.9659
Std Test Accurancy: 0.2096
Std Test AUC: 0.0869
------------------------- time cost ------------------------- 13.559855461120605

-------------Round number: 91-------------

Evaluate global model
Averaged Train Loss: 0.4202
Averaged Test Accurancy: 0.8108
Averaged Test AUC: 0.9466
Std Test Accurancy: 0.2215
Std Test AUC: 0.1009
------------------------- time cost ------------------------- 14.14327621459961

-------------Round number: 92-------------

Evaluate global model
Averaged Train Loss: 0.2392
Averaged Test Accurancy: 0.8660
Averaged Test AUC: 0.9742
Std Test Accurancy: 0.2012
Std Test AUC: 0.0829
------------------------- time cost ------------------------- 12.614656448364258

-------------Round number: 93-------------

Evaluate global model
Averaged Train Loss: 0.3599
Averaged Test Accurancy: 0.8289
Averaged Test AUC: 0.9583
Std Test Accurancy: 0.2393
Std Test AUC: 0.1156
------------------------- time cost ------------------------- 13.899975538253784

-------------Round number: 94-------------

Evaluate global model
Averaged Train Loss: 0.3779
Averaged Test Accurancy: 0.8175
Averaged Test AUC: 0.9524
Std Test Accurancy: 0.2105
Std Test AUC: 0.0895
------------------------- time cost ------------------------- 14.025403261184692

-------------Round number: 95-------------

Evaluate global model
Averaged Train Loss: 0.3382
Averaged Test Accurancy: 0.8295
Averaged Test AUC: 0.9607
Std Test Accurancy: 0.2060
Std Test AUC: 0.0842
------------------------- time cost ------------------------- 13.745518922805786

-------------Round number: 96-------------

Evaluate global model
Averaged Train Loss: 0.2513
Averaged Test Accurancy: 0.8619
Averaged Test AUC: 0.9686
Std Test Accurancy: 0.2298
Std Test AUC: 0.1214
------------------------- time cost ------------------------- 12.516452312469482

-------------Round number: 97-------------

Evaluate global model
Averaged Train Loss: 0.4101
Averaged Test Accurancy: 0.8162
Averaged Test AUC: 0.9491
Std Test Accurancy: 0.2084
Std Test AUC: 0.1070
------------------------- time cost ------------------------- 14.385011434555054

-------------Round number: 98-------------

Evaluate global model
Averaged Train Loss: 0.3265
Averaged Test Accurancy: 0.8415
Averaged Test AUC: 0.9612
Std Test Accurancy: 0.2356
Std Test AUC: 0.1127
------------------------- time cost ------------------------- 13.213459491729736

-------------Round number: 99-------------

Evaluate global model
Averaged Train Loss: 0.3077
Averaged Test Accurancy: 0.8416
Averaged Test AUC: 0.9624
Std Test Accurancy: 0.2079
Std Test AUC: 0.0947
------------------------- time cost ------------------------- 13.37945294380188

-------------Round number: 100-------------

Evaluate global model
Averaged Train Loss: 0.2817
Averaged Test Accurancy: 0.8511
Averaged Test AUC: 0.9687
Std Test Accurancy: 0.1977
Std Test AUC: 0.0832
------------------------- time cost ------------------------- 13.278596878051758

-------------Round number: 101-------------

Evaluate global model
Averaged Train Loss: 0.3063
Averaged Test Accurancy: 0.8398
Averaged Test AUC: 0.9628
Std Test Accurancy: 0.2281
Std Test AUC: 0.0995
------------------------- time cost ------------------------- 13.191317558288574

-------------Round number: 102-------------

Evaluate global model
Averaged Train Loss: 0.3450
Averaged Test Accurancy: 0.8362
Averaged Test AUC: 0.9559
Std Test Accurancy: 0.2180
Std Test AUC: 0.1152
------------------------- time cost ------------------------- 13.601429224014282

-------------Round number: 103-------------

Evaluate global model
Averaged Train Loss: 0.3453
Averaged Test Accurancy: 0.8308
Averaged Test AUC: 0.9556
Std Test Accurancy: 0.2203
Std Test AUC: 0.0954
------------------------- time cost ------------------------- 13.82705807685852

-------------Round number: 104-------------

Evaluate global model
Averaged Train Loss: 0.4279
Averaged Test Accurancy: 0.7962
Averaged Test AUC: 0.9473
Std Test Accurancy: 0.2119
Std Test AUC: 0.0841
------------------------- time cost ------------------------- 14.86044716835022

-------------Round number: 105-------------

Evaluate global model
Averaged Train Loss: 0.3498
Averaged Test Accurancy: 0.8292
Averaged Test AUC: 0.9561
Std Test Accurancy: 0.2155
Std Test AUC: 0.0911
------------------------- time cost ------------------------- 13.568888902664185

-------------Round number: 106-------------

Evaluate global model
Averaged Train Loss: 0.4628
Averaged Test Accurancy: 0.8016
Averaged Test AUC: 0.9441
Std Test Accurancy: 0.2081
Std Test AUC: 0.1113
------------------------- time cost ------------------------- 15.465634822845459

-------------Round number: 107-------------

Evaluate global model
Averaged Train Loss: 0.2963
Averaged Test Accurancy: 0.8446
Averaged Test AUC: 0.9658
Std Test Accurancy: 0.2024
Std Test AUC: 0.0823
------------------------- time cost ------------------------- 13.397857666015625

-------------Round number: 108-------------

Evaluate global model
Averaged Train Loss: 0.2704
Averaged Test Accurancy: 0.8579
Averaged Test AUC: 0.9707
Std Test Accurancy: 0.2068
Std Test AUC: 0.0801
------------------------- time cost ------------------------- 13.120314121246338

-------------Round number: 109-------------

Evaluate global model
Averaged Train Loss: 0.2892
Averaged Test Accurancy: 0.8483
Averaged Test AUC: 0.9682
Std Test Accurancy: 0.1731
Std Test AUC: 0.0768
------------------------- time cost ------------------------- 13.42392373085022

-------------Round number: 110-------------

Evaluate global model
Averaged Train Loss: 0.3633
Averaged Test Accurancy: 0.8324
Averaged Test AUC: 0.9513
Std Test Accurancy: 0.2406
Std Test AUC: 0.1292
------------------------- time cost ------------------------- 13.752066612243652

-------------Round number: 111-------------

Evaluate global model
Averaged Train Loss: 0.3234
Averaged Test Accurancy: 0.8400
Averaged Test AUC: 0.9600
Std Test Accurancy: 0.2242
Std Test AUC: 0.1020
------------------------- time cost ------------------------- 15.423868179321289

-------------Round number: 112-------------

Evaluate global model
Averaged Train Loss: 0.2718
Averaged Test Accurancy: 0.8506
Averaged Test AUC: 0.9654
Std Test Accurancy: 0.2256
Std Test AUC: 0.0941
------------------------- time cost ------------------------- 15.009584188461304

-------------Round number: 113-------------

Evaluate global model
Averaged Train Loss: 0.3734
Averaged Test Accurancy: 0.8240
Averaged Test AUC: 0.9532
Std Test Accurancy: 0.1960
Std Test AUC: 0.0921
------------------------- time cost ------------------------- 16.64513087272644

-------------Round number: 114-------------

Evaluate global model
Averaged Train Loss: 0.3833
Averaged Test Accurancy: 0.8256
Averaged Test AUC: 0.9437
Std Test Accurancy: 0.2291
Std Test AUC: 0.1277
------------------------- time cost ------------------------- 15.75874638557434

-------------Round number: 115-------------

Evaluate global model
Averaged Train Loss: 0.2965
Averaged Test Accurancy: 0.8448
Averaged Test AUC: 0.9622
Std Test Accurancy: 0.1890
Std Test AUC: 0.0781
------------------------- time cost ------------------------- 15.595959186553955

-------------Round number: 116-------------

Evaluate global model
Averaged Train Loss: 0.2830
Averaged Test Accurancy: 0.8543
Averaged Test AUC: 0.9676
Std Test Accurancy: 0.2114
Std Test AUC: 0.0886
------------------------- time cost ------------------------- 15.550522565841675

-------------Round number: 117-------------

Evaluate global model
Averaged Train Loss: 0.2906
Averaged Test Accurancy: 0.8477
Averaged Test AUC: 0.9658
Std Test Accurancy: 0.2102
Std Test AUC: 0.0824
------------------------- time cost ------------------------- 15.16728138923645

-------------Round number: 118-------------

Evaluate global model
Averaged Train Loss: 0.2827
Averaged Test Accurancy: 0.8556
Averaged Test AUC: 0.9652
Std Test Accurancy: 0.2061
Std Test AUC: 0.0979
------------------------- time cost ------------------------- 15.768659830093384

-------------Round number: 119-------------

Evaluate global model
Averaged Train Loss: 0.3313
Averaged Test Accurancy: 0.8383
Averaged Test AUC: 0.9575
Std Test Accurancy: 0.2226
Std Test AUC: 0.1096
------------------------- time cost ------------------------- 15.656072616577148

-------------Round number: 120-------------

Evaluate global model
Averaged Train Loss: 0.2968
Averaged Test Accurancy: 0.8461
Averaged Test AUC: 0.9668
Std Test Accurancy: 0.1854
Std Test AUC: 0.0668
------------------------- time cost ------------------------- 15.69190001487732

-------------Round number: 121-------------

Evaluate global model
Averaged Train Loss: 0.3164
Averaged Test Accurancy: 0.8408
Averaged Test AUC: 0.9606
Std Test Accurancy: 0.2254
Std Test AUC: 0.1056
------------------------- time cost ------------------------- 15.410884141921997

-------------Round number: 122-------------

Evaluate global model
Averaged Train Loss: 0.2217
Averaged Test Accurancy: 0.8675
Averaged Test AUC: 0.9740
Std Test Accurancy: 0.1955
Std Test AUC: 0.0757
------------------------- time cost ------------------------- 14.650723695755005

-------------Round number: 123-------------

Evaluate global model
Averaged Train Loss: 0.2900
Averaged Test Accurancy: 0.8532
Averaged Test AUC: 0.9655
Std Test Accurancy: 0.2196
Std Test AUC: 0.0993
------------------------- time cost ------------------------- 14.583707094192505

-------------Round number: 124-------------

Evaluate global model
Averaged Train Loss: 0.3302
Averaged Test Accurancy: 0.8366
Averaged Test AUC: 0.9562
Std Test Accurancy: 0.2107
Std Test AUC: 0.1036
------------------------- time cost ------------------------- 15.453779458999634

-------------Round number: 125-------------

Evaluate global model
Averaged Train Loss: 0.2617
Averaged Test Accurancy: 0.8602
Averaged Test AUC: 0.9685
Std Test Accurancy: 0.1883
Std Test AUC: 0.0924
------------------------- time cost ------------------------- 14.758490562438965

-------------Round number: 126-------------

Evaluate global model
Averaged Train Loss: 0.3520
Averaged Test Accurancy: 0.8336
Averaged Test AUC: 0.9543
Std Test Accurancy: 0.2385
Std Test AUC: 0.1129
------------------------- time cost ------------------------- 15.361156940460205

-------------Round number: 127-------------

Evaluate global model
Averaged Train Loss: 0.3297
Averaged Test Accurancy: 0.8413
Averaged Test AUC: 0.9563
Std Test Accurancy: 0.2127
Std Test AUC: 0.1160
------------------------- time cost ------------------------- 15.337568759918213

-------------Round number: 128-------------

Evaluate global model
Averaged Train Loss: 0.2810
Averaged Test Accurancy: 0.8536
Averaged Test AUC: 0.9662
Std Test Accurancy: 0.1975
Std Test AUC: 0.0829
------------------------- time cost ------------------------- 15.385655641555786

-------------Round number: 129-------------

Evaluate global model
Averaged Train Loss: 0.3952
Averaged Test Accurancy: 0.8048
Averaged Test AUC: 0.9505
Std Test Accurancy: 0.2425
Std Test AUC: 0.1043
------------------------- time cost ------------------------- 16.39392066001892

-------------Round number: 130-------------

Evaluate global model
Averaged Train Loss: 0.3151
Averaged Test Accurancy: 0.8453
Averaged Test AUC: 0.9601
Std Test Accurancy: 0.2242
Std Test AUC: 0.1103
------------------------- time cost ------------------------- 14.987666845321655

-------------Round number: 131-------------

Evaluate global model
Averaged Train Loss: 0.2171
Averaged Test Accurancy: 0.8688
Averaged Test AUC: 0.9724
Std Test Accurancy: 0.2134
Std Test AUC: 0.0944
------------------------- time cost ------------------------- 14.129015684127808

-------------Round number: 132-------------

Evaluate global model
Averaged Train Loss: 0.2984
Averaged Test Accurancy: 0.8411
Averaged Test AUC: 0.9629
Std Test Accurancy: 0.2054
Std Test AUC: 0.0802
------------------------- time cost ------------------------- 15.151404857635498

-------------Round number: 133-------------

Evaluate global model
Averaged Train Loss: 0.3149
Averaged Test Accurancy: 0.8392
Averaged Test AUC: 0.9625
Std Test Accurancy: 0.2132
Std Test AUC: 0.0800
------------------------- time cost ------------------------- 15.654765129089355

-------------Round number: 134-------------

Evaluate global model
Averaged Train Loss: 0.2643
Averaged Test Accurancy: 0.8588
Averaged Test AUC: 0.9668
Std Test Accurancy: 0.2241
Std Test AUC: 0.1039
------------------------- time cost ------------------------- 14.789470195770264

-------------Round number: 135-------------

Evaluate global model
Averaged Train Loss: 0.3249
Averaged Test Accurancy: 0.8364
Averaged Test AUC: 0.9586
Std Test Accurancy: 0.2242
Std Test AUC: 0.1003
------------------------- time cost ------------------------- 15.216900110244751

-------------Round number: 136-------------

Evaluate global model
Averaged Train Loss: 0.3282
Averaged Test Accurancy: 0.8346
Averaged Test AUC: 0.9594
Std Test Accurancy: 0.2183
Std Test AUC: 0.1038
------------------------- time cost ------------------------- 15.672877788543701

-------------Round number: 137-------------

Evaluate global model
Averaged Train Loss: 0.3742
Averaged Test Accurancy: 0.8128
Averaged Test AUC: 0.9537
Std Test Accurancy: 0.2100
Std Test AUC: 0.0957
------------------------- time cost ------------------------- 16.533699989318848

-------------Round number: 138-------------

Evaluate global model
Averaged Train Loss: 0.2691
Averaged Test Accurancy: 0.8538
Averaged Test AUC: 0.9675
Std Test Accurancy: 0.1994
Std Test AUC: 0.0964
------------------------- time cost ------------------------- 15.173311948776245

-------------Round number: 139-------------

Evaluate global model
Averaged Train Loss: 0.3027
Averaged Test Accurancy: 0.8414
Averaged Test AUC: 0.9619
Std Test Accurancy: 0.1861
Std Test AUC: 0.0769
------------------------- time cost ------------------------- 16.24648118019104

-------------Round number: 140-------------

Evaluate global model
Averaged Train Loss: 0.3023
Averaged Test Accurancy: 0.8470
Averaged Test AUC: 0.9612
Std Test Accurancy: 0.1963
Std Test AUC: 0.0929
------------------------- time cost ------------------------- 15.358458280563354

-------------Round number: 141-------------

Evaluate global model
Averaged Train Loss: 0.3970
Averaged Test Accurancy: 0.8146
Averaged Test AUC: 0.9457
Std Test Accurancy: 0.2161
Std Test AUC: 0.1127
------------------------- time cost ------------------------- 16.37530827522278

-------------Round number: 142-------------

Evaluate global model
Averaged Train Loss: 0.3955
Averaged Test Accurancy: 0.8074
Averaged Test AUC: 0.9473
Std Test Accurancy: 0.2117
Std Test AUC: 0.0957
------------------------- time cost ------------------------- 16.48043131828308

-------------Round number: 143-------------

Evaluate global model
Averaged Train Loss: 0.3158
Averaged Test Accurancy: 0.8357
Averaged Test AUC: 0.9588
Std Test Accurancy: 0.2298
Std Test AUC: 0.1064
------------------------- time cost ------------------------- 15.817499876022339

-------------Round number: 144-------------

Evaluate global model
Averaged Train Loss: 0.2525
Averaged Test Accurancy: 0.8557
Averaged Test AUC: 0.9684
Std Test Accurancy: 0.2109
Std Test AUC: 0.0886
------------------------- time cost ------------------------- 15.288402080535889

-------------Round number: 145-------------

Evaluate global model
Averaged Train Loss: 0.2337
Averaged Test Accurancy: 0.8651
Averaged Test AUC: 0.9695
Std Test Accurancy: 0.1989
Std Test AUC: 0.1068
------------------------- time cost ------------------------- 15.117081642150879

-------------Round number: 146-------------

Evaluate global model
Averaged Train Loss: 0.2828
Averaged Test Accurancy: 0.8536
Averaged Test AUC: 0.9662
Std Test Accurancy: 0.1877
Std Test AUC: 0.0821
------------------------- time cost ------------------------- 16.77856469154358

-------------Round number: 147-------------

Evaluate global model
Averaged Train Loss: 0.3344
Averaged Test Accurancy: 0.8375
Averaged Test AUC: 0.9607
Std Test Accurancy: 0.2271
Std Test AUC: 0.0999
------------------------- time cost ------------------------- 15.093614339828491

-------------Round number: 148-------------

Evaluate global model
Averaged Train Loss: 0.3269
Averaged Test Accurancy: 0.8318
Averaged Test AUC: 0.9556
Std Test Accurancy: 0.2274
Std Test AUC: 0.1034
------------------------- time cost ------------------------- 15.360877513885498

-------------Round number: 149-------------

Evaluate global model
Averaged Train Loss: 0.3363
Averaged Test Accurancy: 0.8341
Averaged Test AUC: 0.9540
Std Test Accurancy: 0.2190
Std Test AUC: 0.1123
------------------------- time cost ------------------------- 15.398884296417236

Best global accuracy.
0.8687512447719578

Average time cost per round.
14.58124953788399
File path: ../results/Cifar10_FedAvg_resnet_gr150_ls1_bs32_lr0.005.h5

Average time cost: 2197.3s.
Length:  150
std for best accurancy: 0.0
mean for best accurancy: 0.8687512447719578
All done!

Storage on cuda:0
-------------------------------------------------------------------------------
Total Tensors: 2259672924 	Used Memory: 8.42G
The allocated memory on cuda:0: 8.59G
Memory differs due to the matrix alignment or invisible gradient buffer tensors
-------------------------------------------------------------------------------
