==================================================
Algorithm: FedAvg
Local batch size: 64
Local steps: 10
Local learing rate: 0.005
Total number of clients: 100
Clients join in each round: 0.1
Client drop rate: 0.0
Time select: False
Time threthold: 10000
Global rounds: 150
Running times: 1
Dataset: Cifar10
Local model: resnet
Using device: cuda
Cuda device id: 0
==================================================

============= Running time: 0th =============
Creating server and clients ...

Join ratio / total clients: 0.1 / 100
Finished creating server and clients.

-------------Round number: 0-------------

Evaluate global model
Averaged Train Loss: 2.4425
Averaged Test Accurancy: 0.1085
Averaged Test AUC: 0.4929
Std Test Accurancy: 0.1341
Std Test AUC: 0.2022
------------------------- time cost ------------------------- 17.345695972442627

-------------Round number: 1-------------

Evaluate global model
Averaged Train Loss: 2.1378
Averaged Test Accurancy: 0.1983
Averaged Test AUC: 0.5570
Std Test Accurancy: 0.2471
Std Test AUC: 0.2411
------------------------- time cost ------------------------- 15.198158502578735

-------------Round number: 2-------------

Evaluate global model
Averaged Train Loss: 1.9045
Averaged Test Accurancy: 0.2823
Averaged Test AUC: 0.6193
Std Test Accurancy: 0.3158
Std Test AUC: 0.2578
------------------------- time cost ------------------------- 15.709440469741821

-------------Round number: 3-------------

Evaluate global model
Averaged Train Loss: 1.6760
Averaged Test Accurancy: 0.3503
Averaged Test AUC: 0.6768
Std Test Accurancy: 0.3535
Std Test AUC: 0.2697
------------------------- time cost ------------------------- 19.121575593948364

-------------Round number: 4-------------

Evaluate global model
Averaged Train Loss: 1.4441
Averaged Test Accurancy: 0.4213
Averaged Test AUC: 0.7225
Std Test Accurancy: 0.3754
Std Test AUC: 0.2650
------------------------- time cost ------------------------- 17.269930839538574

-------------Round number: 5-------------

Evaluate global model
Averaged Train Loss: 1.2925
Averaged Test Accurancy: 0.4690
Averaged Test AUC: 0.7421
Std Test Accurancy: 0.3811
Std Test AUC: 0.2656
------------------------- time cost ------------------------- 17.33176565170288

-------------Round number: 6-------------

Evaluate global model
Averaged Train Loss: 1.2601
Averaged Test Accurancy: 0.5060
Averaged Test AUC: 0.7665
Std Test Accurancy: 0.3829
Std Test AUC: 0.2657
------------------------- time cost ------------------------- 19.960859775543213

-------------Round number: 7-------------

Evaluate global model
Averaged Train Loss: 1.0673
Averaged Test Accurancy: 0.5436
Averaged Test AUC: 0.7921
Std Test Accurancy: 0.3779
Std Test AUC: 0.2663
------------------------- time cost ------------------------- 17.515244245529175

-------------Round number: 8-------------

Evaluate global model
Averaged Train Loss: 1.0434
Averaged Test Accurancy: 0.5518
Averaged Test AUC: 0.8020
Std Test Accurancy: 0.3881
Std Test AUC: 0.2641
------------------------- time cost ------------------------- 20.359783172607422

-------------Round number: 9-------------

Evaluate global model
Averaged Train Loss: 0.8839
Averaged Test Accurancy: 0.5891
Averaged Test AUC: 0.8222
Std Test Accurancy: 0.3828
Std Test AUC: 0.2648
------------------------- time cost ------------------------- 16.83961248397827

-------------Round number: 10-------------

Evaluate global model
Averaged Train Loss: 0.7788
Averaged Test Accurancy: 0.6303
Averaged Test AUC: 0.8406
Std Test Accurancy: 0.3918
Std Test AUC: 0.2636
------------------------- time cost ------------------------- 15.450526714324951

-------------Round number: 11-------------

Evaluate global model
Averaged Train Loss: 0.8197
Averaged Test Accurancy: 0.6329
Averaged Test AUC: 0.8382
Std Test Accurancy: 0.3785
Std Test AUC: 0.2641
------------------------- time cost ------------------------- 17.113895177841187

-------------Round number: 12-------------

Evaluate global model
Averaged Train Loss: 0.7439
Averaged Test Accurancy: 0.6448
Averaged Test AUC: 0.8531
Std Test Accurancy: 0.3699
Std Test AUC: 0.2453
------------------------- time cost ------------------------- 16.250542879104614

-------------Round number: 13-------------

Evaluate global model
Averaged Train Loss: 0.7064
Averaged Test Accurancy: 0.6614
Averaged Test AUC: 0.8581
Std Test Accurancy: 0.3750
Std Test AUC: 0.2445
------------------------- time cost ------------------------- 15.111051321029663

-------------Round number: 14-------------

Evaluate global model
Averaged Train Loss: 0.6339
Averaged Test Accurancy: 0.6835
Averaged Test AUC: 0.8732
Std Test Accurancy: 0.3561
Std Test AUC: 0.2349
------------------------- time cost ------------------------- 16.374956130981445

-------------Round number: 15-------------

Evaluate global model
Averaged Train Loss: 0.4750
Averaged Test Accurancy: 0.7275
Averaged Test AUC: 0.8996
Std Test Accurancy: 0.3392
Std Test AUC: 0.2160
------------------------- time cost ------------------------- 12.75008749961853

-------------Round number: 16-------------

Evaluate global model
Averaged Train Loss: 0.5324
Averaged Test Accurancy: 0.7137
Averaged Test AUC: 0.8925
Std Test Accurancy: 0.3422
Std Test AUC: 0.2129
------------------------- time cost ------------------------- 14.310251712799072

-------------Round number: 17-------------

Evaluate global model
Averaged Train Loss: 0.5323
Averaged Test Accurancy: 0.7168
Averaged Test AUC: 0.8947
Std Test Accurancy: 0.3324
Std Test AUC: 0.2107
------------------------- time cost ------------------------- 16.14659333229065

-------------Round number: 18-------------

Evaluate global model
Averaged Train Loss: 0.5017
Averaged Test Accurancy: 0.7241
Averaged Test AUC: 0.8964
Std Test Accurancy: 0.3408
Std Test AUC: 0.2104
------------------------- time cost ------------------------- 16.112769603729248

-------------Round number: 19-------------

Evaluate global model
Averaged Train Loss: 0.4734
Averaged Test Accurancy: 0.7414
Averaged Test AUC: 0.9057
Std Test Accurancy: 0.3378
Std Test AUC: 0.1991
------------------------- time cost ------------------------- 16.675236225128174

-------------Round number: 20-------------

Evaluate global model
Averaged Train Loss: 0.3632
Averaged Test Accurancy: 0.7690
Averaged Test AUC: 0.9247
Std Test Accurancy: 0.3049
Std Test AUC: 0.1657
------------------------- time cost ------------------------- 14.867311477661133

-------------Round number: 21-------------

Evaluate global model
Averaged Train Loss: 0.4148
Averaged Test Accurancy: 0.7631
Averaged Test AUC: 0.9173
Std Test Accurancy: 0.3198
Std Test AUC: 0.1761
------------------------- time cost ------------------------- 14.133117198944092

-------------Round number: 22-------------

Evaluate global model
Averaged Train Loss: 0.4609
Averaged Test Accurancy: 0.7552
Averaged Test AUC: 0.9127
Std Test Accurancy: 0.3185
Std Test AUC: 0.1759
------------------------- time cost ------------------------- 15.20418643951416

-------------Round number: 23-------------

Evaluate global model
Averaged Train Loss: 0.4352
Averaged Test Accurancy: 0.7533
Averaged Test AUC: 0.9142
Std Test Accurancy: 0.2954
Std Test AUC: 0.1675
------------------------- time cost ------------------------- 18.635902643203735

-------------Round number: 24-------------

Evaluate global model
Averaged Train Loss: 0.4187
Averaged Test Accurancy: 0.7591
Averaged Test AUC: 0.9189
Std Test Accurancy: 0.2854
Std Test AUC: 0.1597
------------------------- time cost ------------------------- 18.907618522644043

-------------Round number: 25-------------

Evaluate global model
Averaged Train Loss: 0.3953
Averaged Test Accurancy: 0.7604
Averaged Test AUC: 0.9258
Std Test Accurancy: 0.2985
Std Test AUC: 0.1634
------------------------- time cost ------------------------- 16.351985454559326

-------------Round number: 26-------------

Evaluate global model
Averaged Train Loss: 0.3433
Averaged Test Accurancy: 0.7848
Averaged Test AUC: 0.9335
Std Test Accurancy: 0.3061
Std Test AUC: 0.1672
------------------------- time cost ------------------------- 13.545397996902466

-------------Round number: 27-------------

Evaluate global model
Averaged Train Loss: 0.3235
Averaged Test Accurancy: 0.7856
Averaged Test AUC: 0.9320
Std Test Accurancy: 0.3007
Std Test AUC: 0.1692
------------------------- time cost ------------------------- 14.650810241699219

-------------Round number: 28-------------

Evaluate global model
Averaged Train Loss: 0.3491
Averaged Test Accurancy: 0.7874
Averaged Test AUC: 0.9271
Std Test Accurancy: 0.2834
Std Test AUC: 0.1677
------------------------- time cost ------------------------- 14.200571775436401

-------------Round number: 29-------------

Evaluate global model
Averaged Train Loss: 0.4187
Averaged Test Accurancy: 0.7694
Averaged Test AUC: 0.9191
Std Test Accurancy: 0.2911
Std Test AUC: 0.1722
------------------------- time cost ------------------------- 18.29022479057312

-------------Round number: 30-------------

Evaluate global model
Averaged Train Loss: 0.2610
Averaged Test Accurancy: 0.8135
Averaged Test AUC: 0.9433
Std Test Accurancy: 0.2721
Std Test AUC: 0.1626
------------------------- time cost ------------------------- 14.318788290023804

-------------Round number: 31-------------

Evaluate global model
Averaged Train Loss: 0.2335
Averaged Test Accurancy: 0.8209
Averaged Test AUC: 0.9574
Std Test Accurancy: 0.2682
Std Test AUC: 0.1160
------------------------- time cost ------------------------- 14.063325881958008

-------------Round number: 32-------------

Evaluate global model
Averaged Train Loss: 0.1847
Averaged Test Accurancy: 0.8346
Averaged Test AUC: 0.9622
Std Test Accurancy: 0.2473
Std Test AUC: 0.1027
------------------------- time cost ------------------------- 14.55413007736206

-------------Round number: 33-------------

Evaluate global model
Averaged Train Loss: 0.1181
Averaged Test Accurancy: 0.8582
Averaged Test AUC: 0.9736
Std Test Accurancy: 0.2274
Std Test AUC: 0.0923
------------------------- time cost ------------------------- 12.731720685958862

-------------Round number: 34-------------

Evaluate global model
Averaged Train Loss: 0.3043
Averaged Test Accurancy: 0.8087
Averaged Test AUC: 0.9474
Std Test Accurancy: 0.2429
Std Test AUC: 0.1268
------------------------- time cost ------------------------- 16.12143063545227

-------------Round number: 35-------------

Evaluate global model
Averaged Train Loss: 0.1803
Averaged Test Accurancy: 0.8409
Averaged Test AUC: 0.9646
Std Test Accurancy: 0.2532
Std Test AUC: 0.1084
------------------------- time cost ------------------------- 14.25580358505249

-------------Round number: 36-------------

Evaluate global model
Averaged Train Loss: 0.1818
Averaged Test Accurancy: 0.8357
Averaged Test AUC: 0.9644
Std Test Accurancy: 0.2220
Std Test AUC: 0.0956
------------------------- time cost ------------------------- 15.666756391525269

-------------Round number: 37-------------

Evaluate global model
Averaged Train Loss: 0.2527
Averaged Test Accurancy: 0.8167
Averaged Test AUC: 0.9563
Std Test Accurancy: 0.2389
Std Test AUC: 0.1014
------------------------- time cost ------------------------- 17.714802265167236

-------------Round number: 38-------------

Evaluate global model
Averaged Train Loss: 0.2836
Averaged Test Accurancy: 0.8234
Averaged Test AUC: 0.9515
Std Test Accurancy: 0.2526
Std Test AUC: 0.1294
------------------------- time cost ------------------------- 14.853323459625244

-------------Round number: 39-------------

Evaluate global model
Averaged Train Loss: 0.1570
Averaged Test Accurancy: 0.8501
Averaged Test AUC: 0.9698
Std Test Accurancy: 0.2162
Std Test AUC: 0.0890
------------------------- time cost ------------------------- 16.478377103805542

-------------Round number: 40-------------

Evaluate global model
Averaged Train Loss: 0.1828
Averaged Test Accurancy: 0.8409
Averaged Test AUC: 0.9681
Std Test Accurancy: 0.2384
Std Test AUC: 0.0938
------------------------- time cost ------------------------- 14.416698455810547

-------------Round number: 41-------------

Evaluate global model
Averaged Train Loss: 0.2141
Averaged Test Accurancy: 0.8330
Averaged Test AUC: 0.9627
Std Test Accurancy: 0.2372
Std Test AUC: 0.0948
------------------------- time cost ------------------------- 15.719681024551392

-------------Round number: 42-------------

Evaluate global model
Averaged Train Loss: 0.2576
Averaged Test Accurancy: 0.8270
Averaged Test AUC: 0.9521
Std Test Accurancy: 0.2385
Std Test AUC: 0.1184
------------------------- time cost ------------------------- 15.858373403549194

-------------Round number: 43-------------

Evaluate global model
Averaged Train Loss: 0.1666
Averaged Test Accurancy: 0.8424
Averaged Test AUC: 0.9664
Std Test Accurancy: 0.2189
Std Test AUC: 0.0788
------------------------- time cost ------------------------- 13.897860288619995

-------------Round number: 44-------------

Evaluate global model
Averaged Train Loss: 0.2765
Averaged Test Accurancy: 0.8257
Averaged Test AUC: 0.9571
Std Test Accurancy: 0.2564
Std Test AUC: 0.1112
------------------------- time cost ------------------------- 14.425823450088501

-------------Round number: 45-------------

Evaluate global model
Averaged Train Loss: 0.1550
Averaged Test Accurancy: 0.8491
Averaged Test AUC: 0.9673
Std Test Accurancy: 0.2386
Std Test AUC: 0.1066
------------------------- time cost ------------------------- 11.938352346420288

-------------Round number: 46-------------

Evaluate global model
Averaged Train Loss: 0.2832
Averaged Test Accurancy: 0.8153
Averaged Test AUC: 0.9514
Std Test Accurancy: 0.2436
Std Test AUC: 0.1058
------------------------- time cost ------------------------- 15.228095054626465

-------------Round number: 47-------------

Evaluate global model
Averaged Train Loss: 0.2849
Averaged Test Accurancy: 0.8201
Averaged Test AUC: 0.9528
Std Test Accurancy: 0.2827
Std Test AUC: 0.1280
------------------------- time cost ------------------------- 14.04712176322937

-------------Round number: 48-------------

Evaluate global model
Averaged Train Loss: 0.2062
Averaged Test Accurancy: 0.8314
Averaged Test AUC: 0.9623
Std Test Accurancy: 0.2342
Std Test AUC: 0.1079
------------------------- time cost ------------------------- 16.947165727615356

-------------Round number: 49-------------

Evaluate global model
Averaged Train Loss: 0.2426
Averaged Test Accurancy: 0.8253
Averaged Test AUC: 0.9557
Std Test Accurancy: 0.2552
Std Test AUC: 0.1111
------------------------- time cost ------------------------- 14.329783201217651

-------------Round number: 50-------------

Evaluate global model
Averaged Train Loss: 0.1494
Averaged Test Accurancy: 0.8479
Averaged Test AUC: 0.9670
Std Test Accurancy: 0.2160
Std Test AUC: 0.0796
------------------------- time cost ------------------------- 14.726914167404175

-------------Round number: 51-------------

Evaluate global model
Averaged Train Loss: 0.1763
Averaged Test Accurancy: 0.8484
Averaged Test AUC: 0.9665
Std Test Accurancy: 0.2151
Std Test AUC: 0.0855
------------------------- time cost ------------------------- 13.903839826583862

-------------Round number: 52-------------

Evaluate global model
Averaged Train Loss: 0.2271
Averaged Test Accurancy: 0.8250
Averaged Test AUC: 0.9582
Std Test Accurancy: 0.2184
Std Test AUC: 0.0791
------------------------- time cost ------------------------- 15.318215608596802

-------------Round number: 53-------------

Evaluate global model
Averaged Train Loss: 0.1876
Averaged Test Accurancy: 0.8430
Averaged Test AUC: 0.9675
Std Test Accurancy: 0.2163
Std Test AUC: 0.0702
------------------------- time cost ------------------------- 14.689796924591064

-------------Round number: 54-------------

Evaluate global model
Averaged Train Loss: 0.2060
Averaged Test Accurancy: 0.8396
Averaged Test AUC: 0.9582
Std Test Accurancy: 0.2383
Std Test AUC: 0.1226
------------------------- time cost ------------------------- 14.503924369812012

-------------Round number: 55-------------

Evaluate global model
Averaged Train Loss: 0.1879
Averaged Test Accurancy: 0.8415
Averaged Test AUC: 0.9657
Std Test Accurancy: 0.1987
Std Test AUC: 0.0701
------------------------- time cost ------------------------- 16.53543257713318

-------------Round number: 56-------------

Evaluate global model
Averaged Train Loss: 0.2292
Averaged Test Accurancy: 0.8298
Averaged Test AUC: 0.9600
Std Test Accurancy: 0.2113
Std Test AUC: 0.0864
------------------------- time cost ------------------------- 16.00099778175354

-------------Round number: 57-------------

Evaluate global model
Averaged Train Loss: 0.2465
Averaged Test Accurancy: 0.8152
Averaged Test AUC: 0.9588
Std Test Accurancy: 0.1735
Std Test AUC: 0.0633
------------------------- time cost ------------------------- 18.53742003440857

-------------Round number: 58-------------

Evaluate global model
Averaged Train Loss: 0.1940
Averaged Test Accurancy: 0.8398
Averaged Test AUC: 0.9633
Std Test Accurancy: 0.2139
Std Test AUC: 0.0930
------------------------- time cost ------------------------- 14.068915605545044

-------------Round number: 59-------------

Evaluate global model
Averaged Train Loss: 0.3489
Averaged Test Accurancy: 0.8096
Averaged Test AUC: 0.9415
Std Test Accurancy: 0.2209
Std Test AUC: 0.1241
------------------------- time cost ------------------------- 17.052106142044067

-------------Round number: 60-------------

Evaluate global model
Averaged Train Loss: 0.1822
Averaged Test Accurancy: 0.8460
Averaged Test AUC: 0.9624
Std Test Accurancy: 0.2142
Std Test AUC: 0.1075
------------------------- time cost ------------------------- 14.30643105506897

-------------Round number: 61-------------

Evaluate global model
Averaged Train Loss: 0.1798
Averaged Test Accurancy: 0.8501
Averaged Test AUC: 0.9621
Std Test Accurancy: 0.2209
Std Test AUC: 0.1111
------------------------- time cost ------------------------- 13.952350616455078

-------------Round number: 62-------------

Evaluate global model
Averaged Train Loss: 0.1681
Averaged Test Accurancy: 0.8488
Averaged Test AUC: 0.9657
Std Test Accurancy: 0.2183
Std Test AUC: 0.1005
------------------------- time cost ------------------------- 13.790360927581787

-------------Round number: 63-------------

Evaluate global model
Averaged Train Loss: 0.1148
Averaged Test Accurancy: 0.8600
Averaged Test AUC: 0.9726
Std Test Accurancy: 0.2194
Std Test AUC: 0.0928
------------------------- time cost ------------------------- 12.847256898880005

-------------Round number: 64-------------

Evaluate global model
Averaged Train Loss: 0.1936
Averaged Test Accurancy: 0.8419
Averaged Test AUC: 0.9598
Std Test Accurancy: 0.2121
Std Test AUC: 0.1032
------------------------- time cost ------------------------- 15.016366481781006

-------------Round number: 65-------------

Evaluate global model
Averaged Train Loss: 0.2505
Averaged Test Accurancy: 0.8353
Averaged Test AUC: 0.9566
Std Test Accurancy: 0.2295
Std Test AUC: 0.1077
------------------------- time cost ------------------------- 15.140297889709473

-------------Round number: 66-------------

Evaluate global model
Averaged Train Loss: 0.3253
Averaged Test Accurancy: 0.8024
Averaged Test AUC: 0.9488
Std Test Accurancy: 0.2192
Std Test AUC: 0.0927
------------------------- time cost ------------------------- 20.16335129737854

-------------Round number: 67-------------

Evaluate global model
Averaged Train Loss: 0.1358
Averaged Test Accurancy: 0.8602
Averaged Test AUC: 0.9679
Std Test Accurancy: 0.2209
Std Test AUC: 0.1012
------------------------- time cost ------------------------- 17.334876537322998

-------------Round number: 68-------------

Evaluate global model
Averaged Train Loss: 0.2095
Averaged Test Accurancy: 0.8443
Averaged Test AUC: 0.9662
Std Test Accurancy: 0.2339
Std Test AUC: 0.0872
------------------------- time cost ------------------------- 14.909366369247437

-------------Round number: 69-------------

Evaluate global model
Averaged Train Loss: 0.1846
Averaged Test Accurancy: 0.8418
Averaged Test AUC: 0.9650
Std Test Accurancy: 0.2341
Std Test AUC: 0.1065
------------------------- time cost ------------------------- 15.047599792480469

-------------Round number: 70-------------

Evaluate global model
Averaged Train Loss: 0.1800
Averaged Test Accurancy: 0.8461
Averaged Test AUC: 0.9641
Std Test Accurancy: 0.2289
Std Test AUC: 0.0969
------------------------- time cost ------------------------- 13.882810831069946

-------------Round number: 71-------------

Evaluate global model
Averaged Train Loss: 0.1589
Averaged Test Accurancy: 0.8465
Averaged Test AUC: 0.9662
Std Test Accurancy: 0.2339
Std Test AUC: 0.0940
------------------------- time cost ------------------------- 13.032652854919434

-------------Round number: 72-------------

Evaluate global model
Averaged Train Loss: 0.1635
Averaged Test Accurancy: 0.8536
Averaged Test AUC: 0.9645
Std Test Accurancy: 0.2199
Std Test AUC: 0.1033
------------------------- time cost ------------------------- 13.765045166015625

-------------Round number: 73-------------

Evaluate global model
Averaged Train Loss: 0.1954
Averaged Test Accurancy: 0.8371
Averaged Test AUC: 0.9582
Std Test Accurancy: 0.2197
Std Test AUC: 0.0935
------------------------- time cost ------------------------- 15.05196499824524

-------------Round number: 74-------------

Evaluate global model
Averaged Train Loss: 0.2047
Averaged Test Accurancy: 0.8347
Averaged Test AUC: 0.9598
Std Test Accurancy: 0.2421
Std Test AUC: 0.1057
------------------------- time cost ------------------------- 13.595000743865967

-------------Round number: 75-------------

Evaluate global model
Averaged Train Loss: 0.1892
Averaged Test Accurancy: 0.8412
Averaged Test AUC: 0.9634
Std Test Accurancy: 0.2153
Std Test AUC: 0.0839
------------------------- time cost ------------------------- 13.700800657272339

-------------Round number: 76-------------

Evaluate global model
Averaged Train Loss: 0.2115
Averaged Test Accurancy: 0.8376
Averaged Test AUC: 0.9591
Std Test Accurancy: 0.2143
Std Test AUC: 0.0872
------------------------- time cost ------------------------- 16.50057315826416

-------------Round number: 77-------------

Evaluate global model
Averaged Train Loss: 0.1227
Averaged Test Accurancy: 0.8544
Averaged Test AUC: 0.9695
Std Test Accurancy: 0.2177
Std Test AUC: 0.0836
------------------------- time cost ------------------------- 13.692624568939209

-------------Round number: 78-------------

Evaluate global model
Averaged Train Loss: 0.2390
Averaged Test Accurancy: 0.8341
Averaged Test AUC: 0.9536
Std Test Accurancy: 0.2329
Std Test AUC: 0.1095
------------------------- time cost ------------------------- 14.8027024269104

-------------Round number: 79-------------

Evaluate global model
Averaged Train Loss: 0.1561
Averaged Test Accurancy: 0.8465
Averaged Test AUC: 0.9682
Std Test Accurancy: 0.1916
Std Test AUC: 0.0656
------------------------- time cost ------------------------- 14.781684160232544

-------------Round number: 80-------------

Evaluate global model
Averaged Train Loss: 0.1553
Averaged Test Accurancy: 0.8518
Averaged Test AUC: 0.9664
Std Test Accurancy: 0.1945
Std Test AUC: 0.0857
------------------------- time cost ------------------------- 14.30631160736084

-------------Round number: 81-------------

Evaluate global model
Averaged Train Loss: 0.0919
Averaged Test Accurancy: 0.8706
Averaged Test AUC: 0.9759
Std Test Accurancy: 0.1904
Std Test AUC: 0.0732
------------------------- time cost ------------------------- 11.196958541870117

-------------Round number: 82-------------

Evaluate global model
Averaged Train Loss: 0.2362
Averaged Test Accurancy: 0.8297
Averaged Test AUC: 0.9556
Std Test Accurancy: 0.2199
Std Test AUC: 0.0981
------------------------- time cost ------------------------- 14.874348878860474

-------------Round number: 83-------------

Evaluate global model
Averaged Train Loss: 0.1607
Averaged Test Accurancy: 0.8395
Averaged Test AUC: 0.9665
Std Test Accurancy: 0.2060
Std Test AUC: 0.0698
------------------------- time cost ------------------------- 15.069833278656006

-------------Round number: 84-------------

Evaluate global model
Averaged Train Loss: 0.1304
Averaged Test Accurancy: 0.8573
Averaged Test AUC: 0.9713
Std Test Accurancy: 0.2058
Std Test AUC: 0.0867
------------------------- time cost ------------------------- 12.65009093284607

-------------Round number: 85-------------

Evaluate global model
Averaged Train Loss: 0.1836
Averaged Test Accurancy: 0.8397
Averaged Test AUC: 0.9651
Std Test Accurancy: 0.2117
Std Test AUC: 0.0782
------------------------- time cost ------------------------- 14.753357410430908

-------------Round number: 86-------------

Evaluate global model
Averaged Train Loss: 0.2545
Averaged Test Accurancy: 0.8287
Averaged Test AUC: 0.9512
Std Test Accurancy: 0.2341
Std Test AUC: 0.1322
------------------------- time cost ------------------------- 14.485272645950317

-------------Round number: 87-------------

Evaluate global model
Averaged Train Loss: 0.2574
Averaged Test Accurancy: 0.8443
Averaged Test AUC: 0.9511
Std Test Accurancy: 0.1999
Std Test AUC: 0.1049
------------------------- time cost ------------------------- 16.693346977233887

-------------Round number: 88-------------

Evaluate global model
Averaged Train Loss: 0.1235
Averaged Test Accurancy: 0.8651
Averaged Test AUC: 0.9707
Std Test Accurancy: 0.1848
Std Test AUC: 0.0861
------------------------- time cost ------------------------- 14.117882013320923

-------------Round number: 89-------------

Evaluate global model
Averaged Train Loss: 0.0764
Averaged Test Accurancy: 0.8777
Averaged Test AUC: 0.9773
Std Test Accurancy: 0.1718
Std Test AUC: 0.0642
------------------------- time cost ------------------------- 12.489595651626587

-------------Round number: 90-------------

Evaluate global model
Averaged Train Loss: 0.1290
Averaged Test Accurancy: 0.8524
Averaged Test AUC: 0.9714
Std Test Accurancy: 0.1916
Std Test AUC: 0.0699
------------------------- time cost ------------------------- 13.97806429862976

-------------Round number: 91-------------

Evaluate global model
Averaged Train Loss: 0.0965
Averaged Test Accurancy: 0.8698
Averaged Test AUC: 0.9743
Std Test Accurancy: 0.1835
Std Test AUC: 0.0679
------------------------- time cost ------------------------- 12.385102033615112

-------------Round number: 92-------------

Evaluate global model
Averaged Train Loss: 0.1280
Averaged Test Accurancy: 0.8641
Averaged Test AUC: 0.9692
Std Test Accurancy: 0.1922
Std Test AUC: 0.0907
------------------------- time cost ------------------------- 13.04653000831604

-------------Round number: 93-------------

Evaluate global model
Averaged Train Loss: 0.1495
Averaged Test Accurancy: 0.8560
Averaged Test AUC: 0.9688
Std Test Accurancy: 0.1964
Std Test AUC: 0.0741
------------------------- time cost ------------------------- 13.98399829864502

-------------Round number: 94-------------

Evaluate global model
Averaged Train Loss: 0.1675
Averaged Test Accurancy: 0.8491
Averaged Test AUC: 0.9654
Std Test Accurancy: 0.1995
Std Test AUC: 0.0838
------------------------- time cost ------------------------- 14.648128747940063

-------------Round number: 95-------------

Evaluate global model
Averaged Train Loss: 0.2489
Averaged Test Accurancy: 0.8340
Averaged Test AUC: 0.9584
Std Test Accurancy: 0.1864
Std Test AUC: 0.0847
------------------------- time cost ------------------------- 19.305230855941772

-------------Round number: 96-------------

Evaluate global model
Averaged Train Loss: 0.2201
Averaged Test Accurancy: 0.8331
Averaged Test AUC: 0.9599
Std Test Accurancy: 0.2128
Std Test AUC: 0.0910
------------------------- time cost ------------------------- 18.868021726608276

-------------Round number: 97-------------

Evaluate global model
Averaged Train Loss: 0.2057
Averaged Test Accurancy: 0.8354
Averaged Test AUC: 0.9623
Std Test Accurancy: 0.1982
Std Test AUC: 0.0786
------------------------- time cost ------------------------- 15.898460388183594

-------------Round number: 98-------------

Evaluate global model
Averaged Train Loss: 0.1269
Averaged Test Accurancy: 0.8612
Averaged Test AUC: 0.9702
Std Test Accurancy: 0.1937
Std Test AUC: 0.0862
------------------------- time cost ------------------------- 15.67829442024231

-------------Round number: 99-------------

Evaluate global model
Averaged Train Loss: 0.2936
Averaged Test Accurancy: 0.8231
Averaged Test AUC: 0.9509
Std Test Accurancy: 0.2356
Std Test AUC: 0.0978
------------------------- time cost ------------------------- 16.017321825027466

-------------Round number: 100-------------

Evaluate global model
Averaged Train Loss: 0.2763
Averaged Test Accurancy: 0.8230
Averaged Test AUC: 0.9498
Std Test Accurancy: 0.2244
Std Test AUC: 0.1100
------------------------- time cost ------------------------- 16.53483510017395

-------------Round number: 101-------------

Evaluate global model
Averaged Train Loss: 0.1020
Averaged Test Accurancy: 0.8680
Averaged Test AUC: 0.9728
Std Test Accurancy: 0.2057
Std Test AUC: 0.0804
------------------------- time cost ------------------------- 13.167839288711548

-------------Round number: 102-------------

Evaluate global model
Averaged Train Loss: 0.1857
Averaged Test Accurancy: 0.8401
Averaged Test AUC: 0.9628
Std Test Accurancy: 0.2119
Std Test AUC: 0.0858
------------------------- time cost ------------------------- 15.65735149383545

-------------Round number: 103-------------

Evaluate global model
Averaged Train Loss: 0.1260
Averaged Test Accurancy: 0.8544
Averaged Test AUC: 0.9705
Std Test Accurancy: 0.2133
Std Test AUC: 0.0792
------------------------- time cost ------------------------- 14.047838687896729

-------------Round number: 104-------------

Evaluate global model
Averaged Train Loss: 0.1419
Averaged Test Accurancy: 0.8543
Averaged Test AUC: 0.9683
Std Test Accurancy: 0.2099
Std Test AUC: 0.0767
------------------------- time cost ------------------------- 14.793400526046753

-------------Round number: 105-------------

Evaluate global model
Averaged Train Loss: 0.1568
Averaged Test Accurancy: 0.8459
Averaged Test AUC: 0.9694
Std Test Accurancy: 0.1968
Std Test AUC: 0.0654
------------------------- time cost ------------------------- 16.470609188079834

-------------Round number: 106-------------

Evaluate global model
Averaged Train Loss: 0.1196
Averaged Test Accurancy: 0.8599
Averaged Test AUC: 0.9717
Std Test Accurancy: 0.1969
Std Test AUC: 0.0658
------------------------- time cost ------------------------- 13.45490050315857

-------------Round number: 107-------------

Evaluate global model
Averaged Train Loss: 0.1256
Averaged Test Accurancy: 0.8623
Averaged Test AUC: 0.9706
Std Test Accurancy: 0.2019
Std Test AUC: 0.0780
------------------------- time cost ------------------------- 12.887934684753418

-------------Round number: 108-------------

Evaluate global model
Averaged Train Loss: 0.1735
Averaged Test Accurancy: 0.8517
Averaged Test AUC: 0.9663
Std Test Accurancy: 0.1945
Std Test AUC: 0.0707
------------------------- time cost ------------------------- 18.622936010360718

-------------Round number: 109-------------

Evaluate global model
Averaged Train Loss: 0.2138
Averaged Test Accurancy: 0.8437
Averaged Test AUC: 0.9594
Std Test Accurancy: 0.2071
Std Test AUC: 0.0816
------------------------- time cost ------------------------- 15.219935417175293

-------------Round number: 110-------------

Evaluate global model
Averaged Train Loss: 0.1243
Averaged Test Accurancy: 0.8648
Averaged Test AUC: 0.9705
Std Test Accurancy: 0.1818
Std Test AUC: 0.0641
------------------------- time cost ------------------------- 16.859863996505737

-------------Round number: 111-------------

Evaluate global model
Averaged Train Loss: 0.1658
Averaged Test Accurancy: 0.8494
Averaged Test AUC: 0.9638
Std Test Accurancy: 0.2215
Std Test AUC: 0.0875
------------------------- time cost ------------------------- 12.757690191268921

-------------Round number: 112-------------

Evaluate global model
Averaged Train Loss: 0.1168
Averaged Test Accurancy: 0.8667
Averaged Test AUC: 0.9708
Std Test Accurancy: 0.2042
Std Test AUC: 0.0922
------------------------- time cost ------------------------- 12.969047784805298

-------------Round number: 113-------------

Evaluate global model
Averaged Train Loss: 0.2064
Averaged Test Accurancy: 0.8408
Averaged Test AUC: 0.9579
Std Test Accurancy: 0.2050
Std Test AUC: 0.0895
------------------------- time cost ------------------------- 14.989449977874756

-------------Round number: 114-------------

Evaluate global model
Averaged Train Loss: 0.1386
Averaged Test Accurancy: 0.8561
Averaged Test AUC: 0.9659
Std Test Accurancy: 0.2065
Std Test AUC: 0.0876
------------------------- time cost ------------------------- 13.513733625411987

-------------Round number: 115-------------

Evaluate global model
Averaged Train Loss: 0.1164
Averaged Test Accurancy: 0.8701
Averaged Test AUC: 0.9681
Std Test Accurancy: 0.2101
Std Test AUC: 0.0876
------------------------- time cost ------------------------- 12.635327816009521

-------------Round number: 116-------------

Evaluate global model
Averaged Train Loss: 0.2775
Averaged Test Accurancy: 0.8294
Averaged Test AUC: 0.9528
Std Test Accurancy: 0.2123
Std Test AUC: 0.0863
------------------------- time cost ------------------------- 16.22340178489685

-------------Round number: 117-------------

Evaluate global model
Averaged Train Loss: 0.1010
Averaged Test Accurancy: 0.8727
Averaged Test AUC: 0.9715
Std Test Accurancy: 0.2035
Std Test AUC: 0.0772
------------------------- time cost ------------------------- 11.907355546951294

-------------Round number: 118-------------

Evaluate global model
Averaged Train Loss: 0.2263
Averaged Test Accurancy: 0.8434
Averaged Test AUC: 0.9571
Std Test Accurancy: 0.2111
Std Test AUC: 0.0956
------------------------- time cost ------------------------- 17.69461417198181

-------------Round number: 119-------------

Evaluate global model
Averaged Train Loss: 0.1160
Averaged Test Accurancy: 0.8687
Averaged Test AUC: 0.9715
Std Test Accurancy: 0.2122
Std Test AUC: 0.0745
------------------------- time cost ------------------------- 13.043286085128784

-------------Round number: 120-------------

Evaluate global model
Averaged Train Loss: 0.1341
Averaged Test Accurancy: 0.8659
Averaged Test AUC: 0.9675
Std Test Accurancy: 0.2081
Std Test AUC: 0.0763
------------------------- time cost ------------------------- 13.565375089645386

-------------Round number: 121-------------

Evaluate global model
Averaged Train Loss: 0.1408
Averaged Test Accurancy: 0.8578
Averaged Test AUC: 0.9648
Std Test Accurancy: 0.1973
Std Test AUC: 0.0717
------------------------- time cost ------------------------- 14.399327278137207

-------------Round number: 122-------------

Evaluate global model
Averaged Train Loss: 0.2237
Averaged Test Accurancy: 0.8353
Averaged Test AUC: 0.9541
Std Test Accurancy: 0.2258
Std Test AUC: 0.0979
------------------------- time cost ------------------------- 14.789395809173584

-------------Round number: 123-------------

Evaluate global model
Averaged Train Loss: 0.1315
Averaged Test Accurancy: 0.8631
Averaged Test AUC: 0.9677
Std Test Accurancy: 0.2054
Std Test AUC: 0.0751
------------------------- time cost ------------------------- 15.019503355026245

-------------Round number: 124-------------

Evaluate global model
Averaged Train Loss: 0.1918
Averaged Test Accurancy: 0.8496
Averaged Test AUC: 0.9590
Std Test Accurancy: 0.1921
Std Test AUC: 0.0877
------------------------- time cost ------------------------- 18.665919065475464

-------------Round number: 125-------------

Evaluate global model
Averaged Train Loss: 0.1982
Averaged Test Accurancy: 0.8461
Averaged Test AUC: 0.9581
Std Test Accurancy: 0.2194
Std Test AUC: 0.0908
------------------------- time cost ------------------------- 14.720285415649414

-------------Round number: 126-------------

Evaluate global model
Averaged Train Loss: 0.1430
Averaged Test Accurancy: 0.8514
Averaged Test AUC: 0.9655
Std Test Accurancy: 0.2065
Std Test AUC: 0.0843
------------------------- time cost ------------------------- 15.205921411514282

-------------Round number: 127-------------

Evaluate global model
Averaged Train Loss: 0.1446
Averaged Test Accurancy: 0.8507
Averaged Test AUC: 0.9655
Std Test Accurancy: 0.2154
Std Test AUC: 0.0732
------------------------- time cost ------------------------- 14.915884971618652

-------------Round number: 128-------------

Evaluate global model
Averaged Train Loss: 0.1257
Averaged Test Accurancy: 0.8606
Averaged Test AUC: 0.9679
Std Test Accurancy: 0.2016
Std Test AUC: 0.0708
------------------------- time cost ------------------------- 15.428430557250977

-------------Round number: 129-------------

Evaluate global model
Averaged Train Loss: 0.1977
Averaged Test Accurancy: 0.8372
Averaged Test AUC: 0.9596
Std Test Accurancy: 0.2097
Std Test AUC: 0.0781
------------------------- time cost ------------------------- 16.779200792312622

-------------Round number: 130-------------

Evaluate global model
Averaged Train Loss: 0.1633
Averaged Test Accurancy: 0.8484
Averaged Test AUC: 0.9616
Std Test Accurancy: 0.2343
Std Test AUC: 0.1004
------------------------- time cost ------------------------- 15.72711730003357

-------------Round number: 131-------------

Evaluate global model
Averaged Train Loss: 0.1069
Averaged Test Accurancy: 0.8589
Averaged Test AUC: 0.9701
Std Test Accurancy: 0.2384
Std Test AUC: 0.0886
------------------------- time cost ------------------------- 13.661030769348145

-------------Round number: 132-------------

Evaluate global model
Averaged Train Loss: 0.1925
Averaged Test Accurancy: 0.8402
Averaged Test AUC: 0.9617
Std Test Accurancy: 0.2240
Std Test AUC: 0.0797
------------------------- time cost ------------------------- 14.789420366287231

-------------Round number: 133-------------

Evaluate global model
Averaged Train Loss: 0.1266
Averaged Test Accurancy: 0.8647
Averaged Test AUC: 0.9670
Std Test Accurancy: 0.1921
Std Test AUC: 0.0689
------------------------- time cost ------------------------- 16.04761266708374

-------------Round number: 134-------------

Evaluate global model
Averaged Train Loss: 0.1766
Averaged Test Accurancy: 0.8448
Averaged Test AUC: 0.9624
Std Test Accurancy: 0.2211
Std Test AUC: 0.0778
------------------------- time cost ------------------------- 14.508651733398438

-------------Round number: 135-------------

Evaluate global model
Averaged Train Loss: 0.1297
Averaged Test Accurancy: 0.8633
Averaged Test AUC: 0.9689
Std Test Accurancy: 0.1968
Std Test AUC: 0.0660
------------------------- time cost ------------------------- 18.929214239120483

-------------Round number: 136-------------

Evaluate global model
Averaged Train Loss: 0.1550
Averaged Test Accurancy: 0.8488
Averaged Test AUC: 0.9635
Std Test Accurancy: 0.2099
Std Test AUC: 0.0808
------------------------- time cost ------------------------- 14.092441082000732

-------------Round number: 137-------------

Evaluate global model
Averaged Train Loss: 0.1694
Averaged Test Accurancy: 0.8436
Averaged Test AUC: 0.9623
Std Test Accurancy: 0.2066
Std Test AUC: 0.0811
------------------------- time cost ------------------------- 16.13271474838257

-------------Round number: 138-------------

Evaluate global model
Averaged Train Loss: 0.1484
Averaged Test Accurancy: 0.8575
Averaged Test AUC: 0.9617
Std Test Accurancy: 0.2090
Std Test AUC: 0.0928
------------------------- time cost ------------------------- 13.548860311508179

-------------Round number: 139-------------

Evaluate global model
Averaged Train Loss: 0.1522
Averaged Test Accurancy: 0.8564
Averaged Test AUC: 0.9660
Std Test Accurancy: 0.2009
Std Test AUC: 0.0744
------------------------- time cost ------------------------- 14.997190713882446

-------------Round number: 140-------------

Evaluate global model
Averaged Train Loss: 0.0844
Averaged Test Accurancy: 0.8706
Averaged Test AUC: 0.9727
Std Test Accurancy: 0.1997
Std Test AUC: 0.0732
------------------------- time cost ------------------------- 12.974899768829346

-------------Round number: 141-------------

Evaluate global model
Averaged Train Loss: 0.2756
Averaged Test Accurancy: 0.8248
Averaged Test AUC: 0.9484
Std Test Accurancy: 0.2166
Std Test AUC: 0.1000
------------------------- time cost ------------------------- 20.49641180038452

-------------Round number: 142-------------

Evaluate global model
Averaged Train Loss: 0.1184
Averaged Test Accurancy: 0.8670
Averaged Test AUC: 0.9667
Std Test Accurancy: 0.2119
Std Test AUC: 0.0848
------------------------- time cost ------------------------- 14.82128119468689

-------------Round number: 143-------------

Evaluate global model
Averaged Train Loss: 0.1140
Averaged Test Accurancy: 0.8626
Averaged Test AUC: 0.9688
Std Test Accurancy: 0.1853
Std Test AUC: 0.0638
------------------------- time cost ------------------------- 15.676769018173218

-------------Round number: 144-------------

Evaluate global model
Averaged Train Loss: 0.1960
Averaged Test Accurancy: 0.8420
Averaged Test AUC: 0.9583
Std Test Accurancy: 0.2030
Std Test AUC: 0.0769
------------------------- time cost ------------------------- 16.281556844711304

-------------Round number: 145-------------

Evaluate global model
Averaged Train Loss: 0.1563
Averaged Test Accurancy: 0.8517
Averaged Test AUC: 0.9647
Std Test Accurancy: 0.1993
Std Test AUC: 0.0684
------------------------- time cost ------------------------- 21.116641521453857

-------------Round number: 146-------------

Evaluate global model
Averaged Train Loss: 0.2395
Averaged Test Accurancy: 0.8352
Averaged Test AUC: 0.9509
Std Test Accurancy: 0.2287
Std Test AUC: 0.1095
------------------------- time cost ------------------------- 16.27112078666687

-------------Round number: 147-------------

Evaluate global model
Averaged Train Loss: 0.1386
Averaged Test Accurancy: 0.8552
Averaged Test AUC: 0.9659
Std Test Accurancy: 0.2101
Std Test AUC: 0.0760
------------------------- time cost ------------------------- 15.638915777206421

-------------Round number: 148-------------

Evaluate global model
Averaged Train Loss: 0.1377
Averaged Test Accurancy: 0.8553
Averaged Test AUC: 0.9661
Std Test Accurancy: 0.2114
Std Test AUC: 0.0718
------------------------- time cost ------------------------- 18.599223136901855

-------------Round number: 149-------------

Evaluate global model
Averaged Train Loss: 0.1207
Averaged Test Accurancy: 0.8680
Averaged Test AUC: 0.9696
Std Test Accurancy: 0.2015
Std Test AUC: 0.0686
------------------------- time cost ------------------------- 15.488789558410645

Best global accuracy.
0.8777136028679546

Average time cost per round.
15.327483966046533
File path: ../results/Cifar10_FedAvg_resnet_gr150_ls10_bs64_lr0.005.h5

Average time cost: 2309.58s.
Length:  150
std for best accurancy: 0.0
mean for best accurancy: 0.8777136028679546
All done!

Storage on cuda:0
-------------------------------------------------------------------------------
Total Tensors: 2226127998 	Used Memory: 8.29G
The allocated memory on cuda:0: 8.53G
Memory differs due to the matrix alignment or invisible gradient buffer tensors
-------------------------------------------------------------------------------
