==================================================
Algorithm: FedAvg
Local batch size: 16
Local steps: 10
Local learing rate: 0.005
Total number of clients: 100
Clients join in each round: 0.1
Client drop rate: 0.0
Time select: False
Time threthold: 10000
Global rounds: 150
Running times: 1
Dataset: Cifar10
Local model: resnet
Using device: cuda
Cuda device id: 0
==================================================

============= Running time: 0th =============
Creating server and clients ...

Join ratio / total clients: 0.1 / 100
Finished creating server and clients.

-------------Round number: 0-------------

Evaluate global model
Averaged Train Loss: 2.4417
Averaged Test Accurancy: 0.1085
Averaged Test AUC: 0.4929
Std Test Accurancy: 0.1341
Std Test AUC: 0.2022
------------------------- time cost ------------------------- 44.231966972351074

-------------Round number: 1-------------

Evaluate global model
Averaged Train Loss: 2.1374
Averaged Test Accurancy: 0.2092
Averaged Test AUC: 0.5691
Std Test Accurancy: 0.2412
Std Test AUC: 0.2393
------------------------- time cost ------------------------- 34.54987192153931

-------------Round number: 2-------------

Evaluate global model
Averaged Train Loss: 1.9221
Averaged Test Accurancy: 0.2828
Averaged Test AUC: 0.6134
Std Test Accurancy: 0.3229
Std Test AUC: 0.2631
------------------------- time cost ------------------------- 31.03646993637085

-------------Round number: 3-------------

Evaluate global model
Averaged Train Loss: 1.7273
Averaged Test Accurancy: 0.3399
Averaged Test AUC: 0.6635
Std Test Accurancy: 0.3515
Std Test AUC: 0.2716
------------------------- time cost ------------------------- 34.19798040390015

-------------Round number: 4-------------

Evaluate global model
Averaged Train Loss: 1.5798
Averaged Test Accurancy: 0.3839
Averaged Test AUC: 0.6947
Std Test Accurancy: 0.3792
Std Test AUC: 0.2822
------------------------- time cost ------------------------- 41.208672761917114

-------------Round number: 5-------------

Evaluate global model
Averaged Train Loss: 1.4066
Averaged Test Accurancy: 0.4508
Averaged Test AUC: 0.7216
Std Test Accurancy: 0.3943
Std Test AUC: 0.2813
------------------------- time cost ------------------------- 33.54563283920288

-------------Round number: 6-------------

Evaluate global model
Averaged Train Loss: 1.3866
Averaged Test Accurancy: 0.4651
Averaged Test AUC: 0.7377
Std Test Accurancy: 0.3938
Std Test AUC: 0.2782
------------------------- time cost ------------------------- 37.94540023803711

-------------Round number: 7-------------

Evaluate global model
Averaged Train Loss: 1.4084
Averaged Test Accurancy: 0.4785
Averaged Test AUC: 0.7416
Std Test Accurancy: 0.3915
Std Test AUC: 0.2797
------------------------- time cost ------------------------- 38.45613884925842

-------------Round number: 8-------------

Evaluate global model
Averaged Train Loss: 1.2193
Averaged Test Accurancy: 0.5238
Averaged Test AUC: 0.7837
Std Test Accurancy: 0.3964
Std Test AUC: 0.2734
------------------------- time cost ------------------------- 50.603683948516846

-------------Round number: 9-------------

Evaluate global model
Averaged Train Loss: 1.0602
Averaged Test Accurancy: 0.5775
Averaged Test AUC: 0.8080
Std Test Accurancy: 0.3962
Std Test AUC: 0.2738
------------------------- time cost ------------------------- 39.89860391616821

-------------Round number: 10-------------

Evaluate global model
Averaged Train Loss: 0.8045
Averaged Test Accurancy: 0.6458
Averaged Test AUC: 0.8571
Std Test Accurancy: 0.3739
Std Test AUC: 0.2376
------------------------- time cost ------------------------- 35.050822496414185

-------------Round number: 11-------------

Evaluate global model
Averaged Train Loss: 0.8450
Averaged Test Accurancy: 0.6483
Averaged Test AUC: 0.8488
Std Test Accurancy: 0.3717
Std Test AUC: 0.2462
------------------------- time cost ------------------------- 36.43620824813843

-------------Round number: 12-------------

Evaluate global model
Averaged Train Loss: 0.7087
Averaged Test Accurancy: 0.6803
Averaged Test AUC: 0.8718
Std Test Accurancy: 0.3526
Std Test AUC: 0.2301
------------------------- time cost ------------------------- 40.55965971946716

-------------Round number: 13-------------

Evaluate global model
Averaged Train Loss: 0.6933
Averaged Test Accurancy: 0.6963
Averaged Test AUC: 0.8817
Std Test Accurancy: 0.3560
Std Test AUC: 0.2323
------------------------- time cost ------------------------- 35.52187252044678

-------------Round number: 14-------------

Evaluate global model
Averaged Train Loss: 0.8205
Averaged Test Accurancy: 0.6759
Averaged Test AUC: 0.8725
Std Test Accurancy: 0.3558
Std Test AUC: 0.2259
------------------------- time cost ------------------------- 39.677263021469116

-------------Round number: 15-------------

Evaluate global model
Averaged Train Loss: 0.6461
Averaged Test Accurancy: 0.7086
Averaged Test AUC: 0.8884
Std Test Accurancy: 0.3406
Std Test AUC: 0.2144
------------------------- time cost ------------------------- 36.69995069503784

-------------Round number: 16-------------

Evaluate global model
Averaged Train Loss: 0.6531
Averaged Test Accurancy: 0.7202
Averaged Test AUC: 0.8944
Std Test Accurancy: 0.3368
Std Test AUC: 0.2065
------------------------- time cost ------------------------- 36.00890398025513

-------------Round number: 17-------------

Evaluate global model
Averaged Train Loss: 0.4674
Averaged Test Accurancy: 0.7566
Averaged Test AUC: 0.9193
Std Test Accurancy: 0.3045
Std Test AUC: 0.1808
------------------------- time cost ------------------------- 36.64743685722351

-------------Round number: 18-------------

Evaluate global model
Averaged Train Loss: 0.5386
Averaged Test Accurancy: 0.7547
Averaged Test AUC: 0.9115
Std Test Accurancy: 0.3148
Std Test AUC: 0.2046
------------------------- time cost ------------------------- 35.50783824920654

-------------Round number: 19-------------

Evaluate global model
Averaged Train Loss: 0.4864
Averaged Test Accurancy: 0.7722
Averaged Test AUC: 0.9184
Std Test Accurancy: 0.3078
Std Test AUC: 0.2008
------------------------- time cost ------------------------- 30.26316785812378

-------------Round number: 20-------------

Evaluate global model
Averaged Train Loss: 0.5245
Averaged Test Accurancy: 0.7649
Averaged Test AUC: 0.9189
Std Test Accurancy: 0.2980
Std Test AUC: 0.1845
------------------------- time cost ------------------------- 36.332890033721924

-------------Round number: 21-------------

Evaluate global model
Averaged Train Loss: 0.4829
Averaged Test Accurancy: 0.7797
Averaged Test AUC: 0.9290
Std Test Accurancy: 0.2837
Std Test AUC: 0.1653
------------------------- time cost ------------------------- 36.594372272491455

-------------Round number: 22-------------

Evaluate global model
Averaged Train Loss: 0.4221
Averaged Test Accurancy: 0.7963
Averaged Test AUC: 0.9371
Std Test Accurancy: 0.2886
Std Test AUC: 0.1711
------------------------- time cost ------------------------- 31.202155590057373

-------------Round number: 23-------------

Evaluate global model
Averaged Train Loss: 0.3019
Averaged Test Accurancy: 0.8201
Averaged Test AUC: 0.9489
Std Test Accurancy: 0.2903
Std Test AUC: 0.1466
------------------------- time cost ------------------------- 25.00165581703186

-------------Round number: 24-------------

Evaluate global model
Averaged Train Loss: 0.3627
Averaged Test Accurancy: 0.8090
Averaged Test AUC: 0.9402
Std Test Accurancy: 0.2594
Std Test AUC: 0.1444
------------------------- time cost ------------------------- 29.87590503692627

-------------Round number: 25-------------

Evaluate global model
Averaged Train Loss: 0.4207
Averaged Test Accurancy: 0.7847
Averaged Test AUC: 0.9351
Std Test Accurancy: 0.2528
Std Test AUC: 0.1368
------------------------- time cost ------------------------- 40.70329785346985

-------------Round number: 26-------------

Evaluate global model
Averaged Train Loss: 0.3969
Averaged Test Accurancy: 0.8013
Averaged Test AUC: 0.9368
Std Test Accurancy: 0.2552
Std Test AUC: 0.1568
------------------------- time cost ------------------------- 34.73695683479309

-------------Round number: 27-------------

Evaluate global model
Averaged Train Loss: 0.5019
Averaged Test Accurancy: 0.7737
Averaged Test AUC: 0.9266
Std Test Accurancy: 0.2539
Std Test AUC: 0.1397
------------------------- time cost ------------------------- 41.921467304229736

-------------Round number: 28-------------

Evaluate global model
Averaged Train Loss: 0.3800
Averaged Test Accurancy: 0.8169
Averaged Test AUC: 0.9485
Std Test Accurancy: 0.2571
Std Test AUC: 0.1316
------------------------- time cost ------------------------- 30.328861474990845

-------------Round number: 29-------------

Evaluate global model
Averaged Train Loss: 0.4520
Averaged Test Accurancy: 0.7844
Averaged Test AUC: 0.9347
Std Test Accurancy: 0.2443
Std Test AUC: 0.1364
------------------------- time cost ------------------------- 41.572192430496216

-------------Round number: 30-------------

Evaluate global model
Averaged Train Loss: 0.4616
Averaged Test Accurancy: 0.8055
Averaged Test AUC: 0.9411
Std Test Accurancy: 0.2611
Std Test AUC: 0.1434
------------------------- time cost ------------------------- 34.324509143829346

-------------Round number: 31-------------

Evaluate global model
Averaged Train Loss: 0.3135
Averaged Test Accurancy: 0.8248
Averaged Test AUC: 0.9484
Std Test Accurancy: 0.2191
Std Test AUC: 0.1257
------------------------- time cost ------------------------- 38.77100944519043

-------------Round number: 32-------------

Evaluate global model
Averaged Train Loss: 0.3902
Averaged Test Accurancy: 0.8150
Averaged Test AUC: 0.9439
Std Test Accurancy: 0.2328
Std Test AUC: 0.1307
------------------------- time cost ------------------------- 38.76596546173096

-------------Round number: 33-------------

Evaluate global model
Averaged Train Loss: 0.3803
Averaged Test Accurancy: 0.8199
Averaged Test AUC: 0.9479
Std Test Accurancy: 0.2181
Std Test AUC: 0.1119
------------------------- time cost ------------------------- 38.95532774925232

-------------Round number: 34-------------

Evaluate global model
Averaged Train Loss: 0.2190
Averaged Test Accurancy: 0.8495
Averaged Test AUC: 0.9626
Std Test Accurancy: 0.2060
Std Test AUC: 0.1086
------------------------- time cost ------------------------- 30.07908320426941

-------------Round number: 35-------------

Evaluate global model
Averaged Train Loss: 0.3866
Averaged Test Accurancy: 0.8201
Averaged Test AUC: 0.9466
Std Test Accurancy: 0.2343
Std Test AUC: 0.1330
------------------------- time cost ------------------------- 36.265416860580444

-------------Round number: 36-------------

Evaluate global model
Averaged Train Loss: 0.2579
Averaged Test Accurancy: 0.8291
Averaged Test AUC: 0.9612
Std Test Accurancy: 0.1983
Std Test AUC: 0.0983
------------------------- time cost ------------------------- 41.89797234535217

-------------Round number: 37-------------

Evaluate global model
Averaged Train Loss: 0.4532
Averaged Test Accurancy: 0.8201
Averaged Test AUC: 0.9432
Std Test Accurancy: 0.2492
Std Test AUC: 0.1333
------------------------- time cost ------------------------- 36.43012070655823

-------------Round number: 38-------------

Evaluate global model
Averaged Train Loss: 0.4274
Averaged Test Accurancy: 0.8154
Averaged Test AUC: 0.9429
Std Test Accurancy: 0.2310
Std Test AUC: 0.1267
------------------------- time cost ------------------------- 39.50890922546387

-------------Round number: 39-------------

Evaluate global model
Averaged Train Loss: 0.2576
Averaged Test Accurancy: 0.8542
Averaged Test AUC: 0.9657
Std Test Accurancy: 0.2384
Std Test AUC: 0.1084
------------------------- time cost ------------------------- 31.250908374786377

-------------Round number: 40-------------

Evaluate global model
Averaged Train Loss: 0.1963
Averaged Test Accurancy: 0.8577
Averaged Test AUC: 0.9665
Std Test Accurancy: 0.2264
Std Test AUC: 0.1195
------------------------- time cost ------------------------- 30.65817928314209

-------------Round number: 41-------------

Evaluate global model
Averaged Train Loss: 0.2229
Averaged Test Accurancy: 0.8555
Averaged Test AUC: 0.9629
Std Test Accurancy: 0.2179
Std Test AUC: 0.1170
------------------------- time cost ------------------------- 33.05703616142273

-------------Round number: 42-------------

Evaluate global model
Averaged Train Loss: 0.3231
Averaged Test Accurancy: 0.8379
Averaged Test AUC: 0.9518
Std Test Accurancy: 0.2296
Std Test AUC: 0.1274
------------------------- time cost ------------------------- 36.19169211387634

-------------Round number: 43-------------

Evaluate global model
Averaged Train Loss: 0.3532
Averaged Test Accurancy: 0.8245
Averaged Test AUC: 0.9489
Std Test Accurancy: 0.2210
Std Test AUC: 0.1183
------------------------- time cost ------------------------- 43.659507274627686

-------------Round number: 44-------------

Evaluate global model
Averaged Train Loss: 0.3154
Averaged Test Accurancy: 0.8368
Averaged Test AUC: 0.9508
Std Test Accurancy: 0.2214
Std Test AUC: 0.1211
------------------------- time cost ------------------------- 42.59886693954468

-------------Round number: 45-------------

Evaluate global model
Averaged Train Loss: 0.3191
Averaged Test Accurancy: 0.8256
Averaged Test AUC: 0.9500
Std Test Accurancy: 0.2063
Std Test AUC: 0.1117
------------------------- time cost ------------------------- 50.104554891586304

-------------Round number: 46-------------

Evaluate global model
Averaged Train Loss: 0.2516
Averaged Test Accurancy: 0.8493
Averaged Test AUC: 0.9599
Std Test Accurancy: 0.2432
Std Test AUC: 0.1361
------------------------- time cost ------------------------- 35.40994071960449

-------------Round number: 47-------------

Evaluate global model
Averaged Train Loss: 0.3501
Averaged Test Accurancy: 0.8125
Averaged Test AUC: 0.9576
Std Test Accurancy: 0.1699
Std Test AUC: 0.0570
------------------------- time cost ------------------------- 56.14911127090454

-------------Round number: 48-------------

Evaluate global model
Averaged Train Loss: 0.2187
Averaged Test Accurancy: 0.8670
Averaged Test AUC: 0.9691
Std Test Accurancy: 0.2086
Std Test AUC: 0.0995
------------------------- time cost ------------------------- 32.19366812705994

-------------Round number: 49-------------

Evaluate global model
Averaged Train Loss: 0.5236
Averaged Test Accurancy: 0.8181
Averaged Test AUC: 0.9421
Std Test Accurancy: 0.2427
Std Test AUC: 0.1288
------------------------- time cost ------------------------- 43.82462501525879

-------------Round number: 50-------------

Evaluate global model
Averaged Train Loss: 0.2496
Averaged Test Accurancy: 0.8502
Averaged Test AUC: 0.9637
Std Test Accurancy: 0.1884
Std Test AUC: 0.0903
------------------------- time cost ------------------------- 42.153151512145996

-------------Round number: 51-------------

Evaluate global model
Averaged Train Loss: 0.2102
Averaged Test Accurancy: 0.8581
Averaged Test AUC: 0.9681
Std Test Accurancy: 0.2056
Std Test AUC: 0.0823
------------------------- time cost ------------------------- 35.14199686050415

-------------Round number: 52-------------

Evaluate global model
Averaged Train Loss: 0.2362
Averaged Test Accurancy: 0.8620
Averaged Test AUC: 0.9703
Std Test Accurancy: 0.2287
Std Test AUC: 0.1057
------------------------- time cost ------------------------- 34.881940841674805

-------------Round number: 53-------------

Evaluate global model
Averaged Train Loss: 0.2960
Averaged Test Accurancy: 0.8468
Averaged Test AUC: 0.9575
Std Test Accurancy: 0.2018
Std Test AUC: 0.0948
------------------------- time cost ------------------------- 40.26077461242676

-------------Round number: 54-------------

Evaluate global model
Averaged Train Loss: 0.2082
Averaged Test Accurancy: 0.8715
Averaged Test AUC: 0.9696
Std Test Accurancy: 0.1786
Std Test AUC: 0.0896
------------------------- time cost ------------------------- 33.60357880592346

-------------Round number: 55-------------

Evaluate global model
Averaged Train Loss: 0.2802
Averaged Test Accurancy: 0.8439
Averaged Test AUC: 0.9573
Std Test Accurancy: 0.2112
Std Test AUC: 0.1022
------------------------- time cost ------------------------- 39.79176950454712

-------------Round number: 56-------------

Evaluate global model
Averaged Train Loss: 0.1669
Averaged Test Accurancy: 0.8739
Averaged Test AUC: 0.9732
Std Test Accurancy: 0.1743
Std Test AUC: 0.0695
------------------------- time cost ------------------------- 34.66174030303955

-------------Round number: 57-------------

Evaluate global model
Averaged Train Loss: 0.2114
Averaged Test Accurancy: 0.8660
Averaged Test AUC: 0.9739
Std Test Accurancy: 0.2191
Std Test AUC: 0.0893
------------------------- time cost ------------------------- 36.9570574760437

-------------Round number: 58-------------

Evaluate global model
Averaged Train Loss: 0.1900
Averaged Test Accurancy: 0.8666
Averaged Test AUC: 0.9729
Std Test Accurancy: 0.2118
Std Test AUC: 0.0838
------------------------- time cost ------------------------- 34.86375451087952

-------------Round number: 59-------------

Evaluate global model
Averaged Train Loss: 0.3615
Averaged Test Accurancy: 0.8358
Averaged Test AUC: 0.9554
Std Test Accurancy: 0.2248
Std Test AUC: 0.0956
------------------------- time cost ------------------------- 39.91539216041565

-------------Round number: 60-------------

Evaluate global model
Averaged Train Loss: 0.2913
Averaged Test Accurancy: 0.8528
Averaged Test AUC: 0.9596
Std Test Accurancy: 0.1923
Std Test AUC: 0.0992
------------------------- time cost ------------------------- 39.00213599205017

-------------Round number: 61-------------

Evaluate global model
Averaged Train Loss: 0.2601
Averaged Test Accurancy: 0.8424
Averaged Test AUC: 0.9619
Std Test Accurancy: 0.1897
Std Test AUC: 0.0776
------------------------- time cost ------------------------- 44.61643028259277

-------------Round number: 62-------------

Evaluate global model
Averaged Train Loss: 0.2170
Averaged Test Accurancy: 0.8588
Averaged Test AUC: 0.9677
Std Test Accurancy: 0.1842
Std Test AUC: 0.0797
------------------------- time cost ------------------------- 38.05034565925598

-------------Round number: 63-------------

Evaluate global model
Averaged Train Loss: 0.2475
Averaged Test Accurancy: 0.8533
Averaged Test AUC: 0.9654
Std Test Accurancy: 0.2006
Std Test AUC: 0.0793
------------------------- time cost ------------------------- 40.58992791175842

-------------Round number: 64-------------

Evaluate global model
Averaged Train Loss: 0.1069
Averaged Test Accurancy: 0.8849
Averaged Test AUC: 0.9823
Std Test Accurancy: 0.1686
Std Test AUC: 0.0450
------------------------- time cost ------------------------- 31.438892602920532

-------------Round number: 65-------------

Evaluate global model
Averaged Train Loss: 0.2535
Averaged Test Accurancy: 0.8528
Averaged Test AUC: 0.9638
Std Test Accurancy: 0.1950
Std Test AUC: 0.0814
------------------------- time cost ------------------------- 40.35247802734375

-------------Round number: 66-------------

Evaluate global model
Averaged Train Loss: 0.2609
Averaged Test Accurancy: 0.8461
Averaged Test AUC: 0.9623
Std Test Accurancy: 0.1970
Std Test AUC: 0.0869
------------------------- time cost ------------------------- 42.71845722198486

-------------Round number: 67-------------

Evaluate global model
Averaged Train Loss: 0.1887
Averaged Test Accurancy: 0.8662
Averaged Test AUC: 0.9688
Std Test Accurancy: 0.1995
Std Test AUC: 0.0956
------------------------- time cost ------------------------- 35.835415840148926

-------------Round number: 68-------------

Evaluate global model
Averaged Train Loss: 0.1655
Averaged Test Accurancy: 0.8770
Averaged Test AUC: 0.9737
Std Test Accurancy: 0.2043
Std Test AUC: 0.1052
------------------------- time cost ------------------------- 34.37857413291931

-------------Round number: 69-------------

Evaluate global model
Averaged Train Loss: 0.2649
Averaged Test Accurancy: 0.8542
Averaged Test AUC: 0.9641
Std Test Accurancy: 0.1940
Std Test AUC: 0.1008
------------------------- time cost ------------------------- 42.88864850997925

-------------Round number: 70-------------

Evaluate global model
Averaged Train Loss: 0.2097
Averaged Test Accurancy: 0.8760
Averaged Test AUC: 0.9724
Std Test Accurancy: 0.2036
Std Test AUC: 0.0981
------------------------- time cost ------------------------- 31.315933227539062

-------------Round number: 71-------------

Evaluate global model
Averaged Train Loss: 0.2363
Averaged Test Accurancy: 0.8641
Averaged Test AUC: 0.9660
Std Test Accurancy: 0.1993
Std Test AUC: 0.0917
------------------------- time cost ------------------------- 38.81412124633789

-------------Round number: 72-------------

Evaluate global model
Averaged Train Loss: 0.0957
Averaged Test Accurancy: 0.8920
Averaged Test AUC: 0.9815
Std Test Accurancy: 0.1717
Std Test AUC: 0.0727
------------------------- time cost ------------------------- 31.524595975875854

-------------Round number: 73-------------

Evaluate global model
Averaged Train Loss: 0.2611
Averaged Test Accurancy: 0.8641
Averaged Test AUC: 0.9654
Std Test Accurancy: 0.2031
Std Test AUC: 0.0988
------------------------- time cost ------------------------- 31.44945216178894

-------------Round number: 74-------------

Evaluate global model
Averaged Train Loss: 0.1696
Averaged Test Accurancy: 0.8694
Averaged Test AUC: 0.9744
Std Test Accurancy: 0.1902
Std Test AUC: 0.0645
------------------------- time cost ------------------------- 33.13326597213745

-------------Round number: 75-------------

Evaluate global model
Averaged Train Loss: 0.2002
Averaged Test Accurancy: 0.8600
Averaged Test AUC: 0.9723
Std Test Accurancy: 0.1943
Std Test AUC: 0.0741
------------------------- time cost ------------------------- 39.903712034225464

-------------Round number: 76-------------

Evaluate global model
Averaged Train Loss: 0.2025
Averaged Test Accurancy: 0.8725
Averaged Test AUC: 0.9707
Std Test Accurancy: 0.2150
Std Test AUC: 0.1043
------------------------- time cost ------------------------- 29.828816890716553

-------------Round number: 77-------------

Evaluate global model
Averaged Train Loss: 0.3586
Averaged Test Accurancy: 0.8414
Averaged Test AUC: 0.9592
Std Test Accurancy: 0.2002
Std Test AUC: 0.0895
------------------------- time cost ------------------------- 40.575886726379395

-------------Round number: 78-------------

Evaluate global model
Averaged Train Loss: 0.4430
Averaged Test Accurancy: 0.8248
Averaged Test AUC: 0.9460
Std Test Accurancy: 0.2091
Std Test AUC: 0.1067
------------------------- time cost ------------------------- 43.77232766151428

-------------Round number: 79-------------

Evaluate global model
Averaged Train Loss: 0.3094
Averaged Test Accurancy: 0.8346
Averaged Test AUC: 0.9563
Std Test Accurancy: 0.1989
Std Test AUC: 0.0808
------------------------- time cost ------------------------- 41.105595111846924

-------------Round number: 80-------------

Evaluate global model
Averaged Train Loss: 0.4036
Averaged Test Accurancy: 0.8192
Averaged Test AUC: 0.9460
Std Test Accurancy: 0.2042
Std Test AUC: 0.1140
------------------------- time cost ------------------------- 46.313740491867065

-------------Round number: 81-------------

Evaluate global model
Averaged Train Loss: 0.2483
Averaged Test Accurancy: 0.8600
Averaged Test AUC: 0.9655
Std Test Accurancy: 0.2142
Std Test AUC: 0.0870
------------------------- time cost ------------------------- 32.325162410736084

-------------Round number: 82-------------

Evaluate global model
Averaged Train Loss: 0.1609
Averaged Test Accurancy: 0.8757
Averaged Test AUC: 0.9743
Std Test Accurancy: 0.1632
Std Test AUC: 0.0618
------------------------- time cost ------------------------- 35.54243588447571

-------------Round number: 83-------------

Evaluate global model
Averaged Train Loss: 0.2591
Averaged Test Accurancy: 0.8510
Averaged Test AUC: 0.9612
Std Test Accurancy: 0.2167
Std Test AUC: 0.0914
------------------------- time cost ------------------------- 36.53834772109985

-------------Round number: 84-------------

Evaluate global model
Averaged Train Loss: 0.2822
Averaged Test Accurancy: 0.8541
Averaged Test AUC: 0.9596
Std Test Accurancy: 0.2083
Std Test AUC: 0.0895
------------------------- time cost ------------------------- 35.96954679489136

-------------Round number: 85-------------

Evaluate global model
Averaged Train Loss: 0.1787
Averaged Test Accurancy: 0.8745
Averaged Test AUC: 0.9711
Std Test Accurancy: 0.1761
Std Test AUC: 0.0758
------------------------- time cost ------------------------- 32.91838049888611

-------------Round number: 86-------------

Evaluate global model
Averaged Train Loss: 0.2153
Averaged Test Accurancy: 0.8678
Averaged Test AUC: 0.9650
Std Test Accurancy: 0.2049
Std Test AUC: 0.1041
------------------------- time cost ------------------------- 28.92510414123535

-------------Round number: 87-------------

Evaluate global model
Averaged Train Loss: 0.1801
Averaged Test Accurancy: 0.8682
Averaged Test AUC: 0.9726
Std Test Accurancy: 0.1741
Std Test AUC: 0.0676
------------------------- time cost ------------------------- 35.10936999320984

-------------Round number: 88-------------

Evaluate global model
Averaged Train Loss: 0.2231
Averaged Test Accurancy: 0.8626
Averaged Test AUC: 0.9671
Std Test Accurancy: 0.1683
Std Test AUC: 0.0897
------------------------- time cost ------------------------- 46.755985498428345

-------------Round number: 89-------------

Evaluate global model
Averaged Train Loss: 0.2205
Averaged Test Accurancy: 0.8637
Averaged Test AUC: 0.9702
Std Test Accurancy: 0.1856
Std Test AUC: 0.0666
------------------------- time cost ------------------------- 36.31056213378906

-------------Round number: 90-------------

Evaluate global model
Averaged Train Loss: 0.1464
Averaged Test Accurancy: 0.8817
Averaged Test AUC: 0.9757
Std Test Accurancy: 0.1715
Std Test AUC: 0.0695
------------------------- time cost ------------------------- 29.885780572891235

-------------Round number: 91-------------

Evaluate global model
Averaged Train Loss: 0.2567
Averaged Test Accurancy: 0.8601
Averaged Test AUC: 0.9632
Std Test Accurancy: 0.2030
Std Test AUC: 0.0963
------------------------- time cost ------------------------- 34.77107286453247

-------------Round number: 92-------------

Evaluate global model
Averaged Train Loss: 0.1786
Averaged Test Accurancy: 0.8721
Averaged Test AUC: 0.9719
Std Test Accurancy: 0.1804
Std Test AUC: 0.0863
------------------------- time cost ------------------------- 31.740174055099487

-------------Round number: 93-------------

Evaluate global model
Averaged Train Loss: 0.2244
Averaged Test Accurancy: 0.8417
Averaged Test AUC: 0.9694
Std Test Accurancy: 0.1933
Std Test AUC: 0.0568
------------------------- time cost ------------------------- 40.623040437698364

-------------Round number: 94-------------

Evaluate global model
Averaged Train Loss: 0.1857
Averaged Test Accurancy: 0.8733
Averaged Test AUC: 0.9754
Std Test Accurancy: 0.1873
Std Test AUC: 0.0652
------------------------- time cost ------------------------- 28.80414891242981

-------------Round number: 95-------------

Evaluate global model
Averaged Train Loss: 0.1652
Averaged Test Accurancy: 0.8834
Averaged Test AUC: 0.9734
Std Test Accurancy: 0.1840
Std Test AUC: 0.0886
------------------------- time cost ------------------------- 30.653091430664062

-------------Round number: 96-------------

Evaluate global model
Averaged Train Loss: 0.1253
Averaged Test Accurancy: 0.8846
Averaged Test AUC: 0.9761
Std Test Accurancy: 0.1563
Std Test AUC: 0.0627
------------------------- time cost ------------------------- 35.273170948028564

-------------Round number: 97-------------

Evaluate global model
Averaged Train Loss: 0.2302
Averaged Test Accurancy: 0.8602
Averaged Test AUC: 0.9711
Std Test Accurancy: 0.1978
Std Test AUC: 0.0682
------------------------- time cost ------------------------- 35.074655532836914

-------------Round number: 98-------------

Evaluate global model
Averaged Train Loss: 0.2149
Averaged Test Accurancy: 0.8592
Averaged Test AUC: 0.9688
Std Test Accurancy: 0.1885
Std Test AUC: 0.0711
------------------------- time cost ------------------------- 34.743773460388184

-------------Round number: 99-------------

Evaluate global model
Averaged Train Loss: 0.1443
Averaged Test Accurancy: 0.8839
Averaged Test AUC: 0.9759
Std Test Accurancy: 0.1777
Std Test AUC: 0.0800
------------------------- time cost ------------------------- 30.0387966632843

-------------Round number: 100-------------

Evaluate global model
Averaged Train Loss: 0.2827
Averaged Test Accurancy: 0.8482
Averaged Test AUC: 0.9590
Std Test Accurancy: 0.1854
Std Test AUC: 0.0835
------------------------- time cost ------------------------- 40.39614200592041

-------------Round number: 101-------------

Evaluate global model
Averaged Train Loss: 0.2821
Averaged Test Accurancy: 0.8396
Averaged Test AUC: 0.9590
Std Test Accurancy: 0.2029
Std Test AUC: 0.0857
------------------------- time cost ------------------------- 40.204158544540405

-------------Round number: 102-------------

Evaluate global model
Averaged Train Loss: 0.2586
Averaged Test Accurancy: 0.8651
Averaged Test AUC: 0.9649
Std Test Accurancy: 0.2216
Std Test AUC: 0.1081
------------------------- time cost ------------------------- 30.848998069763184

-------------Round number: 103-------------

Evaluate global model
Averaged Train Loss: 0.1750
Averaged Test Accurancy: 0.8737
Averaged Test AUC: 0.9718
Std Test Accurancy: 0.1536
Std Test AUC: 0.0580
------------------------- time cost ------------------------- 32.42726969718933

-------------Round number: 104-------------

Evaluate global model
Averaged Train Loss: 0.1891
Averaged Test Accurancy: 0.8680
Averaged Test AUC: 0.9714
Std Test Accurancy: 0.1932
Std Test AUC: 0.0804
------------------------- time cost ------------------------- 33.171616077423096

-------------Round number: 105-------------

Evaluate global model
Averaged Train Loss: 0.1128
Averaged Test Accurancy: 0.8903
Averaged Test AUC: 0.9819
Std Test Accurancy: 0.1541
Std Test AUC: 0.0516
------------------------- time cost ------------------------- 32.52873945236206

-------------Round number: 106-------------

Evaluate global model
Averaged Train Loss: 0.1287
Averaged Test Accurancy: 0.8879
Averaged Test AUC: 0.9797
Std Test Accurancy: 0.1604
Std Test AUC: 0.0562
------------------------- time cost ------------------------- 30.897382497787476

-------------Round number: 107-------------

Evaluate global model
Averaged Train Loss: 0.2117
Averaged Test Accurancy: 0.8790
Averaged Test AUC: 0.9719
Std Test Accurancy: 0.1812
Std Test AUC: 0.0830
------------------------- time cost ------------------------- 31.980786323547363

-------------Round number: 108-------------

Evaluate global model
Averaged Train Loss: 0.1582
Averaged Test Accurancy: 0.8810
Averaged Test AUC: 0.9735
Std Test Accurancy: 0.2015
Std Test AUC: 0.1037
------------------------- time cost ------------------------- 31.33679699897766

-------------Round number: 109-------------

Evaluate global model
Averaged Train Loss: 0.3727
Averaged Test Accurancy: 0.8417
Averaged Test AUC: 0.9483
Std Test Accurancy: 0.1846
Std Test AUC: 0.0999
------------------------- time cost ------------------------- 41.44518780708313

-------------Round number: 110-------------

Evaluate global model
Averaged Train Loss: 0.1911
Averaged Test Accurancy: 0.8755
Averaged Test AUC: 0.9712
Std Test Accurancy: 0.1665
Std Test AUC: 0.0615
------------------------- time cost ------------------------- 36.97689342498779

-------------Round number: 111-------------

Evaluate global model
Averaged Train Loss: 0.1818
Averaged Test Accurancy: 0.8743
Averaged Test AUC: 0.9717
Std Test Accurancy: 0.1897
Std Test AUC: 0.0747
------------------------- time cost ------------------------- 37.60729908943176

-------------Round number: 112-------------

Evaluate global model
Averaged Train Loss: 0.1247
Averaged Test Accurancy: 0.8934
Averaged Test AUC: 0.9802
Std Test Accurancy: 0.1695
Std Test AUC: 0.0646
------------------------- time cost ------------------------- 33.79282188415527

-------------Round number: 113-------------

Evaluate global model
Averaged Train Loss: 0.2178
Averaged Test Accurancy: 0.8755
Averaged Test AUC: 0.9687
Std Test Accurancy: 0.1783
Std Test AUC: 0.0769
------------------------- time cost ------------------------- 38.294947385787964

-------------Round number: 114-------------

Evaluate global model
Averaged Train Loss: 0.2021
Averaged Test Accurancy: 0.8725
Averaged Test AUC: 0.9708
Std Test Accurancy: 0.1949
Std Test AUC: 0.0766
------------------------- time cost ------------------------- 36.774590253829956

-------------Round number: 115-------------

Evaluate global model
Averaged Train Loss: 0.2074
Averaged Test Accurancy: 0.8749
Averaged Test AUC: 0.9696
Std Test Accurancy: 0.1993
Std Test AUC: 0.0982
------------------------- time cost ------------------------- 34.66152596473694

-------------Round number: 116-------------

Evaluate global model
Averaged Train Loss: 0.2958
Averaged Test Accurancy: 0.8541
Averaged Test AUC: 0.9561
Std Test Accurancy: 0.1870
Std Test AUC: 0.0977
------------------------- time cost ------------------------- 43.00285077095032

-------------Round number: 117-------------

Evaluate global model
Averaged Train Loss: 0.1209
Averaged Test Accurancy: 0.8894
Averaged Test AUC: 0.9785
Std Test Accurancy: 0.1455
Std Test AUC: 0.0517
------------------------- time cost ------------------------- 35.45520257949829

-------------Round number: 118-------------

Evaluate global model
Averaged Train Loss: 0.1812
Averaged Test Accurancy: 0.8764
Averaged Test AUC: 0.9735
Std Test Accurancy: 0.1794
Std Test AUC: 0.0668
------------------------- time cost ------------------------- 34.56665015220642

-------------Round number: 119-------------

Evaluate global model
Averaged Train Loss: 0.2491
Averaged Test Accurancy: 0.8575
Averaged Test AUC: 0.9622
Std Test Accurancy: 0.1749
Std Test AUC: 0.0772
------------------------- time cost ------------------------- 44.42049765586853

-------------Round number: 120-------------

Evaluate global model
Averaged Train Loss: 0.1338
Averaged Test Accurancy: 0.8828
Averaged Test AUC: 0.9811
Std Test Accurancy: 0.1889
Std Test AUC: 0.0489
------------------------- time cost ------------------------- 34.419517517089844

-------------Round number: 121-------------

Evaluate global model
Averaged Train Loss: 0.1267
Averaged Test Accurancy: 0.8933
Averaged Test AUC: 0.9807
Std Test Accurancy: 0.1959
Std Test AUC: 0.0633
------------------------- time cost ------------------------- 28.262315273284912

-------------Round number: 122-------------

Evaluate global model
Averaged Train Loss: 0.3296
Averaged Test Accurancy: 0.8227
Averaged Test AUC: 0.9571
Std Test Accurancy: 0.1898
Std Test AUC: 0.0780
------------------------- time cost ------------------------- 52.14701962471008

-------------Round number: 123-------------

Evaluate global model
Averaged Train Loss: 0.1597
Averaged Test Accurancy: 0.8716
Averaged Test AUC: 0.9737
Std Test Accurancy: 0.1641
Std Test AUC: 0.0512
------------------------- time cost ------------------------- 41.81381559371948

-------------Round number: 124-------------

Evaluate global model
Averaged Train Loss: 0.1094
Averaged Test Accurancy: 0.8919
Averaged Test AUC: 0.9793
Std Test Accurancy: 0.1366
Std Test AUC: 0.0455
------------------------- time cost ------------------------- 36.80078434944153

-------------Round number: 125-------------

Evaluate global model
Averaged Train Loss: 0.1508
Averaged Test Accurancy: 0.8844
Averaged Test AUC: 0.9769
Std Test Accurancy: 0.1755
Std Test AUC: 0.0686
------------------------- time cost ------------------------- 34.137048959732056

-------------Round number: 126-------------

Evaluate global model
Averaged Train Loss: 0.1559
Averaged Test Accurancy: 0.8872
Averaged Test AUC: 0.9753
Std Test Accurancy: 0.1646
Std Test AUC: 0.0838
------------------------- time cost ------------------------- 38.876718282699585

-------------Round number: 127-------------

Evaluate global model
Averaged Train Loss: 0.2332
Averaged Test Accurancy: 0.8682
Averaged Test AUC: 0.9694
Std Test Accurancy: 0.1905
Std Test AUC: 0.0760
------------------------- time cost ------------------------- 39.40244436264038

-------------Round number: 128-------------

Evaluate global model
Averaged Train Loss: 0.2366
Averaged Test Accurancy: 0.8621
Averaged Test AUC: 0.9677
Std Test Accurancy: 0.1574
Std Test AUC: 0.0674
------------------------- time cost ------------------------- 44.89859199523926

-------------Round number: 129-------------

Evaluate global model
Averaged Train Loss: 0.3884
Averaged Test Accurancy: 0.8349
Averaged Test AUC: 0.9491
Std Test Accurancy: 0.1993
Std Test AUC: 0.0933
------------------------- time cost ------------------------- 44.47240138053894

-------------Round number: 130-------------

Evaluate global model
Averaged Train Loss: 0.2668
Averaged Test Accurancy: 0.8581
Averaged Test AUC: 0.9597
Std Test Accurancy: 0.2125
Std Test AUC: 0.0977
------------------------- time cost ------------------------- 38.28670072555542

-------------Round number: 131-------------

Evaluate global model
Averaged Train Loss: 0.3283
Averaged Test Accurancy: 0.8582
Averaged Test AUC: 0.9563
Std Test Accurancy: 0.2258
Std Test AUC: 0.1073
------------------------- time cost ------------------------- 33.8622624874115

-------------Round number: 132-------------

Evaluate global model
Averaged Train Loss: 0.1641
Averaged Test Accurancy: 0.8802
Averaged Test AUC: 0.9769
Std Test Accurancy: 0.1609
Std Test AUC: 0.0519
------------------------- time cost ------------------------- 36.0977201461792

-------------Round number: 133-------------

Evaluate global model
Averaged Train Loss: 0.1758
Averaged Test Accurancy: 0.8745
Averaged Test AUC: 0.9716
Std Test Accurancy: 0.1658
Std Test AUC: 0.0599
------------------------- time cost ------------------------- 36.291826486587524

-------------Round number: 134-------------

Evaluate global model
Averaged Train Loss: 0.1428
Averaged Test Accurancy: 0.8880
Averaged Test AUC: 0.9768
Std Test Accurancy: 0.1599
Std Test AUC: 0.0685
------------------------- time cost ------------------------- 33.89362120628357

-------------Round number: 135-------------

Evaluate global model
Averaged Train Loss: 0.2786
Averaged Test Accurancy: 0.8547
Averaged Test AUC: 0.9592
Std Test Accurancy: 0.2145
Std Test AUC: 0.0981
------------------------- time cost ------------------------- 36.91999650001526

-------------Round number: 136-------------

Evaluate global model
Averaged Train Loss: 0.2304
Averaged Test Accurancy: 0.8696
Averaged Test AUC: 0.9713
Std Test Accurancy: 0.2390
Std Test AUC: 0.1142
------------------------- time cost ------------------------- 33.23367357254028

-------------Round number: 137-------------

Evaluate global model
Averaged Train Loss: 0.1512
Averaged Test Accurancy: 0.8784
Averaged Test AUC: 0.9762
Std Test Accurancy: 0.1916
Std Test AUC: 0.0622
------------------------- time cost ------------------------- 33.65949559211731

-------------Round number: 138-------------

Evaluate global model
Averaged Train Loss: 0.2020
Averaged Test Accurancy: 0.8804
Averaged Test AUC: 0.9693
Std Test Accurancy: 0.1580
Std Test AUC: 0.0913
------------------------- time cost ------------------------- 36.089311838150024

-------------Round number: 139-------------

Evaluate global model
Averaged Train Loss: 0.1256
Averaged Test Accurancy: 0.8905
Averaged Test AUC: 0.9806
Std Test Accurancy: 0.1783
Std Test AUC: 0.0734
------------------------- time cost ------------------------- 32.401312589645386

-------------Round number: 140-------------

Evaluate global model
Averaged Train Loss: 0.0606
Averaged Test Accurancy: 0.9089
Averaged Test AUC: 0.9867
Std Test Accurancy: 0.1356
Std Test AUC: 0.0381
------------------------- time cost ------------------------- 32.831552505493164

-------------Round number: 141-------------

Evaluate global model
Averaged Train Loss: 0.2832
Averaged Test Accurancy: 0.8631
Averaged Test AUC: 0.9621
Std Test Accurancy: 0.1840
Std Test AUC: 0.0837
------------------------- time cost ------------------------- 39.3746452331543

-------------Round number: 142-------------

Evaluate global model
Averaged Train Loss: 0.2158
Averaged Test Accurancy: 0.8629
Averaged Test AUC: 0.9710
Std Test Accurancy: 0.1998
Std Test AUC: 0.0699
------------------------- time cost ------------------------- 35.383965730667114

-------------Round number: 143-------------

Evaluate global model
Averaged Train Loss: 0.3567
Averaged Test Accurancy: 0.8319
Averaged Test AUC: 0.9629
Std Test Accurancy: 0.2163
Std Test AUC: 0.0708
------------------------- time cost ------------------------- 44.81752276420593

-------------Round number: 144-------------

Evaluate global model
Averaged Train Loss: 0.0633
Averaged Test Accurancy: 0.9082
Averaged Test AUC: 0.9857
Std Test Accurancy: 0.1382
Std Test AUC: 0.0433
------------------------- time cost ------------------------- 29.51917052268982

-------------Round number: 145-------------

Evaluate global model
Averaged Train Loss: 0.2692
Averaged Test Accurancy: 0.8652
Averaged Test AUC: 0.9597
Std Test Accurancy: 0.1872
Std Test AUC: 0.1046
------------------------- time cost ------------------------- 35.83124375343323

-------------Round number: 146-------------

Evaluate global model
Averaged Train Loss: 0.2270
Averaged Test Accurancy: 0.8671
Averaged Test AUC: 0.9672
Std Test Accurancy: 0.1599
Std Test AUC: 0.0803
------------------------- time cost ------------------------- 44.508626222610474

-------------Round number: 147-------------

Evaluate global model
Averaged Train Loss: 0.2028
Averaged Test Accurancy: 0.8759
Averaged Test AUC: 0.9665
Std Test Accurancy: 0.1704
Std Test AUC: 0.0906
------------------------- time cost ------------------------- 36.47486186027527

-------------Round number: 148-------------

Evaluate global model
Averaged Train Loss: 0.2186
Averaged Test Accurancy: 0.8727
Averaged Test AUC: 0.9659
Std Test Accurancy: 0.1918
Std Test AUC: 0.0957
------------------------- time cost ------------------------- 35.47046184539795

-------------Round number: 149-------------

Evaluate global model
Averaged Train Loss: 0.1088
Averaged Test Accurancy: 0.8929
Averaged Test AUC: 0.9800
Std Test Accurancy: 0.1406
Std Test AUC: 0.0502
------------------------- time cost ------------------------- 33.259082078933716

Best global accuracy.
0.9088826926906991

Average time cost per round.
36.76679406230082
File path: ../results/Cifar10_FedAvg_resnet_gr150_ls10_bs16_lr0.005.h5

Average time cost: 5531.13s.
Length:  150
std for best accurancy: 0.0
mean for best accurancy: 0.9088826926906991
All done!

Storage on cuda:0
-------------------------------------------------------------------------------
Total Tensors: 2259672924 	Used Memory: 8.42G
The allocated memory on cuda:0: 8.57G
Memory differs due to the matrix alignment or invisible gradient buffer tensors
-------------------------------------------------------------------------------
