==================================================
Algorithm: FedAvg
Local batch size: 32
Local steps: 10
Local learing rate: 0.005
Total number of clients: 100
Clients join in each round: 0.1
Client drop rate: 0.0
Time select: False
Time threthold: 10000
Global rounds: 150
Running times: 1
Dataset: Cifar10
Local model: resnet
Using device: cuda
Cuda device id: 1
==================================================

============= Running time: 0th =============
Creating server and clients ...

Join ratio / total clients: 0.1 / 100
Finished creating server and clients.

-------------Round number: 0-------------

Evaluate global model
Averaged Train Loss: 2.4403
Averaged Test Accurancy: 0.1087
Averaged Test AUC: 0.4881
Std Test Accurancy: 0.0288
Std Test AUC: 0.0267
------------------------- time cost ------------------------- 32.465768814086914

-------------Round number: 1-------------

Evaluate global model
Averaged Train Loss: 2.1608
Averaged Test Accurancy: 0.1623
Averaged Test AUC: 0.5495
Std Test Accurancy: 0.1172
Std Test AUC: 0.1285
------------------------- time cost ------------------------- 32.51526188850403

-------------Round number: 2-------------

Evaluate global model
Averaged Train Loss: 1.9489
Averaged Test Accurancy: 0.2010
Averaged Test AUC: 0.5823
Std Test Accurancy: 0.1563
Std Test AUC: 0.1582
------------------------- time cost ------------------------- 33.54988932609558

-------------Round number: 3-------------

Evaluate global model
Averaged Train Loss: 1.7531
Averaged Test Accurancy: 0.2407
Averaged Test AUC: 0.6165
Std Test Accurancy: 0.1837
Std Test AUC: 0.1778
------------------------- time cost ------------------------- 33.029765129089355

-------------Round number: 4-------------

Evaluate global model
Averaged Train Loss: 1.5800
Averaged Test Accurancy: 0.2733
Averaged Test AUC: 0.6457
Std Test Accurancy: 0.2009
Std Test AUC: 0.1878
------------------------- time cost ------------------------- 32.72784185409546

-------------Round number: 5-------------

Evaluate global model
Averaged Train Loss: 1.4244
Averaged Test Accurancy: 0.3106
Averaged Test AUC: 0.6744
Std Test Accurancy: 0.2159
Std Test AUC: 0.1937
------------------------- time cost ------------------------- 32.87138271331787

-------------Round number: 6-------------

Evaluate global model
Averaged Train Loss: 1.2484
Averaged Test Accurancy: 0.3466
Averaged Test AUC: 0.7043
Std Test Accurancy: 0.2248
Std Test AUC: 0.1966
------------------------- time cost ------------------------- 33.002073764801025

-------------Round number: 7-------------

Evaluate global model
Averaged Train Loss: 1.1512
Averaged Test Accurancy: 0.3763
Averaged Test AUC: 0.7238
Std Test Accurancy: 0.2366
Std Test AUC: 0.2007
------------------------- time cost ------------------------- 33.03722381591797

-------------Round number: 8-------------

Evaluate global model
Averaged Train Loss: 1.0387
Averaged Test Accurancy: 0.4021
Averaged Test AUC: 0.7439
Std Test Accurancy: 0.2341
Std Test AUC: 0.1968
------------------------- time cost ------------------------- 32.77962613105774

-------------Round number: 9-------------

Evaluate global model
Averaged Train Loss: 0.9400
Averaged Test Accurancy: 0.4301
Averaged Test AUC: 0.7653
Std Test Accurancy: 0.2356
Std Test AUC: 0.1949
------------------------- time cost ------------------------- 33.06032991409302

-------------Round number: 10-------------

Evaluate global model
Averaged Train Loss: 0.8569
Averaged Test Accurancy: 0.4541
Averaged Test AUC: 0.7811
Std Test Accurancy: 0.2350
Std Test AUC: 0.1917
------------------------- time cost ------------------------- 33.021018981933594

-------------Round number: 11-------------

Evaluate global model
Averaged Train Loss: 0.7420
Averaged Test Accurancy: 0.4814
Averaged Test AUC: 0.8019
Std Test Accurancy: 0.2261
Std Test AUC: 0.1833
------------------------- time cost ------------------------- 32.93477010726929

-------------Round number: 12-------------

Evaluate global model
Averaged Train Loss: 0.6720
Averaged Test Accurancy: 0.5070
Averaged Test AUC: 0.8149
Std Test Accurancy: 0.2304
Std Test AUC: 0.1809
------------------------- time cost ------------------------- 33.21541094779968

-------------Round number: 13-------------

Evaluate global model
Averaged Train Loss: 0.6078
Averaged Test Accurancy: 0.5207
Averaged Test AUC: 0.8276
Std Test Accurancy: 0.2213
Std Test AUC: 0.1743
------------------------- time cost ------------------------- 33.06923699378967

-------------Round number: 14-------------

Evaluate global model
Averaged Train Loss: 0.5491
Averaged Test Accurancy: 0.5418
Averaged Test AUC: 0.8389
Std Test Accurancy: 0.2157
Std Test AUC: 0.1678
------------------------- time cost ------------------------- 32.86935210227966

-------------Round number: 15-------------

Evaluate global model
Averaged Train Loss: 0.5155
Averaged Test Accurancy: 0.5586
Averaged Test AUC: 0.8511
Std Test Accurancy: 0.2073
Std Test AUC: 0.1600
------------------------- time cost ------------------------- 32.78221106529236

-------------Round number: 16-------------

Evaluate global model
Averaged Train Loss: 0.4304
Averaged Test Accurancy: 0.5782
Averaged Test AUC: 0.8639
Std Test Accurancy: 0.1980
Std Test AUC: 0.1489
------------------------- time cost ------------------------- 33.039369106292725

-------------Round number: 17-------------

Evaluate global model
Averaged Train Loss: 0.4043
Averaged Test Accurancy: 0.5899
Averaged Test AUC: 0.8703
Std Test Accurancy: 0.1965
Std Test AUC: 0.1497
------------------------- time cost ------------------------- 32.60897660255432

-------------Round number: 18-------------

Evaluate global model
Averaged Train Loss: 0.3509
Averaged Test Accurancy: 0.6016
Averaged Test AUC: 0.8818
Std Test Accurancy: 0.1814
Std Test AUC: 0.1345
------------------------- time cost ------------------------- 32.8137891292572

-------------Round number: 19-------------

Evaluate global model
Averaged Train Loss: 0.3004
Averaged Test Accurancy: 0.6202
Averaged Test AUC: 0.8927
Std Test Accurancy: 0.1706
Std Test AUC: 0.1245
------------------------- time cost ------------------------- 32.868064880371094

-------------Round number: 20-------------

Evaluate global model
Averaged Train Loss: 0.2610
Averaged Test Accurancy: 0.6327
Averaged Test AUC: 0.8994
Std Test Accurancy: 0.1632
Std Test AUC: 0.1185
------------------------- time cost ------------------------- 33.48464322090149

-------------Round number: 21-------------

Evaluate global model
Averaged Train Loss: 0.2481
Averaged Test Accurancy: 0.6386
Averaged Test AUC: 0.9017
Std Test Accurancy: 0.1606
Std Test AUC: 0.1181
------------------------- time cost ------------------------- 32.85848951339722

-------------Round number: 22-------------

Evaluate global model
Averaged Train Loss: 0.2492
Averaged Test Accurancy: 0.6446
Averaged Test AUC: 0.9036
Std Test Accurancy: 0.1621
Std Test AUC: 0.1185
------------------------- time cost ------------------------- 32.69430685043335

-------------Round number: 23-------------

Evaluate global model
Averaged Train Loss: 0.2322
Averaged Test Accurancy: 0.6502
Averaged Test AUC: 0.9077
Std Test Accurancy: 0.1535
Std Test AUC: 0.1111
------------------------- time cost ------------------------- 32.96228218078613

-------------Round number: 24-------------

Evaluate global model
Averaged Train Loss: 0.1961
Averaged Test Accurancy: 0.6644
Averaged Test AUC: 0.9172
Std Test Accurancy: 0.1372
Std Test AUC: 0.0924
------------------------- time cost ------------------------- 32.89722490310669

-------------Round number: 25-------------

Evaluate global model
Averaged Train Loss: 0.1808
Averaged Test Accurancy: 0.6711
Averaged Test AUC: 0.9206
Std Test Accurancy: 0.1313
Std Test AUC: 0.0912
------------------------- time cost ------------------------- 32.68259811401367

-------------Round number: 26-------------

Evaluate global model
Averaged Train Loss: 0.1728
Averaged Test Accurancy: 0.6748
Averaged Test AUC: 0.9222
Std Test Accurancy: 0.1330
Std Test AUC: 0.0916
------------------------- time cost ------------------------- 32.863301515579224

-------------Round number: 27-------------

Evaluate global model
Averaged Train Loss: 0.1433
Averaged Test Accurancy: 0.6861
Averaged Test AUC: 0.9299
Std Test Accurancy: 0.1115
Std Test AUC: 0.0700
------------------------- time cost ------------------------- 32.82644581794739

-------------Round number: 28-------------

Evaluate global model
Averaged Train Loss: 0.1230
Averaged Test Accurancy: 0.6927
Averaged Test AUC: 0.9333
Std Test Accurancy: 0.1045
Std Test AUC: 0.0682
------------------------- time cost ------------------------- 32.82241654396057

-------------Round number: 29-------------

Evaluate global model
Averaged Train Loss: 0.1158
Averaged Test Accurancy: 0.6966
Averaged Test AUC: 0.9345
Std Test Accurancy: 0.1060
Std Test AUC: 0.0685
------------------------- time cost ------------------------- 33.00027799606323

-------------Round number: 30-------------

Evaluate global model
Averaged Train Loss: 0.1160
Averaged Test Accurancy: 0.6997
Averaged Test AUC: 0.9353
Std Test Accurancy: 0.1063
Std Test AUC: 0.0686
------------------------- time cost ------------------------- 32.761234521865845

-------------Round number: 31-------------

Evaluate global model
Averaged Train Loss: 0.1080
Averaged Test Accurancy: 0.7036
Averaged Test AUC: 0.9361
Std Test Accurancy: 0.1086
Std Test AUC: 0.0688
------------------------- time cost ------------------------- 32.87881088256836

-------------Round number: 32-------------

Evaluate global model
Averaged Train Loss: 0.1077
Averaged Test Accurancy: 0.7090
Averaged Test AUC: 0.9402
Std Test Accurancy: 0.0962
Std Test AUC: 0.0527
------------------------- time cost ------------------------- 33.05424928665161

-------------Round number: 33-------------

Evaluate global model
Averaged Train Loss: 0.0975
Averaged Test Accurancy: 0.7168
Averaged Test AUC: 0.9426
Std Test Accurancy: 0.0872
Std Test AUC: 0.0505
------------------------- time cost ------------------------- 32.925323486328125

-------------Round number: 34-------------

Evaluate global model
Averaged Train Loss: 0.0842
Averaged Test Accurancy: 0.7195
Averaged Test AUC: 0.9436
Std Test Accurancy: 0.0873
Std Test AUC: 0.0505
------------------------- time cost ------------------------- 32.73252010345459

-------------Round number: 35-------------

Evaluate global model
Averaged Train Loss: 0.0851
Averaged Test Accurancy: 0.7228
Averaged Test AUC: 0.9445
Std Test Accurancy: 0.0860
Std Test AUC: 0.0505
------------------------- time cost ------------------------- 32.91441631317139

-------------Round number: 36-------------

Evaluate global model
Averaged Train Loss: 0.0949
Averaged Test Accurancy: 0.7255
Averaged Test AUC: 0.9449
Std Test Accurancy: 0.0850
Std Test AUC: 0.0504
------------------------- time cost ------------------------- 32.852131605148315

-------------Round number: 37-------------

Evaluate global model
Averaged Train Loss: 0.0752
Averaged Test Accurancy: 0.7265
Averaged Test AUC: 0.9458
Std Test Accurancy: 0.0832
Std Test AUC: 0.0502
------------------------- time cost ------------------------- 33.0151743888855

-------------Round number: 38-------------

Evaluate global model
Averaged Train Loss: 0.0884
Averaged Test Accurancy: 0.7290
Averaged Test AUC: 0.9469
Std Test Accurancy: 0.0805
Std Test AUC: 0.0496
------------------------- time cost ------------------------- 33.54768753051758

-------------Round number: 39-------------

Evaluate global model
Averaged Train Loss: 0.0730
Averaged Test Accurancy: 0.7378
Averaged Test AUC: 0.9510
Std Test Accurancy: 0.0614
Std Test AUC: 0.0201
------------------------- time cost ------------------------- 32.812368631362915

-------------Round number: 40-------------

Evaluate global model
Averaged Train Loss: 0.0533
Averaged Test Accurancy: 0.7399
Averaged Test AUC: 0.9529
Std Test Accurancy: 0.0502
Std Test AUC: 0.0139
------------------------- time cost ------------------------- 32.653730392456055

-------------Round number: 41-------------

Evaluate global model
Averaged Train Loss: 0.0454
Averaged Test Accurancy: 0.7438
Averaged Test AUC: 0.9532
Std Test Accurancy: 0.0513
Std Test AUC: 0.0142
------------------------- time cost ------------------------- 32.53717041015625

-------------Round number: 42-------------

Evaluate global model
Averaged Train Loss: 0.0465
Averaged Test Accurancy: 0.7416
Averaged Test AUC: 0.9538
Std Test Accurancy: 0.0495
Std Test AUC: 0.0140
------------------------- time cost ------------------------- 32.5538547039032

-------------Round number: 43-------------

Evaluate global model
Averaged Train Loss: 0.0539
Averaged Test Accurancy: 0.7417
Averaged Test AUC: 0.9537
Std Test Accurancy: 0.0503
Std Test AUC: 0.0141
------------------------- time cost ------------------------- 32.52223873138428

-------------Round number: 44-------------

Evaluate global model
Averaged Train Loss: 0.0617
Averaged Test Accurancy: 0.7434
Averaged Test AUC: 0.9547
Std Test Accurancy: 0.0438
Std Test AUC: 0.0121
------------------------- time cost ------------------------- 32.58704376220703

-------------Round number: 45-------------

Evaluate global model
Averaged Train Loss: 0.0502
Averaged Test Accurancy: 0.7466
Averaged Test AUC: 0.9556
Std Test Accurancy: 0.0420
Std Test AUC: 0.0116
------------------------- time cost ------------------------- 32.67980241775513

-------------Round number: 46-------------

Evaluate global model
Averaged Train Loss: 0.0455
Averaged Test Accurancy: 0.7517
Averaged Test AUC: 0.9563
Std Test Accurancy: 0.0409
Std Test AUC: 0.0113
------------------------- time cost ------------------------- 32.54890751838684

-------------Round number: 47-------------

Evaluate global model
Averaged Train Loss: 0.0519
Averaged Test Accurancy: 0.7502
Averaged Test AUC: 0.9566
Std Test Accurancy: 0.0381
Std Test AUC: 0.0110
------------------------- time cost ------------------------- 32.56827235221863

-------------Round number: 48-------------

Evaluate global model
Averaged Train Loss: 0.0417
Averaged Test Accurancy: 0.7524
Averaged Test AUC: 0.9567
Std Test Accurancy: 0.0391
Std Test AUC: 0.0116
------------------------- time cost ------------------------- 32.560344219207764

-------------Round number: 49-------------

Evaluate global model
Averaged Train Loss: 0.0427
Averaged Test Accurancy: 0.7536
Averaged Test AUC: 0.9570
Std Test Accurancy: 0.0398
Std Test AUC: 0.0112
------------------------- time cost ------------------------- 32.54228234291077

-------------Round number: 50-------------

Evaluate global model
Averaged Train Loss: 0.0445
Averaged Test Accurancy: 0.7552
Averaged Test AUC: 0.9575
Std Test Accurancy: 0.0403
Std Test AUC: 0.0111
------------------------- time cost ------------------------- 32.62710499763489

-------------Round number: 51-------------

Evaluate global model
Averaged Train Loss: 0.0487
Averaged Test Accurancy: 0.7547
Averaged Test AUC: 0.9574
Std Test Accurancy: 0.0402
Std Test AUC: 0.0113
------------------------- time cost ------------------------- 32.65975737571716

-------------Round number: 52-------------

Evaluate global model
Averaged Train Loss: 0.0378
Averaged Test Accurancy: 0.7563
Averaged Test AUC: 0.9574
Std Test Accurancy: 0.0399
Std Test AUC: 0.0114
------------------------- time cost ------------------------- 32.626288175582886

-------------Round number: 53-------------

Evaluate global model
Averaged Train Loss: 0.0425
Averaged Test Accurancy: 0.7557
Averaged Test AUC: 0.9578
Std Test Accurancy: 0.0384
Std Test AUC: 0.0115
------------------------- time cost ------------------------- 32.69528031349182

-------------Round number: 54-------------

Evaluate global model
Averaged Train Loss: 0.0427
Averaged Test Accurancy: 0.7575
Averaged Test AUC: 0.9578
Std Test Accurancy: 0.0377
Std Test AUC: 0.0116
------------------------- time cost ------------------------- 32.62651991844177

-------------Round number: 55-------------

Evaluate global model
Averaged Train Loss: 0.0359
Averaged Test Accurancy: 0.7601
Averaged Test AUC: 0.9586
Std Test Accurancy: 0.0374
Std Test AUC: 0.0114
------------------------- time cost ------------------------- 32.47924733161926

-------------Round number: 56-------------

Evaluate global model
Averaged Train Loss: 0.0344
Averaged Test Accurancy: 0.7606
Averaged Test AUC: 0.9589
Std Test Accurancy: 0.0375
Std Test AUC: 0.0113
------------------------- time cost ------------------------- 32.43726396560669

-------------Round number: 57-------------

Evaluate global model
Averaged Train Loss: 0.0456
Averaged Test Accurancy: 0.7597
Averaged Test AUC: 0.9592
Std Test Accurancy: 0.0381
Std Test AUC: 0.0113
------------------------- time cost ------------------------- 32.64204239845276

-------------Round number: 58-------------

Evaluate global model
Averaged Train Loss: 0.0363
Averaged Test Accurancy: 0.7614
Averaged Test AUC: 0.9594
Std Test Accurancy: 0.0387
Std Test AUC: 0.0110
------------------------- time cost ------------------------- 32.51111102104187

-------------Round number: 59-------------

Evaluate global model
Averaged Train Loss: 0.0380
Averaged Test Accurancy: 0.7598
Averaged Test AUC: 0.9595
Std Test Accurancy: 0.0398
Std Test AUC: 0.0110
------------------------- time cost ------------------------- 32.547062158584595

-------------Round number: 60-------------

Evaluate global model
Averaged Train Loss: 0.0339
Averaged Test Accurancy: 0.7595
Averaged Test AUC: 0.9597
Std Test Accurancy: 0.0407
Std Test AUC: 0.0109
------------------------- time cost ------------------------- 32.50962710380554

-------------Round number: 61-------------

Evaluate global model
Averaged Train Loss: 0.0295
Averaged Test Accurancy: 0.7629
Averaged Test AUC: 0.9601
Std Test Accurancy: 0.0398
Std Test AUC: 0.0108
------------------------- time cost ------------------------- 32.44024705886841

-------------Round number: 62-------------

Evaluate global model
Averaged Train Loss: 0.0308
Averaged Test Accurancy: 0.7646
Averaged Test AUC: 0.9605
Std Test Accurancy: 0.0420
Std Test AUC: 0.0110
------------------------- time cost ------------------------- 32.52263379096985

-------------Round number: 63-------------

Evaluate global model
Averaged Train Loss: 0.0284
Averaged Test Accurancy: 0.7636
Averaged Test AUC: 0.9604
Std Test Accurancy: 0.0414
Std Test AUC: 0.0112
------------------------- time cost ------------------------- 32.46722626686096

-------------Round number: 64-------------

Evaluate global model
Averaged Train Loss: 0.0304
Averaged Test Accurancy: 0.7666
Averaged Test AUC: 0.9610
Std Test Accurancy: 0.0422
Std Test AUC: 0.0108
------------------------- time cost ------------------------- 32.51624083518982

-------------Round number: 65-------------

Evaluate global model
Averaged Train Loss: 0.0306
Averaged Test Accurancy: 0.7674
Averaged Test AUC: 0.9615
Std Test Accurancy: 0.0402
Std Test AUC: 0.0106
------------------------- time cost ------------------------- 32.46342921257019

-------------Round number: 66-------------

Evaluate global model
Averaged Train Loss: 0.0281
Averaged Test Accurancy: 0.7670
Averaged Test AUC: 0.9608
Std Test Accurancy: 0.0424
Std Test AUC: 0.0108
------------------------- time cost ------------------------- 32.57161831855774

-------------Round number: 67-------------

Evaluate global model
Averaged Train Loss: 0.0334
Averaged Test Accurancy: 0.7669
Averaged Test AUC: 0.9612
Std Test Accurancy: 0.0420
Std Test AUC: 0.0109
------------------------- time cost ------------------------- 32.50458121299744

-------------Round number: 68-------------

Evaluate global model
Averaged Train Loss: 0.0334
Averaged Test Accurancy: 0.7685
Averaged Test AUC: 0.9613
Std Test Accurancy: 0.0434
Std Test AUC: 0.0111
------------------------- time cost ------------------------- 32.51053190231323

-------------Round number: 69-------------

Evaluate global model
Averaged Train Loss: 0.0265
Averaged Test Accurancy: 0.7686
Averaged Test AUC: 0.9612
Std Test Accurancy: 0.0435
Std Test AUC: 0.0114
------------------------- time cost ------------------------- 32.503440856933594

-------------Round number: 70-------------

Evaluate global model
Averaged Train Loss: 0.0256
Averaged Test Accurancy: 0.7684
Averaged Test AUC: 0.9616
Std Test Accurancy: 0.0443
Std Test AUC: 0.0112
------------------------- time cost ------------------------- 32.62049961090088

-------------Round number: 71-------------

Evaluate global model
Averaged Train Loss: 0.0281
Averaged Test Accurancy: 0.7679
Averaged Test AUC: 0.9615
Std Test Accurancy: 0.0416
Std Test AUC: 0.0113
------------------------- time cost ------------------------- 32.505552768707275

-------------Round number: 72-------------

Evaluate global model
Averaged Train Loss: 0.0279
Averaged Test Accurancy: 0.7702
Averaged Test AUC: 0.9618
Std Test Accurancy: 0.0427
Std Test AUC: 0.0110
------------------------- time cost ------------------------- 32.588314056396484

-------------Round number: 73-------------

Evaluate global model
Averaged Train Loss: 0.0243
Averaged Test Accurancy: 0.7685
Averaged Test AUC: 0.9615
Std Test Accurancy: 0.0405
Std Test AUC: 0.0111
------------------------- time cost ------------------------- 32.5030472278595

-------------Round number: 74-------------

Evaluate global model
Averaged Train Loss: 0.0291
Averaged Test Accurancy: 0.7702
Averaged Test AUC: 0.9618
Std Test Accurancy: 0.0410
Std Test AUC: 0.0110
------------------------- time cost ------------------------- 32.49972438812256

-------------Round number: 75-------------

Evaluate global model
Averaged Train Loss: 0.0245
Averaged Test Accurancy: 0.7708
Averaged Test AUC: 0.9617
Std Test Accurancy: 0.0392
Std Test AUC: 0.0105
------------------------- time cost ------------------------- 32.477845430374146

-------------Round number: 76-------------

Evaluate global model
Averaged Train Loss: 0.0321
Averaged Test Accurancy: 0.7700
Averaged Test AUC: 0.9620
Std Test Accurancy: 0.0390
Std Test AUC: 0.0108
------------------------- time cost ------------------------- 32.58094000816345

-------------Round number: 77-------------

Evaluate global model
Averaged Train Loss: 0.0242
Averaged Test Accurancy: 0.7693
Averaged Test AUC: 0.9621
Std Test Accurancy: 0.0369
Std Test AUC: 0.0107
------------------------- time cost ------------------------- 32.413057804107666

-------------Round number: 78-------------

Evaluate global model
Averaged Train Loss: 0.0212
Averaged Test Accurancy: 0.7688
Averaged Test AUC: 0.9622
Std Test Accurancy: 0.0391
Std Test AUC: 0.0110
------------------------- time cost ------------------------- 32.40913724899292

-------------Round number: 79-------------

Evaluate global model
Averaged Train Loss: 0.0244
Averaged Test Accurancy: 0.7703
Averaged Test AUC: 0.9626
Std Test Accurancy: 0.0394
Std Test AUC: 0.0108
------------------------- time cost ------------------------- 32.60598921775818

-------------Round number: 80-------------

Evaluate global model
Averaged Train Loss: 0.0251
Averaged Test Accurancy: 0.7704
Averaged Test AUC: 0.9625
Std Test Accurancy: 0.0392
Std Test AUC: 0.0109
------------------------- time cost ------------------------- 32.61916542053223

-------------Round number: 81-------------

Evaluate global model
Averaged Train Loss: 0.0256
Averaged Test Accurancy: 0.7684
Averaged Test AUC: 0.9626
Std Test Accurancy: 0.0408
Std Test AUC: 0.0109
------------------------- time cost ------------------------- 32.55036282539368

-------------Round number: 82-------------

Evaluate global model
Averaged Train Loss: 0.0222
Averaged Test Accurancy: 0.7695
Averaged Test AUC: 0.9624
Std Test Accurancy: 0.0410
Std Test AUC: 0.0108
------------------------- time cost ------------------------- 32.5668089389801

-------------Round number: 83-------------

Evaluate global model
Averaged Train Loss: 0.0255
Averaged Test Accurancy: 0.7709
Averaged Test AUC: 0.9625
Std Test Accurancy: 0.0420
Std Test AUC: 0.0111
------------------------- time cost ------------------------- 32.6698637008667

-------------Round number: 84-------------

Evaluate global model
Averaged Train Loss: 0.0312
Averaged Test Accurancy: 0.7707
Averaged Test AUC: 0.9625
Std Test Accurancy: 0.0392
Std Test AUC: 0.0108
------------------------- time cost ------------------------- 32.58955383300781

-------------Round number: 85-------------

Evaluate global model
Averaged Train Loss: 0.0219
Averaged Test Accurancy: 0.7709
Averaged Test AUC: 0.9628
Std Test Accurancy: 0.0404
Std Test AUC: 0.0110
------------------------- time cost ------------------------- 32.472596645355225

-------------Round number: 86-------------

Evaluate global model
Averaged Train Loss: 0.0311
Averaged Test Accurancy: 0.7732
Averaged Test AUC: 0.9628
Std Test Accurancy: 0.0397
Std Test AUC: 0.0107
------------------------- time cost ------------------------- 32.49774122238159

-------------Round number: 87-------------

Evaluate global model
Averaged Train Loss: 0.0248
Averaged Test Accurancy: 0.7753
Averaged Test AUC: 0.9629
Std Test Accurancy: 0.0401
Std Test AUC: 0.0107
------------------------- time cost ------------------------- 32.47865915298462

-------------Round number: 88-------------

Evaluate global model
Averaged Train Loss: 0.0259
Averaged Test Accurancy: 0.7735
Averaged Test AUC: 0.9625
Std Test Accurancy: 0.0405
Std Test AUC: 0.0109
------------------------- time cost ------------------------- 32.496074199676514

-------------Round number: 89-------------

Evaluate global model
Averaged Train Loss: 0.0244
Averaged Test Accurancy: 0.7748
Averaged Test AUC: 0.9624
Std Test Accurancy: 0.0382
Std Test AUC: 0.0107
------------------------- time cost ------------------------- 32.540196657180786

-------------Round number: 90-------------

Evaluate global model
Averaged Train Loss: 0.0206
Averaged Test Accurancy: 0.7776
Averaged Test AUC: 0.9632
Std Test Accurancy: 0.0410
Std Test AUC: 0.0105
------------------------- time cost ------------------------- 32.53924751281738

-------------Round number: 91-------------

Evaluate global model
Averaged Train Loss: 0.0198
Averaged Test Accurancy: 0.7778
Averaged Test AUC: 0.9633
Std Test Accurancy: 0.0396
Std Test AUC: 0.0104
------------------------- time cost ------------------------- 32.519495487213135

-------------Round number: 92-------------

Evaluate global model
Averaged Train Loss: 0.0212
Averaged Test Accurancy: 0.7792
Averaged Test AUC: 0.9635
Std Test Accurancy: 0.0389
Std Test AUC: 0.0105
------------------------- time cost ------------------------- 32.57185435295105

-------------Round number: 93-------------

Evaluate global model
Averaged Train Loss: 0.0189
Averaged Test Accurancy: 0.7788
Averaged Test AUC: 0.9638
Std Test Accurancy: 0.0400
Std Test AUC: 0.0104
------------------------- time cost ------------------------- 32.56061673164368

-------------Round number: 94-------------

Evaluate global model
Averaged Train Loss: 0.0183
Averaged Test Accurancy: 0.7803
Averaged Test AUC: 0.9637
Std Test Accurancy: 0.0396
Std Test AUC: 0.0102
------------------------- time cost ------------------------- 32.45501637458801

-------------Round number: 95-------------

Evaluate global model
Averaged Train Loss: 0.0247
Averaged Test Accurancy: 0.7775
Averaged Test AUC: 0.9635
Std Test Accurancy: 0.0419
Std Test AUC: 0.0103
------------------------- time cost ------------------------- 33.19658184051514

-------------Round number: 96-------------

Evaluate global model
Averaged Train Loss: 0.0210
Averaged Test Accurancy: 0.7804
Averaged Test AUC: 0.9639
Std Test Accurancy: 0.0413
Std Test AUC: 0.0105
------------------------- time cost ------------------------- 32.98838996887207

-------------Round number: 97-------------

Evaluate global model
Averaged Train Loss: 0.0201
Averaged Test Accurancy: 0.7792
Averaged Test AUC: 0.9638
Std Test Accurancy: 0.0410
Std Test AUC: 0.0105
------------------------- time cost ------------------------- 32.801873207092285

-------------Round number: 98-------------

Evaluate global model
Averaged Train Loss: 0.0220
Averaged Test Accurancy: 0.7809
Averaged Test AUC: 0.9638
Std Test Accurancy: 0.0410
Std Test AUC: 0.0105
------------------------- time cost ------------------------- 32.898382902145386

-------------Round number: 99-------------

Evaluate global model
Averaged Train Loss: 0.0153
Averaged Test Accurancy: 0.7841
Averaged Test AUC: 0.9642
Std Test Accurancy: 0.0412
Std Test AUC: 0.0104
------------------------- time cost ------------------------- 32.918774366378784

-------------Round number: 100-------------

Evaluate global model
Averaged Train Loss: 0.0190
Averaged Test Accurancy: 0.7814
Averaged Test AUC: 0.9638
Std Test Accurancy: 0.0418
Std Test AUC: 0.0109
------------------------- time cost ------------------------- 32.86032223701477

-------------Round number: 101-------------

Evaluate global model
Averaged Train Loss: 0.0213
Averaged Test Accurancy: 0.7817
Averaged Test AUC: 0.9643
Std Test Accurancy: 0.0407
Std Test AUC: 0.0105
------------------------- time cost ------------------------- 33.066917419433594

-------------Round number: 102-------------

Evaluate global model
Averaged Train Loss: 0.0138
Averaged Test Accurancy: 0.7813
Averaged Test AUC: 0.9642
Std Test Accurancy: 0.0418
Std Test AUC: 0.0105
------------------------- time cost ------------------------- 32.932291746139526

-------------Round number: 103-------------

Evaluate global model
Averaged Train Loss: 0.0163
Averaged Test Accurancy: 0.7811
Averaged Test AUC: 0.9644
Std Test Accurancy: 0.0386
Std Test AUC: 0.0101
------------------------- time cost ------------------------- 32.691139698028564

-------------Round number: 104-------------

Evaluate global model
Averaged Train Loss: 0.0139
Averaged Test Accurancy: 0.7823
Averaged Test AUC: 0.9645
Std Test Accurancy: 0.0388
Std Test AUC: 0.0102
------------------------- time cost ------------------------- 32.973092555999756

-------------Round number: 105-------------

Evaluate global model
Averaged Train Loss: 0.0206
Averaged Test Accurancy: 0.7803
Averaged Test AUC: 0.9642
Std Test Accurancy: 0.0404
Std Test AUC: 0.0106
------------------------- time cost ------------------------- 32.935893297195435

-------------Round number: 106-------------

Evaluate global model
Averaged Train Loss: 0.0158
Averaged Test Accurancy: 0.7809
Averaged Test AUC: 0.9646
Std Test Accurancy: 0.0383
Std Test AUC: 0.0108
------------------------- time cost ------------------------- 32.955970287323

-------------Round number: 107-------------

Evaluate global model
Averaged Train Loss: 0.0201
Averaged Test Accurancy: 0.7812
Averaged Test AUC: 0.9647
Std Test Accurancy: 0.0373
Std Test AUC: 0.0107
------------------------- time cost ------------------------- 33.04109025001526

-------------Round number: 108-------------

Evaluate global model
Averaged Train Loss: 0.0170
Averaged Test Accurancy: 0.7803
Averaged Test AUC: 0.9650
Std Test Accurancy: 0.0368
Std Test AUC: 0.0104
------------------------- time cost ------------------------- 32.855300188064575

-------------Round number: 109-------------

Evaluate global model
Averaged Train Loss: 0.0101
Averaged Test Accurancy: 0.7805
Averaged Test AUC: 0.9647
Std Test Accurancy: 0.0379
Std Test AUC: 0.0104
------------------------- time cost ------------------------- 32.87199902534485

-------------Round number: 110-------------

Evaluate global model
Averaged Train Loss: 0.0120
Averaged Test Accurancy: 0.7803
Averaged Test AUC: 0.9650
Std Test Accurancy: 0.0368
Std Test AUC: 0.0104
------------------------- time cost ------------------------- 32.9528546333313

-------------Round number: 111-------------

Evaluate global model
Averaged Train Loss: 0.0102
Averaged Test Accurancy: 0.7798
Averaged Test AUC: 0.9647
Std Test Accurancy: 0.0371
Std Test AUC: 0.0106
------------------------- time cost ------------------------- 32.792659282684326

-------------Round number: 112-------------

Evaluate global model
Averaged Train Loss: 0.0166
Averaged Test Accurancy: 0.7815
Averaged Test AUC: 0.9649
Std Test Accurancy: 0.0373
Std Test AUC: 0.0106
------------------------- time cost ------------------------- 34.43061399459839

-------------Round number: 113-------------

Evaluate global model
Averaged Train Loss: 0.0120
Averaged Test Accurancy: 0.7822
Averaged Test AUC: 0.9650
Std Test Accurancy: 0.0361
Std Test AUC: 0.0104
------------------------- time cost ------------------------- 35.26573395729065

-------------Round number: 114-------------

Evaluate global model
Averaged Train Loss: 0.0095
Averaged Test Accurancy: 0.7821
Averaged Test AUC: 0.9648
Std Test Accurancy: 0.0361
Std Test AUC: 0.0106
------------------------- time cost ------------------------- 35.077972412109375

-------------Round number: 115-------------

Evaluate global model
Averaged Train Loss: 0.0180
Averaged Test Accurancy: 0.7839
Averaged Test AUC: 0.9648
Std Test Accurancy: 0.0361
Std Test AUC: 0.0104
------------------------- time cost ------------------------- 32.69092082977295

-------------Round number: 116-------------

Evaluate global model
Averaged Train Loss: 0.0124
Averaged Test Accurancy: 0.7812
Averaged Test AUC: 0.9646
Std Test Accurancy: 0.0358
Std Test AUC: 0.0107
------------------------- time cost ------------------------- 32.958293437957764

-------------Round number: 117-------------

Evaluate global model
Averaged Train Loss: 0.0139
Averaged Test Accurancy: 0.7826
Averaged Test AUC: 0.9652
Std Test Accurancy: 0.0366
Std Test AUC: 0.0105
------------------------- time cost ------------------------- 34.25667643547058

-------------Round number: 118-------------

Evaluate global model
Averaged Train Loss: 0.0108
Averaged Test Accurancy: 0.7824
Averaged Test AUC: 0.9652
Std Test Accurancy: 0.0378
Std Test AUC: 0.0105
------------------------- time cost ------------------------- 32.73124980926514

-------------Round number: 119-------------

Evaluate global model
Averaged Train Loss: 0.0122
Averaged Test Accurancy: 0.7831
Averaged Test AUC: 0.9651
Std Test Accurancy: 0.0391
Std Test AUC: 0.0109
------------------------- time cost ------------------------- 32.577046155929565

-------------Round number: 120-------------

Evaluate global model
Averaged Train Loss: 0.0195
Averaged Test Accurancy: 0.7836
Averaged Test AUC: 0.9655
Std Test Accurancy: 0.0383
Std Test AUC: 0.0110
------------------------- time cost ------------------------- 32.733798027038574

-------------Round number: 121-------------

Evaluate global model
Averaged Train Loss: 0.0077
Averaged Test Accurancy: 0.7839
Averaged Test AUC: 0.9654
Std Test Accurancy: 0.0380
Std Test AUC: 0.0109
------------------------- time cost ------------------------- 32.776719093322754

-------------Round number: 122-------------

Evaluate global model
Averaged Train Loss: 0.0141
Averaged Test Accurancy: 0.7836
Averaged Test AUC: 0.9654
Std Test Accurancy: 0.0376
Std Test AUC: 0.0109
------------------------- time cost ------------------------- 32.75935077667236

-------------Round number: 123-------------

Evaluate global model
Averaged Train Loss: 0.0083
Averaged Test Accurancy: 0.7864
Averaged Test AUC: 0.9655
Std Test Accurancy: 0.0382
Std Test AUC: 0.0110
------------------------- time cost ------------------------- 32.54690742492676

-------------Round number: 124-------------

Evaluate global model
Averaged Train Loss: 0.0126
Averaged Test Accurancy: 0.7850
Averaged Test AUC: 0.9654
Std Test Accurancy: 0.0371
Std Test AUC: 0.0110
------------------------- time cost ------------------------- 32.68667697906494

-------------Round number: 125-------------

Evaluate global model
Averaged Train Loss: 0.0084
Averaged Test Accurancy: 0.7853
Averaged Test AUC: 0.9653
Std Test Accurancy: 0.0372
Std Test AUC: 0.0111
------------------------- time cost ------------------------- 32.521623373031616

-------------Round number: 126-------------

Evaluate global model
Averaged Train Loss: 0.0123
Averaged Test Accurancy: 0.7874
Averaged Test AUC: 0.9654
Std Test Accurancy: 0.0386
Std Test AUC: 0.0112
------------------------- time cost ------------------------- 32.71386384963989

-------------Round number: 127-------------

Evaluate global model
Averaged Train Loss: 0.0136
Averaged Test Accurancy: 0.7870
Averaged Test AUC: 0.9656
Std Test Accurancy: 0.0376
Std Test AUC: 0.0112
------------------------- time cost ------------------------- 32.71094512939453

-------------Round number: 128-------------

Evaluate global model
Averaged Train Loss: 0.0102
Averaged Test Accurancy: 0.7863
Averaged Test AUC: 0.9655
Std Test Accurancy: 0.0363
Std Test AUC: 0.0112
------------------------- time cost ------------------------- 32.62345600128174

-------------Round number: 129-------------

Evaluate global model
Averaged Train Loss: 0.0101
Averaged Test Accurancy: 0.7874
Averaged Test AUC: 0.9654
Std Test Accurancy: 0.0403
Std Test AUC: 0.0111
------------------------- time cost ------------------------- 32.537251234054565

-------------Round number: 130-------------

Evaluate global model
Averaged Train Loss: 0.0116
Averaged Test Accurancy: 0.7859
Averaged Test AUC: 0.9656
Std Test Accurancy: 0.0380
Std Test AUC: 0.0107
------------------------- time cost ------------------------- 32.633660554885864

-------------Round number: 131-------------

Evaluate global model
Averaged Train Loss: 0.0053
Averaged Test Accurancy: 0.7862
Averaged Test AUC: 0.9657
Std Test Accurancy: 0.0388
Std Test AUC: 0.0108
------------------------- time cost ------------------------- 32.640592098236084

-------------Round number: 132-------------

Evaluate global model
Averaged Train Loss: 0.0079
Averaged Test Accurancy: 0.7853
Averaged Test AUC: 0.9655
Std Test Accurancy: 0.0396
Std Test AUC: 0.0108
------------------------- time cost ------------------------- 32.68852210044861

-------------Round number: 133-------------

Evaluate global model
Averaged Train Loss: 0.0094
Averaged Test Accurancy: 0.7877
Averaged Test AUC: 0.9655
Std Test Accurancy: 0.0403
Std Test AUC: 0.0108
------------------------- time cost ------------------------- 32.717236280441284

-------------Round number: 134-------------

Evaluate global model
Averaged Train Loss: 0.0098
Averaged Test Accurancy: 0.7864
Averaged Test AUC: 0.9657
Std Test Accurancy: 0.0393
Std Test AUC: 0.0106
------------------------- time cost ------------------------- 32.729737758636475

-------------Round number: 135-------------

Evaluate global model
Averaged Train Loss: 0.0076
Averaged Test Accurancy: 0.7877
Averaged Test AUC: 0.9659
Std Test Accurancy: 0.0403
Std Test AUC: 0.0107
------------------------- time cost ------------------------- 32.77078413963318

-------------Round number: 136-------------

Evaluate global model
Averaged Train Loss: 0.0082
Averaged Test Accurancy: 0.7879
Averaged Test AUC: 0.9656
Std Test Accurancy: 0.0410
Std Test AUC: 0.0109
------------------------- time cost ------------------------- 32.63752794265747

-------------Round number: 137-------------

Evaluate global model
Averaged Train Loss: 0.0063
Averaged Test Accurancy: 0.7874
Averaged Test AUC: 0.9658
Std Test Accurancy: 0.0418
Std Test AUC: 0.0110
------------------------- time cost ------------------------- 32.61411929130554

-------------Round number: 138-------------

Evaluate global model
Averaged Train Loss: 0.0078
Averaged Test Accurancy: 0.7862
Averaged Test AUC: 0.9660
Std Test Accurancy: 0.0409
Std Test AUC: 0.0108
------------------------- time cost ------------------------- 32.984391927719116

-------------Round number: 139-------------

Evaluate global model
Averaged Train Loss: 0.0077
Averaged Test Accurancy: 0.7884
Averaged Test AUC: 0.9660
Std Test Accurancy: 0.0420
Std Test AUC: 0.0107
------------------------- time cost ------------------------- 32.98600482940674

-------------Round number: 140-------------

Evaluate global model
Averaged Train Loss: 0.0072
Averaged Test Accurancy: 0.7887
Averaged Test AUC: 0.9659
Std Test Accurancy: 0.0408
Std Test AUC: 0.0106
------------------------- time cost ------------------------- 32.633113384246826

-------------Round number: 141-------------

Evaluate global model
Averaged Train Loss: 0.0104
Averaged Test Accurancy: 0.7865
Averaged Test AUC: 0.9655
Std Test Accurancy: 0.0403
Std Test AUC: 0.0107
------------------------- time cost ------------------------- 32.57534337043762

-------------Round number: 142-------------

Evaluate global model
Averaged Train Loss: 0.0078
Averaged Test Accurancy: 0.7878
Averaged Test AUC: 0.9654
Std Test Accurancy: 0.0412
Std Test AUC: 0.0110
------------------------- time cost ------------------------- 32.34329962730408

-------------Round number: 143-------------

Evaluate global model
Averaged Train Loss: 0.0076
Averaged Test Accurancy: 0.7869
Averaged Test AUC: 0.9655
Std Test Accurancy: 0.0413
Std Test AUC: 0.0107
------------------------- time cost ------------------------- 32.616854190826416

-------------Round number: 144-------------

Evaluate global model
Averaged Train Loss: 0.0089
Averaged Test Accurancy: 0.7885
Averaged Test AUC: 0.9658
Std Test Accurancy: 0.0421
Std Test AUC: 0.0106
------------------------- time cost ------------------------- 32.61160445213318

-------------Round number: 145-------------

Evaluate global model
Averaged Train Loss: 0.0064
Averaged Test Accurancy: 0.7878
Averaged Test AUC: 0.9657
Std Test Accurancy: 0.0404
Std Test AUC: 0.0107
------------------------- time cost ------------------------- 32.26991415023804

-------------Round number: 146-------------

Evaluate global model
Averaged Train Loss: 0.0097
Averaged Test Accurancy: 0.7866
Averaged Test AUC: 0.9657
Std Test Accurancy: 0.0402
Std Test AUC: 0.0105
------------------------- time cost ------------------------- 32.363282918930054

-------------Round number: 147-------------

Evaluate global model
Averaged Train Loss: 0.0094
Averaged Test Accurancy: 0.7867
Averaged Test AUC: 0.9657
Std Test Accurancy: 0.0395
Std Test AUC: 0.0105
------------------------- time cost ------------------------- 32.54341506958008

-------------Round number: 148-------------

Evaluate global model
Averaged Train Loss: 0.0101
Averaged Test Accurancy: 0.7850
Averaged Test AUC: 0.9653
Std Test Accurancy: 0.0398
Std Test AUC: 0.0106
------------------------- time cost ------------------------- 32.452341079711914

-------------Round number: 149-------------

Evaluate global model
Averaged Train Loss: 0.0083
Averaged Test Accurancy: 0.7884
Averaged Test AUC: 0.9656
Std Test Accurancy: 0.0379
Std Test AUC: 0.0105
------------------------- time cost ------------------------- 32.5124933719635

Best global accuracy.
0.7887

Average time cost per round.
32.77170892689852
File path: ../results/Cifar10_FedAvg_resnet_gr150_ls10_bs32_lr0.005.h5

Average time cost: 4930.86s.
Length:  150
std for best accurancy: 0.0
mean for best accurancy: 0.7887
All done!

Storage on cuda:0
-------------------------------------------------------------------------------
Total Tensors: 2259672924 	Used Memory: 8.42G
The allocated memory on cuda:0: 8.55G
Memory differs due to the matrix alignment or invisible gradient buffer tensors
-------------------------------------------------------------------------------
