==================================================
Algorithm: FedAvg
Local batch size: 16
Local steps: 1
Local learing rate: 0.005
Total number of clients: 100
Clients join in each round: 0.1
Client drop rate: 0.0
Time select: False
Time threthold: 10000
Global rounds: 160
Running times: 1
Dataset: mnist
Local model: cnn
Using device: cuda
Cuda device id: 0
==================================================

============= Running time: 0th =============
Creating server and clients ...

Join ratio / total clients: 0.1 / 100
Finished creating server and clients.

-------------Round number: 0-------------

Evaluate global model
Averaged Train Loss: 2.3126
Averaged Test Accurancy: 0.0584
Averaged Test AUC: 0.4284
Std Test Accurancy: 0.0763
Std Test AUC: 0.2113
------------------------- time cost ------------------------- 6.02386736869812

-------------Round number: 1-------------

Evaluate global model
Averaged Train Loss: 2.2423
Averaged Test Accurancy: 0.1145
Averaged Test AUC: 0.4658
Std Test Accurancy: 0.2121
Std Test AUC: 0.2508
------------------------- time cost ------------------------- 6.520428419113159

-------------Round number: 2-------------

Evaluate global model
Averaged Train Loss: 2.1040
Averaged Test Accurancy: 0.1541
Averaged Test AUC: 0.5027
Std Test Accurancy: 0.2475
Std Test AUC: 0.2667
------------------------- time cost ------------------------- 6.03469443321228

-------------Round number: 3-------------

Evaluate global model
Averaged Train Loss: 2.0505
Averaged Test Accurancy: 0.1671
Averaged Test AUC: 0.5373
Std Test Accurancy: 0.2809
Std Test AUC: 0.2874
------------------------- time cost ------------------------- 6.325277090072632

-------------Round number: 4-------------

Evaluate global model
Averaged Train Loss: 1.9433
Averaged Test Accurancy: 0.2345
Averaged Test AUC: 0.5614
Std Test Accurancy: 0.3203
Std Test AUC: 0.3019
------------------------- time cost ------------------------- 6.030450820922852

-------------Round number: 5-------------

Evaluate global model
Averaged Train Loss: 1.8781
Averaged Test Accurancy: 0.2659
Averaged Test AUC: 0.5851
Std Test Accurancy: 0.3303
Std Test AUC: 0.3166
------------------------- time cost ------------------------- 5.8204309940338135

-------------Round number: 6-------------

Evaluate global model
Averaged Train Loss: 1.7442
Averaged Test Accurancy: 0.3187
Averaged Test AUC: 0.6367
Std Test Accurancy: 0.3489
Std Test AUC: 0.3008
------------------------- time cost ------------------------- 5.727522373199463

-------------Round number: 7-------------

Evaluate global model
Averaged Train Loss: 1.5860
Averaged Test Accurancy: 0.3785
Averaged Test AUC: 0.6830
Std Test Accurancy: 0.3597
Std Test AUC: 0.2996
------------------------- time cost ------------------------- 5.727609634399414

-------------Round number: 8-------------

Evaluate global model
Averaged Train Loss: 1.4652
Averaged Test Accurancy: 0.4460
Averaged Test AUC: 0.7184
Std Test Accurancy: 0.3662
Std Test AUC: 0.2982
------------------------- time cost ------------------------- 5.626323699951172

-------------Round number: 9-------------

Evaluate global model
Averaged Train Loss: 1.5604
Averaged Test Accurancy: 0.4193
Averaged Test AUC: 0.7318
Std Test Accurancy: 0.3735
Std Test AUC: 0.2945
------------------------- time cost ------------------------- 6.010583162307739

-------------Round number: 10-------------

Evaluate global model
Averaged Train Loss: 1.2928
Averaged Test Accurancy: 0.5032
Averaged Test AUC: 0.7669
Std Test Accurancy: 0.3858
Std Test AUC: 0.2877
------------------------- time cost ------------------------- 5.524639844894409

-------------Round number: 11-------------

Evaluate global model
Averaged Train Loss: 1.2200
Averaged Test Accurancy: 0.5409
Averaged Test AUC: 0.7870
Std Test Accurancy: 0.3707
Std Test AUC: 0.2840
------------------------- time cost ------------------------- 5.694429636001587

-------------Round number: 12-------------

Evaluate global model
Averaged Train Loss: 1.0543
Averaged Test Accurancy: 0.5844
Averaged Test AUC: 0.8332
Std Test Accurancy: 0.3601
Std Test AUC: 0.2610
------------------------- time cost ------------------------- 5.950953245162964

-------------Round number: 13-------------

Evaluate global model
Averaged Train Loss: 1.0287
Averaged Test Accurancy: 0.6083
Averaged Test AUC: 0.8367
Std Test Accurancy: 0.3777
Std Test AUC: 0.2629
------------------------- time cost ------------------------- 5.900566816329956

-------------Round number: 14-------------

Evaluate global model
Averaged Train Loss: 0.9157
Averaged Test Accurancy: 0.6300
Averaged Test AUC: 0.8553
Std Test Accurancy: 0.3652
Std Test AUC: 0.2547
------------------------- time cost ------------------------- 6.459201097488403

-------------Round number: 15-------------

Evaluate global model
Averaged Train Loss: 0.8808
Averaged Test Accurancy: 0.6586
Averaged Test AUC: 0.8695
Std Test Accurancy: 0.3544
Std Test AUC: 0.2346
------------------------- time cost ------------------------- 5.852599620819092

-------------Round number: 16-------------

Evaluate global model
Averaged Train Loss: 0.7827
Averaged Test Accurancy: 0.6936
Averaged Test AUC: 0.8865
Std Test Accurancy: 0.3434
Std Test AUC: 0.2284
------------------------- time cost ------------------------- 5.3371055126190186

-------------Round number: 17-------------

Evaluate global model
Averaged Train Loss: 0.7736
Averaged Test Accurancy: 0.7078
Averaged Test AUC: 0.8929
Std Test Accurancy: 0.3183
Std Test AUC: 0.2104
------------------------- time cost ------------------------- 5.884117841720581

-------------Round number: 18-------------

Evaluate global model
Averaged Train Loss: 0.7292
Averaged Test Accurancy: 0.7224
Averaged Test AUC: 0.9018
Std Test Accurancy: 0.3182
Std Test AUC: 0.2058
------------------------- time cost ------------------------- 6.110870122909546

-------------Round number: 19-------------

Evaluate global model
Averaged Train Loss: 0.7236
Averaged Test Accurancy: 0.7362
Averaged Test AUC: 0.9012
Std Test Accurancy: 0.3052
Std Test AUC: 0.2074
------------------------- time cost ------------------------- 6.125283718109131

-------------Round number: 20-------------

Evaluate global model
Averaged Train Loss: 0.6675
Averaged Test Accurancy: 0.7329
Averaged Test AUC: 0.9090
Std Test Accurancy: 0.3219
Std Test AUC: 0.2019
------------------------- time cost ------------------------- 5.65466570854187

-------------Round number: 21-------------

Evaluate global model
Averaged Train Loss: 0.5576
Averaged Test Accurancy: 0.7924
Averaged Test AUC: 0.9199
Std Test Accurancy: 0.2842
Std Test AUC: 0.2012
------------------------- time cost ------------------------- 5.78258204460144

-------------Round number: 22-------------

Evaluate global model
Averaged Train Loss: 0.5850
Averaged Test Accurancy: 0.7783
Averaged Test AUC: 0.9155
Std Test Accurancy: 0.2945
Std Test AUC: 0.2025
------------------------- time cost ------------------------- 5.572342395782471

-------------Round number: 23-------------

Evaluate global model
Averaged Train Loss: 0.5265
Averaged Test Accurancy: 0.8024
Averaged Test AUC: 0.9295
Std Test Accurancy: 0.2791
Std Test AUC: 0.1839
------------------------- time cost ------------------------- 5.792219877243042

-------------Round number: 24-------------

Evaluate global model
Averaged Train Loss: 0.4854
Averaged Test Accurancy: 0.8274
Averaged Test AUC: 0.9422
Std Test Accurancy: 0.2347
Std Test AUC: 0.1614
------------------------- time cost ------------------------- 6.454302072525024

-------------Round number: 25-------------

Evaluate global model
Averaged Train Loss: 0.4453
Averaged Test Accurancy: 0.8361
Averaged Test AUC: 0.9432
Std Test Accurancy: 0.2350
Std Test AUC: 0.1619
------------------------- time cost ------------------------- 5.672711133956909

-------------Round number: 26-------------

Evaluate global model
Averaged Train Loss: 0.4551
Averaged Test Accurancy: 0.8367
Averaged Test AUC: 0.9447
Std Test Accurancy: 0.2175
Std Test AUC: 0.1485
------------------------- time cost ------------------------- 5.569683313369751

-------------Round number: 27-------------

Evaluate global model
Averaged Train Loss: 0.4306
Averaged Test Accurancy: 0.8465
Averaged Test AUC: 0.9493
Std Test Accurancy: 0.2141
Std Test AUC: 0.1462
------------------------- time cost ------------------------- 5.5493483543396

-------------Round number: 28-------------

Evaluate global model
Averaged Train Loss: 0.3857
Averaged Test Accurancy: 0.8621
Averaged Test AUC: 0.9532
Std Test Accurancy: 0.2150
Std Test AUC: 0.1477
------------------------- time cost ------------------------- 5.41297459602356

-------------Round number: 29-------------

Evaluate global model
Averaged Train Loss: 0.4206
Averaged Test Accurancy: 0.8397
Averaged Test AUC: 0.9469
Std Test Accurancy: 0.2386
Std Test AUC: 0.1492
------------------------- time cost ------------------------- 5.705167770385742

-------------Round number: 30-------------

Evaluate global model
Averaged Train Loss: 0.3460
Averaged Test Accurancy: 0.8731
Averaged Test AUC: 0.9581
Std Test Accurancy: 0.1868
Std Test AUC: 0.1276
------------------------- time cost ------------------------- 5.577233076095581

-------------Round number: 31-------------

Evaluate global model
Averaged Train Loss: 0.3821
Averaged Test Accurancy: 0.8626
Averaged Test AUC: 0.9559
Std Test Accurancy: 0.1880
Std Test AUC: 0.1278
------------------------- time cost ------------------------- 5.883816719055176

-------------Round number: 32-------------

Evaluate global model
Averaged Train Loss: 0.4454
Averaged Test Accurancy: 0.8308
Averaged Test AUC: 0.9453
Std Test Accurancy: 0.2129
Std Test AUC: 0.1311
------------------------- time cost ------------------------- 6.1884143352508545

-------------Round number: 33-------------

Evaluate global model
Averaged Train Loss: 0.3385
Averaged Test Accurancy: 0.8696
Averaged Test AUC: 0.9576
Std Test Accurancy: 0.2097
Std Test AUC: 0.1283
------------------------- time cost ------------------------- 5.589237213134766

-------------Round number: 34-------------

Evaluate global model
Averaged Train Loss: 0.3404
Averaged Test Accurancy: 0.8778
Averaged Test AUC: 0.9571
Std Test Accurancy: 0.1861
Std Test AUC: 0.1280
------------------------- time cost ------------------------- 5.878151178359985

-------------Round number: 35-------------

Evaluate global model
Averaged Train Loss: 0.3177
Averaged Test Accurancy: 0.8818
Averaged Test AUC: 0.9591
Std Test Accurancy: 0.1835
Std Test AUC: 0.1275
------------------------- time cost ------------------------- 5.517524003982544

-------------Round number: 36-------------

Evaluate global model
Averaged Train Loss: 0.3189
Averaged Test Accurancy: 0.8774
Averaged Test AUC: 0.9719
Std Test Accurancy: 0.1942
Std Test AUC: 0.1015
------------------------- time cost ------------------------- 5.906742572784424

-------------Round number: 37-------------

Evaluate global model
Averaged Train Loss: 0.2592
Averaged Test Accurancy: 0.9064
Averaged Test AUC: 0.9772
Std Test Accurancy: 0.1625
Std Test AUC: 0.0987
------------------------- time cost ------------------------- 5.53360390663147

-------------Round number: 38-------------

Evaluate global model
Averaged Train Loss: 0.2671
Averaged Test Accurancy: 0.9017
Averaged Test AUC: 0.9748
Std Test Accurancy: 0.1691
Std Test AUC: 0.1002
------------------------- time cost ------------------------- 5.560983657836914

-------------Round number: 39-------------

Evaluate global model
Averaged Train Loss: 0.2813
Averaged Test Accurancy: 0.8997
Averaged Test AUC: 0.9752
Std Test Accurancy: 0.1632
Std Test AUC: 0.0991
------------------------- time cost ------------------------- 6.022938966751099

-------------Round number: 40-------------

Evaluate global model
Averaged Train Loss: 0.2743
Averaged Test Accurancy: 0.8959
Averaged Test AUC: 0.9741
Std Test Accurancy: 0.1792
Std Test AUC: 0.1004
------------------------- time cost ------------------------- 5.732974290847778

-------------Round number: 41-------------

Evaluate global model
Averaged Train Loss: 0.2359
Averaged Test Accurancy: 0.9151
Averaged Test AUC: 0.9850
Std Test Accurancy: 0.1398
Std Test AUC: 0.0387
------------------------- time cost ------------------------- 5.558085680007935

-------------Round number: 42-------------

Evaluate global model
Averaged Train Loss: 0.2079
Averaged Test Accurancy: 0.9242
Averaged Test AUC: 0.9873
Std Test Accurancy: 0.1241
Std Test AUC: 0.0353
------------------------- time cost ------------------------- 5.558732509613037

-------------Round number: 43-------------

Evaluate global model
Averaged Train Loss: 0.1640
Averaged Test Accurancy: 0.9418
Averaged Test AUC: 0.9943
Std Test Accurancy: 0.1252
Std Test AUC: 0.0198
------------------------- time cost ------------------------- 5.554296493530273

-------------Round number: 44-------------

Evaluate global model
Averaged Train Loss: 0.2053
Averaged Test Accurancy: 0.9231
Averaged Test AUC: 0.9898
Std Test Accurancy: 0.1211
Std Test AUC: 0.0189
------------------------- time cost ------------------------- 6.371698617935181

-------------Round number: 45-------------

Evaluate global model
Averaged Train Loss: 0.1763
Averaged Test Accurancy: 0.9440
Averaged Test AUC: 0.9931
Std Test Accurancy: 0.0808
Std Test AUC: 0.0110
------------------------- time cost ------------------------- 6.67327356338501

-------------Round number: 46-------------

Evaluate global model
Averaged Train Loss: 0.1755
Averaged Test Accurancy: 0.9388
Averaged Test AUC: 0.9929
Std Test Accurancy: 0.0913
Std Test AUC: 0.0128
------------------------- time cost ------------------------- 5.9024999141693115

-------------Round number: 47-------------

Evaluate global model
Averaged Train Loss: 0.1363
Averaged Test Accurancy: 0.9540
Averaged Test AUC: 0.9954
Std Test Accurancy: 0.0795
Std Test AUC: 0.0106
------------------------- time cost ------------------------- 5.879710912704468

-------------Round number: 48-------------

Evaluate global model
Averaged Train Loss: 0.1729
Averaged Test Accurancy: 0.9362
Averaged Test AUC: 0.9924
Std Test Accurancy: 0.1075
Std Test AUC: 0.0180
------------------------- time cost ------------------------- 5.854177713394165

-------------Round number: 49-------------

Evaluate global model
Averaged Train Loss: 0.1481
Averaged Test Accurancy: 0.9492
Averaged Test AUC: 0.9947
Std Test Accurancy: 0.0806
Std Test AUC: 0.0102
------------------------- time cost ------------------------- 5.80515456199646

-------------Round number: 50-------------

Evaluate global model
Averaged Train Loss: 0.1373
Averaged Test Accurancy: 0.9510
Averaged Test AUC: 0.9948
Std Test Accurancy: 0.1023
Std Test AUC: 0.0159
------------------------- time cost ------------------------- 5.632960796356201

-------------Round number: 51-------------

Evaluate global model
Averaged Train Loss: 0.1509
Averaged Test Accurancy: 0.9453
Averaged Test AUC: 0.9943
Std Test Accurancy: 0.1198
Std Test AUC: 0.0173
------------------------- time cost ------------------------- 5.609260082244873

-------------Round number: 52-------------

Evaluate global model
Averaged Train Loss: 0.1575
Averaged Test Accurancy: 0.9444
Averaged Test AUC: 0.9938
Std Test Accurancy: 0.0982
Std Test AUC: 0.0149
------------------------- time cost ------------------------- 5.826809406280518

-------------Round number: 53-------------

Evaluate global model
Averaged Train Loss: 0.1310
Averaged Test Accurancy: 0.9531
Averaged Test AUC: 0.9951
Std Test Accurancy: 0.0828
Std Test AUC: 0.0114
------------------------- time cost ------------------------- 5.605198860168457

-------------Round number: 54-------------

Evaluate global model
Averaged Train Loss: 0.1429
Averaged Test Accurancy: 0.9525
Averaged Test AUC: 0.9942
Std Test Accurancy: 0.0765
Std Test AUC: 0.0105
------------------------- time cost ------------------------- 5.881624937057495

-------------Round number: 55-------------

Evaluate global model
Averaged Train Loss: 0.1418
Averaged Test Accurancy: 0.9492
Averaged Test AUC: 0.9943
Std Test Accurancy: 0.0763
Std Test AUC: 0.0092
------------------------- time cost ------------------------- 5.793731212615967

-------------Round number: 56-------------

Evaluate global model
Averaged Train Loss: 0.1671
Averaged Test Accurancy: 0.9400
Averaged Test AUC: 0.9925
Std Test Accurancy: 0.0890
Std Test AUC: 0.0136
------------------------- time cost ------------------------- 5.576627254486084

-------------Round number: 57-------------

Evaluate global model
Averaged Train Loss: 0.1227
Averaged Test Accurancy: 0.9547
Averaged Test AUC: 0.9950
Std Test Accurancy: 0.0880
Std Test AUC: 0.0140
------------------------- time cost ------------------------- 4.962674856185913

-------------Round number: 58-------------

Evaluate global model
Averaged Train Loss: 0.1531
Averaged Test Accurancy: 0.9415
Averaged Test AUC: 0.9922
Std Test Accurancy: 0.1159
Std Test AUC: 0.0184
------------------------- time cost ------------------------- 5.340257167816162

-------------Round number: 59-------------

Evaluate global model
Averaged Train Loss: 0.1233
Averaged Test Accurancy: 0.9549
Averaged Test AUC: 0.9952
Std Test Accurancy: 0.0802
Std Test AUC: 0.0104
------------------------- time cost ------------------------- 5.268117904663086

-------------Round number: 60-------------

Evaluate global model
Averaged Train Loss: 0.1352
Averaged Test Accurancy: 0.9527
Averaged Test AUC: 0.9941
Std Test Accurancy: 0.0714
Std Test AUC: 0.0119
------------------------- time cost ------------------------- 5.231154680252075

-------------Round number: 61-------------

Evaluate global model
Averaged Train Loss: 0.1255
Averaged Test Accurancy: 0.9607
Averaged Test AUC: 0.9951
Std Test Accurancy: 0.0618
Std Test AUC: 0.0113
------------------------- time cost ------------------------- 5.363987922668457

-------------Round number: 62-------------

Evaluate global model
Averaged Train Loss: 0.1110
Averaged Test Accurancy: 0.9617
Averaged Test AUC: 0.9954
Std Test Accurancy: 0.0872
Std Test AUC: 0.0158
------------------------- time cost ------------------------- 5.283071279525757

-------------Round number: 63-------------

Evaluate global model
Averaged Train Loss: 0.1470
Averaged Test Accurancy: 0.9489
Averaged Test AUC: 0.9934
Std Test Accurancy: 0.0949
Std Test AUC: 0.0162
------------------------- time cost ------------------------- 5.339524745941162

-------------Round number: 64-------------

Evaluate global model
Averaged Train Loss: 0.1775
Averaged Test Accurancy: 0.9376
Averaged Test AUC: 0.9914
Std Test Accurancy: 0.0997
Std Test AUC: 0.0174
------------------------- time cost ------------------------- 5.337566614151001

-------------Round number: 65-------------

Evaluate global model
Averaged Train Loss: 0.1189
Averaged Test Accurancy: 0.9581
Averaged Test AUC: 0.9949
Std Test Accurancy: 0.0553
Std Test AUC: 0.0094
------------------------- time cost ------------------------- 5.425626516342163

-------------Round number: 66-------------

Evaluate global model
Averaged Train Loss: 0.1314
Averaged Test Accurancy: 0.9548
Averaged Test AUC: 0.9943
Std Test Accurancy: 0.0648
Std Test AUC: 0.0127
------------------------- time cost ------------------------- 5.589467287063599

-------------Round number: 67-------------

Evaluate global model
Averaged Train Loss: 0.0981
Averaged Test Accurancy: 0.9654
Averaged Test AUC: 0.9961
Std Test Accurancy: 0.0590
Std Test AUC: 0.0104
------------------------- time cost ------------------------- 5.465151309967041

-------------Round number: 68-------------

Evaluate global model
Averaged Train Loss: 0.1096
Averaged Test Accurancy: 0.9649
Averaged Test AUC: 0.9957
Std Test Accurancy: 0.0420
Std Test AUC: 0.0089
------------------------- time cost ------------------------- 5.174780368804932

-------------Round number: 69-------------

Evaluate global model
Averaged Train Loss: 0.0993
Averaged Test Accurancy: 0.9657
Averaged Test AUC: 0.9962
Std Test Accurancy: 0.0492
Std Test AUC: 0.0103
------------------------- time cost ------------------------- 5.236753702163696

-------------Round number: 70-------------

Evaluate global model
Averaged Train Loss: 0.1271
Averaged Test Accurancy: 0.9580
Averaged Test AUC: 0.9935
Std Test Accurancy: 0.0679
Std Test AUC: 0.0157
------------------------- time cost ------------------------- 5.399548053741455

-------------Round number: 71-------------

Evaluate global model
Averaged Train Loss: 0.1215
Averaged Test Accurancy: 0.9570
Averaged Test AUC: 0.9943
Std Test Accurancy: 0.0581
Std Test AUC: 0.0104
------------------------- time cost ------------------------- 5.394418478012085

-------------Round number: 72-------------

Evaluate global model
Averaged Train Loss: 0.2104
Averaged Test Accurancy: 0.9236
Averaged Test AUC: 0.9917
Std Test Accurancy: 0.1466
Std Test AUC: 0.0163
------------------------- time cost ------------------------- 5.470639228820801

-------------Round number: 73-------------

Evaluate global model
Averaged Train Loss: 0.0984
Averaged Test Accurancy: 0.9644
Averaged Test AUC: 0.9960
Std Test Accurancy: 0.1072
Std Test AUC: 0.0184
------------------------- time cost ------------------------- 5.233776092529297

-------------Round number: 74-------------

Evaluate global model
Averaged Train Loss: 0.1000
Averaged Test Accurancy: 0.9655
Averaged Test AUC: 0.9963
Std Test Accurancy: 0.0536
Std Test AUC: 0.0094
------------------------- time cost ------------------------- 4.026346683502197

-------------Round number: 75-------------

Evaluate global model
Averaged Train Loss: 0.0979
Averaged Test Accurancy: 0.9669
Averaged Test AUC: 0.9961
Std Test Accurancy: 0.0561
Std Test AUC: 0.0109
------------------------- time cost ------------------------- 4.132161378860474

-------------Round number: 76-------------

Evaluate global model
Averaged Train Loss: 0.1051
Averaged Test Accurancy: 0.9668
Averaged Test AUC: 0.9960
Std Test Accurancy: 0.0604
Std Test AUC: 0.0125
------------------------- time cost ------------------------- 4.115996599197388

-------------Round number: 77-------------

Evaluate global model
Averaged Train Loss: 0.1175
Averaged Test Accurancy: 0.9617
Averaged Test AUC: 0.9950
Std Test Accurancy: 0.0879
Std Test AUC: 0.0145
------------------------- time cost ------------------------- 4.220106840133667

-------------Round number: 78-------------

Evaluate global model
Averaged Train Loss: 0.0931
Averaged Test Accurancy: 0.9702
Averaged Test AUC: 0.9962
Std Test Accurancy: 0.0366
Std Test AUC: 0.0068
------------------------- time cost ------------------------- 4.319631099700928

-------------Round number: 79-------------

Evaluate global model
Averaged Train Loss: 0.1142
Averaged Test Accurancy: 0.9633
Averaged Test AUC: 0.9946
Std Test Accurancy: 0.0771
Std Test AUC: 0.0232
------------------------- time cost ------------------------- 4.653410911560059

-------------Round number: 80-------------

Evaluate global model
Averaged Train Loss: 0.0800
Averaged Test Accurancy: 0.9744
Averaged Test AUC: 0.9971
Std Test Accurancy: 0.0372
Std Test AUC: 0.0068
------------------------- time cost ------------------------- 3.9553983211517334

-------------Round number: 81-------------

Evaluate global model
Averaged Train Loss: 0.1035
Averaged Test Accurancy: 0.9661
Averaged Test AUC: 0.9954
Std Test Accurancy: 0.0597
Std Test AUC: 0.0136
------------------------- time cost ------------------------- 4.0544023513793945

-------------Round number: 82-------------

Evaluate global model
Averaged Train Loss: 0.1319
Averaged Test Accurancy: 0.9575
Averaged Test AUC: 0.9932
Std Test Accurancy: 0.0550
Std Test AUC: 0.0111
------------------------- time cost ------------------------- 4.230109691619873

-------------Round number: 83-------------

Evaluate global model
Averaged Train Loss: 0.0785
Averaged Test Accurancy: 0.9753
Averaged Test AUC: 0.9973
Std Test Accurancy: 0.0347
Std Test AUC: 0.0047
------------------------- time cost ------------------------- 4.085493564605713

-------------Round number: 84-------------

Evaluate global model
Averaged Train Loss: 0.0909
Averaged Test Accurancy: 0.9709
Averaged Test AUC: 0.9965
Std Test Accurancy: 0.0468
Std Test AUC: 0.0101
------------------------- time cost ------------------------- 4.228492259979248

-------------Round number: 85-------------

Evaluate global model
Averaged Train Loss: 0.0813
Averaged Test Accurancy: 0.9730
Averaged Test AUC: 0.9970
Std Test Accurancy: 0.0448
Std Test AUC: 0.0078
------------------------- time cost ------------------------- 4.0715930461883545

-------------Round number: 86-------------

Evaluate global model
Averaged Train Loss: 0.0762
Averaged Test Accurancy: 0.9749
Averaged Test AUC: 0.9975
Std Test Accurancy: 0.0406
Std Test AUC: 0.0057
------------------------- time cost ------------------------- 3.967663526535034

-------------Round number: 87-------------

Evaluate global model
Averaged Train Loss: 0.0787
Averaged Test Accurancy: 0.9736
Averaged Test AUC: 0.9972
Std Test Accurancy: 0.0427
Std Test AUC: 0.0073
------------------------- time cost ------------------------- 3.9944581985473633

-------------Round number: 88-------------

Evaluate global model
Averaged Train Loss: 0.0747
Averaged Test Accurancy: 0.9740
Averaged Test AUC: 0.9974
Std Test Accurancy: 0.0372
Std Test AUC: 0.0050
------------------------- time cost ------------------------- 3.9382448196411133

-------------Round number: 89-------------

Evaluate global model
Averaged Train Loss: 0.1055
Averaged Test Accurancy: 0.9628
Averaged Test AUC: 0.9951
Std Test Accurancy: 0.0696
Std Test AUC: 0.0132
------------------------- time cost ------------------------- 4.10684609413147

-------------Round number: 90-------------

Evaluate global model
Averaged Train Loss: 0.1597
Averaged Test Accurancy: 0.9400
Averaged Test AUC: 0.9922
Std Test Accurancy: 0.0895
Std Test AUC: 0.0138
------------------------- time cost ------------------------- 4.49062442779541

-------------Round number: 91-------------

Evaluate global model
Averaged Train Loss: 0.0902
Averaged Test Accurancy: 0.9692
Averaged Test AUC: 0.9963
Std Test Accurancy: 0.0597
Std Test AUC: 0.0097
------------------------- time cost ------------------------- 3.8688411712646484

-------------Round number: 92-------------

Evaluate global model
Averaged Train Loss: 0.0853
Averaged Test Accurancy: 0.9700
Averaged Test AUC: 0.9963
Std Test Accurancy: 0.0538
Std Test AUC: 0.0086
------------------------- time cost ------------------------- 3.9986326694488525

-------------Round number: 93-------------

Evaluate global model
Averaged Train Loss: 0.0844
Averaged Test Accurancy: 0.9685
Averaged Test AUC: 0.9965
Std Test Accurancy: 0.0486
Std Test AUC: 0.0070
------------------------- time cost ------------------------- 3.98026704788208

-------------Round number: 94-------------

Evaluate global model
Averaged Train Loss: 0.1061
Averaged Test Accurancy: 0.9671
Averaged Test AUC: 0.9954
Std Test Accurancy: 0.0420
Std Test AUC: 0.0068
------------------------- time cost ------------------------- 4.014770746231079

-------------Round number: 95-------------

Evaluate global model
Averaged Train Loss: 0.0786
Averaged Test Accurancy: 0.9730
Averaged Test AUC: 0.9970
Std Test Accurancy: 0.0433
Std Test AUC: 0.0082
------------------------- time cost ------------------------- 3.813202142715454

-------------Round number: 96-------------

Evaluate global model
Averaged Train Loss: 0.1049
Averaged Test Accurancy: 0.9641
Averaged Test AUC: 0.9954
Std Test Accurancy: 0.0687
Std Test AUC: 0.0119
------------------------- time cost ------------------------- 3.954836845397949

-------------Round number: 97-------------

Evaluate global model
Averaged Train Loss: 0.1105
Averaged Test Accurancy: 0.9623
Averaged Test AUC: 0.9943
Std Test Accurancy: 0.0588
Std Test AUC: 0.0108
------------------------- time cost ------------------------- 4.020488977432251

-------------Round number: 98-------------

Evaluate global model
Averaged Train Loss: 0.0753
Averaged Test Accurancy: 0.9759
Averaged Test AUC: 0.9969
Std Test Accurancy: 0.0366
Std Test AUC: 0.0058
------------------------- time cost ------------------------- 3.8732316493988037

-------------Round number: 99-------------

Evaluate global model
Averaged Train Loss: 0.0924
Averaged Test Accurancy: 0.9681
Averaged Test AUC: 0.9957
Std Test Accurancy: 0.0525
Std Test AUC: 0.0088
------------------------- time cost ------------------------- 3.7633109092712402

-------------Round number: 100-------------

Evaluate global model
Averaged Train Loss: 0.0911
Averaged Test Accurancy: 0.9705
Averaged Test AUC: 0.9959
Std Test Accurancy: 0.0460
Std Test AUC: 0.0085
------------------------- time cost ------------------------- 3.9870822429656982

-------------Round number: 101-------------

Evaluate global model
Averaged Train Loss: 0.0723
Averaged Test Accurancy: 0.9751
Averaged Test AUC: 0.9971
Std Test Accurancy: 0.0433
Std Test AUC: 0.0069
------------------------- time cost ------------------------- 3.834887981414795

-------------Round number: 102-------------

Evaluate global model
Averaged Train Loss: 0.0916
Averaged Test Accurancy: 0.9687
Averaged Test AUC: 0.9954
Std Test Accurancy: 0.0495
Std Test AUC: 0.0093
------------------------- time cost ------------------------- 3.941702365875244

-------------Round number: 103-------------

Evaluate global model
Averaged Train Loss: 0.0722
Averaged Test Accurancy: 0.9740
Averaged Test AUC: 0.9969
Std Test Accurancy: 0.0489
Std Test AUC: 0.0075
------------------------- time cost ------------------------- 3.7674100399017334

-------------Round number: 104-------------

Evaluate global model
Averaged Train Loss: 0.0688
Averaged Test Accurancy: 0.9776
Averaged Test AUC: 0.9974
Std Test Accurancy: 0.0316
Std Test AUC: 0.0043
------------------------- time cost ------------------------- 3.9218385219573975

-------------Round number: 105-------------

Evaluate global model
Averaged Train Loss: 0.0810
Averaged Test Accurancy: 0.9727
Averaged Test AUC: 0.9966
Std Test Accurancy: 0.0425
Std Test AUC: 0.0066
------------------------- time cost ------------------------- 3.8890414237976074

-------------Round number: 106-------------

Evaluate global model
Averaged Train Loss: 0.0764
Averaged Test Accurancy: 0.9722
Averaged Test AUC: 0.9966
Std Test Accurancy: 0.0621
Std Test AUC: 0.0095
------------------------- time cost ------------------------- 3.654662609100342

-------------Round number: 107-------------

Evaluate global model
Averaged Train Loss: 0.0732
Averaged Test Accurancy: 0.9772
Averaged Test AUC: 0.9971
Std Test Accurancy: 0.0344
Std Test AUC: 0.0056
------------------------- time cost ------------------------- 4.050711393356323

-------------Round number: 108-------------

Evaluate global model
Averaged Train Loss: 0.0816
Averaged Test Accurancy: 0.9695
Averaged Test AUC: 0.9963
Std Test Accurancy: 0.0575
Std Test AUC: 0.0090
------------------------- time cost ------------------------- 4.0629496574401855

-------------Round number: 109-------------

Evaluate global model
Averaged Train Loss: 0.0856
Averaged Test Accurancy: 0.9722
Averaged Test AUC: 0.9960
Std Test Accurancy: 0.0408
Std Test AUC: 0.0074
------------------------- time cost ------------------------- 4.618237018585205

-------------Round number: 110-------------

Evaluate global model
Averaged Train Loss: 0.0755
Averaged Test Accurancy: 0.9747
Averaged Test AUC: 0.9964
Std Test Accurancy: 0.0372
Std Test AUC: 0.0065
------------------------- time cost ------------------------- 3.7825915813446045

-------------Round number: 111-------------

Evaluate global model
Averaged Train Loss: 0.0791
Averaged Test Accurancy: 0.9713
Averaged Test AUC: 0.9962
Std Test Accurancy: 0.0587
Std Test AUC: 0.0097
------------------------- time cost ------------------------- 3.8553528785705566

-------------Round number: 112-------------

Evaluate global model
Averaged Train Loss: 0.0682
Averaged Test Accurancy: 0.9774
Averaged Test AUC: 0.9973
Std Test Accurancy: 0.0375
Std Test AUC: 0.0059
------------------------- time cost ------------------------- 3.9255452156066895

-------------Round number: 113-------------

Evaluate global model
Averaged Train Loss: 0.0690
Averaged Test Accurancy: 0.9757
Averaged Test AUC: 0.9972
Std Test Accurancy: 0.0383
Std Test AUC: 0.0050
------------------------- time cost ------------------------- 3.9589054584503174

-------------Round number: 114-------------

Evaluate global model
Averaged Train Loss: 0.1240
Averaged Test Accurancy: 0.9514
Averaged Test AUC: 0.9928
Std Test Accurancy: 0.0928
Std Test AUC: 0.0157
------------------------- time cost ------------------------- 3.903306722640991

-------------Round number: 115-------------

Evaluate global model
Averaged Train Loss: 0.0796
Averaged Test Accurancy: 0.9727
Averaged Test AUC: 0.9964
Std Test Accurancy: 0.0433
Std Test AUC: 0.0063
------------------------- time cost ------------------------- 4.007911443710327

-------------Round number: 116-------------

Evaluate global model
Averaged Train Loss: 0.0588
Averaged Test Accurancy: 0.9810
Averaged Test AUC: 0.9978
Std Test Accurancy: 0.0402
Std Test AUC: 0.0052
------------------------- time cost ------------------------- 3.760270118713379

-------------Round number: 117-------------

Evaluate global model
Averaged Train Loss: 0.0856
Averaged Test Accurancy: 0.9687
Averaged Test AUC: 0.9957
Std Test Accurancy: 0.0587
Std Test AUC: 0.0093
------------------------- time cost ------------------------- 3.8659169673919678

-------------Round number: 118-------------

Evaluate global model
Averaged Train Loss: 0.0728
Averaged Test Accurancy: 0.9757
Averaged Test AUC: 0.9965
Std Test Accurancy: 0.0468
Std Test AUC: 0.0084
------------------------- time cost ------------------------- 4.041873931884766

-------------Round number: 119-------------

Evaluate global model
Averaged Train Loss: 0.0574
Averaged Test Accurancy: 0.9800
Averaged Test AUC: 0.9976
Std Test Accurancy: 0.0476
Std Test AUC: 0.0067
------------------------- time cost ------------------------- 3.7035415172576904

-------------Round number: 120-------------

Evaluate global model
Averaged Train Loss: 0.0791
Averaged Test Accurancy: 0.9720
Averaged Test AUC: 0.9966
Std Test Accurancy: 0.0470
Std Test AUC: 0.0061
------------------------- time cost ------------------------- 3.9158518314361572

-------------Round number: 121-------------

Evaluate global model
Averaged Train Loss: 0.0658
Averaged Test Accurancy: 0.9779
Averaged Test AUC: 0.9974
Std Test Accurancy: 0.0410
Std Test AUC: 0.0059
------------------------- time cost ------------------------- 3.936915874481201

-------------Round number: 122-------------

Evaluate global model
Averaged Train Loss: 0.0681
Averaged Test Accurancy: 0.9763
Averaged Test AUC: 0.9970
Std Test Accurancy: 0.0407
Std Test AUC: 0.0063
------------------------- time cost ------------------------- 3.904038667678833

-------------Round number: 123-------------

Evaluate global model
Averaged Train Loss: 0.1256
Averaged Test Accurancy: 0.9543
Averaged Test AUC: 0.9929
Std Test Accurancy: 0.0692
Std Test AUC: 0.0118
------------------------- time cost ------------------------- 4.370246410369873

-------------Round number: 124-------------

Evaluate global model
Averaged Train Loss: 0.0699
Averaged Test Accurancy: 0.9766
Averaged Test AUC: 0.9969
Std Test Accurancy: 0.0409
Std Test AUC: 0.0066
------------------------- time cost ------------------------- 4.2430031299591064

-------------Round number: 125-------------

Evaluate global model
Averaged Train Loss: 0.0715
Averaged Test Accurancy: 0.9739
Averaged Test AUC: 0.9966
Std Test Accurancy: 0.0486
Std Test AUC: 0.0083
------------------------- time cost ------------------------- 3.887173652648926

-------------Round number: 126-------------

Evaluate global model
Averaged Train Loss: 0.0624
Averaged Test Accurancy: 0.9769
Averaged Test AUC: 0.9974
Std Test Accurancy: 0.0398
Std Test AUC: 0.0051
------------------------- time cost ------------------------- 3.9587395191192627

-------------Round number: 127-------------

Evaluate global model
Averaged Train Loss: 0.0630
Averaged Test Accurancy: 0.9784
Averaged Test AUC: 0.9973
Std Test Accurancy: 0.0437
Std Test AUC: 0.0071
------------------------- time cost ------------------------- 3.8572845458984375

-------------Round number: 128-------------

Evaluate global model
Averaged Train Loss: 0.0632
Averaged Test Accurancy: 0.9777
Averaged Test AUC: 0.9973
Std Test Accurancy: 0.0377
Std Test AUC: 0.0053
------------------------- time cost ------------------------- 3.8522467613220215

-------------Round number: 129-------------

Evaluate global model
Averaged Train Loss: 0.0566
Averaged Test Accurancy: 0.9798
Averaged Test AUC: 0.9979
Std Test Accurancy: 0.0371
Std Test AUC: 0.0057
------------------------- time cost ------------------------- 3.870408535003662

-------------Round number: 130-------------

Evaluate global model
Averaged Train Loss: 0.0923
Averaged Test Accurancy: 0.9675
Averaged Test AUC: 0.9953
Std Test Accurancy: 0.0595
Std Test AUC: 0.0101
------------------------- time cost ------------------------- 3.8098764419555664

-------------Round number: 131-------------

Evaluate global model
Averaged Train Loss: 0.0640
Averaged Test Accurancy: 0.9769
Averaged Test AUC: 0.9971
Std Test Accurancy: 0.0426
Std Test AUC: 0.0064
------------------------- time cost ------------------------- 3.7558069229125977

-------------Round number: 132-------------

Evaluate global model
Averaged Train Loss: 0.0708
Averaged Test Accurancy: 0.9737
Averaged Test AUC: 0.9965
Std Test Accurancy: 0.0456
Std Test AUC: 0.0075
------------------------- time cost ------------------------- 3.9116625785827637

-------------Round number: 133-------------

Evaluate global model
Averaged Train Loss: 0.0588
Averaged Test Accurancy: 0.9789
Averaged Test AUC: 0.9973
Std Test Accurancy: 0.0371
Std Test AUC: 0.0048
------------------------- time cost ------------------------- 4.054126501083374

-------------Round number: 134-------------

Evaluate global model
Averaged Train Loss: 0.0829
Averaged Test Accurancy: 0.9708
Averaged Test AUC: 0.9957
Std Test Accurancy: 0.0447
Std Test AUC: 0.0077
------------------------- time cost ------------------------- 4.11997389793396

-------------Round number: 135-------------

Evaluate global model
Averaged Train Loss: 0.0507
Averaged Test Accurancy: 0.9808
Averaged Test AUC: 0.9978
Std Test Accurancy: 0.0403
Std Test AUC: 0.0065
------------------------- time cost ------------------------- 3.6393790245056152

-------------Round number: 136-------------

Evaluate global model
Averaged Train Loss: 0.0602
Averaged Test Accurancy: 0.9773
Averaged Test AUC: 0.9969
Std Test Accurancy: 0.0410
Std Test AUC: 0.0066
------------------------- time cost ------------------------- 3.7587406635284424

-------------Round number: 137-------------

Evaluate global model
Averaged Train Loss: 0.0563
Averaged Test Accurancy: 0.9804
Averaged Test AUC: 0.9976
Std Test Accurancy: 0.0344
Std Test AUC: 0.0049
------------------------- time cost ------------------------- 3.8362019062042236

-------------Round number: 138-------------

Evaluate global model
Averaged Train Loss: 0.0471
Averaged Test Accurancy: 0.9822
Averaged Test AUC: 0.9980
Std Test Accurancy: 0.0340
Std Test AUC: 0.0045
------------------------- time cost ------------------------- 3.755863904953003

-------------Round number: 139-------------

Evaluate global model
Averaged Train Loss: 0.0483
Averaged Test Accurancy: 0.9826
Averaged Test AUC: 0.9981
Std Test Accurancy: 0.0378
Std Test AUC: 0.0048
------------------------- time cost ------------------------- 3.8228416442871094

-------------Round number: 140-------------

Evaluate global model
Averaged Train Loss: 0.0738
Averaged Test Accurancy: 0.9742
Averaged Test AUC: 0.9964
Std Test Accurancy: 0.0442
Std Test AUC: 0.0067
------------------------- time cost ------------------------- 3.941690444946289

-------------Round number: 141-------------

Evaluate global model
Averaged Train Loss: 0.0517
Averaged Test Accurancy: 0.9813
Averaged Test AUC: 0.9978
Std Test Accurancy: 0.0378
Std Test AUC: 0.0054
------------------------- time cost ------------------------- 3.905449628829956

-------------Round number: 142-------------

Evaluate global model
Averaged Train Loss: 0.0664
Averaged Test Accurancy: 0.9758
Averaged Test AUC: 0.9969
Std Test Accurancy: 0.0397
Std Test AUC: 0.0060
------------------------- time cost ------------------------- 3.979562997817993

-------------Round number: 143-------------

Evaluate global model
Averaged Train Loss: 0.0618
Averaged Test Accurancy: 0.9778
Averaged Test AUC: 0.9972
Std Test Accurancy: 0.0390
Std Test AUC: 0.0055
------------------------- time cost ------------------------- 3.9365153312683105

-------------Round number: 144-------------

Evaluate global model
Averaged Train Loss: 0.0664
Averaged Test Accurancy: 0.9774
Averaged Test AUC: 0.9968
Std Test Accurancy: 0.0388
Std Test AUC: 0.0058
------------------------- time cost ------------------------- 3.997971773147583

-------------Round number: 145-------------

Evaluate global model
Averaged Train Loss: 0.0427
Averaged Test Accurancy: 0.9832
Averaged Test AUC: 0.9982
Std Test Accurancy: 0.0401
Std Test AUC: 0.0060
------------------------- time cost ------------------------- 3.617013931274414

-------------Round number: 146-------------

Evaluate global model
Averaged Train Loss: 0.0574
Averaged Test Accurancy: 0.9797
Averaged Test AUC: 0.9975
Std Test Accurancy: 0.0411
Std Test AUC: 0.0059
------------------------- time cost ------------------------- 3.941009283065796

-------------Round number: 147-------------

Evaluate global model
Averaged Train Loss: 0.0450
Averaged Test Accurancy: 0.9828
Averaged Test AUC: 0.9982
Std Test Accurancy: 0.0383
Std Test AUC: 0.0044
------------------------- time cost ------------------------- 3.780482769012451

-------------Round number: 148-------------

Evaluate global model
Averaged Train Loss: 0.0746
Averaged Test Accurancy: 0.9734
Averaged Test AUC: 0.9961
Std Test Accurancy: 0.0489
Std Test AUC: 0.0084
------------------------- time cost ------------------------- 3.9036011695861816

-------------Round number: 149-------------

Evaluate global model
Averaged Train Loss: 0.0484
Averaged Test Accurancy: 0.9822
Averaged Test AUC: 0.9979
Std Test Accurancy: 0.0382
Std Test AUC: 0.0053
------------------------- time cost ------------------------- 3.692842721939087

-------------Round number: 150-------------

Evaluate global model
Averaged Train Loss: 0.0502
Averaged Test Accurancy: 0.9810
Averaged Test AUC: 0.9978
Std Test Accurancy: 0.0407
Std Test AUC: 0.0054
------------------------- time cost ------------------------- 3.8022706508636475

-------------Round number: 151-------------

Evaluate global model
Averaged Train Loss: 0.0639
Averaged Test Accurancy: 0.9769
Averaged Test AUC: 0.9971
Std Test Accurancy: 0.0420
Std Test AUC: 0.0060
------------------------- time cost ------------------------- 3.946012496948242

-------------Round number: 152-------------

Evaluate global model
Averaged Train Loss: 0.0642
Averaged Test Accurancy: 0.9763
Averaged Test AUC: 0.9968
Std Test Accurancy: 0.0529
Std Test AUC: 0.0080
------------------------- time cost ------------------------- 3.756080389022827

-------------Round number: 153-------------

Evaluate global model
Averaged Train Loss: 0.0581
Averaged Test Accurancy: 0.9790
Averaged Test AUC: 0.9972
Std Test Accurancy: 0.0400
Std Test AUC: 0.0056
------------------------- time cost ------------------------- 3.970808744430542

-------------Round number: 154-------------

Evaluate global model
Averaged Train Loss: 0.0591
Averaged Test Accurancy: 0.9784
Averaged Test AUC: 0.9975
Std Test Accurancy: 0.0387
Std Test AUC: 0.0042
------------------------- time cost ------------------------- 4.201959609985352

-------------Round number: 155-------------

Evaluate global model
Averaged Train Loss: 0.0475
Averaged Test Accurancy: 0.9814
Averaged Test AUC: 0.9980
Std Test Accurancy: 0.0361
Std Test AUC: 0.0037
------------------------- time cost ------------------------- 4.3151726722717285

-------------Round number: 156-------------

Evaluate global model
Averaged Train Loss: 0.0555
Averaged Test Accurancy: 0.9780
Averaged Test AUC: 0.9974
Std Test Accurancy: 0.0498
Std Test AUC: 0.0075
------------------------- time cost ------------------------- 4.007148027420044

-------------Round number: 157-------------

Evaluate global model
Averaged Train Loss: 0.0485
Averaged Test Accurancy: 0.9810
Averaged Test AUC: 0.9979
Std Test Accurancy: 0.0388
Std Test AUC: 0.0055
------------------------- time cost ------------------------- 3.953474760055542

-------------Round number: 158-------------

Evaluate global model
Averaged Train Loss: 0.0532
Averaged Test Accurancy: 0.9787
Averaged Test AUC: 0.9976
Std Test Accurancy: 0.0405
Std Test AUC: 0.0055
------------------------- time cost ------------------------- 3.778101682662964

-------------Round number: 159-------------

Evaluate global model
Averaged Train Loss: 0.0479
Averaged Test Accurancy: 0.9811
Averaged Test AUC: 0.9979
Std Test Accurancy: 0.0304
Std Test AUC: 0.0037
------------------------- time cost ------------------------- 3.841413736343384

Best global accuracy.
0.9831753352122299

Average time cost per round.
4.7658008194569526
File path: ../results/mnist_FedAvg_cnn_gr160_ls1_bs16_lr0.005.h5

Average time cost: 769.02s.
Length:  160
std for best accurancy: 0.0
mean for best accurancy: 0.9831753352122299
All done!

Storage on cuda:0
-------------------------------------------------------------------------------
Total Tensors: 117569252 	Used Memory: 448.78M
The allocated memory on cuda:0: 448.78M
-------------------------------------------------------------------------------
