==================================================
Algorithm: FedAvg
Local batch size: 16
Local steps: 10
Local learing rate: 0.005
Total number of clients: 100
Clients join in each round: 0.1
Client drop rate: 0.0
Time select: False
Time threthold: 10000
Global rounds: 300
Running times: 1
Dataset: mnist
Local model: cnn
Using device: cuda
Cuda device id: 0
==================================================

============= Running time: 0th =============
Creating server and clients ...

Join ratio / total clients: 0.1 / 100
Finished creating server and clients.

-------------Round number: 0-------------

Evaluate global model
Averaged Train Loss: 2.3126
Averaged Test Accurancy: 0.0584
Averaged Test AUC: 0.4284
Std Test Accurancy: 0.0763
Std Test AUC: 0.2113
------------------------- time cost ------------------------- 23.167216062545776

-------------Round number: 1-------------

Evaluate global model
Averaged Train Loss: 2.0905
Averaged Test Accurancy: 0.1808
Averaged Test AUC: 0.5105
Std Test Accurancy: 0.2819
Std Test AUC: 0.2659
------------------------- time cost ------------------------- 26.04261875152588

-------------Round number: 2-------------

Evaluate global model
Averaged Train Loss: 1.8880
Averaged Test Accurancy: 0.2575
Averaged Test AUC: 0.5741
Std Test Accurancy: 0.3391
Std Test AUC: 0.2800
------------------------- time cost ------------------------- 23.11526107788086

-------------Round number: 3-------------

Evaluate global model
Averaged Train Loss: 1.5729
Averaged Test Accurancy: 0.3758
Averaged Test AUC: 0.6559
Std Test Accurancy: 0.4059
Std Test AUC: 0.2984
------------------------- time cost ------------------------- 24.931495189666748

-------------Round number: 4-------------

Evaluate global model
Averaged Train Loss: 1.8250
Averaged Test Accurancy: 0.3274
Averaged Test AUC: 0.6497
Std Test Accurancy: 0.4089
Std Test AUC: 0.2902
------------------------- time cost ------------------------- 24.219449520111084

-------------Round number: 5-------------

Evaluate global model
Averaged Train Loss: 1.3787
Averaged Test Accurancy: 0.4494
Averaged Test AUC: 0.7058
Std Test Accurancy: 0.4293
Std Test AUC: 0.3016
------------------------- time cost ------------------------- 25.855204343795776

-------------Round number: 6-------------

Evaluate global model
Averaged Train Loss: 1.3039
Averaged Test Accurancy: 0.5073
Averaged Test AUC: 0.7320
Std Test Accurancy: 0.4360
Std Test AUC: 0.2995
------------------------- time cost ------------------------- 23.96845817565918

-------------Round number: 7-------------

Evaluate global model
Averaged Train Loss: 1.0776
Averaged Test Accurancy: 0.5737
Averaged Test AUC: 0.7760
Std Test Accurancy: 0.4432
Std Test AUC: 0.2959
------------------------- time cost ------------------------- 29.268745183944702

-------------Round number: 8-------------

Evaluate global model
Averaged Train Loss: 0.8922
Averaged Test Accurancy: 0.6439
Averaged Test AUC: 0.8094
Std Test Accurancy: 0.4404
Std Test AUC: 0.2916
------------------------- time cost ------------------------- 23.752137660980225

-------------Round number: 9-------------

Evaluate global model
Averaged Train Loss: 0.8365
Averaged Test Accurancy: 0.6744
Averaged Test AUC: 0.8392
Std Test Accurancy: 0.4290
Std Test AUC: 0.2715
------------------------- time cost ------------------------- 26.09269142150879

-------------Round number: 10-------------

Evaluate global model
Averaged Train Loss: 0.6858
Averaged Test Accurancy: 0.7274
Averaged Test AUC: 0.8612
Std Test Accurancy: 0.4111
Std Test AUC: 0.2699
------------------------- time cost ------------------------- 25.594892740249634

-------------Round number: 11-------------

Evaluate global model
Averaged Train Loss: 0.6706
Averaged Test Accurancy: 0.7298
Averaged Test AUC: 0.8787
Std Test Accurancy: 0.4123
Std Test AUC: 0.2611
------------------------- time cost ------------------------- 31.4812114238739

-------------Round number: 12-------------

Evaluate global model
Averaged Train Loss: 0.5476
Averaged Test Accurancy: 0.7869
Averaged Test AUC: 0.9026
Std Test Accurancy: 0.3800
Std Test AUC: 0.2413
------------------------- time cost ------------------------- 26.233115196228027

-------------Round number: 13-------------

Evaluate global model
Averaged Train Loss: 0.5499
Averaged Test Accurancy: 0.7812
Averaged Test AUC: 0.9017
Std Test Accurancy: 0.3809
Std Test AUC: 0.2410
------------------------- time cost ------------------------- 20.425060510635376

-------------Round number: 14-------------

Evaluate global model
Averaged Train Loss: 0.5787
Averaged Test Accurancy: 0.7703
Averaged Test AUC: 0.8996
Std Test Accurancy: 0.3850
Std Test AUC: 0.2412
------------------------- time cost ------------------------- 27.08808922767639

-------------Round number: 15-------------

Evaluate global model
Averaged Train Loss: 0.4301
Averaged Test Accurancy: 0.8267
Averaged Test AUC: 0.9179
Std Test Accurancy: 0.3663
Std Test AUC: 0.2366
------------------------- time cost ------------------------- 26.170907258987427

-------------Round number: 16-------------

Evaluate global model
Averaged Train Loss: 0.4362
Averaged Test Accurancy: 0.8257
Averaged Test AUC: 0.9178
Std Test Accurancy: 0.3652
Std Test AUC: 0.2365
------------------------- time cost ------------------------- 26.86497402191162

-------------Round number: 17-------------

Evaluate global model
Averaged Train Loss: 0.4112
Averaged Test Accurancy: 0.8325
Averaged Test AUC: 0.9227
Std Test Accurancy: 0.3494
Std Test AUC: 0.2140
------------------------- time cost ------------------------- 19.73650813102722

-------------Round number: 18-------------

Evaluate global model
Averaged Train Loss: 0.3768
Averaged Test Accurancy: 0.8491
Averaged Test AUC: 0.9317
Std Test Accurancy: 0.3347
Std Test AUC: 0.1937
------------------------- time cost ------------------------- 24.207732677459717

-------------Round number: 19-------------

Evaluate global model
Averaged Train Loss: 0.3389
Averaged Test Accurancy: 0.8662
Averaged Test AUC: 0.9431
Std Test Accurancy: 0.3090
Std Test AUC: 0.1819
------------------------- time cost ------------------------- 24.67652153968811

-------------Round number: 20-------------

Evaluate global model
Averaged Train Loss: 0.3139
Averaged Test Accurancy: 0.8765
Averaged Test AUC: 0.9495
Std Test Accurancy: 0.2948
Std Test AUC: 0.1691
------------------------- time cost ------------------------- 28.563543558120728

-------------Round number: 21-------------

Evaluate global model
Averaged Train Loss: 0.2729
Averaged Test Accurancy: 0.8897
Averaged Test AUC: 0.9582
Std Test Accurancy: 0.2854
Std Test AUC: 0.1574
------------------------- time cost ------------------------- 23.811490297317505

-------------Round number: 22-------------

Evaluate global model
Averaged Train Loss: 0.2301
Averaged Test Accurancy: 0.9078
Averaged Test AUC: 0.9621
Std Test Accurancy: 0.2724
Std Test AUC: 0.1561
------------------------- time cost ------------------------- 23.718212842941284

-------------Round number: 23-------------

Evaluate global model
Averaged Train Loss: 0.2338
Averaged Test Accurancy: 0.9078
Averaged Test AUC: 0.9628
Std Test Accurancy: 0.2613
Std Test AUC: 0.1537
------------------------- time cost ------------------------- 23.300341606140137

-------------Round number: 24-------------

Evaluate global model
Averaged Train Loss: 0.1804
Averaged Test Accurancy: 0.9262
Averaged Test AUC: 0.9683
Std Test Accurancy: 0.2361
Std Test AUC: 0.1467
------------------------- time cost ------------------------- 24.69186520576477

-------------Round number: 25-------------

Evaluate global model
Averaged Train Loss: 0.1717
Averaged Test Accurancy: 0.9304
Averaged Test AUC: 0.9703
Std Test Accurancy: 0.2156
Std Test AUC: 0.1345
------------------------- time cost ------------------------- 20.028594493865967

-------------Round number: 26-------------

Evaluate global model
Averaged Train Loss: 0.1416
Averaged Test Accurancy: 0.9455
Averaged Test AUC: 0.9816
Std Test Accurancy: 0.1732
Std Test AUC: 0.0896
------------------------- time cost ------------------------- 23.238967895507812

-------------Round number: 27-------------

Evaluate global model
Averaged Train Loss: 0.1158
Averaged Test Accurancy: 0.9485
Averaged Test AUC: 0.9862
Std Test Accurancy: 0.1772
Std Test AUC: 0.0867
------------------------- time cost ------------------------- 25.55271553993225

-------------Round number: 28-------------

Evaluate global model
Averaged Train Loss: 0.0829
Averaged Test Accurancy: 0.9616
Averaged Test AUC: 0.9881
Std Test Accurancy: 0.1594
Std Test AUC: 0.0860
------------------------- time cost ------------------------- 23.433368682861328

-------------Round number: 29-------------

Evaluate global model
Averaged Train Loss: 0.0776
Averaged Test Accurancy: 0.9641
Averaged Test AUC: 0.9884
Std Test Accurancy: 0.1586
Std Test AUC: 0.0860
------------------------- time cost ------------------------- 21.430752515792847

-------------Round number: 30-------------

Evaluate global model
Averaged Train Loss: 0.0797
Averaged Test Accurancy: 0.9669
Averaged Test AUC: 0.9912
Std Test Accurancy: 0.1275
Std Test AUC: 0.0632
------------------------- time cost ------------------------- 24.336602926254272

-------------Round number: 31-------------

Evaluate global model
Averaged Train Loss: 0.0863
Averaged Test Accurancy: 0.9646
Averaged Test AUC: 0.9912
Std Test Accurancy: 0.1291
Std Test AUC: 0.0633
------------------------- time cost ------------------------- 27.471031427383423

-------------Round number: 32-------------

Evaluate global model
Averaged Train Loss: 0.0646
Averaged Test Accurancy: 0.9716
Averaged Test AUC: 0.9925
Std Test Accurancy: 0.1256
Std Test AUC: 0.0631
------------------------- time cost ------------------------- 24.443418502807617

-------------Round number: 33-------------

Evaluate global model
Averaged Train Loss: 0.0713
Averaged Test Accurancy: 0.9693
Averaged Test AUC: 0.9920
Std Test Accurancy: 0.1265
Std Test AUC: 0.0631
------------------------- time cost ------------------------- 26.156591653823853

-------------Round number: 34-------------

Evaluate global model
Averaged Train Loss: 0.0580
Averaged Test Accurancy: 0.9739
Averaged Test AUC: 0.9943
Std Test Accurancy: 0.0947
Std Test AUC: 0.0361
------------------------- time cost ------------------------- 23.085585594177246

-------------Round number: 35-------------

Evaluate global model
Averaged Train Loss: 0.0824
Averaged Test Accurancy: 0.9658
Averaged Test AUC: 0.9932
Std Test Accurancy: 0.1072
Std Test AUC: 0.0368
------------------------- time cost ------------------------- 23.75664472579956

-------------Round number: 36-------------

Evaluate global model
Averaged Train Loss: 0.0633
Averaged Test Accurancy: 0.9730
Averaged Test AUC: 0.9939
Std Test Accurancy: 0.0909
Std Test AUC: 0.0358
------------------------- time cost ------------------------- 24.03342318534851

-------------Round number: 37-------------

Evaluate global model
Averaged Train Loss: 0.0610
Averaged Test Accurancy: 0.9750
Averaged Test AUC: 0.9941
Std Test Accurancy: 0.0918
Std Test AUC: 0.0359
------------------------- time cost ------------------------- 25.85047721862793

-------------Round number: 38-------------

Evaluate global model
Averaged Train Loss: 0.0608
Averaged Test Accurancy: 0.9739
Averaged Test AUC: 0.9942
Std Test Accurancy: 0.0896
Std Test AUC: 0.0357
------------------------- time cost ------------------------- 28.787360191345215

-------------Round number: 39-------------

Evaluate global model
Averaged Train Loss: 0.0480
Averaged Test Accurancy: 0.9763
Averaged Test AUC: 0.9947
Std Test Accurancy: 0.0896
Std Test AUC: 0.0357
------------------------- time cost ------------------------- 26.068085432052612

-------------Round number: 40-------------

Evaluate global model
Averaged Train Loss: 0.0256
Averaged Test Accurancy: 0.9856
Averaged Test AUC: 0.9986
Std Test Accurancy: 0.0324
Std Test AUC: 0.0033
------------------------- time cost ------------------------- 23.29831099510193

-------------Round number: 41-------------

Evaluate global model
Averaged Train Loss: 0.0231
Averaged Test Accurancy: 0.9860
Averaged Test AUC: 0.9985
Std Test Accurancy: 0.0322
Std Test AUC: 0.0038
------------------------- time cost ------------------------- 23.69057822227478

-------------Round number: 42-------------

Evaluate global model
Averaged Train Loss: 0.0389
Averaged Test Accurancy: 0.9806
Averaged Test AUC: 0.9978
Std Test Accurancy: 0.0332
Std Test AUC: 0.0043
------------------------- time cost ------------------------- 28.002827882766724

-------------Round number: 43-------------

Evaluate global model
Averaged Train Loss: 0.0259
Averaged Test Accurancy: 0.9851
Averaged Test AUC: 0.9985
Std Test Accurancy: 0.0385
Std Test AUC: 0.0053
------------------------- time cost ------------------------- 26.3391752243042

-------------Round number: 44-------------

Evaluate global model
Averaged Train Loss: 0.0298
Averaged Test Accurancy: 0.9846
Averaged Test AUC: 0.9981
Std Test Accurancy: 0.0404
Std Test AUC: 0.0065
------------------------- time cost ------------------------- 23.607314109802246

-------------Round number: 45-------------

Evaluate global model
Averaged Train Loss: 0.0432
Averaged Test Accurancy: 0.9801
Averaged Test AUC: 0.9974
Std Test Accurancy: 0.0322
Std Test AUC: 0.0049
------------------------- time cost ------------------------- 26.987947940826416

-------------Round number: 46-------------

Evaluate global model
Averaged Train Loss: 0.0190
Averaged Test Accurancy: 0.9878
Averaged Test AUC: 0.9987
Std Test Accurancy: 0.0249
Std Test AUC: 0.0030
------------------------- time cost ------------------------- 25.270913124084473

-------------Round number: 47-------------

Evaluate global model
Averaged Train Loss: 0.0203
Averaged Test Accurancy: 0.9869
Averaged Test AUC: 0.9987
Std Test Accurancy: 0.0364
Std Test AUC: 0.0047
------------------------- time cost ------------------------- 24.514932870864868

-------------Round number: 48-------------

Evaluate global model
Averaged Train Loss: 0.0449
Averaged Test Accurancy: 0.9778
Averaged Test AUC: 0.9973
Std Test Accurancy: 0.0406
Std Test AUC: 0.0051
------------------------- time cost ------------------------- 24.270275831222534

-------------Round number: 49-------------

Evaluate global model
Averaged Train Loss: 0.0233
Averaged Test Accurancy: 0.9859
Averaged Test AUC: 0.9984
Std Test Accurancy: 0.0263
Std Test AUC: 0.0036
------------------------- time cost ------------------------- 18.820047616958618

-------------Round number: 50-------------

Evaluate global model
Averaged Train Loss: 0.0268
Averaged Test Accurancy: 0.9833
Averaged Test AUC: 0.9980
Std Test Accurancy: 0.0318
Std Test AUC: 0.0050
------------------------- time cost ------------------------- 16.910865545272827

-------------Round number: 51-------------

Evaluate global model
Averaged Train Loss: 0.0508
Averaged Test Accurancy: 0.9788
Averaged Test AUC: 0.9973
Std Test Accurancy: 0.0423
Std Test AUC: 0.0060
------------------------- time cost ------------------------- 17.972321271896362

-------------Round number: 52-------------

Evaluate global model
Averaged Train Loss: 0.0172
Averaged Test Accurancy: 0.9874
Averaged Test AUC: 0.9987
Std Test Accurancy: 0.0282
Std Test AUC: 0.0034
------------------------- time cost ------------------------- 15.714179515838623

-------------Round number: 53-------------

Evaluate global model
Averaged Train Loss: 0.0210
Averaged Test Accurancy: 0.9886
Averaged Test AUC: 0.9988
Std Test Accurancy: 0.0213
Std Test AUC: 0.0022
------------------------- time cost ------------------------- 20.904995918273926

-------------Round number: 54-------------

Evaluate global model
Averaged Train Loss: 0.0207
Averaged Test Accurancy: 0.9861
Averaged Test AUC: 0.9987
Std Test Accurancy: 0.0272
Std Test AUC: 0.0041
------------------------- time cost ------------------------- 19.009254693984985

-------------Round number: 55-------------

Evaluate global model
Averaged Train Loss: 0.0468
Averaged Test Accurancy: 0.9804
Averaged Test AUC: 0.9970
Std Test Accurancy: 0.0337
Std Test AUC: 0.0064
------------------------- time cost ------------------------- 21.495120763778687

-------------Round number: 56-------------

Evaluate global model
Averaged Train Loss: 0.0242
Averaged Test Accurancy: 0.9860
Averaged Test AUC: 0.9981
Std Test Accurancy: 0.0287
Std Test AUC: 0.0040
------------------------- time cost ------------------------- 17.164677143096924

-------------Round number: 57-------------

Evaluate global model
Averaged Train Loss: 0.0268
Averaged Test Accurancy: 0.9849
Averaged Test AUC: 0.9979
Std Test Accurancy: 0.0282
Std Test AUC: 0.0051
------------------------- time cost ------------------------- 20.02954864501953

-------------Round number: 58-------------

Evaluate global model
Averaged Train Loss: 0.0238
Averaged Test Accurancy: 0.9883
Averaged Test AUC: 0.9984
Std Test Accurancy: 0.0220
Std Test AUC: 0.0031
------------------------- time cost ------------------------- 17.967119455337524

-------------Round number: 59-------------

Evaluate global model
Averaged Train Loss: 0.0113
Averaged Test Accurancy: 0.9908
Averaged Test AUC: 0.9991
Std Test Accurancy: 0.0213
Std Test AUC: 0.0025
------------------------- time cost ------------------------- 13.081520080566406

-------------Round number: 60-------------

Evaluate global model
Averaged Train Loss: 0.0179
Averaged Test Accurancy: 0.9894
Averaged Test AUC: 0.9988
Std Test Accurancy: 0.0228
Std Test AUC: 0.0030
------------------------- time cost ------------------------- 17.64268732070923

-------------Round number: 61-------------

Evaluate global model
Averaged Train Loss: 0.0137
Averaged Test Accurancy: 0.9895
Averaged Test AUC: 0.9990
Std Test Accurancy: 0.0195
Std Test AUC: 0.0020
------------------------- time cost ------------------------- 18.564807415008545

-------------Round number: 62-------------

Evaluate global model
Averaged Train Loss: 0.0234
Averaged Test Accurancy: 0.9875
Averaged Test AUC: 0.9983
Std Test Accurancy: 0.0260
Std Test AUC: 0.0048
------------------------- time cost ------------------------- 17.741028785705566

-------------Round number: 63-------------

Evaluate global model
Averaged Train Loss: 0.0207
Averaged Test Accurancy: 0.9884
Averaged Test AUC: 0.9987
Std Test Accurancy: 0.0318
Std Test AUC: 0.0044
------------------------- time cost ------------------------- 16.27650260925293

-------------Round number: 64-------------

Evaluate global model
Averaged Train Loss: 0.0189
Averaged Test Accurancy: 0.9890
Averaged Test AUC: 0.9985
Std Test Accurancy: 0.0199
Std Test AUC: 0.0038
------------------------- time cost ------------------------- 21.17625856399536

-------------Round number: 65-------------

Evaluate global model
Averaged Train Loss: 0.0242
Averaged Test Accurancy: 0.9879
Averaged Test AUC: 0.9984
Std Test Accurancy: 0.0207
Std Test AUC: 0.0027
------------------------- time cost ------------------------- 17.293235301971436

-------------Round number: 66-------------

Evaluate global model
Averaged Train Loss: 0.0187
Averaged Test Accurancy: 0.9889
Averaged Test AUC: 0.9988
Std Test Accurancy: 0.0214
Std Test AUC: 0.0025
------------------------- time cost ------------------------- 17.202025651931763

-------------Round number: 67-------------

Evaluate global model
Averaged Train Loss: 0.0187
Averaged Test Accurancy: 0.9881
Averaged Test AUC: 0.9984
Std Test Accurancy: 0.0308
Std Test AUC: 0.0053
------------------------- time cost ------------------------- 14.290165424346924

-------------Round number: 68-------------

Evaluate global model
Averaged Train Loss: 0.0167
Averaged Test Accurancy: 0.9893
Averaged Test AUC: 0.9988
Std Test Accurancy: 0.0188
Std Test AUC: 0.0020
------------------------- time cost ------------------------- 19.86100721359253

-------------Round number: 69-------------

Evaluate global model
Averaged Train Loss: 0.0184
Averaged Test Accurancy: 0.9888
Averaged Test AUC: 0.9986
Std Test Accurancy: 0.0216
Std Test AUC: 0.0036
------------------------- time cost ------------------------- 16.99785280227661

-------------Round number: 70-------------

Evaluate global model
Averaged Train Loss: 0.0169
Averaged Test Accurancy: 0.9887
Averaged Test AUC: 0.9988
Std Test Accurancy: 0.0213
Std Test AUC: 0.0023
------------------------- time cost ------------------------- 16.549986362457275

-------------Round number: 71-------------

Evaluate global model
Averaged Train Loss: 0.0225
Averaged Test Accurancy: 0.9865
Averaged Test AUC: 0.9985
Std Test Accurancy: 0.0227
Std Test AUC: 0.0030
------------------------- time cost ------------------------- 18.50247359275818

-------------Round number: 72-------------

Evaluate global model
Averaged Train Loss: 0.0152
Averaged Test Accurancy: 0.9896
Averaged Test AUC: 0.9988
Std Test Accurancy: 0.0200
Std Test AUC: 0.0033
------------------------- time cost ------------------------- 16.704542636871338

-------------Round number: 73-------------

Evaluate global model
Averaged Train Loss: 0.0144
Averaged Test Accurancy: 0.9904
Averaged Test AUC: 0.9989
Std Test Accurancy: 0.0169
Std Test AUC: 0.0018
------------------------- time cost ------------------------- 20.002068519592285

-------------Round number: 74-------------

Evaluate global model
Averaged Train Loss: 0.0094
Averaged Test Accurancy: 0.9913
Averaged Test AUC: 0.9991
Std Test Accurancy: 0.0172
Std Test AUC: 0.0021
------------------------- time cost ------------------------- 17.24569272994995

-------------Round number: 75-------------

Evaluate global model
Averaged Train Loss: 0.0124
Averaged Test Accurancy: 0.9909
Averaged Test AUC: 0.9989
Std Test Accurancy: 0.0230
Std Test AUC: 0.0029
------------------------- time cost ------------------------- 15.471347570419312

-------------Round number: 76-------------

Evaluate global model
Averaged Train Loss: 0.0169
Averaged Test Accurancy: 0.9880
Averaged Test AUC: 0.9987
Std Test Accurancy: 0.0221
Std Test AUC: 0.0023
------------------------- time cost ------------------------- 20.056898832321167

-------------Round number: 77-------------

Evaluate global model
Averaged Train Loss: 0.0268
Averaged Test Accurancy: 0.9850
Averaged Test AUC: 0.9981
Std Test Accurancy: 0.0235
Std Test AUC: 0.0028
------------------------- time cost ------------------------- 21.258737802505493

-------------Round number: 78-------------

Evaluate global model
Averaged Train Loss: 0.0111
Averaged Test Accurancy: 0.9896
Averaged Test AUC: 0.9991
Std Test Accurancy: 0.0204
Std Test AUC: 0.0020
------------------------- time cost ------------------------- 15.996214628219604

-------------Round number: 79-------------

Evaluate global model
Averaged Train Loss: 0.0163
Averaged Test Accurancy: 0.9897
Averaged Test AUC: 0.9987
Std Test Accurancy: 0.0190
Std Test AUC: 0.0030
------------------------- time cost ------------------------- 19.446805238723755

-------------Round number: 80-------------

Evaluate global model
Averaged Train Loss: 0.0111
Averaged Test Accurancy: 0.9908
Averaged Test AUC: 0.9991
Std Test Accurancy: 0.0241
Std Test AUC: 0.0023
------------------------- time cost ------------------------- 13.991779088973999

-------------Round number: 81-------------

Evaluate global model
Averaged Train Loss: 0.0175
Averaged Test Accurancy: 0.9887
Averaged Test AUC: 0.9988
Std Test Accurancy: 0.0225
Std Test AUC: 0.0027
------------------------- time cost ------------------------- 18.575050592422485

-------------Round number: 82-------------

Evaluate global model
Averaged Train Loss: 0.0101
Averaged Test Accurancy: 0.9909
Averaged Test AUC: 0.9992
Std Test Accurancy: 0.0178
Std Test AUC: 0.0017
------------------------- time cost ------------------------- 14.357924699783325

-------------Round number: 83-------------

Evaluate global model
Averaged Train Loss: 0.0204
Averaged Test Accurancy: 0.9886
Averaged Test AUC: 0.9983
Std Test Accurancy: 0.0209
Std Test AUC: 0.0032
------------------------- time cost ------------------------- 17.840718507766724

-------------Round number: 84-------------

Evaluate global model
Averaged Train Loss: 0.0213
Averaged Test Accurancy: 0.9868
Averaged Test AUC: 0.9984
Std Test Accurancy: 0.0222
Std Test AUC: 0.0030
------------------------- time cost ------------------------- 14.062122344970703

-------------Round number: 85-------------

Evaluate global model
Averaged Train Loss: 0.0084
Averaged Test Accurancy: 0.9915
Averaged Test AUC: 0.9992
Std Test Accurancy: 0.0151
Std Test AUC: 0.0016
------------------------- time cost ------------------------- 10.643797636032104

-------------Round number: 86-------------

Evaluate global model
Averaged Train Loss: 0.0091
Averaged Test Accurancy: 0.9909
Averaged Test AUC: 0.9991
Std Test Accurancy: 0.0218
Std Test AUC: 0.0026
------------------------- time cost ------------------------- 10.50071120262146

-------------Round number: 87-------------

Evaluate global model
Averaged Train Loss: 0.0146
Averaged Test Accurancy: 0.9900
Averaged Test AUC: 0.9986
Std Test Accurancy: 0.0272
Std Test AUC: 0.0043
------------------------- time cost ------------------------- 13.85998797416687

-------------Round number: 88-------------

Evaluate global model
Averaged Train Loss: 0.0132
Averaged Test Accurancy: 0.9898
Averaged Test AUC: 0.9988
Std Test Accurancy: 0.0181
Std Test AUC: 0.0020
------------------------- time cost ------------------------- 14.776907920837402

-------------Round number: 89-------------

Evaluate global model
Averaged Train Loss: 0.0156
Averaged Test Accurancy: 0.9901
Averaged Test AUC: 0.9989
Std Test Accurancy: 0.0178
Std Test AUC: 0.0029
------------------------- time cost ------------------------- 14.55645227432251

-------------Round number: 90-------------

Evaluate global model
Averaged Train Loss: 0.0177
Averaged Test Accurancy: 0.9892
Averaged Test AUC: 0.9987
Std Test Accurancy: 0.0189
Std Test AUC: 0.0023
------------------------- time cost ------------------------- 15.871068000793457

-------------Round number: 91-------------

Evaluate global model
Averaged Train Loss: 0.0093
Averaged Test Accurancy: 0.9913
Averaged Test AUC: 0.9992
Std Test Accurancy: 0.0153
Std Test AUC: 0.0015
------------------------- time cost ------------------------- 12.87190842628479

-------------Round number: 92-------------

Evaluate global model
Averaged Train Loss: 0.0086
Averaged Test Accurancy: 0.9918
Averaged Test AUC: 0.9992
Std Test Accurancy: 0.0172
Std Test AUC: 0.0021
------------------------- time cost ------------------------- 11.944276571273804

-------------Round number: 93-------------

Evaluate global model
Averaged Train Loss: 0.0236
Averaged Test Accurancy: 0.9873
Averaged Test AUC: 0.9984
Std Test Accurancy: 0.0225
Std Test AUC: 0.0038
------------------------- time cost ------------------------- 16.798491954803467

-------------Round number: 94-------------

Evaluate global model
Averaged Train Loss: 0.0351
Averaged Test Accurancy: 0.9845
Averaged Test AUC: 0.9976
Std Test Accurancy: 0.0239
Std Test AUC: 0.0042
------------------------- time cost ------------------------- 21.704403162002563

-------------Round number: 95-------------

Evaluate global model
Averaged Train Loss: 0.0091
Averaged Test Accurancy: 0.9912
Averaged Test AUC: 0.9992
Std Test Accurancy: 0.0199
Std Test AUC: 0.0017
------------------------- time cost ------------------------- 14.816101789474487

-------------Round number: 96-------------

Evaluate global model
Averaged Train Loss: 0.0097
Averaged Test Accurancy: 0.9913
Averaged Test AUC: 0.9991
Std Test Accurancy: 0.0289
Std Test AUC: 0.0043
------------------------- time cost ------------------------- 11.951460123062134

-------------Round number: 97-------------

Evaluate global model
Averaged Train Loss: 0.0193
Averaged Test Accurancy: 0.9885
Averaged Test AUC: 0.9986
Std Test Accurancy: 0.0293
Std Test AUC: 0.0043
------------------------- time cost ------------------------- 15.16349983215332

-------------Round number: 98-------------

Evaluate global model
Averaged Train Loss: 0.0091
Averaged Test Accurancy: 0.9915
Averaged Test AUC: 0.9992
Std Test Accurancy: 0.0174
Std Test AUC: 0.0014
------------------------- time cost ------------------------- 15.918952226638794

-------------Round number: 99-------------

Evaluate global model
Averaged Train Loss: 0.0203
Averaged Test Accurancy: 0.9884
Averaged Test AUC: 0.9983
Std Test Accurancy: 0.0203
Std Test AUC: 0.0034
------------------------- time cost ------------------------- 16.784173250198364

-------------Round number: 100-------------

Evaluate global model
Averaged Train Loss: 0.0191
Averaged Test Accurancy: 0.9891
Averaged Test AUC: 0.9985
Std Test Accurancy: 0.0200
Std Test AUC: 0.0036
------------------------- time cost ------------------------- 15.399986028671265

-------------Round number: 101-------------

Evaluate global model
Averaged Train Loss: 0.0134
Averaged Test Accurancy: 0.9905
Averaged Test AUC: 0.9990
Std Test Accurancy: 0.0139
Std Test AUC: 0.0014
------------------------- time cost ------------------------- 16.86019778251648

-------------Round number: 102-------------

Evaluate global model
Averaged Train Loss: 0.0171
Averaged Test Accurancy: 0.9886
Averaged Test AUC: 0.9987
Std Test Accurancy: 0.0197
Std Test AUC: 0.0030
------------------------- time cost ------------------------- 17.329187870025635

-------------Round number: 103-------------

Evaluate global model
Averaged Train Loss: 0.0129
Averaged Test Accurancy: 0.9904
Averaged Test AUC: 0.9988
Std Test Accurancy: 0.0189
Std Test AUC: 0.0023
------------------------- time cost ------------------------- 14.50735592842102

-------------Round number: 104-------------

Evaluate global model
Averaged Train Loss: 0.0287
Averaged Test Accurancy: 0.9851
Averaged Test AUC: 0.9978
Std Test Accurancy: 0.0201
Std Test AUC: 0.0032
------------------------- time cost ------------------------- 21.628992557525635

-------------Round number: 105-------------

Evaluate global model
Averaged Train Loss: 0.0082
Averaged Test Accurancy: 0.9907
Averaged Test AUC: 0.9991
Std Test Accurancy: 0.0214
Std Test AUC: 0.0022
------------------------- time cost ------------------------- 11.696475505828857

-------------Round number: 106-------------

Evaluate global model
Averaged Train Loss: 0.0122
Averaged Test Accurancy: 0.9900
Averaged Test AUC: 0.9989
Std Test Accurancy: 0.0196
Std Test AUC: 0.0024
------------------------- time cost ------------------------- 14.18131422996521

-------------Round number: 107-------------

Evaluate global model
Averaged Train Loss: 0.0129
Averaged Test Accurancy: 0.9897
Averaged Test AUC: 0.9987
Std Test Accurancy: 0.0159
Std Test AUC: 0.0022
------------------------- time cost ------------------------- 17.790379762649536

-------------Round number: 108-------------

Evaluate global model
Averaged Train Loss: 0.0092
Averaged Test Accurancy: 0.9907
Averaged Test AUC: 0.9992
Std Test Accurancy: 0.0206
Std Test AUC: 0.0019
------------------------- time cost ------------------------- 10.796490907669067

-------------Round number: 109-------------

Evaluate global model
Averaged Train Loss: 0.0093
Averaged Test Accurancy: 0.9912
Averaged Test AUC: 0.9992
Std Test Accurancy: 0.0157
Std Test AUC: 0.0023
------------------------- time cost ------------------------- 15.490891456604004

-------------Round number: 110-------------

Evaluate global model
Averaged Train Loss: 0.0133
Averaged Test Accurancy: 0.9904
Averaged Test AUC: 0.9989
Std Test Accurancy: 0.0186
Std Test AUC: 0.0029
------------------------- time cost ------------------------- 13.61066198348999

-------------Round number: 111-------------

Evaluate global model
Averaged Train Loss: 0.0144
Averaged Test Accurancy: 0.9888
Averaged Test AUC: 0.9986
Std Test Accurancy: 0.0191
Std Test AUC: 0.0024
------------------------- time cost ------------------------- 14.967063665390015

-------------Round number: 112-------------

Evaluate global model
Averaged Train Loss: 0.0178
Averaged Test Accurancy: 0.9883
Averaged Test AUC: 0.9986
Std Test Accurancy: 0.0231
Std Test AUC: 0.0033
------------------------- time cost ------------------------- 15.318599462509155

-------------Round number: 113-------------

Evaluate global model
Averaged Train Loss: 0.0120
Averaged Test Accurancy: 0.9894
Averaged Test AUC: 0.9990
Std Test Accurancy: 0.0222
Std Test AUC: 0.0027
------------------------- time cost ------------------------- 15.982213020324707

-------------Round number: 114-------------

Evaluate global model
Averaged Train Loss: 0.0149
Averaged Test Accurancy: 0.9896
Averaged Test AUC: 0.9987
Std Test Accurancy: 0.0218
Std Test AUC: 0.0023
------------------------- time cost ------------------------- 13.736194610595703

-------------Round number: 115-------------

Evaluate global model
Averaged Train Loss: 0.0202
Averaged Test Accurancy: 0.9889
Averaged Test AUC: 0.9986
Std Test Accurancy: 0.0206
Std Test AUC: 0.0030
------------------------- time cost ------------------------- 13.65824842453003

-------------Round number: 116-------------

Evaluate global model
Averaged Train Loss: 0.0127
Averaged Test Accurancy: 0.9893
Averaged Test AUC: 0.9988
Std Test Accurancy: 0.0173
Std Test AUC: 0.0021
------------------------- time cost ------------------------- 19.296772003173828

-------------Round number: 117-------------

Evaluate global model
Averaged Train Loss: 0.0120
Averaged Test Accurancy: 0.9919
Averaged Test AUC: 0.9988
Std Test Accurancy: 0.0183
Std Test AUC: 0.0037
------------------------- time cost ------------------------- 13.478512525558472

-------------Round number: 118-------------

Evaluate global model
Averaged Train Loss: 0.0095
Averaged Test Accurancy: 0.9915
Averaged Test AUC: 0.9992
Std Test Accurancy: 0.0153
Std Test AUC: 0.0014
------------------------- time cost ------------------------- 16.070401191711426

-------------Round number: 119-------------

Evaluate global model
Averaged Train Loss: 0.0190
Averaged Test Accurancy: 0.9888
Averaged Test AUC: 0.9986
Std Test Accurancy: 0.0177
Std Test AUC: 0.0024
------------------------- time cost ------------------------- 19.500993967056274

-------------Round number: 120-------------

Evaluate global model
Averaged Train Loss: 0.0095
Averaged Test Accurancy: 0.9908
Averaged Test AUC: 0.9990
Std Test Accurancy: 0.0201
Std Test AUC: 0.0022
------------------------- time cost ------------------------- 14.834627628326416

-------------Round number: 121-------------

Evaluate global model
Averaged Train Loss: 0.0107
Averaged Test Accurancy: 0.9915
Averaged Test AUC: 0.9991
Std Test Accurancy: 0.0159
Std Test AUC: 0.0019
------------------------- time cost ------------------------- 14.33369255065918

-------------Round number: 122-------------

Evaluate global model
Averaged Train Loss: 0.0233
Averaged Test Accurancy: 0.9877
Averaged Test AUC: 0.9985
Std Test Accurancy: 0.0210
Std Test AUC: 0.0027
------------------------- time cost ------------------------- 14.604262590408325

-------------Round number: 123-------------

Evaluate global model
Averaged Train Loss: 0.0148
Averaged Test Accurancy: 0.9908
Averaged Test AUC: 0.9990
Std Test Accurancy: 0.0160
Std Test AUC: 0.0015
------------------------- time cost ------------------------- 17.885915756225586

-------------Round number: 124-------------

Evaluate global model
Averaged Train Loss: 0.0190
Averaged Test Accurancy: 0.9877
Averaged Test AUC: 0.9985
Std Test Accurancy: 0.0267
Std Test AUC: 0.0031
------------------------- time cost ------------------------- 19.012136697769165

-------------Round number: 125-------------

Evaluate global model
Averaged Train Loss: 0.0081
Averaged Test Accurancy: 0.9911
Averaged Test AUC: 0.9991
Std Test Accurancy: 0.0226
Std Test AUC: 0.0022
------------------------- time cost ------------------------- 13.835234880447388

-------------Round number: 126-------------

Evaluate global model
Averaged Train Loss: 0.0101
Averaged Test Accurancy: 0.9916
Averaged Test AUC: 0.9991
Std Test Accurancy: 0.0194
Std Test AUC: 0.0026
------------------------- time cost ------------------------- 15.532245635986328

-------------Round number: 127-------------

Evaluate global model
Averaged Train Loss: 0.0123
Averaged Test Accurancy: 0.9908
Averaged Test AUC: 0.9991
Std Test Accurancy: 0.0177
Std Test AUC: 0.0026
------------------------- time cost ------------------------- 14.475784063339233

-------------Round number: 128-------------

Evaluate global model
Averaged Train Loss: 0.0110
Averaged Test Accurancy: 0.9903
Averaged Test AUC: 0.9991
Std Test Accurancy: 0.0198
Std Test AUC: 0.0022
------------------------- time cost ------------------------- 12.83740234375

-------------Round number: 129-------------

Evaluate global model
Averaged Train Loss: 0.0154
Averaged Test Accurancy: 0.9899
Averaged Test AUC: 0.9985
Std Test Accurancy: 0.0170
Std Test AUC: 0.0024
------------------------- time cost ------------------------- 16.49131488800049

-------------Round number: 130-------------

Evaluate global model
Averaged Train Loss: 0.0050
Averaged Test Accurancy: 0.9925
Averaged Test AUC: 0.9993
Std Test Accurancy: 0.0158
Std Test AUC: 0.0019
------------------------- time cost ------------------------- 11.454395771026611

-------------Round number: 131-------------

Evaluate global model
Averaged Train Loss: 0.0089
Averaged Test Accurancy: 0.9913
Averaged Test AUC: 0.9991
Std Test Accurancy: 0.0183
Std Test AUC: 0.0022
------------------------- time cost ------------------------- 11.899420738220215

-------------Round number: 132-------------

Evaluate global model
Averaged Train Loss: 0.0148
Averaged Test Accurancy: 0.9900
Averaged Test AUC: 0.9987
Std Test Accurancy: 0.0179
Std Test AUC: 0.0025
------------------------- time cost ------------------------- 17.495488166809082

-------------Round number: 133-------------

Evaluate global model
Averaged Train Loss: 0.0061
Averaged Test Accurancy: 0.9925
Averaged Test AUC: 0.9993
Std Test Accurancy: 0.0193
Std Test AUC: 0.0015
------------------------- time cost ------------------------- 11.258333206176758

-------------Round number: 134-------------

Evaluate global model
Averaged Train Loss: 0.0137
Averaged Test Accurancy: 0.9907
Averaged Test AUC: 0.9988
Std Test Accurancy: 0.0185
Std Test AUC: 0.0025
------------------------- time cost ------------------------- 14.44412112236023

-------------Round number: 135-------------

Evaluate global model
Averaged Train Loss: 0.0187
Averaged Test Accurancy: 0.9868
Averaged Test AUC: 0.9983
Std Test Accurancy: 0.0292
Std Test AUC: 0.0043
------------------------- time cost ------------------------- 13.219924211502075

-------------Round number: 136-------------

Evaluate global model
Averaged Train Loss: 0.0100
Averaged Test Accurancy: 0.9909
Averaged Test AUC: 0.9991
Std Test Accurancy: 0.0169
Std Test AUC: 0.0017
------------------------- time cost ------------------------- 13.462514162063599

-------------Round number: 137-------------

Evaluate global model
Averaged Train Loss: 0.0129
Averaged Test Accurancy: 0.9904
Averaged Test AUC: 0.9991
Std Test Accurancy: 0.0175
Std Test AUC: 0.0019
------------------------- time cost ------------------------- 16.053749084472656

-------------Round number: 138-------------

Evaluate global model
Averaged Train Loss: 0.0130
Averaged Test Accurancy: 0.9900
Averaged Test AUC: 0.9987
Std Test Accurancy: 0.0204
Std Test AUC: 0.0033
------------------------- time cost ------------------------- 14.62056016921997

-------------Round number: 139-------------

Evaluate global model
Averaged Train Loss: 0.0070
Averaged Test Accurancy: 0.9923
Averaged Test AUC: 0.9993
Std Test Accurancy: 0.0155
Std Test AUC: 0.0018
------------------------- time cost ------------------------- 12.102420330047607

-------------Round number: 140-------------

Evaluate global model
Averaged Train Loss: 0.0252
Averaged Test Accurancy: 0.9862
Averaged Test AUC: 0.9984
Std Test Accurancy: 0.0298
Std Test AUC: 0.0038
------------------------- time cost ------------------------- 15.932507753372192

-------------Round number: 141-------------

Evaluate global model
Averaged Train Loss: 0.0167
Averaged Test Accurancy: 0.9894
Averaged Test AUC: 0.9987
Std Test Accurancy: 0.0222
Std Test AUC: 0.0031
------------------------- time cost ------------------------- 14.725923538208008

-------------Round number: 142-------------

Evaluate global model
Averaged Train Loss: 0.0095
Averaged Test Accurancy: 0.9919
Averaged Test AUC: 0.9990
Std Test Accurancy: 0.0172
Std Test AUC: 0.0027
------------------------- time cost ------------------------- 11.77395224571228

-------------Round number: 143-------------

Evaluate global model
Averaged Train Loss: 0.0100
Averaged Test Accurancy: 0.9909
Averaged Test AUC: 0.9991
Std Test Accurancy: 0.0201
Std Test AUC: 0.0016
------------------------- time cost ------------------------- 16.802369594573975

-------------Round number: 144-------------

Evaluate global model
Averaged Train Loss: 0.0116
Averaged Test Accurancy: 0.9913
Averaged Test AUC: 0.9991
Std Test Accurancy: 0.0197
Std Test AUC: 0.0024
------------------------- time cost ------------------------- 14.63863730430603

-------------Round number: 145-------------

Evaluate global model
Averaged Train Loss: 0.0107
Averaged Test Accurancy: 0.9899
Averaged Test AUC: 0.9990
Std Test Accurancy: 0.0185
Std Test AUC: 0.0019
------------------------- time cost ------------------------- 18.010277271270752

-------------Round number: 146-------------

Evaluate global model
Averaged Train Loss: 0.0078
Averaged Test Accurancy: 0.9919
Averaged Test AUC: 0.9992
Std Test Accurancy: 0.0208
Std Test AUC: 0.0020
------------------------- time cost ------------------------- 15.087619304656982

-------------Round number: 147-------------

Evaluate global model
Averaged Train Loss: 0.0057
Averaged Test Accurancy: 0.9923
Averaged Test AUC: 0.9993
Std Test Accurancy: 0.0160
Std Test AUC: 0.0016
------------------------- time cost ------------------------- 7.577794313430786

-------------Round number: 148-------------

Evaluate global model
Averaged Train Loss: 0.0074
Averaged Test Accurancy: 0.9921
Averaged Test AUC: 0.9992
Std Test Accurancy: 0.0151
Std Test AUC: 0.0021
------------------------- time cost ------------------------- 8.334761142730713

-------------Round number: 149-------------

Evaluate global model
Averaged Train Loss: 0.0073
Averaged Test Accurancy: 0.9922
Averaged Test AUC: 0.9992
Std Test Accurancy: 0.0191
Std Test AUC: 0.0023
------------------------- time cost ------------------------- 11.52573537826538

-------------Round number: 150-------------

Evaluate global model
Averaged Train Loss: 0.0124
Averaged Test Accurancy: 0.9907
Averaged Test AUC: 0.9988
Std Test Accurancy: 0.0263
Std Test AUC: 0.0041
------------------------- time cost ------------------------- 10.666470527648926

-------------Round number: 151-------------

Evaluate global model
Averaged Train Loss: 0.0074
Averaged Test Accurancy: 0.9915
Averaged Test AUC: 0.9992
Std Test Accurancy: 0.0174
Std Test AUC: 0.0017
------------------------- time cost ------------------------- 13.295093059539795

-------------Round number: 152-------------

Evaluate global model
Averaged Train Loss: 0.0082
Averaged Test Accurancy: 0.9915
Averaged Test AUC: 0.9993
Std Test Accurancy: 0.0150
Std Test AUC: 0.0015
------------------------- time cost ------------------------- 11.477698802947998

-------------Round number: 153-------------

Evaluate global model
Averaged Train Loss: 0.0073
Averaged Test Accurancy: 0.9922
Averaged Test AUC: 0.9992
Std Test Accurancy: 0.0148
Std Test AUC: 0.0016
------------------------- time cost ------------------------- 9.739614725112915

-------------Round number: 154-------------

Evaluate global model
Averaged Train Loss: 0.0129
Averaged Test Accurancy: 0.9903
Averaged Test AUC: 0.9991
Std Test Accurancy: 0.0180
Std Test AUC: 0.0017
------------------------- time cost ------------------------- 12.44446873664856

-------------Round number: 155-------------

Evaluate global model
Averaged Train Loss: 0.0078
Averaged Test Accurancy: 0.9908
Averaged Test AUC: 0.9992
Std Test Accurancy: 0.0188
Std Test AUC: 0.0018
------------------------- time cost ------------------------- 15.399367809295654

-------------Round number: 156-------------

Evaluate global model
Averaged Train Loss: 0.0104
Averaged Test Accurancy: 0.9909
Averaged Test AUC: 0.9991
Std Test Accurancy: 0.0205
Std Test AUC: 0.0026
------------------------- time cost ------------------------- 14.25890851020813

-------------Round number: 157-------------

Evaluate global model
Averaged Train Loss: 0.0095
Averaged Test Accurancy: 0.9923
Averaged Test AUC: 0.9992
Std Test Accurancy: 0.0143
Std Test AUC: 0.0015
------------------------- time cost ------------------------- 11.849270343780518

-------------Round number: 158-------------

Evaluate global model
Averaged Train Loss: 0.0070
Averaged Test Accurancy: 0.9915
Averaged Test AUC: 0.9992
Std Test Accurancy: 0.0191
Std Test AUC: 0.0023
------------------------- time cost ------------------------- 13.906392812728882

-------------Round number: 159-------------

Evaluate global model
Averaged Train Loss: 0.0192
Averaged Test Accurancy: 0.9885
Averaged Test AUC: 0.9986
Std Test Accurancy: 0.0187
Std Test AUC: 0.0025
------------------------- time cost ------------------------- 17.64047646522522

-------------Round number: 160-------------

Evaluate global model
Averaged Train Loss: 0.0078
Averaged Test Accurancy: 0.9920
Averaged Test AUC: 0.9993
Std Test Accurancy: 0.0162
Std Test AUC: 0.0015
------------------------- time cost ------------------------- 10.673006296157837

-------------Round number: 161-------------

Evaluate global model
Averaged Train Loss: 0.0081
Averaged Test Accurancy: 0.9911
Averaged Test AUC: 0.9991
Std Test Accurancy: 0.0182
Std Test AUC: 0.0024
------------------------- time cost ------------------------- 15.195787191390991

-------------Round number: 162-------------

Evaluate global model
Averaged Train Loss: 0.0165
Averaged Test Accurancy: 0.9890
Averaged Test AUC: 0.9986
Std Test Accurancy: 0.0170
Std Test AUC: 0.0023
------------------------- time cost ------------------------- 16.39171862602234

-------------Round number: 163-------------

Evaluate global model
Averaged Train Loss: 0.0236
Averaged Test Accurancy: 0.9883
Averaged Test AUC: 0.9982
Std Test Accurancy: 0.0190
Std Test AUC: 0.0038
------------------------- time cost ------------------------- 19.804241180419922

-------------Round number: 164-------------

Evaluate global model
Averaged Train Loss: 0.0074
Averaged Test Accurancy: 0.9925
Averaged Test AUC: 0.9992
Std Test Accurancy: 0.0142
Std Test AUC: 0.0014
------------------------- time cost ------------------------- 14.832597017288208

-------------Round number: 165-------------

Evaluate global model
Averaged Train Loss: 0.0143
Averaged Test Accurancy: 0.9896
Averaged Test AUC: 0.9986
Std Test Accurancy: 0.0177
Std Test AUC: 0.0026
------------------------- time cost ------------------------- 18.771601915359497

-------------Round number: 166-------------

Evaluate global model
Averaged Train Loss: 0.0127
Averaged Test Accurancy: 0.9905
Averaged Test AUC: 0.9989
Std Test Accurancy: 0.0167
Std Test AUC: 0.0022
------------------------- time cost ------------------------- 15.826912641525269

-------------Round number: 167-------------

Evaluate global model
Averaged Train Loss: 0.0062
Averaged Test Accurancy: 0.9912
Averaged Test AUC: 0.9992
Std Test Accurancy: 0.0160
Std Test AUC: 0.0019
------------------------- time cost ------------------------- 10.80203127861023

-------------Round number: 168-------------

Evaluate global model
Averaged Train Loss: 0.0107
Averaged Test Accurancy: 0.9915
Averaged Test AUC: 0.9992
Std Test Accurancy: 0.0231
Std Test AUC: 0.0035
------------------------- time cost ------------------------- 14.576112747192383

-------------Round number: 169-------------

Evaluate global model
Averaged Train Loss: 0.0120
Averaged Test Accurancy: 0.9909
Averaged Test AUC: 0.9990
Std Test Accurancy: 0.0142
Std Test AUC: 0.0020
------------------------- time cost ------------------------- 13.666120529174805

-------------Round number: 170-------------

Evaluate global model
Averaged Train Loss: 0.0057
Averaged Test Accurancy: 0.9922
Averaged Test AUC: 0.9993
Std Test Accurancy: 0.0148
Std Test AUC: 0.0013
------------------------- time cost ------------------------- 14.744788646697998

-------------Round number: 171-------------

Evaluate global model
Averaged Train Loss: 0.0061
Averaged Test Accurancy: 0.9921
Averaged Test AUC: 0.9992
Std Test Accurancy: 0.0232
Std Test AUC: 0.0037
------------------------- time cost ------------------------- 10.526949882507324

-------------Round number: 172-------------

Evaluate global model
Averaged Train Loss: 0.0072
Averaged Test Accurancy: 0.9922
Averaged Test AUC: 0.9992
Std Test Accurancy: 0.0259
Std Test AUC: 0.0034
------------------------- time cost ------------------------- 7.023859977722168

-------------Round number: 173-------------

Evaluate global model
Averaged Train Loss: 0.0066
Averaged Test Accurancy: 0.9924
Averaged Test AUC: 0.9992
Std Test Accurancy: 0.0146
Std Test AUC: 0.0017
------------------------- time cost ------------------------- 11.322043895721436

-------------Round number: 174-------------

Evaluate global model
Averaged Train Loss: 0.0079
Averaged Test Accurancy: 0.9918
Averaged Test AUC: 0.9991
Std Test Accurancy: 0.0154
Std Test AUC: 0.0017
------------------------- time cost ------------------------- 11.546431064605713

-------------Round number: 175-------------

Evaluate global model
Averaged Train Loss: 0.0074
Averaged Test Accurancy: 0.9914
Averaged Test AUC: 0.9992
Std Test Accurancy: 0.0153
Std Test AUC: 0.0018
------------------------- time cost ------------------------- 15.773112773895264

-------------Round number: 176-------------

Evaluate global model
Averaged Train Loss: 0.0060
Averaged Test Accurancy: 0.9921
Averaged Test AUC: 0.9992
Std Test Accurancy: 0.0194
Std Test AUC: 0.0020
------------------------- time cost ------------------------- 9.695145606994629

-------------Round number: 177-------------

Evaluate global model
Averaged Train Loss: 0.0161
Averaged Test Accurancy: 0.9891
Averaged Test AUC: 0.9985
Std Test Accurancy: 0.0183
Std Test AUC: 0.0026
------------------------- time cost ------------------------- 17.219098329544067

-------------Round number: 178-------------

Evaluate global model
Averaged Train Loss: 0.0103
Averaged Test Accurancy: 0.9909
Averaged Test AUC: 0.9988
Std Test Accurancy: 0.0161
Std Test AUC: 0.0020
------------------------- time cost ------------------------- 17.02962064743042

-------------Round number: 179-------------

Evaluate global model
Averaged Train Loss: 0.0091
Averaged Test Accurancy: 0.9931
Averaged Test AUC: 0.9992
Std Test Accurancy: 0.0137
Std Test AUC: 0.0017
------------------------- time cost ------------------------- 14.03375768661499

-------------Round number: 180-------------

Evaluate global model
Averaged Train Loss: 0.0077
Averaged Test Accurancy: 0.9917
Averaged Test AUC: 0.9992
Std Test Accurancy: 0.0182
Std Test AUC: 0.0019
------------------------- time cost ------------------------- 12.67734146118164

-------------Round number: 181-------------

Evaluate global model
Averaged Train Loss: 0.0055
Averaged Test Accurancy: 0.9926
Averaged Test AUC: 0.9992
Std Test Accurancy: 0.0148
Std Test AUC: 0.0015
------------------------- time cost ------------------------- 10.003076076507568

-------------Round number: 182-------------

Evaluate global model
Averaged Train Loss: 0.0139
Averaged Test Accurancy: 0.9909
Averaged Test AUC: 0.9991
Std Test Accurancy: 0.0169
Std Test AUC: 0.0016
------------------------- time cost ------------------------- 12.015013694763184

-------------Round number: 183-------------

Evaluate global model
Averaged Train Loss: 0.0052
Averaged Test Accurancy: 0.9918
Averaged Test AUC: 0.9993
Std Test Accurancy: 0.0185
Std Test AUC: 0.0019
------------------------- time cost ------------------------- 11.262582540512085

-------------Round number: 184-------------

Evaluate global model
Averaged Train Loss: 0.0092
Averaged Test Accurancy: 0.9915
Averaged Test AUC: 0.9992
Std Test Accurancy: 0.0302
Std Test AUC: 0.0040
------------------------- time cost ------------------------- 10.429015636444092

-------------Round number: 185-------------

Evaluate global model
Averaged Train Loss: 0.0089
Averaged Test Accurancy: 0.9908
Averaged Test AUC: 0.9990
Std Test Accurancy: 0.0179
Std Test AUC: 0.0016
------------------------- time cost ------------------------- 13.655413389205933

-------------Round number: 186-------------

Evaluate global model
Averaged Train Loss: 0.0085
Averaged Test Accurancy: 0.9918
Averaged Test AUC: 0.9992
Std Test Accurancy: 0.0159
Std Test AUC: 0.0016
------------------------- time cost ------------------------- 12.097855806350708

-------------Round number: 187-------------

Evaluate global model
Averaged Train Loss: 0.0181
Averaged Test Accurancy: 0.9885
Averaged Test AUC: 0.9985
Std Test Accurancy: 0.0213
Std Test AUC: 0.0032
------------------------- time cost ------------------------- 11.06917428970337

-------------Round number: 188-------------

Evaluate global model
Averaged Train Loss: 0.0081
Averaged Test Accurancy: 0.9918
Averaged Test AUC: 0.9991
Std Test Accurancy: 0.0168
Std Test AUC: 0.0020
------------------------- time cost ------------------------- 14.14933466911316

-------------Round number: 189-------------

Evaluate global model
Averaged Train Loss: 0.0101
Averaged Test Accurancy: 0.9914
Averaged Test AUC: 0.9991
Std Test Accurancy: 0.0254
Std Test AUC: 0.0031
------------------------- time cost ------------------------- 9.541938543319702

-------------Round number: 190-------------

Evaluate global model
Averaged Train Loss: 0.0066
Averaged Test Accurancy: 0.9927
Averaged Test AUC: 0.9992
Std Test Accurancy: 0.0137
Std Test AUC: 0.0013
------------------------- time cost ------------------------- 16.12096619606018

-------------Round number: 191-------------

Evaluate global model
Averaged Train Loss: 0.0119
Averaged Test Accurancy: 0.9909
Averaged Test AUC: 0.9990
Std Test Accurancy: 0.0280
Std Test AUC: 0.0036
------------------------- time cost ------------------------- 9.359121561050415

-------------Round number: 192-------------

Evaluate global model
Averaged Train Loss: 0.0077
Averaged Test Accurancy: 0.9923
Averaged Test AUC: 0.9992
Std Test Accurancy: 0.0149
Std Test AUC: 0.0014
------------------------- time cost ------------------------- 9.12139105796814

-------------Round number: 193-------------

Evaluate global model
Averaged Train Loss: 0.0089
Averaged Test Accurancy: 0.9927
Averaged Test AUC: 0.9992
Std Test Accurancy: 0.0140
Std Test AUC: 0.0013
------------------------- time cost ------------------------- 13.406117677688599

-------------Round number: 194-------------

Evaluate global model
Averaged Train Loss: 0.0084
Averaged Test Accurancy: 0.9913
Averaged Test AUC: 0.9992
Std Test Accurancy: 0.0178
Std Test AUC: 0.0017
------------------------- time cost ------------------------- 13.945490598678589

-------------Round number: 195-------------

Evaluate global model
Averaged Train Loss: 0.0115
Averaged Test Accurancy: 0.9913
Averaged Test AUC: 0.9992
Std Test Accurancy: 0.0170
Std Test AUC: 0.0017
------------------------- time cost ------------------------- 11.739049673080444

-------------Round number: 196-------------

Evaluate global model
Averaged Train Loss: 0.0068
Averaged Test Accurancy: 0.9922
Averaged Test AUC: 0.9991
Std Test Accurancy: 0.0157
Std Test AUC: 0.0017
------------------------- time cost ------------------------- 8.835337400436401

-------------Round number: 197-------------

Evaluate global model
Averaged Train Loss: 0.0139
Averaged Test Accurancy: 0.9913
Averaged Test AUC: 0.9989
Std Test Accurancy: 0.0157
Std Test AUC: 0.0020
------------------------- time cost ------------------------- 17.774821996688843

-------------Round number: 198-------------

Evaluate global model
Averaged Train Loss: 0.0064
Averaged Test Accurancy: 0.9928
Averaged Test AUC: 0.9993
Std Test Accurancy: 0.0187
Std Test AUC: 0.0016
------------------------- time cost ------------------------- 8.437872409820557

-------------Round number: 199-------------

Evaluate global model
Averaged Train Loss: 0.0241
Averaged Test Accurancy: 0.9902
Averaged Test AUC: 0.9987
Std Test Accurancy: 0.0171
Std Test AUC: 0.0025
------------------------- time cost ------------------------- 8.669177770614624

-------------Round number: 200-------------

Evaluate global model
Averaged Train Loss: 0.0053
Averaged Test Accurancy: 0.9931
Averaged Test AUC: 0.9993
Std Test Accurancy: 0.0146
Std Test AUC: 0.0017
------------------------- time cost ------------------------- 13.101017713546753

-------------Round number: 201-------------

Evaluate global model
Averaged Train Loss: 0.0079
Averaged Test Accurancy: 0.9928
Averaged Test AUC: 0.9990
Std Test Accurancy: 0.0117
Std Test AUC: 0.0016
------------------------- time cost ------------------------- 14.664910316467285

-------------Round number: 202-------------

Evaluate global model
Averaged Train Loss: 0.0161
Averaged Test Accurancy: 0.9909
Averaged Test AUC: 0.9988
Std Test Accurancy: 0.0151
Std Test AUC: 0.0020
------------------------- time cost ------------------------- 13.532896280288696

-------------Round number: 203-------------

Evaluate global model
Averaged Train Loss: 0.0095
Averaged Test Accurancy: 0.9919
Averaged Test AUC: 0.9991
Std Test Accurancy: 0.0157
Std Test AUC: 0.0018
------------------------- time cost ------------------------- 7.348006248474121

-------------Round number: 204-------------

Evaluate global model
Averaged Train Loss: 0.0136
Averaged Test Accurancy: 0.9914
Averaged Test AUC: 0.9987
Std Test Accurancy: 0.0232
Std Test AUC: 0.0046
------------------------- time cost ------------------------- 9.032400608062744

-------------Round number: 205-------------

Evaluate global model
Averaged Train Loss: 0.0072
Averaged Test Accurancy: 0.9928
Averaged Test AUC: 0.9991
Std Test Accurancy: 0.0135
Std Test AUC: 0.0018
------------------------- time cost ------------------------- 13.212979555130005

-------------Round number: 206-------------

Evaluate global model
Averaged Train Loss: 0.0076
Averaged Test Accurancy: 0.9927
Averaged Test AUC: 0.9991
Std Test Accurancy: 0.0137
Std Test AUC: 0.0022
------------------------- time cost ------------------------- 9.006843566894531

-------------Round number: 207-------------

Evaluate global model
Averaged Train Loss: 0.0033
Averaged Test Accurancy: 0.9922
Averaged Test AUC: 0.9994
Std Test Accurancy: 0.0147
Std Test AUC: 0.0012
------------------------- time cost ------------------------- 12.631405353546143

-------------Round number: 208-------------

Evaluate global model
Averaged Train Loss: 0.0057
Averaged Test Accurancy: 0.9919
Averaged Test AUC: 0.9993
Std Test Accurancy: 0.0182
Std Test AUC: 0.0015
------------------------- time cost ------------------------- 6.594238042831421

-------------Round number: 209-------------

Evaluate global model
Averaged Train Loss: 0.0042
Averaged Test Accurancy: 0.9933
Averaged Test AUC: 0.9994
Std Test Accurancy: 0.0114
Std Test AUC: 0.0015
------------------------- time cost ------------------------- 5.818032503128052

-------------Round number: 210-------------

Evaluate global model
Averaged Train Loss: 0.0065
Averaged Test Accurancy: 0.9929
Averaged Test AUC: 0.9993
Std Test Accurancy: 0.0115
Std Test AUC: 0.0014
------------------------- time cost ------------------------- 13.266509294509888

-------------Round number: 211-------------

Evaluate global model
Averaged Train Loss: 0.0053
Averaged Test Accurancy: 0.9926
Averaged Test AUC: 0.9993
Std Test Accurancy: 0.0141
Std Test AUC: 0.0014
------------------------- time cost ------------------------- 12.984039783477783

-------------Round number: 212-------------

Evaluate global model
Averaged Train Loss: 0.0151
Averaged Test Accurancy: 0.9898
Averaged Test AUC: 0.9987
Std Test Accurancy: 0.0173
Std Test AUC: 0.0026
------------------------- time cost ------------------------- 14.11686635017395

-------------Round number: 213-------------

Evaluate global model
Averaged Train Loss: 0.0057
Averaged Test Accurancy: 0.9927
Averaged Test AUC: 0.9992
Std Test Accurancy: 0.0171
Std Test AUC: 0.0020
------------------------- time cost ------------------------- 12.350478649139404

-------------Round number: 214-------------

Evaluate global model
Averaged Train Loss: 0.0077
Averaged Test Accurancy: 0.9925
Averaged Test AUC: 0.9992
Std Test Accurancy: 0.0129
Std Test AUC: 0.0013
------------------------- time cost ------------------------- 16.7579665184021

-------------Round number: 215-------------

Evaluate global model
Averaged Train Loss: 0.0112
Averaged Test Accurancy: 0.9901
Averaged Test AUC: 0.9988
Std Test Accurancy: 0.0162
Std Test AUC: 0.0029
------------------------- time cost ------------------------- 16.490175008773804

-------------Round number: 216-------------

Evaluate global model
Averaged Train Loss: 0.0060
Averaged Test Accurancy: 0.9927
Averaged Test AUC: 0.9993
Std Test Accurancy: 0.0131
Std Test AUC: 0.0013
------------------------- time cost ------------------------- 15.033733606338501

-------------Round number: 217-------------

Evaluate global model
Averaged Train Loss: 0.0106
Averaged Test Accurancy: 0.9915
Averaged Test AUC: 0.9991
Std Test Accurancy: 0.0131
Std Test AUC: 0.0014
------------------------- time cost ------------------------- 16.756303548812866

-------------Round number: 218-------------

Evaluate global model
Averaged Train Loss: 0.0073
Averaged Test Accurancy: 0.9922
Averaged Test AUC: 0.9991
Std Test Accurancy: 0.0129
Std Test AUC: 0.0015
------------------------- time cost ------------------------- 14.216694593429565

-------------Round number: 219-------------

Evaluate global model
Averaged Train Loss: 0.0048
Averaged Test Accurancy: 0.9935
Averaged Test AUC: 0.9994
Std Test Accurancy: 0.0187
Std Test AUC: 0.0013
------------------------- time cost ------------------------- 11.829289197921753

-------------Round number: 220-------------

Evaluate global model
Averaged Train Loss: 0.0093
Averaged Test Accurancy: 0.9915
Averaged Test AUC: 0.9992
Std Test Accurancy: 0.0269
Std Test AUC: 0.0019
------------------------- time cost ------------------------- 10.334075927734375

-------------Round number: 221-------------

Evaluate global model
Averaged Train Loss: 0.0075
Averaged Test Accurancy: 0.9919
Averaged Test AUC: 0.9992
Std Test Accurancy: 0.0163
Std Test AUC: 0.0014
------------------------- time cost ------------------------- 12.865955352783203

-------------Round number: 222-------------

Evaluate global model
Averaged Train Loss: 0.0085
Averaged Test Accurancy: 0.9926
Averaged Test AUC: 0.9992
Std Test Accurancy: 0.0149
Std Test AUC: 0.0016
------------------------- time cost ------------------------- 18.317617177963257

-------------Round number: 223-------------

Evaluate global model
Averaged Train Loss: 0.0049
Averaged Test Accurancy: 0.9924
Averaged Test AUC: 0.9992
Std Test Accurancy: 0.0142
Std Test AUC: 0.0012
------------------------- time cost ------------------------- 14.000906229019165

-------------Round number: 224-------------

Evaluate global model
Averaged Train Loss: 0.0060
Averaged Test Accurancy: 0.9922
Averaged Test AUC: 0.9993
Std Test Accurancy: 0.0170
Std Test AUC: 0.0016
------------------------- time cost ------------------------- 9.03916335105896

-------------Round number: 225-------------

Evaluate global model
Averaged Train Loss: 0.0177
Averaged Test Accurancy: 0.9882
Averaged Test AUC: 0.9986
Std Test Accurancy: 0.0305
Std Test AUC: 0.0039
------------------------- time cost ------------------------- 13.348516941070557

-------------Round number: 226-------------

Evaluate global model
Averaged Train Loss: 0.0055
Averaged Test Accurancy: 0.9927
Averaged Test AUC: 0.9993
Std Test Accurancy: 0.0144
Std Test AUC: 0.0015
------------------------- time cost ------------------------- 7.617307424545288

-------------Round number: 227-------------

Evaluate global model
Averaged Train Loss: 0.0102
Averaged Test Accurancy: 0.9906
Averaged Test AUC: 0.9990
Std Test Accurancy: 0.0192
Std Test AUC: 0.0030
------------------------- time cost ------------------------- 13.190131425857544

-------------Round number: 228-------------

Evaluate global model
Averaged Train Loss: 0.0076
Averaged Test Accurancy: 0.9915
Averaged Test AUC: 0.9992
Std Test Accurancy: 0.0152
Std Test AUC: 0.0015
------------------------- time cost ------------------------- 14.63663625717163

-------------Round number: 229-------------

Evaluate global model
Averaged Train Loss: 0.0065
Averaged Test Accurancy: 0.9915
Averaged Test AUC: 0.9993
Std Test Accurancy: 0.0153
Std Test AUC: 0.0012
------------------------- time cost ------------------------- 14.94167447090149

-------------Round number: 230-------------

Evaluate global model
Averaged Train Loss: 0.0140
Averaged Test Accurancy: 0.9901
Averaged Test AUC: 0.9987
Std Test Accurancy: 0.0186
Std Test AUC: 0.0028
------------------------- time cost ------------------------- 16.033949613571167

-------------Round number: 231-------------

Evaluate global model
Averaged Train Loss: 0.0063
Averaged Test Accurancy: 0.9923
Averaged Test AUC: 0.9992
Std Test Accurancy: 0.0159
Std Test AUC: 0.0016
------------------------- time cost ------------------------- 11.942315101623535

-------------Round number: 232-------------

Evaluate global model
Averaged Train Loss: 0.0068
Averaged Test Accurancy: 0.9918
Averaged Test AUC: 0.9992
Std Test Accurancy: 0.0138
Std Test AUC: 0.0018
------------------------- time cost ------------------------- 15.645020961761475

-------------Round number: 233-------------

Evaluate global model
Averaged Train Loss: 0.0036
Averaged Test Accurancy: 0.9933
Averaged Test AUC: 0.9994
Std Test Accurancy: 0.0117
Std Test AUC: 0.0014
------------------------- time cost ------------------------- 12.35779595375061

-------------Round number: 234-------------

Evaluate global model
Averaged Train Loss: 0.0253
Averaged Test Accurancy: 0.9878
Averaged Test AUC: 0.9983
Std Test Accurancy: 0.0198
Std Test AUC: 0.0029
------------------------- time cost ------------------------- 18.388476371765137

-------------Round number: 235-------------

Evaluate global model
Averaged Train Loss: 0.0095
Averaged Test Accurancy: 0.9905
Averaged Test AUC: 0.9989
Std Test Accurancy: 0.0166
Std Test AUC: 0.0021
------------------------- time cost ------------------------- 15.810004711151123

-------------Round number: 236-------------

Evaluate global model
Averaged Train Loss: 0.0074
Averaged Test Accurancy: 0.9924
Averaged Test AUC: 0.9992
Std Test Accurancy: 0.0129
Std Test AUC: 0.0013
------------------------- time cost ------------------------- 13.528550386428833

-------------Round number: 237-------------

Evaluate global model
Averaged Train Loss: 0.0066
Averaged Test Accurancy: 0.9920
Averaged Test AUC: 0.9993
Std Test Accurancy: 0.0134
Std Test AUC: 0.0013
------------------------- time cost ------------------------- 11.14473295211792

-------------Round number: 238-------------

Evaluate global model
Averaged Train Loss: 0.0091
Averaged Test Accurancy: 0.9913
Averaged Test AUC: 0.9991
Std Test Accurancy: 0.0162
Std Test AUC: 0.0019
------------------------- time cost ------------------------- 14.484039783477783

-------------Round number: 239-------------

Evaluate global model
Averaged Train Loss: 0.0108
Averaged Test Accurancy: 0.9900
Averaged Test AUC: 0.9988
Std Test Accurancy: 0.0167
Std Test AUC: 0.0024
------------------------- time cost ------------------------- 18.442298412322998

-------------Round number: 240-------------

Evaluate global model
Averaged Train Loss: 0.0073
Averaged Test Accurancy: 0.9921
Averaged Test AUC: 0.9992
Std Test Accurancy: 0.0158
Std Test AUC: 0.0025
------------------------- time cost ------------------------- 14.20609426498413

-------------Round number: 241-------------

Evaluate global model
Averaged Train Loss: 0.0077
Averaged Test Accurancy: 0.9921
Averaged Test AUC: 0.9992
Std Test Accurancy: 0.0179
Std Test AUC: 0.0023
------------------------- time cost ------------------------- 12.49416732788086

-------------Round number: 242-------------

Evaluate global model
Averaged Train Loss: 0.0050
Averaged Test Accurancy: 0.9927
Averaged Test AUC: 0.9993
Std Test Accurancy: 0.0178
Std Test AUC: 0.0025
------------------------- time cost ------------------------- 13.220757007598877

-------------Round number: 243-------------

Evaluate global model
Averaged Train Loss: 0.0082
Averaged Test Accurancy: 0.9933
Averaged Test AUC: 0.9993
Std Test Accurancy: 0.0142
Std Test AUC: 0.0020
------------------------- time cost ------------------------- 9.488285779953003

-------------Round number: 244-------------

Evaluate global model
Averaged Train Loss: 0.0055
Averaged Test Accurancy: 0.9924
Averaged Test AUC: 0.9992
Std Test Accurancy: 0.0121
Std Test AUC: 0.0020
------------------------- time cost ------------------------- 16.07718825340271

-------------Round number: 245-------------

Evaluate global model
Averaged Train Loss: 0.0082
Averaged Test Accurancy: 0.9921
Averaged Test AUC: 0.9991
Std Test Accurancy: 0.0158
Std Test AUC: 0.0019
------------------------- time cost ------------------------- 8.983129978179932

-------------Round number: 246-------------

Evaluate global model
Averaged Train Loss: 0.0078
Averaged Test Accurancy: 0.9924
Averaged Test AUC: 0.9992
Std Test Accurancy: 0.0155
Std Test AUC: 0.0020
------------------------- time cost ------------------------- 15.46732497215271

-------------Round number: 247-------------

Evaluate global model
Averaged Train Loss: 0.0144
Averaged Test Accurancy: 0.9915
Averaged Test AUC: 0.9988
Std Test Accurancy: 0.0135
Std Test AUC: 0.0017
------------------------- time cost ------------------------- 23.178590536117554

-------------Round number: 248-------------

Evaluate global model
Averaged Train Loss: 0.0168
Averaged Test Accurancy: 0.9891
Averaged Test AUC: 0.9987
Std Test Accurancy: 0.0198
Std Test AUC: 0.0025
------------------------- time cost ------------------------- 15.632153987884521

-------------Round number: 249-------------

Evaluate global model
Averaged Train Loss: 0.0130
Averaged Test Accurancy: 0.9909
Averaged Test AUC: 0.9988
Std Test Accurancy: 0.0161
Std Test AUC: 0.0024
------------------------- time cost ------------------------- 17.730539560317993

-------------Round number: 250-------------

Evaluate global model
Averaged Train Loss: 0.0059
Averaged Test Accurancy: 0.9927
Averaged Test AUC: 0.9993
Std Test Accurancy: 0.0120
Std Test AUC: 0.0012
------------------------- time cost ------------------------- 15.875093698501587

-------------Round number: 251-------------

Evaluate global model
Averaged Train Loss: 0.0042
Averaged Test Accurancy: 0.9924
Averaged Test AUC: 0.9994
Std Test Accurancy: 0.0164
Std Test AUC: 0.0021
------------------------- time cost ------------------------- 16.335267543792725

-------------Round number: 252-------------

Evaluate global model
Averaged Train Loss: 0.0057
Averaged Test Accurancy: 0.9932
Averaged Test AUC: 0.9993
Std Test Accurancy: 0.0140
Std Test AUC: 0.0014
------------------------- time cost ------------------------- 13.069453239440918

-------------Round number: 253-------------

Evaluate global model
Averaged Train Loss: 0.0055
Averaged Test Accurancy: 0.9927
Averaged Test AUC: 0.9993
Std Test Accurancy: 0.0127
Std Test AUC: 0.0014
------------------------- time cost ------------------------- 17.77151918411255

-------------Round number: 254-------------

Evaluate global model
Averaged Train Loss: 0.0041
Averaged Test Accurancy: 0.9931
Averaged Test AUC: 0.9993
Std Test Accurancy: 0.0242
Std Test AUC: 0.0023
------------------------- time cost ------------------------- 9.083779096603394

-------------Round number: 255-------------

Evaluate global model
Averaged Train Loss: 0.0092
Averaged Test Accurancy: 0.9913
Averaged Test AUC: 0.9991
Std Test Accurancy: 0.0172
Std Test AUC: 0.0019
------------------------- time cost ------------------------- 14.209489345550537

-------------Round number: 256-------------

Evaluate global model
Averaged Train Loss: 0.0070
Averaged Test Accurancy: 0.9927
Averaged Test AUC: 0.9992
Std Test Accurancy: 0.0137
Std Test AUC: 0.0015
------------------------- time cost ------------------------- 10.243752002716064

-------------Round number: 257-------------

Evaluate global model
Averaged Train Loss: 0.0077
Averaged Test Accurancy: 0.9924
Averaged Test AUC: 0.9991
Std Test Accurancy: 0.0133
Std Test AUC: 0.0020
------------------------- time cost ------------------------- 12.670609712600708

-------------Round number: 258-------------

Evaluate global model
Averaged Train Loss: 0.0105
Averaged Test Accurancy: 0.9912
Averaged Test AUC: 0.9991
Std Test Accurancy: 0.0175
Std Test AUC: 0.0020
------------------------- time cost ------------------------- 7.599971055984497

-------------Round number: 259-------------

Evaluate global model
Averaged Train Loss: 0.0084
Averaged Test Accurancy: 0.9915
Averaged Test AUC: 0.9992
Std Test Accurancy: 0.0169
Std Test AUC: 0.0018
------------------------- time cost ------------------------- 9.666159629821777

-------------Round number: 260-------------

Evaluate global model
Averaged Train Loss: 0.0173
Averaged Test Accurancy: 0.9909
Averaged Test AUC: 0.9987
Std Test Accurancy: 0.0166
Std Test AUC: 0.0027
------------------------- time cost ------------------------- 14.80855655670166

-------------Round number: 261-------------

Evaluate global model
Averaged Train Loss: 0.0042
Averaged Test Accurancy: 0.9935
Averaged Test AUC: 0.9993
Std Test Accurancy: 0.0202
Std Test AUC: 0.0023
------------------------- time cost ------------------------- 6.837460041046143

-------------Round number: 262-------------

Evaluate global model
Averaged Train Loss: 0.0064
Averaged Test Accurancy: 0.9921
Averaged Test AUC: 0.9991
Std Test Accurancy: 0.0169
Std Test AUC: 0.0023
------------------------- time cost ------------------------- 7.2113847732543945

-------------Round number: 263-------------

Evaluate global model
Averaged Train Loss: 0.0183
Averaged Test Accurancy: 0.9898
Averaged Test AUC: 0.9987
Std Test Accurancy: 0.0291
Std Test AUC: 0.0040
------------------------- time cost ------------------------- 13.637608528137207

-------------Round number: 264-------------

Evaluate global model
Averaged Train Loss: 0.0045
Averaged Test Accurancy: 0.9930
Averaged Test AUC: 0.9994
Std Test Accurancy: 0.0157
Std Test AUC: 0.0011
------------------------- time cost ------------------------- 11.170722246170044

-------------Round number: 265-------------

Evaluate global model
Averaged Train Loss: 0.0063
Averaged Test Accurancy: 0.9929
Averaged Test AUC: 0.9993
Std Test Accurancy: 0.0142
Std Test AUC: 0.0017
------------------------- time cost ------------------------- 11.963068962097168

-------------Round number: 266-------------

Evaluate global model
Averaged Train Loss: 0.0096
Averaged Test Accurancy: 0.9915
Averaged Test AUC: 0.9989
Std Test Accurancy: 0.0125
Std Test AUC: 0.0019
------------------------- time cost ------------------------- 11.957708835601807

-------------Round number: 267-------------

Evaluate global model
Averaged Train Loss: 0.0074
Averaged Test Accurancy: 0.9927
Averaged Test AUC: 0.9992
Std Test Accurancy: 0.0149
Std Test AUC: 0.0016
------------------------- time cost ------------------------- 11.212889194488525

-------------Round number: 268-------------

Evaluate global model
Averaged Train Loss: 0.0090
Averaged Test Accurancy: 0.9930
Averaged Test AUC: 0.9993
Std Test Accurancy: 0.0113
Std Test AUC: 0.0012
------------------------- time cost ------------------------- 14.987167358398438

-------------Round number: 269-------------

Evaluate global model
Averaged Train Loss: 0.0039
Averaged Test Accurancy: 0.9935
Averaged Test AUC: 0.9993
Std Test Accurancy: 0.0139
Std Test AUC: 0.0017
------------------------- time cost ------------------------- 10.777234315872192

-------------Round number: 270-------------

Evaluate global model
Averaged Train Loss: 0.0053
Averaged Test Accurancy: 0.9932
Averaged Test AUC: 0.9994
Std Test Accurancy: 0.0113
Std Test AUC: 0.0010
------------------------- time cost ------------------------- 11.669151067733765

-------------Round number: 271-------------

Evaluate global model
Averaged Train Loss: 0.0073
Averaged Test Accurancy: 0.9931
Averaged Test AUC: 0.9993
Std Test Accurancy: 0.0127
Std Test AUC: 0.0015
------------------------- time cost ------------------------- 15.957467079162598

-------------Round number: 272-------------

Evaluate global model
Averaged Train Loss: 0.0061
Averaged Test Accurancy: 0.9932
Averaged Test AUC: 0.9994
Std Test Accurancy: 0.0112
Std Test AUC: 0.0010
------------------------- time cost ------------------------- 15.541046142578125

-------------Round number: 273-------------

Evaluate global model
Averaged Train Loss: 0.0118
Averaged Test Accurancy: 0.9905
Averaged Test AUC: 0.9989
Std Test Accurancy: 0.0148
Std Test AUC: 0.0021
------------------------- time cost ------------------------- 21.56266736984253

-------------Round number: 274-------------

Evaluate global model
Averaged Train Loss: 0.0059
Averaged Test Accurancy: 0.9925
Averaged Test AUC: 0.9992
Std Test Accurancy: 0.0134
Std Test AUC: 0.0020
------------------------- time cost ------------------------- 10.96878457069397

-------------Round number: 275-------------

Evaluate global model
Averaged Train Loss: 0.0050
Averaged Test Accurancy: 0.9931
Averaged Test AUC: 0.9993
Std Test Accurancy: 0.0119
Std Test AUC: 0.0017
------------------------- time cost ------------------------- 16.156485080718994

-------------Round number: 276-------------

Evaluate global model
Averaged Train Loss: 0.0036
Averaged Test Accurancy: 0.9938
Averaged Test AUC: 0.9994
Std Test Accurancy: 0.0126
Std Test AUC: 0.0015
------------------------- time cost ------------------------- 8.143162727355957

-------------Round number: 277-------------

Evaluate global model
Averaged Train Loss: 0.0049
Averaged Test Accurancy: 0.9930
Averaged Test AUC: 0.9993
Std Test Accurancy: 0.0116
Std Test AUC: 0.0013
------------------------- time cost ------------------------- 8.989126682281494

-------------Round number: 278-------------

Evaluate global model
Averaged Train Loss: 0.0093
Averaged Test Accurancy: 0.9929
Averaged Test AUC: 0.9992
Std Test Accurancy: 0.0123
Std Test AUC: 0.0017
------------------------- time cost ------------------------- 17.4018132686615

-------------Round number: 279-------------

Evaluate global model
Averaged Train Loss: 0.0117
Averaged Test Accurancy: 0.9912
Averaged Test AUC: 0.9988
Std Test Accurancy: 0.0151
Std Test AUC: 0.0027
------------------------- time cost ------------------------- 14.071876525878906

-------------Round number: 280-------------

Evaluate global model
Averaged Train Loss: 0.0054
Averaged Test Accurancy: 0.9931
Averaged Test AUC: 0.9992
Std Test Accurancy: 0.0134
Std Test AUC: 0.0020
------------------------- time cost ------------------------- 6.9643261432647705

-------------Round number: 281-------------

Evaluate global model
Averaged Train Loss: 0.0030
Averaged Test Accurancy: 0.9940
Averaged Test AUC: 0.9994
Std Test Accurancy: 0.0127
Std Test AUC: 0.0018
------------------------- time cost ------------------------- 8.176237344741821

-------------Round number: 282-------------

Evaluate global model
Averaged Train Loss: 0.0067
Averaged Test Accurancy: 0.9939
Averaged Test AUC: 0.9993
Std Test Accurancy: 0.0091
Std Test AUC: 0.0013
------------------------- time cost ------------------------- 14.445893287658691

-------------Round number: 283-------------

Evaluate global model
Averaged Train Loss: 0.0047
Averaged Test Accurancy: 0.9936
Averaged Test AUC: 0.9994
Std Test Accurancy: 0.0117
Std Test AUC: 0.0018
------------------------- time cost ------------------------- 10.858654737472534

-------------Round number: 284-------------

Evaluate global model
Averaged Train Loss: 0.0049
Averaged Test Accurancy: 0.9936
Averaged Test AUC: 0.9994
Std Test Accurancy: 0.0135
Std Test AUC: 0.0011
------------------------- time cost ------------------------- 12.487224102020264

-------------Round number: 285-------------

Evaluate global model
Averaged Train Loss: 0.0049
Averaged Test Accurancy: 0.9930
Averaged Test AUC: 0.9993
Std Test Accurancy: 0.0118
Std Test AUC: 0.0012
------------------------- time cost ------------------------- 10.505241394042969

-------------Round number: 286-------------

Evaluate global model
Averaged Train Loss: 0.0387
Averaged Test Accurancy: 0.9847
Averaged Test AUC: 0.9974
Std Test Accurancy: 0.0272
Std Test AUC: 0.0054
------------------------- time cost ------------------------- 11.516974925994873

-------------Round number: 287-------------

Evaluate global model
Averaged Train Loss: 0.0070
Averaged Test Accurancy: 0.9917
Averaged Test AUC: 0.9993
Std Test Accurancy: 0.0104
Std Test AUC: 0.0011
------------------------- time cost ------------------------- 9.623087882995605

-------------Round number: 288-------------

Evaluate global model
Averaged Train Loss: 0.0070
Averaged Test Accurancy: 0.9920
Averaged Test AUC: 0.9993
Std Test Accurancy: 0.0137
Std Test AUC: 0.0015
------------------------- time cost ------------------------- 9.34583330154419

-------------Round number: 289-------------

Evaluate global model
Averaged Train Loss: 0.0084
Averaged Test Accurancy: 0.9921
Averaged Test AUC: 0.9992
Std Test Accurancy: 0.0114
Std Test AUC: 0.0013
------------------------- time cost ------------------------- 14.643311262130737

-------------Round number: 290-------------

Evaluate global model
Averaged Train Loss: 0.0060
Averaged Test Accurancy: 0.9926
Averaged Test AUC: 0.9993
Std Test Accurancy: 0.0131
Std Test AUC: 0.0018
------------------------- time cost ------------------------- 7.537508010864258

-------------Round number: 291-------------

Evaluate global model
Averaged Train Loss: 0.0040
Averaged Test Accurancy: 0.9933
Averaged Test AUC: 0.9994
Std Test Accurancy: 0.0129
Std Test AUC: 0.0014
------------------------- time cost ------------------------- 8.729415655136108

-------------Round number: 292-------------

Evaluate global model
Averaged Train Loss: 0.0116
Averaged Test Accurancy: 0.9917
Averaged Test AUC: 0.9990
Std Test Accurancy: 0.0130
Std Test AUC: 0.0016
------------------------- time cost ------------------------- 9.059082508087158

-------------Round number: 293-------------

Evaluate global model
Averaged Train Loss: 0.0052
Averaged Test Accurancy: 0.9924
Averaged Test AUC: 0.9993
Std Test Accurancy: 0.0151
Std Test AUC: 0.0012
------------------------- time cost ------------------------- 10.07515025138855

-------------Round number: 294-------------

Evaluate global model
Averaged Train Loss: 0.0038
Averaged Test Accurancy: 0.9929
Averaged Test AUC: 0.9994
Std Test Accurancy: 0.0123
Std Test AUC: 0.0013
------------------------- time cost ------------------------- 15.408697128295898

-------------Round number: 295-------------

Evaluate global model
Averaged Train Loss: 0.0115
Averaged Test Accurancy: 0.9918
Averaged Test AUC: 0.9991
Std Test Accurancy: 0.0138
Std Test AUC: 0.0016
------------------------- time cost ------------------------- 16.54627299308777

-------------Round number: 296-------------

Evaluate global model
Averaged Train Loss: 0.0073
Averaged Test Accurancy: 0.9930
Averaged Test AUC: 0.9991
Std Test Accurancy: 0.0145
Std Test AUC: 0.0021
------------------------- time cost ------------------------- 15.65140438079834

-------------Round number: 297-------------

Evaluate global model
Averaged Train Loss: 0.0031
Averaged Test Accurancy: 0.9933
Averaged Test AUC: 0.9993
Std Test Accurancy: 0.0169
Std Test AUC: 0.0019
------------------------- time cost ------------------------- 14.049152135848999

-------------Round number: 298-------------

Evaluate global model
Averaged Train Loss: 0.0128
Averaged Test Accurancy: 0.9905
Averaged Test AUC: 0.9987
Std Test Accurancy: 0.0150
Std Test AUC: 0.0024
------------------------- time cost ------------------------- 16.657570362091064

-------------Round number: 299-------------

Evaluate global model
Averaged Train Loss: 0.0116
Averaged Test Accurancy: 0.9910
Averaged Test AUC: 0.9990
Std Test Accurancy: 0.0144
Std Test AUC: 0.0018
------------------------- time cost ------------------------- 17.016704559326172

Best global accuracy.
0.9940216927150055

Average time cost per round.
15.799175429104961
File path: ../results/mnist_FedAvg_cnn_gr300_ls10_bs16_lr0.005.h5

Average time cost: 4752.01s.
Length:  300
std for best accurancy: 0.0
mean for best accurancy: 0.9940216927150055
All done!

Storage on cuda:0
-------------------------------------------------------------------------------
Total Tensors: 117569252 	Used Memory: 448.78M
The allocated memory on cuda:0: 448.78M
-------------------------------------------------------------------------------
