==================================================
Algorithm: FedAvg
Local batch size: 32
Local steps: 10
Local learing rate: 0.005
Total number of clients: 100
Clients join in each round: 0.1
Client drop rate: 0.0
Time select: False
Time threthold: 10000
Global rounds: 300
Running times: 1
Dataset: mnist
Local model: cnn
Using device: cuda
Cuda device id: 0
==================================================

============= Running time: 0th =============
Creating server and clients ...

Join ratio / total clients: 0.1 / 100
Finished creating server and clients.

-------------Round number: 0-------------

Evaluate global model
Averaged Train Loss: 2.3126
Averaged Test Accurancy: 0.0584
Averaged Test AUC: 0.4284
Std Test Accurancy: 0.0763
Std Test AUC: 0.2113
------------------------- time cost ------------------------- 9.744065999984741

-------------Round number: 1-------------

Evaluate global model
Averaged Train Loss: 2.1378
Averaged Test Accurancy: 0.1390
Averaged Test AUC: 0.4998
Std Test Accurancy: 0.2185
Std Test AUC: 0.2548
------------------------- time cost ------------------------- 11.12531566619873

-------------Round number: 2-------------

Evaluate global model
Averaged Train Loss: 1.9611
Averaged Test Accurancy: 0.2063
Averaged Test AUC: 0.5466
Std Test Accurancy: 0.2949
Std Test AUC: 0.2811
------------------------- time cost ------------------------- 12.417286157608032

-------------Round number: 3-------------

Evaluate global model
Averaged Train Loss: 1.7600
Averaged Test Accurancy: 0.3090
Averaged Test AUC: 0.5942
Std Test Accurancy: 0.3556
Std Test AUC: 0.2986
------------------------- time cost ------------------------- 13.08248496055603

-------------Round number: 4-------------

Evaluate global model
Averaged Train Loss: 1.6036
Averaged Test Accurancy: 0.3505
Averaged Test AUC: 0.6234
Std Test Accurancy: 0.3833
Std Test AUC: 0.3128
------------------------- time cost ------------------------- 9.463141202926636

-------------Round number: 5-------------

Evaluate global model
Averaged Train Loss: 1.5304
Averaged Test Accurancy: 0.3936
Averaged Test AUC: 0.6340
Std Test Accurancy: 0.4133
Std Test AUC: 0.3263
------------------------- time cost ------------------------- 9.670613765716553

-------------Round number: 6-------------

Evaluate global model
Averaged Train Loss: 1.5068
Averaged Test Accurancy: 0.4352
Averaged Test AUC: 0.6693
Std Test Accurancy: 0.4323
Std Test AUC: 0.3277
------------------------- time cost ------------------------- 13.594592332839966

-------------Round number: 7-------------

Evaluate global model
Averaged Train Loss: 1.2260
Averaged Test Accurancy: 0.5132
Averaged Test AUC: 0.7155
Std Test Accurancy: 0.4376
Std Test AUC: 0.3337
------------------------- time cost ------------------------- 12.972481489181519

-------------Round number: 8-------------

Evaluate global model
Averaged Train Loss: 1.1475
Averaged Test Accurancy: 0.5591
Averaged Test AUC: 0.7423
Std Test Accurancy: 0.4387
Std Test AUC: 0.3291
------------------------- time cost ------------------------- 11.922593832015991

-------------Round number: 9-------------

Evaluate global model
Averaged Train Loss: 0.9459
Averaged Test Accurancy: 0.6235
Averaged Test AUC: 0.7771
Std Test Accurancy: 0.4357
Std Test AUC: 0.3257
------------------------- time cost ------------------------- 10.624855518341064

-------------Round number: 10-------------

Evaluate global model
Averaged Train Loss: 0.8938
Averaged Test Accurancy: 0.6395
Averaged Test AUC: 0.7910
Std Test Accurancy: 0.4269
Std Test AUC: 0.3200
------------------------- time cost ------------------------- 10.479135274887085

-------------Round number: 11-------------

Evaluate global model
Averaged Train Loss: 0.8441
Averaged Test Accurancy: 0.6632
Averaged Test AUC: 0.7987
Std Test Accurancy: 0.4264
Std Test AUC: 0.3155
------------------------- time cost ------------------------- 9.820281744003296

-------------Round number: 12-------------

Evaluate global model
Averaged Train Loss: 0.7544
Averaged Test Accurancy: 0.6991
Averaged Test AUC: 0.8283
Std Test Accurancy: 0.4133
Std Test AUC: 0.2968
------------------------- time cost ------------------------- 11.741166591644287

-------------Round number: 13-------------

Evaluate global model
Averaged Train Loss: 0.8282
Averaged Test Accurancy: 0.6697
Averaged Test AUC: 0.8293
Std Test Accurancy: 0.4108
Std Test AUC: 0.2765
------------------------- time cost ------------------------- 12.262624025344849

-------------Round number: 14-------------

Evaluate global model
Averaged Train Loss: 0.6117
Averaged Test Accurancy: 0.7585
Averaged Test AUC: 0.8698
Std Test Accurancy: 0.3827
Std Test AUC: 0.2542
------------------------- time cost ------------------------- 12.07184648513794

-------------Round number: 15-------------

Evaluate global model
Averaged Train Loss: 0.5381
Averaged Test Accurancy: 0.7902
Averaged Test AUC: 0.8929
Std Test Accurancy: 0.3634
Std Test AUC: 0.2407
------------------------- time cost ------------------------- 10.20832633972168

-------------Round number: 16-------------

Evaluate global model
Averaged Train Loss: 0.5706
Averaged Test Accurancy: 0.7813
Averaged Test AUC: 0.8927
Std Test Accurancy: 0.3564
Std Test AUC: 0.2316
------------------------- time cost ------------------------- 15.015531539916992

-------------Round number: 17-------------

Evaluate global model
Averaged Train Loss: 0.4556
Averaged Test Accurancy: 0.8230
Averaged Test AUC: 0.9105
Std Test Accurancy: 0.3347
Std Test AUC: 0.2179
------------------------- time cost ------------------------- 11.298630237579346

-------------Round number: 18-------------

Evaluate global model
Averaged Train Loss: 0.4170
Averaged Test Accurancy: 0.8372
Averaged Test AUC: 0.9156
Std Test Accurancy: 0.3201
Std Test AUC: 0.2125
------------------------- time cost ------------------------- 8.739179611206055

-------------Round number: 19-------------

Evaluate global model
Averaged Train Loss: 0.4064
Averaged Test Accurancy: 0.8442
Averaged Test AUC: 0.9196
Std Test Accurancy: 0.3097
Std Test AUC: 0.2066
------------------------- time cost ------------------------- 11.95925498008728

-------------Round number: 20-------------

Evaluate global model
Averaged Train Loss: 0.3875
Averaged Test Accurancy: 0.8558
Averaged Test AUC: 0.9327
Std Test Accurancy: 0.2998
Std Test AUC: 0.1972
------------------------- time cost ------------------------- 13.380077123641968

-------------Round number: 21-------------

Evaluate global model
Averaged Train Loss: 0.3440
Averaged Test Accurancy: 0.8677
Averaged Test AUC: 0.9358
Std Test Accurancy: 0.2880
Std Test AUC: 0.1946
------------------------- time cost ------------------------- 11.47132682800293

-------------Round number: 22-------------

Evaluate global model
Averaged Train Loss: 0.3041
Averaged Test Accurancy: 0.8844
Averaged Test AUC: 0.9482
Std Test Accurancy: 0.2611
Std Test AUC: 0.1723
------------------------- time cost ------------------------- 9.623422622680664

-------------Round number: 23-------------

Evaluate global model
Averaged Train Loss: 0.3688
Averaged Test Accurancy: 0.8593
Averaged Test AUC: 0.9454
Std Test Accurancy: 0.2581
Std Test AUC: 0.1650
------------------------- time cost ------------------------- 12.517320394515991

-------------Round number: 24-------------

Evaluate global model
Averaged Train Loss: 0.2606
Averaged Test Accurancy: 0.9004
Averaged Test AUC: 0.9530
Std Test Accurancy: 0.2354
Std Test AUC: 0.1637
------------------------- time cost ------------------------- 9.414119720458984

-------------Round number: 25-------------

Evaluate global model
Averaged Train Loss: 0.2754
Averaged Test Accurancy: 0.8929
Averaged Test AUC: 0.9523
Std Test Accurancy: 0.2382
Std Test AUC: 0.1637
------------------------- time cost ------------------------- 12.204856395721436

-------------Round number: 26-------------

Evaluate global model
Averaged Train Loss: 0.2535
Averaged Test Accurancy: 0.9047
Averaged Test AUC: 0.9634
Std Test Accurancy: 0.2192
Std Test AUC: 0.1363
------------------------- time cost ------------------------- 12.653548240661621

-------------Round number: 27-------------

Evaluate global model
Averaged Train Loss: 0.1807
Averaged Test Accurancy: 0.9295
Averaged Test AUC: 0.9720
Std Test Accurancy: 0.2052
Std Test AUC: 0.1331
------------------------- time cost ------------------------- 10.195949792861938

-------------Round number: 28-------------

Evaluate global model
Averaged Train Loss: 0.2082
Averaged Test Accurancy: 0.9195
Averaged Test AUC: 0.9704
Std Test Accurancy: 0.2108
Std Test AUC: 0.1331
------------------------- time cost ------------------------- 12.496267557144165

-------------Round number: 29-------------

Evaluate global model
Averaged Train Loss: 0.1858
Averaged Test Accurancy: 0.9307
Averaged Test AUC: 0.9720
Std Test Accurancy: 0.2000
Std Test AUC: 0.1331
------------------------- time cost ------------------------- 11.85035228729248

-------------Round number: 30-------------

Evaluate global model
Averaged Train Loss: 0.1692
Averaged Test Accurancy: 0.9345
Averaged Test AUC: 0.9725
Std Test Accurancy: 0.2012
Std Test AUC: 0.1331
------------------------- time cost ------------------------- 10.203860998153687

-------------Round number: 31-------------

Evaluate global model
Averaged Train Loss: 0.1696
Averaged Test Accurancy: 0.9359
Averaged Test AUC: 0.9734
Std Test Accurancy: 0.1804
Std Test AUC: 0.1215
------------------------- time cost ------------------------- 9.621373891830444

-------------Round number: 32-------------

Evaluate global model
Averaged Train Loss: 0.1395
Averaged Test Accurancy: 0.9472
Averaged Test AUC: 0.9873
Std Test Accurancy: 0.1381
Std Test AUC: 0.0637
------------------------- time cost ------------------------- 12.284782409667969

-------------Round number: 33-------------

Evaluate global model
Averaged Train Loss: 0.1189
Averaged Test Accurancy: 0.9561
Averaged Test AUC: 0.9888
Std Test Accurancy: 0.1225
Std Test AUC: 0.0626
------------------------- time cost ------------------------- 9.868195056915283

-------------Round number: 34-------------

Evaluate global model
Averaged Train Loss: 0.1677
Averaged Test Accurancy: 0.9318
Averaged Test AUC: 0.9852
Std Test Accurancy: 0.1465
Std Test AUC: 0.0635
------------------------- time cost ------------------------- 11.681432485580444

-------------Round number: 35-------------

Evaluate global model
Averaged Train Loss: 0.1402
Averaged Test Accurancy: 0.9500
Averaged Test AUC: 0.9868
Std Test Accurancy: 0.1236
Std Test AUC: 0.0628
------------------------- time cost ------------------------- 12.011327981948853

-------------Round number: 36-------------

Evaluate global model
Averaged Train Loss: 0.1493
Averaged Test Accurancy: 0.9415
Averaged Test AUC: 0.9862
Std Test Accurancy: 0.1344
Std Test AUC: 0.0631
------------------------- time cost ------------------------- 12.879940509796143

-------------Round number: 37-------------

Evaluate global model
Averaged Train Loss: 0.0651
Averaged Test Accurancy: 0.9726
Averaged Test AUC: 0.9948
Std Test Accurancy: 0.0985
Std Test AUC: 0.0569
------------------------- time cost ------------------------- 11.746324062347412

-------------Round number: 38-------------

Evaluate global model
Averaged Train Loss: 0.0730
Averaged Test Accurancy: 0.9722
Averaged Test AUC: 0.9947
Std Test Accurancy: 0.1024
Std Test AUC: 0.0573
------------------------- time cost ------------------------- 10.890358448028564

-------------Round number: 39-------------

Evaluate global model
Averaged Train Loss: 0.0416
Averaged Test Accurancy: 0.9814
Averaged Test AUC: 0.9964
Std Test Accurancy: 0.0946
Std Test AUC: 0.0567
------------------------- time cost ------------------------- 10.29841136932373

-------------Round number: 40-------------

Evaluate global model
Averaged Train Loss: 0.0469
Averaged Test Accurancy: 0.9796
Averaged Test AUC: 0.9961
Std Test Accurancy: 0.0948
Std Test AUC: 0.0567
------------------------- time cost ------------------------- 10.000489711761475

-------------Round number: 41-------------

Evaluate global model
Averaged Train Loss: 0.0571
Averaged Test Accurancy: 0.9759
Averaged Test AUC: 0.9955
Std Test Accurancy: 0.1039
Std Test AUC: 0.0573
------------------------- time cost ------------------------- 11.925302743911743

-------------Round number: 42-------------

Evaluate global model
Averaged Train Loss: 0.0541
Averaged Test Accurancy: 0.9771
Averaged Test AUC: 0.9958
Std Test Accurancy: 0.0989
Std Test AUC: 0.0568
------------------------- time cost ------------------------- 10.062633037567139

-------------Round number: 43-------------

Evaluate global model
Averaged Train Loss: 0.0370
Averaged Test Accurancy: 0.9839
Averaged Test AUC: 0.9981
Std Test Accurancy: 0.0274
Std Test AUC: 0.0035
------------------------- time cost ------------------------- 11.748391151428223

-------------Round number: 44-------------

Evaluate global model
Averaged Train Loss: 0.0330
Averaged Test Accurancy: 0.9840
Averaged Test AUC: 0.9983
Std Test Accurancy: 0.0497
Std Test AUC: 0.0074
------------------------- time cost ------------------------- 8.54040789604187

-------------Round number: 45-------------

Evaluate global model
Averaged Train Loss: 0.0357
Averaged Test Accurancy: 0.9824
Averaged Test AUC: 0.9978
Std Test Accurancy: 0.0430
Std Test AUC: 0.0075
------------------------- time cost ------------------------- 10.236642599105835

-------------Round number: 46-------------

Evaluate global model
Averaged Train Loss: 0.0471
Averaged Test Accurancy: 0.9791
Averaged Test AUC: 0.9974
Std Test Accurancy: 0.0379
Std Test AUC: 0.0052
------------------------- time cost ------------------------- 12.880211591720581

-------------Round number: 47-------------

Evaluate global model
Averaged Train Loss: 0.0315
Averaged Test Accurancy: 0.9854
Averaged Test AUC: 0.9985
Std Test Accurancy: 0.0267
Std Test AUC: 0.0027
------------------------- time cost ------------------------- 9.441174983978271

-------------Round number: 48-------------

Evaluate global model
Averaged Train Loss: 0.0747
Averaged Test Accurancy: 0.9693
Averaged Test AUC: 0.9946
Std Test Accurancy: 0.0712
Std Test AUC: 0.0146
------------------------- time cost ------------------------- 12.463096618652344

-------------Round number: 49-------------

Evaluate global model
Averaged Train Loss: 0.0556
Averaged Test Accurancy: 0.9786
Averaged Test AUC: 0.9974
Std Test Accurancy: 0.0401
Std Test AUC: 0.0051
------------------------- time cost ------------------------- 10.53060269355774

-------------Round number: 50-------------

Evaluate global model
Averaged Train Loss: 0.0403
Averaged Test Accurancy: 0.9828
Averaged Test AUC: 0.9978
Std Test Accurancy: 0.0306
Std Test AUC: 0.0047
------------------------- time cost ------------------------- 11.171760559082031

-------------Round number: 51-------------

Evaluate global model
Averaged Train Loss: 0.0277
Averaged Test Accurancy: 0.9862
Averaged Test AUC: 0.9985
Std Test Accurancy: 0.0339
Std Test AUC: 0.0045
------------------------- time cost ------------------------- 8.464707374572754

-------------Round number: 52-------------

Evaluate global model
Averaged Train Loss: 0.0351
Averaged Test Accurancy: 0.9822
Averaged Test AUC: 0.9981
Std Test Accurancy: 0.0394
Std Test AUC: 0.0047
------------------------- time cost ------------------------- 10.46382451057434

-------------Round number: 53-------------

Evaluate global model
Averaged Train Loss: 0.0671
Averaged Test Accurancy: 0.9760
Averaged Test AUC: 0.9961
Std Test Accurancy: 0.0464
Std Test AUC: 0.0081
------------------------- time cost ------------------------- 12.512510299682617

-------------Round number: 54-------------

Evaluate global model
Averaged Train Loss: 0.0303
Averaged Test Accurancy: 0.9855
Averaged Test AUC: 0.9984
Std Test Accurancy: 0.0247
Std Test AUC: 0.0032
------------------------- time cost ------------------------- 9.436656475067139

-------------Round number: 55-------------

Evaluate global model
Averaged Train Loss: 0.0346
Averaged Test Accurancy: 0.9827
Averaged Test AUC: 0.9981
Std Test Accurancy: 0.0328
Std Test AUC: 0.0040
------------------------- time cost ------------------------- 13.57421588897705

-------------Round number: 56-------------

Evaluate global model
Averaged Train Loss: 0.0317
Averaged Test Accurancy: 0.9839
Averaged Test AUC: 0.9983
Std Test Accurancy: 0.0272
Std Test AUC: 0.0031
------------------------- time cost ------------------------- 11.575791120529175

-------------Round number: 57-------------

Evaluate global model
Averaged Train Loss: 0.0505
Averaged Test Accurancy: 0.9789
Averaged Test AUC: 0.9974
Std Test Accurancy: 0.0349
Std Test AUC: 0.0048
------------------------- time cost ------------------------- 11.807807922363281

-------------Round number: 58-------------

Evaluate global model
Averaged Train Loss: 0.0569
Averaged Test Accurancy: 0.9796
Averaged Test AUC: 0.9966
Std Test Accurancy: 0.0375
Std Test AUC: 0.0081
------------------------- time cost ------------------------- 12.385426759719849

-------------Round number: 59-------------

Evaluate global model
Averaged Train Loss: 0.0455
Averaged Test Accurancy: 0.9789
Averaged Test AUC: 0.9971
Std Test Accurancy: 0.0347
Std Test AUC: 0.0057
------------------------- time cost ------------------------- 12.607099294662476

-------------Round number: 60-------------

Evaluate global model
Averaged Train Loss: 0.0266
Averaged Test Accurancy: 0.9851
Averaged Test AUC: 0.9985
Std Test Accurancy: 0.0241
Std Test AUC: 0.0027
------------------------- time cost ------------------------- 12.066213846206665

-------------Round number: 61-------------

Evaluate global model
Averaged Train Loss: 0.0289
Averaged Test Accurancy: 0.9851
Averaged Test AUC: 0.9984
Std Test Accurancy: 0.0374
Std Test AUC: 0.0052
------------------------- time cost ------------------------- 9.69381833076477

-------------Round number: 62-------------

Evaluate global model
Averaged Train Loss: 0.0270
Averaged Test Accurancy: 0.9857
Averaged Test AUC: 0.9984
Std Test Accurancy: 0.0242
Std Test AUC: 0.0032
------------------------- time cost ------------------------- 11.75765609741211

-------------Round number: 63-------------

Evaluate global model
Averaged Train Loss: 0.0443
Averaged Test Accurancy: 0.9798
Averaged Test AUC: 0.9972
Std Test Accurancy: 0.0402
Std Test AUC: 0.0065
------------------------- time cost ------------------------- 12.965199708938599

-------------Round number: 64-------------

Evaluate global model
Averaged Train Loss: 0.0497
Averaged Test Accurancy: 0.9781
Averaged Test AUC: 0.9973
Std Test Accurancy: 0.0388
Std Test AUC: 0.0054
------------------------- time cost ------------------------- 11.752795219421387

-------------Round number: 65-------------

Evaluate global model
Averaged Train Loss: 0.0218
Averaged Test Accurancy: 0.9884
Averaged Test AUC: 0.9987
Std Test Accurancy: 0.0227
Std Test AUC: 0.0032
------------------------- time cost ------------------------- 11.190181732177734

-------------Round number: 66-------------

Evaluate global model
Averaged Train Loss: 0.0435
Averaged Test Accurancy: 0.9822
Averaged Test AUC: 0.9972
Std Test Accurancy: 0.0363
Std Test AUC: 0.0078
------------------------- time cost ------------------------- 11.996837139129639

-------------Round number: 67-------------

Evaluate global model
Averaged Train Loss: 0.0307
Averaged Test Accurancy: 0.9841
Averaged Test AUC: 0.9981
Std Test Accurancy: 0.0308
Std Test AUC: 0.0048
------------------------- time cost ------------------------- 10.56128978729248

-------------Round number: 68-------------

Evaluate global model
Averaged Train Loss: 0.0393
Averaged Test Accurancy: 0.9804
Averaged Test AUC: 0.9975
Std Test Accurancy: 0.0408
Std Test AUC: 0.0060
------------------------- time cost ------------------------- 10.780347347259521

-------------Round number: 69-------------

Evaluate global model
Averaged Train Loss: 0.0317
Averaged Test Accurancy: 0.9841
Averaged Test AUC: 0.9978
Std Test Accurancy: 0.0325
Std Test AUC: 0.0054
------------------------- time cost ------------------------- 12.335312128067017

-------------Round number: 70-------------

Evaluate global model
Averaged Train Loss: 0.0348
Averaged Test Accurancy: 0.9829
Averaged Test AUC: 0.9977
Std Test Accurancy: 0.0270
Std Test AUC: 0.0043
------------------------- time cost ------------------------- 12.023711681365967

-------------Round number: 71-------------

Evaluate global model
Averaged Train Loss: 0.0253
Averaged Test Accurancy: 0.9854
Averaged Test AUC: 0.9984
Std Test Accurancy: 0.0328
Std Test AUC: 0.0039
------------------------- time cost ------------------------- 13.120566606521606

-------------Round number: 72-------------

Evaluate global model
Averaged Train Loss: 0.0470
Averaged Test Accurancy: 0.9764
Averaged Test AUC: 0.9968
Std Test Accurancy: 0.0509
Std Test AUC: 0.0080
------------------------- time cost ------------------------- 13.49245834350586

-------------Round number: 73-------------

Evaluate global model
Averaged Train Loss: 0.0312
Averaged Test Accurancy: 0.9839
Averaged Test AUC: 0.9981
Std Test Accurancy: 0.0309
Std Test AUC: 0.0044
------------------------- time cost ------------------------- 11.954869031906128

-------------Round number: 74-------------

Evaluate global model
Averaged Train Loss: 0.0207
Averaged Test Accurancy: 0.9868
Averaged Test AUC: 0.9986
Std Test Accurancy: 0.0267
Std Test AUC: 0.0049
------------------------- time cost ------------------------- 9.390639781951904

-------------Round number: 75-------------

Evaluate global model
Averaged Train Loss: 0.0211
Averaged Test Accurancy: 0.9873
Averaged Test AUC: 0.9987
Std Test Accurancy: 0.0229
Std Test AUC: 0.0026
------------------------- time cost ------------------------- 12.688289642333984

-------------Round number: 76-------------

Evaluate global model
Averaged Train Loss: 0.0400
Averaged Test Accurancy: 0.9814
Averaged Test AUC: 0.9978
Std Test Accurancy: 0.0348
Std Test AUC: 0.0049
------------------------- time cost ------------------------- 9.878735780715942

-------------Round number: 77-------------

Evaluate global model
Averaged Train Loss: 0.0232
Averaged Test Accurancy: 0.9862
Averaged Test AUC: 0.9985
Std Test Accurancy: 0.0290
Std Test AUC: 0.0041
------------------------- time cost ------------------------- 12.024343729019165

-------------Round number: 78-------------

Evaluate global model
Averaged Train Loss: 0.0322
Averaged Test Accurancy: 0.9839
Averaged Test AUC: 0.9980
Std Test Accurancy: 0.0341
Std Test AUC: 0.0051
------------------------- time cost ------------------------- 9.185091257095337

-------------Round number: 79-------------

Evaluate global model
Averaged Train Loss: 0.0282
Averaged Test Accurancy: 0.9852
Averaged Test AUC: 0.9981
Std Test Accurancy: 0.0245
Std Test AUC: 0.0039
------------------------- time cost ------------------------- 13.603874683380127

-------------Round number: 80-------------

Evaluate global model
Averaged Train Loss: 0.0356
Averaged Test Accurancy: 0.9824
Averaged Test AUC: 0.9981
Std Test Accurancy: 0.0302
Std Test AUC: 0.0041
------------------------- time cost ------------------------- 11.358231544494629

-------------Round number: 81-------------

Evaluate global model
Averaged Train Loss: 0.0416
Averaged Test Accurancy: 0.9820
Averaged Test AUC: 0.9973
Std Test Accurancy: 0.0261
Std Test AUC: 0.0046
------------------------- time cost ------------------------- 13.237798690795898

-------------Round number: 82-------------

Evaluate global model
Averaged Train Loss: 0.0555
Averaged Test Accurancy: 0.9751
Averaged Test AUC: 0.9970
Std Test Accurancy: 0.0580
Std Test AUC: 0.0078
------------------------- time cost ------------------------- 11.341341257095337

-------------Round number: 83-------------

Evaluate global model
Averaged Train Loss: 0.0507
Averaged Test Accurancy: 0.9785
Averaged Test AUC: 0.9970
Std Test Accurancy: 0.0493
Std Test AUC: 0.0089
------------------------- time cost ------------------------- 11.035649299621582

-------------Round number: 84-------------

Evaluate global model
Averaged Train Loss: 0.0166
Averaged Test Accurancy: 0.9895
Averaged Test AUC: 0.9989
Std Test Accurancy: 0.0237
Std Test AUC: 0.0025
------------------------- time cost ------------------------- 10.73225212097168

-------------Round number: 85-------------

Evaluate global model
Averaged Train Loss: 0.0179
Averaged Test Accurancy: 0.9881
Averaged Test AUC: 0.9987
Std Test Accurancy: 0.0233
Std Test AUC: 0.0034
------------------------- time cost ------------------------- 11.27544903755188

-------------Round number: 86-------------

Evaluate global model
Averaged Train Loss: 0.0469
Averaged Test Accurancy: 0.9796
Averaged Test AUC: 0.9972
Std Test Accurancy: 0.0279
Std Test AUC: 0.0043
------------------------- time cost ------------------------- 16.50156283378601

-------------Round number: 87-------------

Evaluate global model
Averaged Train Loss: 0.0182
Averaged Test Accurancy: 0.9886
Averaged Test AUC: 0.9988
Std Test Accurancy: 0.0279
Std Test AUC: 0.0031
------------------------- time cost ------------------------- 8.646566390991211

-------------Round number: 88-------------

Evaluate global model
Averaged Train Loss: 0.0243
Averaged Test Accurancy: 0.9877
Averaged Test AUC: 0.9984
Std Test Accurancy: 0.0222
Std Test AUC: 0.0031
------------------------- time cost ------------------------- 12.22082233428955

-------------Round number: 89-------------

Evaluate global model
Averaged Train Loss: 0.0208
Averaged Test Accurancy: 0.9881
Averaged Test AUC: 0.9986
Std Test Accurancy: 0.0377
Std Test AUC: 0.0039
------------------------- time cost ------------------------- 9.963964700698853

-------------Round number: 90-------------

Evaluate global model
Averaged Train Loss: 0.0172
Averaged Test Accurancy: 0.9895
Averaged Test AUC: 0.9988
Std Test Accurancy: 0.0230
Std Test AUC: 0.0031
------------------------- time cost ------------------------- 10.616292238235474

-------------Round number: 91-------------

Evaluate global model
Averaged Train Loss: 0.0517
Averaged Test Accurancy: 0.9784
Averaged Test AUC: 0.9967
Std Test Accurancy: 0.0364
Std Test AUC: 0.0064
------------------------- time cost ------------------------- 13.234991312026978

-------------Round number: 92-------------

Evaluate global model
Averaged Train Loss: 0.0190
Averaged Test Accurancy: 0.9886
Averaged Test AUC: 0.9986
Std Test Accurancy: 0.0253
Std Test AUC: 0.0037
------------------------- time cost ------------------------- 11.122492551803589

-------------Round number: 93-------------

Evaluate global model
Averaged Train Loss: 0.0160
Averaged Test Accurancy: 0.9897
Averaged Test AUC: 0.9989
Std Test Accurancy: 0.0204
Std Test AUC: 0.0024
------------------------- time cost ------------------------- 10.603509187698364

-------------Round number: 94-------------

Evaluate global model
Averaged Train Loss: 0.0147
Averaged Test Accurancy: 0.9895
Averaged Test AUC: 0.9990
Std Test Accurancy: 0.0226
Std Test AUC: 0.0023
------------------------- time cost ------------------------- 8.863978624343872

-------------Round number: 95-------------

Evaluate global model
Averaged Train Loss: 0.0211
Averaged Test Accurancy: 0.9892
Averaged Test AUC: 0.9987
Std Test Accurancy: 0.0195
Std Test AUC: 0.0024
------------------------- time cost ------------------------- 12.849517822265625

-------------Round number: 96-------------

Evaluate global model
Averaged Train Loss: 0.0245
Averaged Test Accurancy: 0.9865
Averaged Test AUC: 0.9983
Std Test Accurancy: 0.0301
Std Test AUC: 0.0037
------------------------- time cost ------------------------- 11.44011664390564

-------------Round number: 97-------------

Evaluate global model
Averaged Train Loss: 0.0265
Averaged Test Accurancy: 0.9857
Averaged Test AUC: 0.9979
Std Test Accurancy: 0.0253
Std Test AUC: 0.0042
------------------------- time cost ------------------------- 12.98545217514038

-------------Round number: 98-------------

Evaluate global model
Averaged Train Loss: 0.0287
Averaged Test Accurancy: 0.9848
Averaged Test AUC: 0.9981
Std Test Accurancy: 0.0299
Std Test AUC: 0.0038
------------------------- time cost ------------------------- 10.997738361358643

-------------Round number: 99-------------

Evaluate global model
Averaged Train Loss: 0.0274
Averaged Test Accurancy: 0.9862
Averaged Test AUC: 0.9982
Std Test Accurancy: 0.0218
Std Test AUC: 0.0029
------------------------- time cost ------------------------- 14.741966962814331

-------------Round number: 100-------------

Evaluate global model
Averaged Train Loss: 0.0115
Averaged Test Accurancy: 0.9899
Averaged Test AUC: 0.9990
Std Test Accurancy: 0.0248
Std Test AUC: 0.0024
------------------------- time cost ------------------------- 8.847526788711548

-------------Round number: 101-------------

Evaluate global model
Averaged Train Loss: 0.0153
Averaged Test Accurancy: 0.9891
Averaged Test AUC: 0.9990
Std Test Accurancy: 0.0195
Std Test AUC: 0.0018
------------------------- time cost ------------------------- 13.545363187789917

-------------Round number: 102-------------

Evaluate global model
Averaged Train Loss: 0.0309
Averaged Test Accurancy: 0.9831
Averaged Test AUC: 0.9983
Std Test Accurancy: 0.0286
Std Test AUC: 0.0033
------------------------- time cost ------------------------- 13.01389217376709

-------------Round number: 103-------------

Evaluate global model
Averaged Train Loss: 0.0225
Averaged Test Accurancy: 0.9870
Averaged Test AUC: 0.9985
Std Test Accurancy: 0.0295
Std Test AUC: 0.0042
------------------------- time cost ------------------------- 10.465733528137207

-------------Round number: 104-------------

Evaluate global model
Averaged Train Loss: 0.0181
Averaged Test Accurancy: 0.9874
Averaged Test AUC: 0.9986
Std Test Accurancy: 0.0247
Std Test AUC: 0.0036
------------------------- time cost ------------------------- 12.095258474349976

-------------Round number: 105-------------

Evaluate global model
Averaged Train Loss: 0.0115
Averaged Test Accurancy: 0.9898
Averaged Test AUC: 0.9990
Std Test Accurancy: 0.0238
Std Test AUC: 0.0024
------------------------- time cost ------------------------- 8.145628213882446

-------------Round number: 106-------------

Evaluate global model
Averaged Train Loss: 0.0349
Averaged Test Accurancy: 0.9841
Averaged Test AUC: 0.9976
Std Test Accurancy: 0.0309
Std Test AUC: 0.0053
------------------------- time cost ------------------------- 12.603119850158691

-------------Round number: 107-------------

Evaluate global model
Averaged Train Loss: 0.0452
Averaged Test Accurancy: 0.9817
Averaged Test AUC: 0.9973
Std Test Accurancy: 0.0394
Std Test AUC: 0.0058
------------------------- time cost ------------------------- 9.764752388000488

-------------Round number: 108-------------

Evaluate global model
Averaged Train Loss: 0.0233
Averaged Test Accurancy: 0.9886
Averaged Test AUC: 0.9985
Std Test Accurancy: 0.0206
Std Test AUC: 0.0028
------------------------- time cost ------------------------- 9.317920923233032

-------------Round number: 109-------------

Evaluate global model
Averaged Train Loss: 0.0210
Averaged Test Accurancy: 0.9862
Averaged Test AUC: 0.9984
Std Test Accurancy: 0.0225
Std Test AUC: 0.0030
------------------------- time cost ------------------------- 9.99918794631958

-------------Round number: 110-------------

Evaluate global model
Averaged Train Loss: 0.0355
Averaged Test Accurancy: 0.9852
Averaged Test AUC: 0.9979
Std Test Accurancy: 0.0262
Std Test AUC: 0.0039
------------------------- time cost ------------------------- 9.270931243896484

-------------Round number: 111-------------

Evaluate global model
Averaged Train Loss: 0.0190
Averaged Test Accurancy: 0.9881
Averaged Test AUC: 0.9985
Std Test Accurancy: 0.0222
Std Test AUC: 0.0030
------------------------- time cost ------------------------- 8.03488278388977

-------------Round number: 112-------------

Evaluate global model
Averaged Train Loss: 0.0173
Averaged Test Accurancy: 0.9883
Averaged Test AUC: 0.9985
Std Test Accurancy: 0.0309
Std Test AUC: 0.0042
------------------------- time cost ------------------------- 8.501561641693115

-------------Round number: 113-------------

Evaluate global model
Averaged Train Loss: 0.0260
Averaged Test Accurancy: 0.9855
Averaged Test AUC: 0.9981
Std Test Accurancy: 0.0333
Std Test AUC: 0.0052
------------------------- time cost ------------------------- 10.127926111221313

-------------Round number: 114-------------

Evaluate global model
Averaged Train Loss: 0.0214
Averaged Test Accurancy: 0.9886
Averaged Test AUC: 0.9986
Std Test Accurancy: 0.0227
Std Test AUC: 0.0025
------------------------- time cost ------------------------- 9.479263544082642

-------------Round number: 115-------------

Evaluate global model
Averaged Train Loss: 0.0156
Averaged Test Accurancy: 0.9900
Averaged Test AUC: 0.9987
Std Test Accurancy: 0.0225
Std Test AUC: 0.0036
------------------------- time cost ------------------------- 6.696113109588623

-------------Round number: 116-------------

Evaluate global model
Averaged Train Loss: 0.0104
Averaged Test Accurancy: 0.9902
Averaged Test AUC: 0.9990
Std Test Accurancy: 0.0359
Std Test AUC: 0.0035
------------------------- time cost ------------------------- 8.085992813110352

-------------Round number: 117-------------

Evaluate global model
Averaged Train Loss: 0.0364
Averaged Test Accurancy: 0.9820
Averaged Test AUC: 0.9976
Std Test Accurancy: 0.0561
Std Test AUC: 0.0082
------------------------- time cost ------------------------- 10.386216163635254

-------------Round number: 118-------------

Evaluate global model
Averaged Train Loss: 0.0160
Averaged Test Accurancy: 0.9895
Averaged Test AUC: 0.9988
Std Test Accurancy: 0.0269
Std Test AUC: 0.0037
------------------------- time cost ------------------------- 9.504076719284058

-------------Round number: 119-------------

Evaluate global model
Averaged Train Loss: 0.0218
Averaged Test Accurancy: 0.9867
Averaged Test AUC: 0.9986
Std Test Accurancy: 0.0262
Std Test AUC: 0.0025
------------------------- time cost ------------------------- 9.45859432220459

-------------Round number: 120-------------

Evaluate global model
Averaged Train Loss: 0.0256
Averaged Test Accurancy: 0.9857
Averaged Test AUC: 0.9980
Std Test Accurancy: 0.0303
Std Test AUC: 0.0044
------------------------- time cost ------------------------- 8.3829984664917

-------------Round number: 121-------------

Evaluate global model
Averaged Train Loss: 0.0130
Averaged Test Accurancy: 0.9900
Averaged Test AUC: 0.9990
Std Test Accurancy: 0.0286
Std Test AUC: 0.0024
------------------------- time cost ------------------------- 7.187098026275635

-------------Round number: 122-------------

Evaluate global model
Averaged Train Loss: 0.0126
Averaged Test Accurancy: 0.9898
Averaged Test AUC: 0.9989
Std Test Accurancy: 0.0310
Std Test AUC: 0.0034
------------------------- time cost ------------------------- 7.762590646743774

-------------Round number: 123-------------

Evaluate global model
Averaged Train Loss: 0.0131
Averaged Test Accurancy: 0.9905
Averaged Test AUC: 0.9990
Std Test Accurancy: 0.0227
Std Test AUC: 0.0019
------------------------- time cost ------------------------- 9.288655281066895

-------------Round number: 124-------------

Evaluate global model
Averaged Train Loss: 0.0099
Averaged Test Accurancy: 0.9903
Averaged Test AUC: 0.9991
Std Test Accurancy: 0.0252
Std Test AUC: 0.0019
------------------------- time cost ------------------------- 7.136000394821167

-------------Round number: 125-------------

Evaluate global model
Averaged Train Loss: 0.0399
Averaged Test Accurancy: 0.9818
Averaged Test AUC: 0.9970
Std Test Accurancy: 0.0351
Std Test AUC: 0.0057
------------------------- time cost ------------------------- 11.50643277168274

-------------Round number: 126-------------

Evaluate global model
Averaged Train Loss: 0.0179
Averaged Test Accurancy: 0.9886
Averaged Test AUC: 0.9986
Std Test Accurancy: 0.0256
Std Test AUC: 0.0032
------------------------- time cost ------------------------- 8.190337419509888

-------------Round number: 127-------------

Evaluate global model
Averaged Train Loss: 0.0113
Averaged Test Accurancy: 0.9899
Averaged Test AUC: 0.9990
Std Test Accurancy: 0.0214
Std Test AUC: 0.0021
------------------------- time cost ------------------------- 8.602359294891357

-------------Round number: 128-------------

Evaluate global model
Averaged Train Loss: 0.0139
Averaged Test Accurancy: 0.9898
Averaged Test AUC: 0.9988
Std Test Accurancy: 0.0253
Std Test AUC: 0.0034
------------------------- time cost ------------------------- 8.81599497795105

-------------Round number: 129-------------

Evaluate global model
Averaged Train Loss: 0.0235
Averaged Test Accurancy: 0.9889
Averaged Test AUC: 0.9984
Std Test Accurancy: 0.0237
Std Test AUC: 0.0037
------------------------- time cost ------------------------- 7.705625295639038

-------------Round number: 130-------------

Evaluate global model
Averaged Train Loss: 0.0194
Averaged Test Accurancy: 0.9883
Averaged Test AUC: 0.9985
Std Test Accurancy: 0.0205
Std Test AUC: 0.0026
------------------------- time cost ------------------------- 9.382073402404785

-------------Round number: 131-------------

Evaluate global model
Averaged Train Loss: 0.0135
Averaged Test Accurancy: 0.9896
Averaged Test AUC: 0.9987
Std Test Accurancy: 0.0230
Std Test AUC: 0.0026
------------------------- time cost ------------------------- 8.659297227859497

-------------Round number: 132-------------

Evaluate global model
Averaged Train Loss: 0.0166
Averaged Test Accurancy: 0.9886
Averaged Test AUC: 0.9986
Std Test Accurancy: 0.0225
Std Test AUC: 0.0024
------------------------- time cost ------------------------- 10.266554117202759

-------------Round number: 133-------------

Evaluate global model
Averaged Train Loss: 0.0207
Averaged Test Accurancy: 0.9875
Averaged Test AUC: 0.9986
Std Test Accurancy: 0.0340
Std Test AUC: 0.0039
------------------------- time cost ------------------------- 8.516241312026978

-------------Round number: 134-------------

Evaluate global model
Averaged Train Loss: 0.0168
Averaged Test Accurancy: 0.9890
Averaged Test AUC: 0.9988
Std Test Accurancy: 0.0238
Std Test AUC: 0.0026
------------------------- time cost ------------------------- 9.161245584487915

-------------Round number: 135-------------

Evaluate global model
Averaged Train Loss: 0.0212
Averaged Test Accurancy: 0.9892
Averaged Test AUC: 0.9985
Std Test Accurancy: 0.0218
Std Test AUC: 0.0024
------------------------- time cost ------------------------- 9.67012882232666

-------------Round number: 136-------------

Evaluate global model
Averaged Train Loss: 0.0282
Averaged Test Accurancy: 0.9864
Averaged Test AUC: 0.9981
Std Test Accurancy: 0.0249
Std Test AUC: 0.0044
------------------------- time cost ------------------------- 8.899632692337036

-------------Round number: 137-------------

Evaluate global model
Averaged Train Loss: 0.0187
Averaged Test Accurancy: 0.9882
Averaged Test AUC: 0.9986
Std Test Accurancy: 0.0228
Std Test AUC: 0.0023
------------------------- time cost ------------------------- 8.352818489074707

-------------Round number: 138-------------

Evaluate global model
Averaged Train Loss: 0.0133
Averaged Test Accurancy: 0.9894
Averaged Test AUC: 0.9987
Std Test Accurancy: 0.0262
Std Test AUC: 0.0044
------------------------- time cost ------------------------- 7.4535558223724365

-------------Round number: 139-------------

Evaluate global model
Averaged Train Loss: 0.0197
Averaged Test Accurancy: 0.9870
Averaged Test AUC: 0.9984
Std Test Accurancy: 0.0275
Std Test AUC: 0.0037
------------------------- time cost ------------------------- 10.1588773727417

-------------Round number: 140-------------

Evaluate global model
Averaged Train Loss: 0.0263
Averaged Test Accurancy: 0.9872
Averaged Test AUC: 0.9978
Std Test Accurancy: 0.0259
Std Test AUC: 0.0051
------------------------- time cost ------------------------- 8.303046226501465

-------------Round number: 141-------------

Evaluate global model
Averaged Train Loss: 0.0319
Averaged Test Accurancy: 0.9851
Averaged Test AUC: 0.9978
Std Test Accurancy: 0.0266
Std Test AUC: 0.0048
------------------------- time cost ------------------------- 9.730086326599121

-------------Round number: 142-------------

Evaluate global model
Averaged Train Loss: 0.0128
Averaged Test Accurancy: 0.9893
Averaged Test AUC: 0.9989
Std Test Accurancy: 0.0247
Std Test AUC: 0.0027
------------------------- time cost ------------------------- 9.047343969345093

-------------Round number: 143-------------

Evaluate global model
Averaged Train Loss: 0.0217
Averaged Test Accurancy: 0.9877
Averaged Test AUC: 0.9986
Std Test Accurancy: 0.0383
Std Test AUC: 0.0063
------------------------- time cost ------------------------- 8.1889808177948

-------------Round number: 144-------------

Evaluate global model
Averaged Train Loss: 0.0127
Averaged Test Accurancy: 0.9892
Averaged Test AUC: 0.9989
Std Test Accurancy: 0.0274
Std Test AUC: 0.0038
------------------------- time cost ------------------------- 7.699187278747559

-------------Round number: 145-------------

Evaluate global model
Averaged Train Loss: 0.0130
Averaged Test Accurancy: 0.9909
Averaged Test AUC: 0.9991
Std Test Accurancy: 0.0178
Std Test AUC: 0.0020
------------------------- time cost ------------------------- 7.726296901702881

-------------Round number: 146-------------

Evaluate global model
Averaged Train Loss: 0.0103
Averaged Test Accurancy: 0.9893
Averaged Test AUC: 0.9990
Std Test Accurancy: 0.0229
Std Test AUC: 0.0021
------------------------- time cost ------------------------- 9.801615953445435

-------------Round number: 147-------------

Evaluate global model
Averaged Train Loss: 0.0090
Averaged Test Accurancy: 0.9908
Averaged Test AUC: 0.9991
Std Test Accurancy: 0.0228
Std Test AUC: 0.0024
------------------------- time cost ------------------------- 8.315728664398193

-------------Round number: 148-------------

Evaluate global model
Averaged Train Loss: 0.0152
Averaged Test Accurancy: 0.9898
Averaged Test AUC: 0.9988
Std Test Accurancy: 0.0191
Std Test AUC: 0.0025
------------------------- time cost ------------------------- 7.659505844116211

-------------Round number: 149-------------

Evaluate global model
Averaged Train Loss: 0.0119
Averaged Test Accurancy: 0.9910
Averaged Test AUC: 0.9990
Std Test Accurancy: 0.0159
Std Test AUC: 0.0018
------------------------- time cost ------------------------- 8.607573747634888

-------------Round number: 150-------------

Evaluate global model
Averaged Train Loss: 0.0117
Averaged Test Accurancy: 0.9916
Averaged Test AUC: 0.9991
Std Test Accurancy: 0.0169
Std Test AUC: 0.0017
------------------------- time cost ------------------------- 9.01895523071289

-------------Round number: 151-------------

Evaluate global model
Averaged Train Loss: 0.0242
Averaged Test Accurancy: 0.9871
Averaged Test AUC: 0.9981
Std Test Accurancy: 0.0243
Std Test AUC: 0.0048
------------------------- time cost ------------------------- 8.83635950088501

-------------Round number: 152-------------

Evaluate global model
Averaged Train Loss: 0.0149
Averaged Test Accurancy: 0.9905
Averaged Test AUC: 0.9988
Std Test Accurancy: 0.0178
Std Test AUC: 0.0026
------------------------- time cost ------------------------- 10.060214757919312

-------------Round number: 153-------------

Evaluate global model
Averaged Train Loss: 0.0164
Averaged Test Accurancy: 0.9904
Averaged Test AUC: 0.9987
Std Test Accurancy: 0.0167
Std Test AUC: 0.0025
------------------------- time cost ------------------------- 9.164540767669678

-------------Round number: 154-------------

Evaluate global model
Averaged Train Loss: 0.0107
Averaged Test Accurancy: 0.9909
Averaged Test AUC: 0.9990
Std Test Accurancy: 0.0176
Std Test AUC: 0.0019
------------------------- time cost ------------------------- 10.354548692703247

-------------Round number: 155-------------

Evaluate global model
Averaged Train Loss: 0.0197
Averaged Test Accurancy: 0.9882
Averaged Test AUC: 0.9985
Std Test Accurancy: 0.0281
Std Test AUC: 0.0042
------------------------- time cost ------------------------- 8.28318977355957

-------------Round number: 156-------------

Evaluate global model
Averaged Train Loss: 0.0117
Averaged Test Accurancy: 0.9909
Averaged Test AUC: 0.9990
Std Test Accurancy: 0.0162
Std Test AUC: 0.0017
------------------------- time cost ------------------------- 7.608368396759033

-------------Round number: 157-------------

Evaluate global model
Averaged Train Loss: 0.0134
Averaged Test Accurancy: 0.9901
Averaged Test AUC: 0.9988
Std Test Accurancy: 0.0216
Std Test AUC: 0.0033
------------------------- time cost ------------------------- 7.7756617069244385

-------------Round number: 158-------------

Evaluate global model
Averaged Train Loss: 0.0106
Averaged Test Accurancy: 0.9920
Averaged Test AUC: 0.9991
Std Test Accurancy: 0.0197
Std Test AUC: 0.0033
------------------------- time cost ------------------------- 6.473647594451904

-------------Round number: 159-------------

Evaluate global model
Averaged Train Loss: 0.0087
Averaged Test Accurancy: 0.9926
Averaged Test AUC: 0.9992
Std Test Accurancy: 0.0131
Std Test AUC: 0.0015
------------------------- time cost ------------------------- 9.648997783660889

-------------Round number: 160-------------

Evaluate global model
Averaged Train Loss: 0.0193
Averaged Test Accurancy: 0.9890
Averaged Test AUC: 0.9985
Std Test Accurancy: 0.0189
Std Test AUC: 0.0031
------------------------- time cost ------------------------- 8.819975852966309

-------------Round number: 161-------------

Evaluate global model
Averaged Train Loss: 0.0312
Averaged Test Accurancy: 0.9854
Averaged Test AUC: 0.9984
Std Test Accurancy: 0.0282
Std Test AUC: 0.0030
------------------------- time cost ------------------------- 10.466925382614136

-------------Round number: 162-------------

Evaluate global model
Averaged Train Loss: 0.0250
Averaged Test Accurancy: 0.9885
Averaged Test AUC: 0.9985
Std Test Accurancy: 0.0275
Std Test AUC: 0.0032
------------------------- time cost ------------------------- 10.273566722869873

-------------Round number: 163-------------

Evaluate global model
Averaged Train Loss: 0.0147
Averaged Test Accurancy: 0.9906
Averaged Test AUC: 0.9988
Std Test Accurancy: 0.0172
Std Test AUC: 0.0022
------------------------- time cost ------------------------- 8.518336534500122

-------------Round number: 164-------------

Evaluate global model
Averaged Train Loss: 0.0101
Averaged Test Accurancy: 0.9919
Averaged Test AUC: 0.9992
Std Test Accurancy: 0.0162
Std Test AUC: 0.0017
------------------------- time cost ------------------------- 8.139422416687012

-------------Round number: 165-------------

Evaluate global model
Averaged Train Loss: 0.0138
Averaged Test Accurancy: 0.9910
Averaged Test AUC: 0.9988
Std Test Accurancy: 0.0186
Std Test AUC: 0.0030
------------------------- time cost ------------------------- 8.250835657119751

-------------Round number: 166-------------

Evaluate global model
Averaged Train Loss: 0.0119
Averaged Test Accurancy: 0.9912
Averaged Test AUC: 0.9991
Std Test Accurancy: 0.0155
Std Test AUC: 0.0015
------------------------- time cost ------------------------- 7.148965120315552

-------------Round number: 167-------------

Evaluate global model
Averaged Train Loss: 0.0136
Averaged Test Accurancy: 0.9909
Averaged Test AUC: 0.9991
Std Test Accurancy: 0.0164
Std Test AUC: 0.0017
------------------------- time cost ------------------------- 8.488093614578247

-------------Round number: 168-------------

Evaluate global model
Averaged Train Loss: 0.0136
Averaged Test Accurancy: 0.9901
Averaged Test AUC: 0.9987
Std Test Accurancy: 0.0228
Std Test AUC: 0.0030
------------------------- time cost ------------------------- 8.556374073028564

-------------Round number: 169-------------

Evaluate global model
Averaged Train Loss: 0.0187
Averaged Test Accurancy: 0.9897
Averaged Test AUC: 0.9986
Std Test Accurancy: 0.0185
Std Test AUC: 0.0027
------------------------- time cost ------------------------- 9.635465621948242

-------------Round number: 170-------------

Evaluate global model
Averaged Train Loss: 0.0134
Averaged Test Accurancy: 0.9907
Averaged Test AUC: 0.9988
Std Test Accurancy: 0.0194
Std Test AUC: 0.0030
------------------------- time cost ------------------------- 7.109330415725708

-------------Round number: 171-------------

Evaluate global model
Averaged Train Loss: 0.0224
Averaged Test Accurancy: 0.9871
Averaged Test AUC: 0.9982
Std Test Accurancy: 0.0268
Std Test AUC: 0.0041
------------------------- time cost ------------------------- 8.40666151046753

-------------Round number: 172-------------

Evaluate global model
Averaged Train Loss: 0.0202
Averaged Test Accurancy: 0.9884
Averaged Test AUC: 0.9985
Std Test Accurancy: 0.0215
Std Test AUC: 0.0030
------------------------- time cost ------------------------- 6.743371963500977

-------------Round number: 173-------------

Evaluate global model
Averaged Train Loss: 0.0149
Averaged Test Accurancy: 0.9908
Averaged Test AUC: 0.9988
Std Test Accurancy: 0.0157
Std Test AUC: 0.0021
------------------------- time cost ------------------------- 7.779881954193115

-------------Round number: 174-------------

Evaluate global model
Averaged Train Loss: 0.0109
Averaged Test Accurancy: 0.9916
Averaged Test AUC: 0.9991
Std Test Accurancy: 0.0143
Std Test AUC: 0.0016
------------------------- time cost ------------------------- 8.757474184036255

-------------Round number: 175-------------

Evaluate global model
Averaged Train Loss: 0.0206
Averaged Test Accurancy: 0.9886
Averaged Test AUC: 0.9987
Std Test Accurancy: 0.0243
Std Test AUC: 0.0026
------------------------- time cost ------------------------- 7.260884523391724

-------------Round number: 176-------------

Evaluate global model
Averaged Train Loss: 0.0276
Averaged Test Accurancy: 0.9853
Averaged Test AUC: 0.9978
Std Test Accurancy: 0.0290
Std Test AUC: 0.0050
------------------------- time cost ------------------------- 8.16018557548523

-------------Round number: 177-------------

Evaluate global model
Averaged Train Loss: 0.0120
Averaged Test Accurancy: 0.9912
Averaged Test AUC: 0.9991
Std Test Accurancy: 0.0180
Std Test AUC: 0.0018
------------------------- time cost ------------------------- 9.018548250198364

-------------Round number: 178-------------

Evaluate global model
Averaged Train Loss: 0.0162
Averaged Test Accurancy: 0.9890
Averaged Test AUC: 0.9987
Std Test Accurancy: 0.0191
Std Test AUC: 0.0024
------------------------- time cost ------------------------- 8.804107904434204

-------------Round number: 179-------------

Evaluate global model
Averaged Train Loss: 0.0197
Averaged Test Accurancy: 0.9874
Averaged Test AUC: 0.9984
Std Test Accurancy: 0.0286
Std Test AUC: 0.0034
------------------------- time cost ------------------------- 8.034380912780762

-------------Round number: 180-------------

Evaluate global model
Averaged Train Loss: 0.0217
Averaged Test Accurancy: 0.9875
Averaged Test AUC: 0.9982
Std Test Accurancy: 0.0262
Std Test AUC: 0.0039
------------------------- time cost ------------------------- 7.205584526062012

-------------Round number: 181-------------

Evaluate global model
Averaged Train Loss: 0.0134
Averaged Test Accurancy: 0.9909
Averaged Test AUC: 0.9990
Std Test Accurancy: 0.0210
Std Test AUC: 0.0022
------------------------- time cost ------------------------- 7.978129625320435

-------------Round number: 182-------------

Evaluate global model
Averaged Train Loss: 0.0179
Averaged Test Accurancy: 0.9879
Averaged Test AUC: 0.9986
Std Test Accurancy: 0.0204
Std Test AUC: 0.0030
------------------------- time cost ------------------------- 6.911682605743408

-------------Round number: 183-------------

Evaluate global model
Averaged Train Loss: 0.0184
Averaged Test Accurancy: 0.9888
Averaged Test AUC: 0.9984
Std Test Accurancy: 0.0232
Std Test AUC: 0.0039
------------------------- time cost ------------------------- 5.868425369262695

-------------Round number: 184-------------

Evaluate global model
Averaged Train Loss: 0.0164
Averaged Test Accurancy: 0.9900
Averaged Test AUC: 0.9989
Std Test Accurancy: 0.0173
Std Test AUC: 0.0022
------------------------- time cost ------------------------- 8.097399473190308

-------------Round number: 185-------------

Evaluate global model
Averaged Train Loss: 0.0159
Averaged Test Accurancy: 0.9901
Averaged Test AUC: 0.9988
Std Test Accurancy: 0.0189
Std Test AUC: 0.0027
------------------------- time cost ------------------------- 6.331995725631714

-------------Round number: 186-------------

Evaluate global model
Averaged Train Loss: 0.0120
Averaged Test Accurancy: 0.9915
Averaged Test AUC: 0.9990
Std Test Accurancy: 0.0172
Std Test AUC: 0.0023
------------------------- time cost ------------------------- 6.906421661376953

-------------Round number: 187-------------

Evaluate global model
Averaged Train Loss: 0.0135
Averaged Test Accurancy: 0.9909
Averaged Test AUC: 0.9988
Std Test Accurancy: 0.0162
Std Test AUC: 0.0030
------------------------- time cost ------------------------- 7.308924913406372

-------------Round number: 188-------------

Evaluate global model
Averaged Train Loss: 0.0101
Averaged Test Accurancy: 0.9912
Averaged Test AUC: 0.9991
Std Test Accurancy: 0.0149
Std Test AUC: 0.0015
------------------------- time cost ------------------------- 7.845204591751099

-------------Round number: 189-------------

Evaluate global model
Averaged Train Loss: 0.0074
Averaged Test Accurancy: 0.9921
Averaged Test AUC: 0.9991
Std Test Accurancy: 0.0178
Std Test AUC: 0.0024
------------------------- time cost ------------------------- 6.548788070678711

-------------Round number: 190-------------

Evaluate global model
Averaged Train Loss: 0.0159
Averaged Test Accurancy: 0.9909
Averaged Test AUC: 0.9989
Std Test Accurancy: 0.0154
Std Test AUC: 0.0020
------------------------- time cost ------------------------- 7.806945562362671

-------------Round number: 191-------------

Evaluate global model
Averaged Train Loss: 0.0103
Averaged Test Accurancy: 0.9915
Averaged Test AUC: 0.9991
Std Test Accurancy: 0.0137
Std Test AUC: 0.0021
------------------------- time cost ------------------------- 5.728229522705078

-------------Round number: 192-------------

Evaluate global model
Averaged Train Loss: 0.0163
Averaged Test Accurancy: 0.9903
Averaged Test AUC: 0.9988
Std Test Accurancy: 0.0165
Std Test AUC: 0.0026
------------------------- time cost ------------------------- 8.432058095932007

-------------Round number: 193-------------

Evaluate global model
Averaged Train Loss: 0.0160
Averaged Test Accurancy: 0.9894
Averaged Test AUC: 0.9987
Std Test Accurancy: 0.0152
Std Test AUC: 0.0020
------------------------- time cost ------------------------- 8.005732536315918

-------------Round number: 194-------------

Evaluate global model
Averaged Train Loss: 0.0165
Averaged Test Accurancy: 0.9890
Averaged Test AUC: 0.9987
Std Test Accurancy: 0.0177
Std Test AUC: 0.0024
------------------------- time cost ------------------------- 8.10034728050232

-------------Round number: 195-------------

Evaluate global model
Averaged Train Loss: 0.0137
Averaged Test Accurancy: 0.9916
Averaged Test AUC: 0.9990
Std Test Accurancy: 0.0152
Std Test AUC: 0.0020
------------------------- time cost ------------------------- 9.233451128005981

-------------Round number: 196-------------

Evaluate global model
Averaged Train Loss: 0.0172
Averaged Test Accurancy: 0.9902
Averaged Test AUC: 0.9986
Std Test Accurancy: 0.0205
Std Test AUC: 0.0032
------------------------- time cost ------------------------- 6.811135530471802

-------------Round number: 197-------------

Evaluate global model
Averaged Train Loss: 0.0095
Averaged Test Accurancy: 0.9915
Averaged Test AUC: 0.9991
Std Test Accurancy: 0.0145
Std Test AUC: 0.0017
------------------------- time cost ------------------------- 6.422181129455566

-------------Round number: 198-------------

Evaluate global model
Averaged Train Loss: 0.0172
Averaged Test Accurancy: 0.9886
Averaged Test AUC: 0.9985
Std Test Accurancy: 0.0199
Std Test AUC: 0.0030
------------------------- time cost ------------------------- 9.168819427490234

-------------Round number: 199-------------

Evaluate global model
Averaged Train Loss: 0.0160
Averaged Test Accurancy: 0.9898
Averaged Test AUC: 0.9988
Std Test Accurancy: 0.0197
Std Test AUC: 0.0030
------------------------- time cost ------------------------- 6.4605162143707275

-------------Round number: 200-------------

Evaluate global model
Averaged Train Loss: 0.0096
Averaged Test Accurancy: 0.9914
Averaged Test AUC: 0.9991
Std Test Accurancy: 0.0151
Std Test AUC: 0.0019
------------------------- time cost ------------------------- 9.25436544418335

-------------Round number: 201-------------

Evaluate global model
Averaged Train Loss: 0.0120
Averaged Test Accurancy: 0.9905
Averaged Test AUC: 0.9989
Std Test Accurancy: 0.0213
Std Test AUC: 0.0027
------------------------- time cost ------------------------- 5.064610481262207

-------------Round number: 202-------------

Evaluate global model
Averaged Train Loss: 0.0097
Averaged Test Accurancy: 0.9923
Averaged Test AUC: 0.9989
Std Test Accurancy: 0.0146
Std Test AUC: 0.0028
------------------------- time cost ------------------------- 7.408461332321167

-------------Round number: 203-------------

Evaluate global model
Averaged Train Loss: 0.0103
Averaged Test Accurancy: 0.9915
Averaged Test AUC: 0.9988
Std Test Accurancy: 0.0173
Std Test AUC: 0.0030
------------------------- time cost ------------------------- 6.10960578918457

-------------Round number: 204-------------

Evaluate global model
Averaged Train Loss: 0.0106
Averaged Test Accurancy: 0.9909
Averaged Test AUC: 0.9989
Std Test Accurancy: 0.0226
Std Test AUC: 0.0028
------------------------- time cost ------------------------- 6.657915115356445

-------------Round number: 205-------------

Evaluate global model
Averaged Train Loss: 0.0153
Averaged Test Accurancy: 0.9892
Averaged Test AUC: 0.9987
Std Test Accurancy: 0.0247
Std Test AUC: 0.0034
------------------------- time cost ------------------------- 6.734248399734497

-------------Round number: 206-------------

Evaluate global model
Averaged Train Loss: 0.0124
Averaged Test Accurancy: 0.9905
Averaged Test AUC: 0.9989
Std Test Accurancy: 0.0193
Std Test AUC: 0.0025
------------------------- time cost ------------------------- 8.350950479507446

-------------Round number: 207-------------

Evaluate global model
Averaged Train Loss: 0.0117
Averaged Test Accurancy: 0.9906
Averaged Test AUC: 0.9990
Std Test Accurancy: 0.0260
Std Test AUC: 0.0035
------------------------- time cost ------------------------- 7.026611089706421

-------------Round number: 208-------------

Evaluate global model
Averaged Train Loss: 0.0177
Averaged Test Accurancy: 0.9887
Averaged Test AUC: 0.9986
Std Test Accurancy: 0.0189
Std Test AUC: 0.0024
------------------------- time cost ------------------------- 9.269149541854858

-------------Round number: 209-------------

Evaluate global model
Averaged Train Loss: 0.0089
Averaged Test Accurancy: 0.9917
Averaged Test AUC: 0.9991
Std Test Accurancy: 0.0170
Std Test AUC: 0.0021
------------------------- time cost ------------------------- 7.393399238586426

-------------Round number: 210-------------

Evaluate global model
Averaged Train Loss: 0.0087
Averaged Test Accurancy: 0.9917
Averaged Test AUC: 0.9990
Std Test Accurancy: 0.0184
Std Test AUC: 0.0032
------------------------- time cost ------------------------- 5.864459991455078

-------------Round number: 211-------------

Evaluate global model
Averaged Train Loss: 0.0166
Averaged Test Accurancy: 0.9888
Averaged Test AUC: 0.9985
Std Test Accurancy: 0.0170
Std Test AUC: 0.0021
------------------------- time cost ------------------------- 12.310163021087646

-------------Round number: 212-------------

Evaluate global model
Averaged Train Loss: 0.0153
Averaged Test Accurancy: 0.9902
Averaged Test AUC: 0.9986
Std Test Accurancy: 0.0175
Std Test AUC: 0.0027
------------------------- time cost ------------------------- 10.242507457733154

-------------Round number: 213-------------

Evaluate global model
Averaged Train Loss: 0.0150
Averaged Test Accurancy: 0.9889
Averaged Test AUC: 0.9985
Std Test Accurancy: 0.0229
Std Test AUC: 0.0030
------------------------- time cost ------------------------- 9.17904543876648

-------------Round number: 214-------------

Evaluate global model
Averaged Train Loss: 0.0147
Averaged Test Accurancy: 0.9884
Averaged Test AUC: 0.9987
Std Test Accurancy: 0.0253
Std Test AUC: 0.0026
------------------------- time cost ------------------------- 10.55119276046753

-------------Round number: 215-------------

Evaluate global model
Averaged Train Loss: 0.0123
Averaged Test Accurancy: 0.9898
Averaged Test AUC: 0.9988
Std Test Accurancy: 0.0229
Std Test AUC: 0.0025
------------------------- time cost ------------------------- 7.773788213729858

-------------Round number: 216-------------

Evaluate global model
Averaged Train Loss: 0.0076
Averaged Test Accurancy: 0.9921
Averaged Test AUC: 0.9991
Std Test Accurancy: 0.0190
Std Test AUC: 0.0018
------------------------- time cost ------------------------- 6.867757081985474

-------------Round number: 217-------------

Evaluate global model
Averaged Train Loss: 0.0183
Averaged Test Accurancy: 0.9880
Averaged Test AUC: 0.9984
Std Test Accurancy: 0.0296
Std Test AUC: 0.0049
------------------------- time cost ------------------------- 7.806437730789185

-------------Round number: 218-------------

Evaluate global model
Averaged Train Loss: 0.0130
Averaged Test Accurancy: 0.9897
Averaged Test AUC: 0.9988
Std Test Accurancy: 0.0234
Std Test AUC: 0.0028
------------------------- time cost ------------------------- 7.189097881317139

-------------Round number: 219-------------

Evaluate global model
Averaged Train Loss: 0.0129
Averaged Test Accurancy: 0.9903
Averaged Test AUC: 0.9990
Std Test Accurancy: 0.0249
Std Test AUC: 0.0023
------------------------- time cost ------------------------- 6.757062673568726

-------------Round number: 220-------------

Evaluate global model
Averaged Train Loss: 0.0111
Averaged Test Accurancy: 0.9914
Averaged Test AUC: 0.9991
Std Test Accurancy: 0.0267
Std Test AUC: 0.0026
------------------------- time cost ------------------------- 8.3448805809021

-------------Round number: 221-------------

Evaluate global model
Averaged Train Loss: 0.0101
Averaged Test Accurancy: 0.9911
Averaged Test AUC: 0.9989
Std Test Accurancy: 0.0253
Std Test AUC: 0.0032
------------------------- time cost ------------------------- 8.645898580551147

-------------Round number: 222-------------

Evaluate global model
Averaged Train Loss: 0.0087
Averaged Test Accurancy: 0.9919
Averaged Test AUC: 0.9990
Std Test Accurancy: 0.0297
Std Test AUC: 0.0038
------------------------- time cost ------------------------- 7.311526298522949

-------------Round number: 223-------------

Evaluate global model
Averaged Train Loss: 0.0096
Averaged Test Accurancy: 0.9919
Averaged Test AUC: 0.9991
Std Test Accurancy: 0.0205
Std Test AUC: 0.0021
------------------------- time cost ------------------------- 5.709479331970215

-------------Round number: 224-------------

Evaluate global model
Averaged Train Loss: 0.0100
Averaged Test Accurancy: 0.9917
Averaged Test AUC: 0.9991
Std Test Accurancy: 0.0152
Std Test AUC: 0.0017
------------------------- time cost ------------------------- 7.075088262557983

-------------Round number: 225-------------

Evaluate global model
Averaged Train Loss: 0.0099
Averaged Test Accurancy: 0.9920
Averaged Test AUC: 0.9991
Std Test Accurancy: 0.0168
Std Test AUC: 0.0022
------------------------- time cost ------------------------- 7.937649726867676

-------------Round number: 226-------------

Evaluate global model
Averaged Train Loss: 0.0296
Averaged Test Accurancy: 0.9865
Averaged Test AUC: 0.9982
Std Test Accurancy: 0.0236
Std Test AUC: 0.0033
------------------------- time cost ------------------------- 8.372570753097534

-------------Round number: 227-------------

Evaluate global model
Averaged Train Loss: 0.0132
Averaged Test Accurancy: 0.9915
Averaged Test AUC: 0.9988
Std Test Accurancy: 0.0174
Std Test AUC: 0.0028
------------------------- time cost ------------------------- 7.020585060119629

-------------Round number: 228-------------

Evaluate global model
Averaged Train Loss: 0.0074
Averaged Test Accurancy: 0.9930
Averaged Test AUC: 0.9992
Std Test Accurancy: 0.0144
Std Test AUC: 0.0019
------------------------- time cost ------------------------- 8.318059206008911

-------------Round number: 229-------------

Evaluate global model
Averaged Train Loss: 0.0095
Averaged Test Accurancy: 0.9909
Averaged Test AUC: 0.9988
Std Test Accurancy: 0.0231
Std Test AUC: 0.0034
------------------------- time cost ------------------------- 6.6712400913238525

-------------Round number: 230-------------

Evaluate global model
Averaged Train Loss: 0.0095
Averaged Test Accurancy: 0.9921
Averaged Test AUC: 0.9990
Std Test Accurancy: 0.0144
Std Test AUC: 0.0019
------------------------- time cost ------------------------- 8.934436082839966

-------------Round number: 231-------------

Evaluate global model
Averaged Train Loss: 0.0055
Averaged Test Accurancy: 0.9929
Averaged Test AUC: 0.9993
Std Test Accurancy: 0.0171
Std Test AUC: 0.0018
------------------------- time cost ------------------------- 4.729647159576416

-------------Round number: 232-------------

Evaluate global model
Averaged Train Loss: 0.0130
Averaged Test Accurancy: 0.9903
Averaged Test AUC: 0.9989
Std Test Accurancy: 0.0267
Std Test AUC: 0.0031
------------------------- time cost ------------------------- 6.642480850219727

-------------Round number: 233-------------

Evaluate global model
Averaged Train Loss: 0.0189
Averaged Test Accurancy: 0.9894
Averaged Test AUC: 0.9985
Std Test Accurancy: 0.0175
Std Test AUC: 0.0027
------------------------- time cost ------------------------- 6.5912439823150635

-------------Round number: 234-------------

Evaluate global model
Averaged Train Loss: 0.0080
Averaged Test Accurancy: 0.9915
Averaged Test AUC: 0.9990
Std Test Accurancy: 0.0150
Std Test AUC: 0.0018
------------------------- time cost ------------------------- 6.10896372795105

-------------Round number: 235-------------

Evaluate global model
Averaged Train Loss: 0.0076
Averaged Test Accurancy: 0.9926
Averaged Test AUC: 0.9990
Std Test Accurancy: 0.0189
Std Test AUC: 0.0027
------------------------- time cost ------------------------- 7.588017702102661

-------------Round number: 236-------------

Evaluate global model
Averaged Train Loss: 0.0327
Averaged Test Accurancy: 0.9861
Averaged Test AUC: 0.9981
Std Test Accurancy: 0.0331
Std Test AUC: 0.0049
------------------------- time cost ------------------------- 8.758258819580078

-------------Round number: 237-------------

Evaluate global model
Averaged Train Loss: 0.0103
Averaged Test Accurancy: 0.9902
Averaged Test AUC: 0.9989
Std Test Accurancy: 0.0159
Std Test AUC: 0.0020
------------------------- time cost ------------------------- 6.170872211456299

-------------Round number: 238-------------

Evaluate global model
Averaged Train Loss: 0.0143
Averaged Test Accurancy: 0.9909
Averaged Test AUC: 0.9989
Std Test Accurancy: 0.0206
Std Test AUC: 0.0027
------------------------- time cost ------------------------- 9.014237403869629

-------------Round number: 239-------------

Evaluate global model
Averaged Train Loss: 0.0185
Averaged Test Accurancy: 0.9901
Averaged Test AUC: 0.9985
Std Test Accurancy: 0.0157
Std Test AUC: 0.0027
------------------------- time cost ------------------------- 7.9881672859191895

-------------Round number: 240-------------

Evaluate global model
Averaged Train Loss: 0.0093
Averaged Test Accurancy: 0.9916
Averaged Test AUC: 0.9990
Std Test Accurancy: 0.0153
Std Test AUC: 0.0023
------------------------- time cost ------------------------- 7.639220237731934

-------------Round number: 241-------------

Evaluate global model
Averaged Train Loss: 0.0082
Averaged Test Accurancy: 0.9927
Averaged Test AUC: 0.9991
Std Test Accurancy: 0.0193
Std Test AUC: 0.0028
------------------------- time cost ------------------------- 6.33099365234375

-------------Round number: 242-------------

Evaluate global model
Averaged Train Loss: 0.0083
Averaged Test Accurancy: 0.9915
Averaged Test AUC: 0.9991
Std Test Accurancy: 0.0146
Std Test AUC: 0.0018
------------------------- time cost ------------------------- 8.856060028076172

-------------Round number: 243-------------

Evaluate global model
Averaged Train Loss: 0.0241
Averaged Test Accurancy: 0.9878
Averaged Test AUC: 0.9978
Std Test Accurancy: 0.0201
Std Test AUC: 0.0038
------------------------- time cost ------------------------- 9.439532995223999

-------------Round number: 244-------------

Evaluate global model
Averaged Train Loss: 0.0140
Averaged Test Accurancy: 0.9904
Averaged Test AUC: 0.9988
Std Test Accurancy: 0.0166
Std Test AUC: 0.0023
------------------------- time cost ------------------------- 7.934507846832275

-------------Round number: 245-------------

Evaluate global model
Averaged Train Loss: 0.0141
Averaged Test Accurancy: 0.9901
Averaged Test AUC: 0.9988
Std Test Accurancy: 0.0183
Std Test AUC: 0.0026
------------------------- time cost ------------------------- 5.6361846923828125

-------------Round number: 246-------------

Evaluate global model
Averaged Train Loss: 0.0074
Averaged Test Accurancy: 0.9927
Averaged Test AUC: 0.9991
Std Test Accurancy: 0.0126
Std Test AUC: 0.0021
------------------------- time cost ------------------------- 7.437307119369507

-------------Round number: 247-------------

Evaluate global model
Averaged Train Loss: 0.0112
Averaged Test Accurancy: 0.9918
Averaged Test AUC: 0.9991
Std Test Accurancy: 0.0126
Std Test AUC: 0.0013
------------------------- time cost ------------------------- 7.712662220001221

-------------Round number: 248-------------

Evaluate global model
Averaged Train Loss: 0.0124
Averaged Test Accurancy: 0.9913
Averaged Test AUC: 0.9990
Std Test Accurancy: 0.0193
Std Test AUC: 0.0029
------------------------- time cost ------------------------- 7.713244915008545

-------------Round number: 249-------------

Evaluate global model
Averaged Train Loss: 0.0144
Averaged Test Accurancy: 0.9903
Averaged Test AUC: 0.9989
Std Test Accurancy: 0.0185
Std Test AUC: 0.0022
------------------------- time cost ------------------------- 7.461904287338257

-------------Round number: 250-------------

Evaluate global model
Averaged Train Loss: 0.0097
Averaged Test Accurancy: 0.9913
Averaged Test AUC: 0.9991
Std Test Accurancy: 0.0135
Std Test AUC: 0.0015
------------------------- time cost ------------------------- 6.4653000831604

-------------Round number: 251-------------

Evaluate global model
Averaged Train Loss: 0.0131
Averaged Test Accurancy: 0.9906
Averaged Test AUC: 0.9987
Std Test Accurancy: 0.0170
Std Test AUC: 0.0025
------------------------- time cost ------------------------- 6.885362148284912

-------------Round number: 252-------------

Evaluate global model
Averaged Train Loss: 0.0086
Averaged Test Accurancy: 0.9920
Averaged Test AUC: 0.9991
Std Test Accurancy: 0.0132
Std Test AUC: 0.0014
------------------------- time cost ------------------------- 8.222346544265747

-------------Round number: 253-------------

Evaluate global model
Averaged Train Loss: 0.0082
Averaged Test Accurancy: 0.9921
Averaged Test AUC: 0.9992
Std Test Accurancy: 0.0140
Std Test AUC: 0.0020
------------------------- time cost ------------------------- 7.721720933914185

-------------Round number: 254-------------

Evaluate global model
Averaged Train Loss: 0.0066
Averaged Test Accurancy: 0.9925
Averaged Test AUC: 0.9992
Std Test Accurancy: 0.0132
Std Test AUC: 0.0020
------------------------- time cost ------------------------- 6.997097730636597

-------------Round number: 255-------------

Evaluate global model
Averaged Train Loss: 0.0086
Averaged Test Accurancy: 0.9921
Averaged Test AUC: 0.9990
Std Test Accurancy: 0.0139
Std Test AUC: 0.0020
------------------------- time cost ------------------------- 8.804908990859985

-------------Round number: 256-------------

Evaluate global model
Averaged Train Loss: 0.0138
Averaged Test Accurancy: 0.9903
Averaged Test AUC: 0.9989
Std Test Accurancy: 0.0151
Std Test AUC: 0.0021
------------------------- time cost ------------------------- 9.165441274642944

-------------Round number: 257-------------

Evaluate global model
Averaged Train Loss: 0.0155
Averaged Test Accurancy: 0.9894
Averaged Test AUC: 0.9985
Std Test Accurancy: 0.0172
Std Test AUC: 0.0030
------------------------- time cost ------------------------- 8.365908145904541

-------------Round number: 258-------------

Evaluate global model
Averaged Train Loss: 0.0085
Averaged Test Accurancy: 0.9926
Averaged Test AUC: 0.9991
Std Test Accurancy: 0.0131
Std Test AUC: 0.0021
------------------------- time cost ------------------------- 6.654022932052612

-------------Round number: 259-------------

Evaluate global model
Averaged Train Loss: 0.0205
Averaged Test Accurancy: 0.9893
Averaged Test AUC: 0.9981
Std Test Accurancy: 0.0189
Std Test AUC: 0.0036
------------------------- time cost ------------------------- 10.47353744506836

-------------Round number: 260-------------

Evaluate global model
Averaged Train Loss: 0.0071
Averaged Test Accurancy: 0.9927
Averaged Test AUC: 0.9991
Std Test Accurancy: 0.0179
Std Test AUC: 0.0027
------------------------- time cost ------------------------- 5.908765554428101

-------------Round number: 261-------------

Evaluate global model
Averaged Train Loss: 0.0138
Averaged Test Accurancy: 0.9893
Averaged Test AUC: 0.9988
Std Test Accurancy: 0.0166
Std Test AUC: 0.0024
------------------------- time cost ------------------------- 10.67767596244812

-------------Round number: 262-------------

Evaluate global model
Averaged Train Loss: 0.0113
Averaged Test Accurancy: 0.9920
Averaged Test AUC: 0.9991
Std Test Accurancy: 0.0188
Std Test AUC: 0.0028
------------------------- time cost ------------------------- 5.780646085739136

-------------Round number: 263-------------

Evaluate global model
Averaged Train Loss: 0.0061
Averaged Test Accurancy: 0.9923
Averaged Test AUC: 0.9992
Std Test Accurancy: 0.0229
Std Test AUC: 0.0026
------------------------- time cost ------------------------- 5.4299376010894775

-------------Round number: 264-------------

Evaluate global model
Averaged Train Loss: 0.0065
Averaged Test Accurancy: 0.9927
Averaged Test AUC: 0.9992
Std Test Accurancy: 0.0152
Std Test AUC: 0.0019
------------------------- time cost ------------------------- 6.749293088912964

-------------Round number: 265-------------

Evaluate global model
Averaged Train Loss: 0.0150
Averaged Test Accurancy: 0.9901
Averaged Test AUC: 0.9987
Std Test Accurancy: 0.0159
Std Test AUC: 0.0022
------------------------- time cost ------------------------- 7.6749279499053955

-------------Round number: 266-------------

Evaluate global model
Averaged Train Loss: 0.0089
Averaged Test Accurancy: 0.9904
Averaged Test AUC: 0.9990
Std Test Accurancy: 0.0164
Std Test AUC: 0.0018
------------------------- time cost ------------------------- 6.322940111160278

-------------Round number: 267-------------

Evaluate global model
Averaged Train Loss: 0.0076
Averaged Test Accurancy: 0.9925
Averaged Test AUC: 0.9992
Std Test Accurancy: 0.0143
Std Test AUC: 0.0016
------------------------- time cost ------------------------- 7.729243040084839

-------------Round number: 268-------------

Evaluate global model
Averaged Train Loss: 0.0113
Averaged Test Accurancy: 0.9913
Averaged Test AUC: 0.9990
Std Test Accurancy: 0.0176
Std Test AUC: 0.0024
------------------------- time cost ------------------------- 7.831684589385986

-------------Round number: 269-------------

Evaluate global model
Averaged Train Loss: 0.0065
Averaged Test Accurancy: 0.9911
Averaged Test AUC: 0.9991
Std Test Accurancy: 0.0189
Std Test AUC: 0.0023
------------------------- time cost ------------------------- 8.262500286102295

-------------Round number: 270-------------

Evaluate global model
Averaged Train Loss: 0.0075
Averaged Test Accurancy: 0.9911
Averaged Test AUC: 0.9992
Std Test Accurancy: 0.0217
Std Test AUC: 0.0023
------------------------- time cost ------------------------- 6.689808130264282

-------------Round number: 271-------------

Evaluate global model
Averaged Train Loss: 0.0083
Averaged Test Accurancy: 0.9922
Averaged Test AUC: 0.9992
Std Test Accurancy: 0.0175
Std Test AUC: 0.0018
------------------------- time cost ------------------------- 6.944506406784058

-------------Round number: 272-------------

Evaluate global model
Averaged Train Loss: 0.0080
Averaged Test Accurancy: 0.9909
Averaged Test AUC: 0.9991
Std Test Accurancy: 0.0182
Std Test AUC: 0.0022
------------------------- time cost ------------------------- 8.07953953742981

-------------Round number: 273-------------

Evaluate global model
Averaged Train Loss: 0.0154
Averaged Test Accurancy: 0.9908
Averaged Test AUC: 0.9984
Std Test Accurancy: 0.0185
Std Test AUC: 0.0031
------------------------- time cost ------------------------- 8.770352363586426

-------------Round number: 274-------------

Evaluate global model
Averaged Train Loss: 0.0092
Averaged Test Accurancy: 0.9920
Averaged Test AUC: 0.9991
Std Test Accurancy: 0.0148
Std Test AUC: 0.0018
------------------------- time cost ------------------------- 7.742255687713623

-------------Round number: 275-------------

Evaluate global model
Averaged Train Loss: 0.0151
Averaged Test Accurancy: 0.9909
Averaged Test AUC: 0.9988
Std Test Accurancy: 0.0179
Std Test AUC: 0.0025
------------------------- time cost ------------------------- 8.74558711051941

-------------Round number: 276-------------

Evaluate global model
Averaged Train Loss: 0.0123
Averaged Test Accurancy: 0.9907
Averaged Test AUC: 0.9989
Std Test Accurancy: 0.0180
Std Test AUC: 0.0021
------------------------- time cost ------------------------- 8.408858060836792

-------------Round number: 277-------------

Evaluate global model
Averaged Train Loss: 0.0096
Averaged Test Accurancy: 0.9915
Averaged Test AUC: 0.9989
Std Test Accurancy: 0.0171
Std Test AUC: 0.0020
------------------------- time cost ------------------------- 7.786213159561157

-------------Round number: 278-------------

Evaluate global model
Averaged Train Loss: 0.0110
Averaged Test Accurancy: 0.9898
Averaged Test AUC: 0.9989
Std Test Accurancy: 0.0165
Std Test AUC: 0.0021
------------------------- time cost ------------------------- 9.94676160812378

-------------Round number: 279-------------

Evaluate global model
Averaged Train Loss: 0.0101
Averaged Test Accurancy: 0.9911
Averaged Test AUC: 0.9990
Std Test Accurancy: 0.0186
Std Test AUC: 0.0019
------------------------- time cost ------------------------- 7.34021258354187

-------------Round number: 280-------------

Evaluate global model
Averaged Train Loss: 0.0089
Averaged Test Accurancy: 0.9924
Averaged Test AUC: 0.9992
Std Test Accurancy: 0.0221
Std Test AUC: 0.0028
------------------------- time cost ------------------------- 8.283985137939453

-------------Round number: 281-------------

Evaluate global model
Averaged Train Loss: 0.0056
Averaged Test Accurancy: 0.9927
Averaged Test AUC: 0.9993
Std Test Accurancy: 0.0198
Std Test AUC: 0.0022
------------------------- time cost ------------------------- 6.729573488235474

-------------Round number: 282-------------

Evaluate global model
Averaged Train Loss: 0.0138
Averaged Test Accurancy: 0.9916
Averaged Test AUC: 0.9988
Std Test Accurancy: 0.0163
Std Test AUC: 0.0026
------------------------- time cost ------------------------- 5.420552968978882

-------------Round number: 283-------------

Evaluate global model
Averaged Train Loss: 0.0096
Averaged Test Accurancy: 0.9919
Averaged Test AUC: 0.9992
Std Test Accurancy: 0.0150
Std Test AUC: 0.0015
------------------------- time cost ------------------------- 8.615800142288208

-------------Round number: 284-------------

Evaluate global model
Averaged Train Loss: 0.0061
Averaged Test Accurancy: 0.9919
Averaged Test AUC: 0.9992
Std Test Accurancy: 0.0177
Std Test AUC: 0.0020
------------------------- time cost ------------------------- 7.513447284698486

-------------Round number: 285-------------

Evaluate global model
Averaged Train Loss: 0.0104
Averaged Test Accurancy: 0.9920
Averaged Test AUC: 0.9992
Std Test Accurancy: 0.0190
Std Test AUC: 0.0019
------------------------- time cost ------------------------- 7.894845008850098

-------------Round number: 286-------------

Evaluate global model
Averaged Train Loss: 0.0094
Averaged Test Accurancy: 0.9911
Averaged Test AUC: 0.9991
Std Test Accurancy: 0.0166
Std Test AUC: 0.0020
------------------------- time cost ------------------------- 5.836170196533203

-------------Round number: 287-------------

Evaluate global model
Averaged Train Loss: 0.0058
Averaged Test Accurancy: 0.9927
Averaged Test AUC: 0.9993
Std Test Accurancy: 0.0154
Std Test AUC: 0.0015
------------------------- time cost ------------------------- 8.363730430603027

-------------Round number: 288-------------

Evaluate global model
Averaged Train Loss: 0.0155
Averaged Test Accurancy: 0.9898
Averaged Test AUC: 0.9987
Std Test Accurancy: 0.0201
Std Test AUC: 0.0030
------------------------- time cost ------------------------- 7.9060118198394775

-------------Round number: 289-------------

Evaluate global model
Averaged Train Loss: 0.0051
Averaged Test Accurancy: 0.9929
Averaged Test AUC: 0.9993
Std Test Accurancy: 0.0145
Std Test AUC: 0.0013
------------------------- time cost ------------------------- 6.31218957901001

-------------Round number: 290-------------

Evaluate global model
Averaged Train Loss: 0.0094
Averaged Test Accurancy: 0.9913
Averaged Test AUC: 0.9989
Std Test Accurancy: 0.0165
Std Test AUC: 0.0019
------------------------- time cost ------------------------- 8.39246392250061

-------------Round number: 291-------------

Evaluate global model
Averaged Train Loss: 0.0101
Averaged Test Accurancy: 0.9914
Averaged Test AUC: 0.9991
Std Test Accurancy: 0.0183
Std Test AUC: 0.0019
------------------------- time cost ------------------------- 7.425093173980713

-------------Round number: 292-------------

Evaluate global model
Averaged Train Loss: 0.0060
Averaged Test Accurancy: 0.9916
Averaged Test AUC: 0.9991
Std Test Accurancy: 0.0170
Std Test AUC: 0.0018
------------------------- time cost ------------------------- 7.229128360748291

-------------Round number: 293-------------

Evaluate global model
Averaged Train Loss: 0.0168
Averaged Test Accurancy: 0.9900
Averaged Test AUC: 0.9988
Std Test Accurancy: 0.0208
Std Test AUC: 0.0026
------------------------- time cost ------------------------- 6.843668460845947

-------------Round number: 294-------------

Evaluate global model
Averaged Train Loss: 0.0109
Averaged Test Accurancy: 0.9908
Averaged Test AUC: 0.9989
Std Test Accurancy: 0.0219
Std Test AUC: 0.0023
------------------------- time cost ------------------------- 9.614673376083374

-------------Round number: 295-------------

Evaluate global model
Averaged Train Loss: 0.0080
Averaged Test Accurancy: 0.9928
Averaged Test AUC: 0.9992
Std Test Accurancy: 0.0162
Std Test AUC: 0.0016
------------------------- time cost ------------------------- 6.553305387496948

-------------Round number: 296-------------

Evaluate global model
Averaged Train Loss: 0.0070
Averaged Test Accurancy: 0.9928
Averaged Test AUC: 0.9991
Std Test Accurancy: 0.0173
Std Test AUC: 0.0030
------------------------- time cost ------------------------- 7.209660053253174

-------------Round number: 297-------------

Evaluate global model
Averaged Train Loss: 0.0054
Averaged Test Accurancy: 0.9926
Averaged Test AUC: 0.9992
Std Test Accurancy: 0.0175
Std Test AUC: 0.0015
------------------------- time cost ------------------------- 9.64606261253357

-------------Round number: 298-------------

Evaluate global model
Averaged Train Loss: 0.0074
Averaged Test Accurancy: 0.9922
Averaged Test AUC: 0.9992
Std Test Accurancy: 0.0210
Std Test AUC: 0.0027
------------------------- time cost ------------------------- 6.188976049423218

-------------Round number: 299-------------

Evaluate global model
Averaged Train Loss: 0.0171
Averaged Test Accurancy: 0.9878
Averaged Test AUC: 0.9984
Std Test Accurancy: 0.0241
Std Test AUC: 0.0036
------------------------- time cost ------------------------- 10.99570107460022

Best global accuracy.
0.9929968400375779

Average time cost per round.
9.236028373042078
File path: ../results/mnist_FedAvg_cnn_gr300_ls10_bs32_lr0.005.h5

Average time cost: 2776.17s.
Length:  300
std for best accurancy: 0.0
mean for best accurancy: 0.9929968400375779
All done!

Storage on cuda:0
-------------------------------------------------------------------------------
Total Tensors: 117569252 	Used Memory: 448.78M
The allocated memory on cuda:0: 452.28M
Memory differs due to the matrix alignment or invisible gradient buffer tensors
-------------------------------------------------------------------------------
